sockaddr 2, 36895, 570463498
SQLite version: 3.37.0
&sockfd: 0xffefffb7c
hm_args.sockfd : 0xffefffb7c
Started proc!
sockfd: 0xffefffb7c
Started proc!
handle_heartbeat(sockfd, db);
1
There are 0 peers online!
Sending netinfo
Printing 24 bytes from 0x5996820.
--- start bytes ---
01 00 00 00 00 00 00 00 18 00 00 00 00 00 00 00 
00 00 62 d8 00 00 00 00 
--- end bytes ---
Started proc!
handle_heartbeat(sockfd, db);
2
There are 0 peers online!
Sending netinfo
Printing 24 bytes from 0x59b0120.
--- start bytes ---
01 00 00 00 00 00 00 00 18 00 00 00 00 00 00 00 
00 00 62 d8 00 00 00 00 
--- end bytes ---
Started proc!
handle_heartbeat(sockfd, db);
3
handle_acknowledge_netinfo(sockfd, db);
Started proc!
There are 0 peers online!
Sending netinfo
Printing 24 bytes from 0x59ca260.
--- start bytes ---
01 00 00 00 00 00 00 00 18 00 00 00 00 00 00 00 
00 00 62 d8 00 00 00 00 
--- end bytes ---
Insterted!
Started proc!
handle_acknowledge_netinfo(sockfd, db);
handle_acknowledge_netinfo(sockfd, db);
Started proc!
Insterted!
Insterted!
Started proc!
handle_heartbeat(sockfd, db);
4
family: 2, port: 53764, addr: 604017930
family: 2, port: 53764, addr: 637572362
family: 2, port: 53764, addr: 620795146
There are 3 peers online!
Sending netinfo
Printing 48 bytes from 0x59e4dc0.
--- start bytes ---
01 00 00 00 00 00 00 00 30 00 00 00 00 00 00 00 
44 cc 48 7c 00 00 00 00 02 00 04 d2 0a 95 00 24 
02 00 04 d2 0a 95 00 26 02 00 04 d2 0a 95 00 25 
--- end bytes ---
Started proc!
handle_heartbeat(sockfd, db);
5
family: 2, port: 53764, addr: 604017930
family: 2, port: 53764, addr: 637572362
family: 2, port: 53764, addr: 620795146
There are 3 peers online!
Sending netinfo
Printing 48 bytes from 0x59fea60.
--- start bytes ---
01 00 00 00 00 00 00 00 30 00 00 00 00 00 00 00 
44 cc 48 7c 00 00 00 00 02 00 04 d2 0a 95 00 24 
02 00 04 d2 0a 95 00 26 02 00 04 d2 0a 95 00 25 
--- end bytes ---
Started proc!
handle_acknowledge_netinfo(sockfd, db);
handle_heartbeat(sockfd, db);
6
Started proc!
Insterted!
family: 2, port: 53764, addr: 604017930
family: 2, port: 53764, addr: 637572362
family: 2, port: 53764, addr: 620795146
family: 2, port: 53764, addr: 654349578
There are 4 peers online!
Sending netinfo
Printing 56 bytes from 0x5a18d00.
--- start bytes ---
01 00 00 00 00 00 00 00 38 00 00 00 00 00 00 00 
c8 0e e0 d5 00 00 00 00 02 00 04 d2 0a 95 00 24 
02 00 04 d2 0a 95 00 26 02 00 04 d2 0a 95 00 25 
02 00 04 d2 0a 95 00 27 
--- end bytes ---
Started proc!
handle_heartbeat(sockfd, db);
7
handle_heartbeat(sockfd, db);
8
Started proc!
Started proc!
Started proc!
handle_acknowledge_netinfo(sockfd, db);
handle_heartbeat(sockfd, db);
9
family: 2, port: 53764, addr: 604017930
family: 2, port: 53764, addr: 637572362
family: 2, port: 53764, addr: 620795146
family: 2, port: 53764, addr: 654349578
There are 4 peers online!
Sending netinfo
Printing 56 bytes from 0x5a33c60.
--- start bytes ---
01 00 00 00 00 00 00 00 38 00 00 00 00 00 00 00 
c8 0e e0 d5 00 00 00 00 02 00 04 d2 0a 95 00 24 
02 00 04 d2 0a 95 00 26 02 00 04 d2 0a 95 00 25 
02 00 04 d2 0a 95 00 27 
--- end bytes ---
family: 2, port: 53764, addr: 604017930
family: 2, port: 53764, addr: 637572362
family: 2, port: 53764, addr: 620795146
family: 2, port: 53764, addr: 654349578
There are 4 peers online!
Sending netinfo
Printing 56 bytes from 0x5a4d800.
--- start bytes ---
01 00 00 00 00 00 00 00 38 00 00 00 00 00 00 00 
c8 0e e0 d5 00 00 00 00 02 00 04 d2 0a 95 00 24 
02 00 04 d2 0a 95 00 26 02 00 04 d2 0a 95 00 25 
02 00 04 d2 0a 95 00 27 
--- end bytes ---
family: 2, port: 53764, addr: 604017930
family: 2, port: 53764, addr: 637572362
family: 2, port: 53764, addr: 620795146
family: 2, port: 53764, addr: 654349578
There are 4 peers online!
Sending netinfo
Printing 56 bytes from 0x5a673a0.
--- start bytes ---
01 00 00 00 00 00 00 00 38 00 00 00 00 00 00 00 
c8 0e e0 d5 00 00 00 00 02 00 04 d2 0a 95 00 24 
02 00 04 d2 0a 95 00 26 02 00 04 d2 0a 95 00 25 
02 00 04 d2 0a 95 00 27 
--- end bytes ---
Insterted!
Started proc!
handle_heartbeat(sockfd, db);
10
family: 2, port: 53764, addr: 604017930
family: 2, port: 53764, addr: 637572362
family: 2, port: 53764, addr: 620795146
family: 2, port: 53764, addr: 654349578
family: 2, port: 53764, addr: 671126794
There are 5 peers online!
Sending netinfo
Printing 64 bytes from 0x5a81330.
--- start bytes ---
01 00 00 00 00 00 00 00 40 00 00 00 00 00 00 00 
06 93 50 22 00 00 00 00 02 00 04 d2 0a 95 00 24 
02 00 04 d2 0a 95 00 26 02 00 04 d2 0a 95 00 25 
02 00 04 d2 0a 95 00 27 02 00 04 d2 0a 95 00 28 
--- end bytes ---
Started proc!
handle_heartbeat(sockfd, db);
11
handle_acknowledge_netinfo(sockfd, db);
Started proc!
family: 2, port: 53764, addr: 604017930
family: 2, port: 53764, addr: 637572362
family: 2, port: 53764, addr: 620795146
family: 2, port: 53764, addr: 654349578
family: 2, port: 53764, addr: 671126794
There are 5 peers online!
Sending netinfo
Printing 64 bytes from 0x5a9b350.
--- start bytes ---
01 00 00 00 00 00 00 00 40 00 00 00 00 00 00 00 
06 93 50 22 00 00 00 00 02 00 04 d2 0a 95 00 24 
02 00 04 d2 0a 95 00 26 02 00 04 d2 0a 95 00 25 
02 00 04 d2 0a 95 00 27 02 00 04 d2 0a 95 00 28 
--- end bytes ---
Insterted!
Started proc!
handle_acknowledge_netinfo(sockfd, db);
handle_heartbeat(sockfd, db);
12
Started proc!
Insterted!
family: 2, port: 53764, addr: 604017930
family: 2, port: 53764, addr: 637572362
family: 2, port: 53764, addr: 620795146
family: 2, port: 53764, addr: 654349578
family: 2, port: 53764, addr: 671126794
family: 2, port: 53764, addr: 687904010
family: 2, port: 53764, addr: 704681226
There are 7 peers online!
Sending netinfo
Printing 80 bytes from 0x5ab58f0.
--- start bytes ---
01 00 00 00 00 00 00 00 50 00 00 00 00 00 00 00 
64 dc bc 42 00 00 00 00 02 00 04 d2 0a 95 00 24 
02 00 04 d2 0a 95 00 26 02 00 04 d2 0a 95 00 25 
02 00 04 d2 0a 95 00 27 02 00 04 d2 0a 95 00 28 
02 00 04 d2 0a 95 00 29 02 00 04 d2 0a 95 00 2a 
--- end bytes ---
Started proc!
handle_heartbeat(sockfd, db);
13
handle_heartbeat(sockfd, db);
14
Started proc!
handle_heartbeat(sockfd, db);
15
Started proc!
Started proc!
family: 2, port: 53764, addr: 604017930
family: 2, port: 53764, addr: 637572362
family: 2, port: 53764, addr: 620795146
family: 2, port: 53764, addr: 654349578
family: 2, port: 53764, addr: 671126794
family: 2, port: 53764, addr: 687904010
family: 2, port: 53764, addr: 704681226
There are 7 peers online!
Sending netinfo
Printing 80 bytes from 0x5ad03c0.
--- start bytes ---
01 00 00 00 00 00 00 00 50 00 00 00 00 00 00 00 
64 dc bc 42 00 00 00 00 02 00 04 d2 0a 95 00 24 
02 00 04 d2 0a 95 00 26 02 00 04 d2 0a 95 00 25 
02 00 04 d2 0a 95 00 27 02 00 04 d2 0a 95 00 28 
02 00 04 d2 0a 95 00 29 02 00 04 d2 0a 95 00 2a 
--- end bytes ---
handle_acknowledge_netinfo(sockfd, db);
family: 2, port: 53764, addr: 604017930
family: 2, port: 53764, addr: 637572362
family: 2, port: 53764, addr: 620795146
family: 2, port: 53764, addr: 654349578
family: 2, port: 53764, addr: 671126794
family: 2, port: 53764, addr: 687904010
family: 2, port: 53764, addr: 704681226
There are 7 peers online!
Sending netinfo
Printing 80 bytes from 0x5ae9fb0.
--- start bytes ---
01 00 00 00 00 00 00 00 50 00 00 00 00 00 00 00 
64 dc bc 42 00 00 00 00 02 00 04 d2 0a 95 00 24 
02 00 04 d2 0a 95 00 26 02 00 04 d2 0a 95 00 25 
02 00 04 d2 0a 95 00 27 02 00 04 d2 0a 95 00 28 
02 00 04 d2 0a 95 00 29 02 00 04 d2 0a 95 00 2a 
--- end bytes ---
family: 2, port: 53764, addr: 604017930
family: 2, port: 53764, addr: 637572362
family: 2, port: 53764, addr: 620795146
family: 2, port: 53764, addr: 654349578
family: 2, port: 53764, addr: 671126794
family: 2, port: 53764, addr: 687904010
family: 2, port: 53764, addr: 704681226
There are 7 peers online!
Sending netinfo
Printing 80 bytes from 0x5b038f0.
--- start bytes ---
01 00 00 00 00 00 00 00 50 00 00 00 00 00 00 00 
64 dc bc 42 00 00 00 00 02 00 04 d2 0a 95 00 24 
02 00 04 d2 0a 95 00 26 02 00 04 d2 0a 95 00 25 
02 00 04 d2 0a 95 00 27 02 00 04 d2 0a 95 00 28 
02 00 04 d2 0a 95 00 29 02 00 04 d2 0a 95 00 2a 
--- end bytes ---
Insterted!
Started proc!
handle_heartbeat(sockfd, db);
16
handle_heartbeat(sockfd, db);
17
Started proc!
Started proc!
handle_heartbeat(sockfd, db);
18
family: 2, port: 53764, addr: 604017930
family: 2, port: 53764, addr: 637572362
family: 2, port: 53764, addr: 620795146
family: 2, port: 53764, addr: 654349578
family: 2, port: 53764, addr: 671126794
family: 2, port: 53764, addr: 687904010
family: 2, port: 53764, addr: 704681226
family: 2, port: 53764, addr: 721458442
There are 8 peers online!
Sending netinfo
Printing 88 bytes from 0x5b1e340.
--- start bytes ---
01 00 00 00 00 00 00 00 58 00 00 00 00 00 00 00 
9c 36 20 67 00 00 00 00 02 00 04 d2 0a 95 00 24 
02 00 04 d2 0a 95 00 26 02 00 04 d2 0a 95 00 25 
02 00 04 d2 0a 95 00 27 02 00 04 d2 0a 95 00 28 
02 00 04 d2 0a 95 00 29 02 00 04 d2 0a 95 00 2a 
02 00 04 d2 0a 95 00 2b 
--- end bytes ---
family: 2, port: 53764, addr: 604017930
family: 2, port: 53764, addr: 637572362
family: 2, port: 53764, addr: 620795146
family: 2, port: 53764, addr: 654349578
family: 2, port: 53764, addr: 671126794
family: 2, port: 53764, addr: 687904010
family: 2, port: 53764, addr: 704681226
family: 2, port: 53764, addr: 721458442
There are 8 peers online!
Sending netinfo
Printing 88 bytes from 0x5b37e60.
--- start bytes ---
01 00 00 00 00 00 00 00 58 00 00 00 00 00 00 00 
9c 36 20 67 00 00 00 00 02 00 04 d2 0a 95 00 24 
02 00 04 d2 0a 95 00 26 02 00 04 d2 0a 95 00 25 
02 00 04 d2 0a 95 00 27 02 00 04 d2 0a 95 00 28 
02 00 04 d2 0a 95 00 29 02 00 04 d2 0a 95 00 2a 
02 00 04 d2 0a 95 00 2b 
--- end bytes ---
family: 2, port: 53764, addr: 604017930
family: 2, port: 53764, addr: 637572362
family: 2, port: 53764, addr: 620795146
family: 2, port: 53764, addr: 654349578
family: 2, port: 53764, addr: 671126794
family: 2, port: 53764, addr: 687904010
family: 2, port: 53764, addr: 704681226
family: 2, port: 53764, addr: 721458442
There are 8 peers online!
Sending netinfo
Printing 88 bytes from 0x5b51620.
--- start bytes ---
01 00 00 00 00 00 00 00 58 00 00 00 00 00 00 00 
9c 36 20 67 00 00 00 00 02 00 04 d2 0a 95 00 24 
02 00 04 d2 0a 95 00 26 02 00 04 d2 0a 95 00 25 
02 00 04 d2 0a 95 00 27 02 00 04 d2 0a 95 00 28 
02 00 04 d2 0a 95 00 29 02 00 04 d2 0a 95 00 2a 
02 00 04 d2 0a 95 00 2b 
--- end bytes ---
Started proc!
handle_acknowledge_netinfo(sockfd, db);
handle_heartbeat(sockfd, db);
19
Started proc!
Started proc!
handle_heartbeat(sockfd, db);
20
family: 2, port: 53764, addr: 604017930
family: 2, port: 53764, addr: 637572362
family: 2, port: 53764, addr: 620795146
family: 2, port: 53764, addr: 654349578
family: 2, port: 53764, addr: 671126794
family: 2, port: 53764, addr: 687904010
family: 2, port: 53764, addr: 704681226
family: 2, port: 53764, addr: 721458442
There are 8 peers online!
Sending netinfo
Printing 88 bytes from 0x5b6bff0.
--- start bytes ---
01 00 00 00 00 00 00 00 58 00 00 00 00 00 00 00 
9c 36 20 67 00 00 00 00 02 00 04 d2 0a 95 00 24 
02 00 04 d2 0a 95 00 26 02 00 04 d2 0a 95 00 25 
02 00 04 d2 0a 95 00 27 02 00 04 d2 0a 95 00 28 
02 00 04 d2 0a 95 00 29 02 00 04 d2 0a 95 00 2a 
02 00 04 d2 0a 95 00 2b 
--- end bytes ---
family: 2, port: 53764, addr: 604017930
family: 2, port: 53764, addr: 637572362
family: 2, port: 53764, addr: 620795146
family: 2, port: 53764, addr: 654349578
family: 2, port: 53764, addr: 671126794
family: 2, port: 53764, addr: 687904010
family: 2, port: 53764, addr: 704681226
family: 2, port: 53764, addr: 721458442
There are 8 peers online!
Sending netinfo
Printing 88 bytes from 0x5b85960.
--- start bytes ---
01 00 00 00 00 00 00 00 58 00 00 00 00 00 00 00 
9c 36 20 67 00 00 00 00 02 00 04 d2 0a 95 00 24 
02 00 04 d2 0a 95 00 26 02 00 04 d2 0a 95 00 25 
02 00 04 d2 0a 95 00 27 02 00 04 d2 0a 95 00 28 
02 00 04 d2 0a 95 00 29 02 00 04 d2 0a 95 00 2a 
02 00 04 d2 0a 95 00 2b 
--- end bytes ---
Insterted!
Started proc!
handle_acknowledge_netinfo(sockfd, db);
handle_heartbeat(sockfd, db);
21
Started proc!
Started proc!
handle_acknowledge_netinfo(sockfd, db);
Insterted!
family: 2, port: 53764, addr: 604017930
family: 2, port: 53764, addr: 637572362
family: 2, port: 53764, addr: 620795146
family: 2, port: 53764, addr: 654349578
family: 2, port: 53764, addr: 671126794
family: 2, port: 53764, addr: 687904010
family: 2, port: 53764, addr: 704681226
family: 2, port: 53764, addr: 721458442
family: 2, port: 53764, addr: 738235658
family: 2, port: 53764, addr: 587240714
There are 10 peers online!
Sending netinfo
Printing 104 bytes from 0x5ba05d0.
--- start bytes ---
01 00 00 00 00 00 00 00 68 00 00 00 00 00 00 00 
c2 54 80 a4 00 00 00 00 02 00 04 d2 0a 95 00 24 
02 00 04 d2 0a 95 00 26 02 00 04 d2 0a 95 00 25 
02 00 04 d2 0a 95 00 27 02 00 04 d2 0a 95 00 28 
02 00 04 d2 0a 95 00 29 02 00 04 d2 0a 95 00 2a 
02 00 04 d2 0a 95 00 2b 02 00 04 d2 0a 95 00 2c 
02 00 04 d2 0a 95 00 23 
--- end bytes ---
Insterted!
Started proc!
handle_heartbeat(sockfd, db);
22
handle_heartbeat(sockfd, db);
23
Started proc!
family: 2, port: 53764, addr: 604017930
family: 2, port: 53764, addr: 637572362
family: 2, port: 53764, addr: 620795146
family: 2, port: 53764, addr: 654349578
family: 2, port: 53764, addr: 671126794
family: 2, port: 53764, addr: 687904010
family: 2, port: 53764, addr: 704681226
family: 2, port: 53764, addr: 721458442
family: 2, port: 53764, addr: 738235658
family: 2, port: 53764, addr: 587240714
family: 2, port: 53764, addr: 755012874
There are 11 peers online!
Sending netinfo
Printing 112 bytes from 0x5bbacb0.
--- start bytes ---
01 00 00 00 00 00 00 00 70 00 00 00 00 00 00 00 
48 4b 4e 0c 00 00 00 00 02 00 04 d2 0a 95 00 24 
02 00 04 d2 0a 95 00 26 02 00 04 d2 0a 95 00 25 
02 00 04 d2 0a 95 00 27 02 00 04 d2 0a 95 00 28 
02 00 04 d2 0a 95 00 29 02 00 04 d2 0a 95 00 2a 
02 00 04 d2 0a 95 00 2b 02 00 04 d2 0a 95 00 2c 
02 00 04 d2 0a 95 00 23 02 00 04 d2 0a 95 00 2d 
--- end bytes ---
family: 2, port: 53764, addr: 604017930
family: 2, port: 53764, addr: 637572362
family: 2, port: 53764, addr: 620795146
family: 2, port: 53764, addr: 654349578
family: 2, port: 53764, addr: 671126794
family: 2, port: 53764, addr: 687904010
family: 2, port: 53764, addr: 704681226
family: 2, port: 53764, addr: 721458442
family: 2, port: 53764, addr: 738235658
family: 2, port: 53764, addr: 587240714
family: 2, port: 53764, addr: 755012874
There are 11 peers online!
Sending netinfo
Printing 112 bytes from 0x5bd4920.
--- start bytes ---
01 00 00 00 00 00 00 00 70 00 00 00 00 00 00 00 
48 4b 4e 0c 00 00 00 00 02 00 04 d2 0a 95 00 24 
02 00 04 d2 0a 95 00 26 02 00 04 d2 0a 95 00 25 
02 00 04 d2 0a 95 00 27 02 00 04 d2 0a 95 00 28 
02 00 04 d2 0a 95 00 29 02 00 04 d2 0a 95 00 2a 
02 00 04 d2 0a 95 00 2b 02 00 04 d2 0a 95 00 2c 
02 00 04 d2 0a 95 00 23 02 00 04 d2 0a 95 00 2d 
--- end bytes ---
Started proc!
handle_heartbeat(sockfd, db);
24
handle_heartbeat(sockfd, db);
25
Started proc!
family: 2, port: 53764, addr: 604017930
family: 2, port: 53764, addr: 637572362
family: 2, port: 53764, addr: 620795146
family: 2, port: 53764, addr: 654349578
family: 2, port: 53764, addr: 671126794
family: 2, port: 53764, addr: 687904010
family: 2, port: 53764, addr: 704681226
family: 2, port: 53764, addr: 721458442
family: 2, port: 53764, addr: 738235658
family: 2, port: 53764, addr: 587240714
family: 2, port: 53764, addr: 755012874
There are 11 peers online!
Sending netinfo
Printing 112 bytes from 0x5beed50.
--- start bytes ---
01 00 00 00 00 00 00 00 70 00 00 00 00 00 00 00 
48 4b 4e 0c 00 00 00 00 02 00 04 d2 0a 95 00 24 
02 00 04 d2 0a 95 00 26 02 00 04 d2 0a 95 00 25 
02 00 04 d2 0a 95 00 27 02 00 04 d2 0a 95 00 28 
02 00 04 d2 0a 95 00 29 02 00 04 d2 0a 95 00 2a 
02 00 04 d2 0a 95 00 2b 02 00 04 d2 0a 95 00 2c 
02 00 04 d2 0a 95 00 23 02 00 04 d2 0a 95 00 2d 
--- end bytes ---
family: 2, port: 53764, addr: 604017930
family: 2, port: 53764, addr: 637572362
family: 2, port: 53764, addr: 620795146
family: 2, port: 53764, addr: 654349578
family: 2, port: 53764, addr: 671126794
family: 2, port: 53764, addr: 687904010
family: 2, port: 53764, addr: 704681226
family: 2, port: 53764, addr: 721458442
family: 2, port: 53764, addr: 738235658
family: 2, port: 53764, addr: 587240714
family: 2, port: 53764, addr: 755012874
There are 11 peers online!
Sending netinfo
Printing 112 bytes from 0x5c08710.
--- start bytes ---
01 00 00 00 00 00 00 00 70 00 00 00 00 00 00 00 
48 4b 4e 0c 00 00 00 00 02 00 04 d2 0a 95 00 24 
02 00 04 d2 0a 95 00 26 02 00 04 d2 0a 95 00 25 
02 00 04 d2 0a 95 00 27 02 00 04 d2 0a 95 00 28 
02 00 04 d2 0a 95 00 29 02 00 04 d2 0a 95 00 2a 
02 00 04 d2 0a 95 00 2b 02 00 04 d2 0a 95 00 2c 
02 00 04 d2 0a 95 00 23 02 00 04 d2 0a 95 00 2d 
--- end bytes ---
Started proc!
handle_heartbeat(sockfd, db);
26
handle_heartbeat(sockfd, db);
27
Started proc!
handle_heartbeat(sockfd, db);
28
Started proc!
family: 2, port: 53764, addr: 604017930
family: 2, port: 53764, addr: 637572362
family: 2, port: 53764, addr: 620795146
family: 2, port: 53764, addr: 654349578
family: 2, port: 53764, addr: 671126794
family: 2, port: 53764, addr: 687904010
family: 2, port: 53764, addr: 704681226
family: 2, port: 53764, addr: 721458442
family: 2, port: 53764, addr: 738235658
family: 2, port: 53764, addr: 587240714
family: 2, port: 53764, addr: 755012874
There are 11 peers online!
Sending netinfo
Printing 112 bytes from 0x5c23510.
--- start bytes ---
01 00 00 00 00 00 00 00 70 00 00 00 00 00 00 00 
48 4b 4e 0c 00 00 00 00 02 00 04 d2 0a 95 00 24 
02 00 04 d2 0a 95 00 26 02 00 04 d2 0a 95 00 25 
02 00 04 d2 0a 95 00 27 02 00 04 d2 0a 95 00 28 
02 00 04 d2 0a 95 00 29 02 00 04 d2 0a 95 00 2a 
02 00 04 d2 0a 95 00 2b 02 00 04 d2 0a 95 00 2c 
02 00 04 d2 0a 95 00 23 02 00 04 d2 0a 95 00 2d 
--- end bytes ---
handle_heartbeat(sockfd, db);
29
Started proc!
family: 2, port: 53764, addr: 604017930
family: 2, port: 53764, addr: 637572362
family: 2, port: 53764, addr: 620795146
family: 2, port: 53764, addr: 654349578
family: 2, port: 53764, addr: 671126794
family: 2, port: 53764, addr: 687904010
family: 2, port: 53764, addr: 704681226
family: 2, port: 53764, addr: 721458442
family: 2, port: 53764, addr: 738235658
family: 2, port: 53764, addr: 587240714
family: 2, port: 53764, addr: 755012874
There are 11 peers online!
Sending netinfo
Printing 112 bytes from 0x5c3d220.
--- start bytes ---
01 00 00 00 00 00 00 00 70 00 00 00 00 00 00 00 
48 4b 4e 0c 00 00 00 00 02 00 04 d2 0a 95 00 24 
02 00 04 d2 0a 95 00 26 02 00 04 d2 0a 95 00 25 
02 00 04 d2 0a 95 00 27 02 00 04 d2 0a 95 00 28 
02 00 04 d2 0a 95 00 29 02 00 04 d2 0a 95 00 2a 
02 00 04 d2 0a 95 00 2b 02 00 04 d2 0a 95 00 2c 
02 00 04 d2 0a 95 00 23 02 00 04 d2 0a 95 00 2d 
--- end bytes ---
family: 2, port: 53764, addr: 604017930
family: 2, port: 53764, addr: 637572362
family: 2, port: 53764, addr: 620795146
family: 2, port: 53764, addr: 654349578
family: 2, port: 53764, addr: 671126794
family: 2, port: 53764, addr: 687904010
family: 2, port: 53764, addr: 704681226
family: 2, port: 53764, addr: 721458442
family: 2, port: 53764, addr: 738235658
family: 2, port: 53764, addr: 587240714
family: 2, port: 53764, addr: 755012874
There are 11 peers online!
Sending netinfo
Printing 112 bytes from 0x5c56e90.
--- start bytes ---
01 00 00 00 00 00 00 00 70 00 00 00 00 00 00 00 
48 4b 4e 0c 00 00 00 00 02 00 04 d2 0a 95 00 24 
02 00 04 d2 0a 95 00 26 02 00 04 d2 0a 95 00 25 
02 00 04 d2 0a 95 00 27 02 00 04 d2 0a 95 00 28 
02 00 04 d2 0a 95 00 29 02 00 04 d2 0a 95 00 2a 
02 00 04 d2 0a 95 00 2b 02 00 04 d2 0a 95 00 2c 
02 00 04 d2 0a 95 00 23 02 00 04 d2 0a 95 00 2d 
--- end bytes ---
family: 2, port: 53764, addr: 604017930
family: 2, port: 53764, addr: 637572362
family: 2, port: 53764, addr: 620795146
family: 2, port: 53764, addr: 654349578
family: 2, port: 53764, addr: 671126794
family: 2, port: 53764, addr: 687904010
family: 2, port: 53764, addr: 704681226
family: 2, port: 53764, addr: 721458442
family: 2, port: 53764, addr: 738235658
family: 2, port: 53764, addr: 587240714
family: 2, port: 53764, addr: 755012874
There are 11 peers online!
Sending netinfo
Printing 112 bytes from 0x5c70b00.
--- start bytes ---
01 00 00 00 00 00 00 00 70 00 00 00 00 00 00 00 
48 4b 4e 0c 00 00 00 00 02 00 04 d2 0a 95 00 24 
02 00 04 d2 0a 95 00 26 02 00 04 d2 0a 95 00 25 
02 00 04 d2 0a 95 00 27 02 00 04 d2 0a 95 00 28 
02 00 04 d2 0a 95 00 29 02 00 04 d2 0a 95 00 2a 
02 00 04 d2 0a 95 00 2b 02 00 04 d2 0a 95 00 2c 
02 00 04 d2 0a 95 00 23 02 00 04 d2 0a 95 00 2d 
--- end bytes ---
Started proc!
handle_heartbeat(sockfd, db);
30
handle_heartbeat(sockfd, db);
31
Started proc!
family: 2, port: 53764, addr: 604017930
family: 2, port: 53764, addr: 637572362
family: 2, port: 53764, addr: 620795146
family: 2, port: 53764, addr: 654349578
family: 2, port: 53764, addr: 671126794
family: 2, port: 53764, addr: 687904010
family: 2, port: 53764, addr: 704681226
family: 2, port: 53764, addr: 721458442
family: 2, port: 53764, addr: 738235658
family: 2, port: 53764, addr: 587240714
family: 2, port: 53764, addr: 755012874
There are 11 peers online!
Sending netinfo
Printing 112 bytes from 0x5c8af30.
--- start bytes ---
01 00 00 00 00 00 00 00 70 00 00 00 00 00 00 00 
48 4b 4e 0c 00 00 00 00 02 00 04 d2 0a 95 00 24 
02 00 04 d2 0a 95 00 26 02 00 04 d2 0a 95 00 25 
02 00 04 d2 0a 95 00 27 02 00 04 d2 0a 95 00 28 
02 00 04 d2 0a 95 00 29 02 00 04 d2 0a 95 00 2a 
02 00 04 d2 0a 95 00 2b 02 00 04 d2 0a 95 00 2c 
02 00 04 d2 0a 95 00 23 02 00 04 d2 0a 95 00 2d 
--- end bytes ---
family: 2, port: 53764, addr: 604017930
family: 2, port: 53764, addr: 637572362
family: 2, port: 53764, addr: 620795146
family: 2, port: 53764, addr: 654349578
family: 2, port: 53764, addr: 671126794
family: 2, port: 53764, addr: 687904010
family: 2, port: 53764, addr: 704681226
family: 2, port: 53764, addr: 721458442
family: 2, port: 53764, addr: 738235658
family: 2, port: 53764, addr: 587240714
family: 2, port: 53764, addr: 755012874
There are 11 peers online!
Sending netinfo
Printing 112 bytes from 0x5ca4ba0.
--- start bytes ---
01 00 00 00 00 00 00 00 70 00 00 00 00 00 00 00 
48 4b 4e 0c 00 00 00 00 02 00 04 d2 0a 95 00 24 
02 00 04 d2 0a 95 00 26 02 00 04 d2 0a 95 00 25 
02 00 04 d2 0a 95 00 27 02 00 04 d2 0a 95 00 28 
02 00 04 d2 0a 95 00 29 02 00 04 d2 0a 95 00 2a 
02 00 04 d2 0a 95 00 2b 02 00 04 d2 0a 95 00 2c 
02 00 04 d2 0a 95 00 23 02 00 04 d2 0a 95 00 2d 
--- end bytes ---
Started proc!
handle_heartbeat(sockfd, db);
32
family: 2, port: 53764, addr: 604017930
family: 2, port: 53764, addr: 637572362
family: 2, port: 53764, addr: 620795146
family: 2, port: 53764, addr: 654349578
family: 2, port: 53764, addr: 671126794
family: 2, port: 53764, addr: 687904010
family: 2, port: 53764, addr: 704681226
family: 2, port: 53764, addr: 721458442
family: 2, port: 53764, addr: 738235658
family: 2, port: 53764, addr: 587240714
family: 2, port: 53764, addr: 755012874
There are 11 peers online!
Sending netinfo
Printing 112 bytes from 0x5cbebf0.
--- start bytes ---
01 00 00 00 00 00 00 00 70 00 00 00 00 00 00 00 
48 4b 4e 0c 00 00 00 00 02 00 04 d2 0a 95 00 24 
02 00 04 d2 0a 95 00 26 02 00 04 d2 0a 95 00 25 
02 00 04 d2 0a 95 00 27 02 00 04 d2 0a 95 00 28 
02 00 04 d2 0a 95 00 29 02 00 04 d2 0a 95 00 2a 
02 00 04 d2 0a 95 00 2b 02 00 04 d2 0a 95 00 2c 
02 00 04 d2 0a 95 00 23 02 00 04 d2 0a 95 00 2d 
--- end bytes ---
Started proc!
handle_heartbeat(sockfd, db);
33
handle_heartbeat(sockfd, db);
34
Started proc!
family: 2, port: 53764, addr: 604017930
family: 2, port: 53764, addr: 637572362
family: 2, port: 53764, addr: 620795146
family: 2, port: 53764, addr: 654349578
family: 2, port: 53764, addr: 671126794
family: 2, port: 53764, addr: 687904010
family: 2, port: 53764, addr: 704681226
family: 2, port: 53764, addr: 721458442
family: 2, port: 53764, addr: 738235658
family: 2, port: 53764, addr: 587240714
family: 2, port: 53764, addr: 755012874
There are 11 peers online!
Sending netinfo
Printing 112 bytes from 0x5cd9020.
--- start bytes ---
01 00 00 00 00 00 00 00 70 00 00 00 00 00 00 00 
48 4b 4e 0c 00 00 00 00 02 00 04 d2 0a 95 00 24 
02 00 04 d2 0a 95 00 26 02 00 04 d2 0a 95 00 25 
02 00 04 d2 0a 95 00 27 02 00 04 d2 0a 95 00 28 
02 00 04 d2 0a 95 00 29 02 00 04 d2 0a 95 00 2a 
02 00 04 d2 0a 95 00 2b 02 00 04 d2 0a 95 00 2c 
02 00 04 d2 0a 95 00 23 02 00 04 d2 0a 95 00 2d 
--- end bytes ---
family: 2, port: 53764, addr: 604017930
family: 2, port: 53764, addr: 637572362
family: 2, port: 53764, addr: 620795146
family: 2, port: 53764, addr: 654349578
family: 2, port: 53764, addr: 671126794
family: 2, port: 53764, addr: 687904010
family: 2, port: 53764, addr: 704681226
family: 2, port: 53764, addr: 721458442
family: 2, port: 53764, addr: 738235658
family: 2, port: 53764, addr: 587240714
family: 2, port: 53764, addr: 755012874
There are 11 peers online!
Sending netinfo
Printing 112 bytes from 0x5cf2c90.
--- start bytes ---
01 00 00 00 00 00 00 00 70 00 00 00 00 00 00 00 
48 4b 4e 0c 00 00 00 00 02 00 04 d2 0a 95 00 24 
02 00 04 d2 0a 95 00 26 02 00 04 d2 0a 95 00 25 
02 00 04 d2 0a 95 00 27 02 00 04 d2 0a 95 00 28 
02 00 04 d2 0a 95 00 29 02 00 04 d2 0a 95 00 2a 
02 00 04 d2 0a 95 00 2b 02 00 04 d2 0a 95 00 2c 
02 00 04 d2 0a 95 00 23 02 00 04 d2 0a 95 00 2d 
--- end bytes ---
Started proc!
handle_heartbeat(sockfd, db);
35
handle_heartbeat(sockfd, db);
36
Started proc!
family: 2, port: 53764, addr: 604017930
family: 2, port: 53764, addr: 637572362
family: 2, port: 53764, addr: 620795146
family: 2, port: 53764, addr: 654349578
family: 2, port: 53764, addr: 671126794
family: 2, port: 53764, addr: 687904010
family: 2, port: 53764, addr: 704681226
family: 2, port: 53764, addr: 721458442
family: 2, port: 53764, addr: 738235658
family: 2, port: 53764, addr: 587240714
family: 2, port: 53764, addr: 755012874
There are 11 peers online!
Sending netinfo
Printing 112 bytes from 0x5d0d0c0.
--- start bytes ---
01 00 00 00 00 00 00 00 70 00 00 00 00 00 00 00 
48 4b 4e 0c 00 00 00 00 02 00 04 d2 0a 95 00 24 
02 00 04 d2 0a 95 00 26 02 00 04 d2 0a 95 00 25 
02 00 04 d2 0a 95 00 27 02 00 04 d2 0a 95 00 28 
02 00 04 d2 0a 95 00 29 02 00 04 d2 0a 95 00 2a 
02 00 04 d2 0a 95 00 2b 02 00 04 d2 0a 95 00 2c 
02 00 04 d2 0a 95 00 23 02 00 04 d2 0a 95 00 2d 
--- end bytes ---
family: 2, port: 53764, addr: 604017930
family: 2, port: 53764, addr: 637572362
family: 2, port: 53764, addr: 620795146
family: 2, port: 53764, addr: 654349578
family: 2, port: 53764, addr: 671126794
family: 2, port: 53764, addr: 687904010
family: 2, port: 53764, addr: 704681226
family: 2, port: 53764, addr: 721458442
family: 2, port: 53764, addr: 738235658
family: 2, port: 53764, addr: 587240714
family: 2, port: 53764, addr: 755012874
There are 11 peers online!
Sending netinfo
Printing 112 bytes from 0x5d26a80.
--- start bytes ---
01 00 00 00 00 00 00 00 70 00 00 00 00 00 00 00 
48 4b 4e 0c 00 00 00 00 02 00 04 d2 0a 95 00 24 
02 00 04 d2 0a 95 00 26 02 00 04 d2 0a 95 00 25 
02 00 04 d2 0a 95 00 27 02 00 04 d2 0a 95 00 28 
02 00 04 d2 0a 95 00 29 02 00 04 d2 0a 95 00 2a 
02 00 04 d2 0a 95 00 2b 02 00 04 d2 0a 95 00 2c 
02 00 04 d2 0a 95 00 23 02 00 04 d2 0a 95 00 2d 
--- end bytes ---
Started proc!
Started proc!
handle_heartbeat(sockfd, db);
37
handle_heartbeat(sockfd, db);
38
Started proc!
handle_heartbeat(sockfd, db);
39
handle_heartbeat(sockfd, db);
40
family: 2, port: 53764, addr: 604017930
family: 2, port: 53764, addr: 637572362
family: 2, port: 53764, addr: 620795146
family: 2, port: 53764, addr: 654349578
family: 2, port: 53764, addr: 671126794
family: 2, port: 53764, addr: 687904010
family: 2, port: 53764, addr: 704681226
family: 2, port: 53764, addr: 721458442
family: 2, port: 53764, addr: 738235658
family: 2, port: 53764, addr: 587240714
family: 2, port: 53764, addr: 755012874
There are 11 peers online!
Sending netinfo
Printing 112 bytes from 0x5d41920.
--- start bytes ---
01 00 00 00 00 00 00 00 70 00 00 00 00 00 00 00 
48 4b 4e 0c 00 00 00 00 02 00 04 d2 0a 95 00 24 
02 00 04 d2 0a 95 00 26 02 00 04 d2 0a 95 00 25 
02 00 04 d2 0a 95 00 27 02 00 04 d2 0a 95 00 28 
02 00 04 d2 0a 95 00 29 02 00 04 d2 0a 95 00 2a 
02 00 04 d2 0a 95 00 2b 02 00 04 d2 0a 95 00 2c 
02 00 04 d2 0a 95 00 23 02 00 04 d2 0a 95 00 2d 
--- end bytes ---
Started proc!
family: 2, port: 53764, addr: 604017930
family: 2, port: 53764, addr: 637572362
family: 2, port: 53764, addr: 620795146
family: 2, port: 53764, addr: 654349578
family: 2, port: 53764, addr: 671126794
family: 2, port: 53764, addr: 687904010
family: 2, port: 53764, addr: 704681226
family: 2, port: 53764, addr: 721458442
family: 2, port: 53764, addr: 738235658
family: 2, port: 53764, addr: 587240714
family: 2, port: 53764, addr: 755012874
There are 11 peers online!
Sending netinfo
Printing 112 bytes from 0x5d460a0.
--- start bytes ---
01 00 00 00 00 00 00 00 70 00 00 00 00 00 00 00 
48 4b 4e 0c 00 00 00 00 02 00 04 d2 0a 95 00 24 
02 00 04 d2 0a 95 00 26 02 00 04 d2 0a 95 00 25 
02 00 04 d2 0a 95 00 27 02 00 04 d2 0a 95 00 28 
02 00 04 d2 0a 95 00 29 02 00 04 d2 0a 95 00 2a 
02 00 04 d2 0a 95 00 2b 02 00 04 d2 0a 95 00 2c 
02 00 04 d2 0a 95 00 23 02 00 04 d2 0a 95 00 2d 
--- end bytes ---
family: 2, port: 53764, addr: 604017930
family: 2, port: 53764, addr: 637572362
family: 2, port: 53764, addr: 620795146
family: 2, port: 53764, addr: 654349578
family: 2, port: 53764, addr: 671126794
family: 2, port: 53764, addr: 687904010
family: 2, port: 53764, addr: 704681226
family: 2, port: 53764, addr: 721458442
family: 2, port: 53764, addr: 738235658
family: 2, port: 53764, addr: 587240714
family: 2, port: 53764, addr: 755012874
There are 11 peers online!
Sending netinfo
Printing 112 bytes from 0x5d4a820.
--- start bytes ---
01 00 00 00 00 00 00 00 70 00 00 00 00 00 00 00 
48 4b 4e 0c 00 00 00 00 02 00 04 d2 0a 95 00 24 
02 00 04 d2 0a 95 00 26 02 00 04 d2 0a 95 00 25 
02 00 04 d2 0a 95 00 27 02 00 04 d2 0a 95 00 28 
02 00 04 d2 0a 95 00 29 02 00 04 d2 0a 95 00 2a 
02 00 04 d2 0a 95 00 2b 02 00 04 d2 0a 95 00 2c 
02 00 04 d2 0a 95 00 23 02 00 04 d2 0a 95 00 2d 
--- end bytes ---
family: 2, port: 53764, addr: 604017930
family: 2, port: 53764, addr: 637572362
family: 2, port: 53764, addr: 620795146
family: 2, port: 53764, addr: 654349578
family: 2, port: 53764, addr: 671126794
family: 2, port: 53764, addr: 687904010
family: 2, port: 53764, addr: 704681226
family: 2, port: 53764, addr: 721458442
family: 2, port: 53764, addr: 738235658
family: 2, port: 53764, addr: 587240714
family: 2, port: 53764, addr: 755012874
There are 11 peers online!
Sending netinfo
Printing 112 bytes from 0x6793f10.
--- start bytes ---
01 00 00 00 00 00 00 00 70 00 00 00 00 00 00 00 
48 4b 4e 0c 00 00 00 00 02 00 04 d2 0a 95 00 24 
02 00 04 d2 0a 95 00 26 02 00 04 d2 0a 95 00 25 
02 00 04 d2 0a 95 00 27 02 00 04 d2 0a 95 00 28 
02 00 04 d2 0a 95 00 29 02 00 04 d2 0a 95 00 2a 
02 00 04 d2 0a 95 00 2b 02 00 04 d2 0a 95 00 2c 
02 00 04 d2 0a 95 00 23 02 00 04 d2 0a 95 00 2d 
--- end bytes ---
Started proc!
handle_heartbeat(sockfd, db);
41
handle_heartbeat(sockfd, db);
42
Started proc!
family: 2, port: 53764, addr: 604017930
family: 2, port: 53764, addr: 637572362
family: 2, port: 53764, addr: 620795146
family: 2, port: 53764, addr: 654349578
family: 2, port: 53764, addr: 671126794
family: 2, port: 53764, addr: 687904010
family: 2, port: 53764, addr: 704681226
family: 2, port: 53764, addr: 721458442
family: 2, port: 53764, addr: 738235658
family: 2, port: 53764, addr: 587240714
family: 2, port: 53764, addr: 755012874
There are 11 peers online!
Sending netinfo
Printing 112 bytes from 0x67ae2e0.
--- start bytes ---
01 00 00 00 00 00 00 00 70 00 00 00 00 00 00 00 
48 4b 4e 0c 00 00 00 00 02 00 04 d2 0a 95 00 24 
02 00 04 d2 0a 95 00 26 02 00 04 d2 0a 95 00 25 
02 00 04 d2 0a 95 00 27 02 00 04 d2 0a 95 00 28 
02 00 04 d2 0a 95 00 29 02 00 04 d2 0a 95 00 2a 
02 00 04 d2 0a 95 00 2b 02 00 04 d2 0a 95 00 2c 
02 00 04 d2 0a 95 00 23 02 00 04 d2 0a 95 00 2d 
--- end bytes ---
family: 2, port: 53764, addr: 604017930
family: 2, port: 53764, addr: 637572362
family: 2, port: 53764, addr: 620795146
family: 2, port: 53764, addr: 654349578
family: 2, port: 53764, addr: 671126794
family: 2, port: 53764, addr: 687904010
family: 2, port: 53764, addr: 704681226
family: 2, port: 53764, addr: 721458442
family: 2, port: 53764, addr: 738235658
family: 2, port: 53764, addr: 587240714
family: 2, port: 53764, addr: 755012874
There are 11 peers online!
Sending netinfo
Printing 112 bytes from 0x67c7f50.
--- start bytes ---
01 00 00 00 00 00 00 00 70 00 00 00 00 00 00 00 
48 4b 4e 0c 00 00 00 00 02 00 04 d2 0a 95 00 24 
02 00 04 d2 0a 95 00 26 02 00 04 d2 0a 95 00 25 
02 00 04 d2 0a 95 00 27 02 00 04 d2 0a 95 00 28 
02 00 04 d2 0a 95 00 29 02 00 04 d2 0a 95 00 2a 
02 00 04 d2 0a 95 00 2b 02 00 04 d2 0a 95 00 2c 
02 00 04 d2 0a 95 00 23 02 00 04 d2 0a 95 00 2d 
--- end bytes ---
Started proc!
handle_heartbeat(sockfd, db);
43
family: 2, port: 53764, addr: 604017930
family: 2, port: 53764, addr: 637572362
family: 2, port: 53764, addr: 620795146
family: 2, port: 53764, addr: 654349578
family: 2, port: 53764, addr: 671126794
family: 2, port: 53764, addr: 687904010
family: 2, port: 53764, addr: 704681226
family: 2, port: 53764, addr: 721458442
family: 2, port: 53764, addr: 738235658
family: 2, port: 53764, addr: 587240714
family: 2, port: 53764, addr: 755012874
There are 11 peers online!
Sending netinfo
Printing 112 bytes from 0x67e1fa0.
--- start bytes ---
01 00 00 00 00 00 00 00 70 00 00 00 00 00 00 00 
48 4b 4e 0c 00 00 00 00 02 00 04 d2 0a 95 00 24 
02 00 04 d2 0a 95 00 26 02 00 04 d2 0a 95 00 25 
02 00 04 d2 0a 95 00 27 02 00 04 d2 0a 95 00 28 
02 00 04 d2 0a 95 00 29 02 00 04 d2 0a 95 00 2a 
02 00 04 d2 0a 95 00 2b 02 00 04 d2 0a 95 00 2c 
02 00 04 d2 0a 95 00 23 02 00 04 d2 0a 95 00 2d 
--- end bytes ---
Started proc!
Started proc!
handle_heartbeat(sockfd, db);
44
handle_heartbeat(sockfd, db);
45
family: 2, port: 53764, addr: 604017930
family: 2, port: 53764, addr: 637572362
family: 2, port: 53764, addr: 620795146
family: 2, port: 53764, addr: 654349578
family: 2, port: 53764, addr: 671126794
family: 2, port: 53764, addr: 687904010
family: 2, port: 53764, addr: 704681226
family: 2, port: 53764, addr: 721458442
family: 2, port: 53764, addr: 738235658
family: 2, port: 53764, addr: 587240714
family: 2, port: 53764, addr: 755012874
There are 11 peers online!
Sending netinfo
Printing 112 bytes from 0x67fc3d0.
--- start bytes ---
01 00 00 00 00 00 00 00 70 00 00 00 00 00 00 00 
48 4b 4e 0c 00 00 00 00 02 00 04 d2 0a 95 00 24 
02 00 04 d2 0a 95 00 26 02 00 04 d2 0a 95 00 25 
02 00 04 d2 0a 95 00 27 02 00 04 d2 0a 95 00 28 
02 00 04 d2 0a 95 00 29 02 00 04 d2 0a 95 00 2a 
02 00 04 d2 0a 95 00 2b 02 00 04 d2 0a 95 00 2c 
02 00 04 d2 0a 95 00 23 02 00 04 d2 0a 95 00 2d 
--- end bytes ---
family: 2, port: 53764, addr: 604017930
family: 2, port: 53764, addr: 637572362
family: 2, port: 53764, addr: 620795146
family: 2, port: 53764, addr: 654349578
family: 2, port: 53764, addr: 671126794
family: 2, port: 53764, addr: 687904010
family: 2, port: 53764, addr: 704681226
family: 2, port: 53764, addr: 721458442
family: 2, port: 53764, addr: 738235658
family: 2, port: 53764, addr: 587240714
family: 2, port: 53764, addr: 755012874
There are 11 peers online!
Sending netinfo
Printing 112 bytes from 0x6816040.
--- start bytes ---
01 00 00 00 00 00 00 00 70 00 00 00 00 00 00 00 
48 4b 4e 0c 00 00 00 00 02 00 04 d2 0a 95 00 24 
02 00 04 d2 0a 95 00 26 02 00 04 d2 0a 95 00 25 
02 00 04 d2 0a 95 00 27 02 00 04 d2 0a 95 00 28 
02 00 04 d2 0a 95 00 29 02 00 04 d2 0a 95 00 2a 
02 00 04 d2 0a 95 00 2b 02 00 04 d2 0a 95 00 2c 
02 00 04 d2 0a 95 00 23 02 00 04 d2 0a 95 00 2d 
--- end bytes ---
Started proc!
handle_heartbeat(sockfd, db);
46
handle_heartbeat(sockfd, db);
47
Started proc!
family: 2, port: 53764, addr: 604017930
family: 2, port: 53764, addr: 637572362
family: 2, port: 53764, addr: 620795146
family: 2, port: 53764, addr: 654349578
family: 2, port: 53764, addr: 671126794
family: 2, port: 53764, addr: 687904010
family: 2, port: 53764, addr: 704681226
family: 2, port: 53764, addr: 721458442
family: 2, port: 53764, addr: 738235658
family: 2, port: 53764, addr: 587240714
family: 2, port: 53764, addr: 755012874
There are 11 peers online!
Sending netinfo
Printing 112 bytes from 0x6830640.
--- start bytes ---
01 00 00 00 00 00 00 00 70 00 00 00 00 00 00 00 
48 4b 4e 0c 00 00 00 00 02 00 04 d2 0a 95 00 24 
02 00 04 d2 0a 95 00 26 02 00 04 d2 0a 95 00 25 
02 00 04 d2 0a 95 00 27 02 00 04 d2 0a 95 00 28 
02 00 04 d2 0a 95 00 29 02 00 04 d2 0a 95 00 2a 
02 00 04 d2 0a 95 00 2b 02 00 04 d2 0a 95 00 2c 
02 00 04 d2 0a 95 00 23 02 00 04 d2 0a 95 00 2d 
--- end bytes ---
family: 2, port: 53764, addr: 604017930
family: 2, port: 53764, addr: 637572362
family: 2, port: 53764, addr: 620795146
family: 2, port: 53764, addr: 654349578
family: 2, port: 53764, addr: 671126794
family: 2, port: 53764, addr: 687904010
family: 2, port: 53764, addr: 704681226
family: 2, port: 53764, addr: 721458442
family: 2, port: 53764, addr: 738235658
family: 2, port: 53764, addr: 587240714
family: 2, port: 53764, addr: 755012874
There are 11 peers online!
Sending netinfo
Printing 112 bytes from 0x6849e30.
--- start bytes ---
01 00 00 00 00 00 00 00 70 00 00 00 00 00 00 00 
48 4b 4e 0c 00 00 00 00 02 00 04 d2 0a 95 00 24 
02 00 04 d2 0a 95 00 26 02 00 04 d2 0a 95 00 25 
02 00 04 d2 0a 95 00 27 02 00 04 d2 0a 95 00 28 
02 00 04 d2 0a 95 00 29 02 00 04 d2 0a 95 00 2a 
02 00 04 d2 0a 95 00 2b 02 00 04 d2 0a 95 00 2c 
02 00 04 d2 0a 95 00 23 02 00 04 d2 0a 95 00 2d 
--- end bytes ---
Started proc!
handle_heartbeat(sockfd, db);
48
handle_heartbeat(sockfd, db);
49
Started proc!
handle_heartbeat(sockfd, db);
50
Started proc!
handle_heartbeat(sockfd, db);
51
Started proc!
family: 2, port: 53764, addr: 604017930
family: 2, port: 53764, addr: 637572362
family: 2, port: 53764, addr: 620795146
family: 2, port: 53764, addr: 654349578
family: 2, port: 53764, addr: 671126794
family: 2, port: 53764, addr: 687904010
family: 2, port: 53764, addr: 704681226
family: 2, port: 53764, addr: 721458442
family: 2, port: 53764, addr: 738235658
family: 2, port: 53764, addr: 587240714
family: 2, port: 53764, addr: 755012874
There are 11 peers online!
Sending netinfo
Printing 112 bytes from 0x6865070.
--- start bytes ---
01 00 00 00 00 00 00 00 70 00 00 00 00 00 00 00 
48 4b 4e 0c 00 00 00 00 02 00 04 d2 0a 95 00 24 
02 00 04 d2 0a 95 00 26 02 00 04 d2 0a 95 00 25 
02 00 04 d2 0a 95 00 27 02 00 04 d2 0a 95 00 28 
02 00 04 d2 0a 95 00 29 02 00 04 d2 0a 95 00 2a 
02 00 04 d2 0a 95 00 2b 02 00 04 d2 0a 95 00 2c 
02 00 04 d2 0a 95 00 23 02 00 04 d2 0a 95 00 2d 
--- end bytes ---
family: 2, port: 53764, addr: 604017930
family: 2, port: 53764, addr: 637572362
family: 2, port: 53764, addr: 620795146
family: 2, port: 53764, addr: 654349578
family: 2, port: 53764, addr: 671126794
family: 2, port: 53764, addr: 687904010
family: 2, port: 53764, addr: 704681226
family: 2, port: 53764, addr: 721458442
family: 2, port: 53764, addr: 738235658
family: 2, port: 53764, addr: 587240714
family: 2, port: 53764, addr: 755012874
There are 11 peers online!
Sending netinfo
Printing 112 bytes from 0x687eb10.
--- start bytes ---
01 00 00 00 00 00 00 00 70 00 00 00 00 00 00 00 
48 4b 4e 0c 00 00 00 00 02 00 04 d2 0a 95 00 24 
02 00 04 d2 0a 95 00 26 02 00 04 d2 0a 95 00 25 
02 00 04 d2 0a 95 00 27 02 00 04 d2 0a 95 00 28 
02 00 04 d2 0a 95 00 29 02 00 04 d2 0a 95 00 2a 
02 00 04 d2 0a 95 00 2b 02 00 04 d2 0a 95 00 2c 
02 00 04 d2 0a 95 00 23 02 00 04 d2 0a 95 00 2d 
--- end bytes ---
family: 2, port: 53764, addr: 604017930
family: 2, port: 53764, addr: 637572362
family: 2, port: 53764, addr: 620795146
family: 2, port: 53764, addr: 654349578
family: 2, port: 53764, addr: 671126794
family: 2, port: 53764, addr: 687904010
family: 2, port: 53764, addr: 704681226
family: 2, port: 53764, addr: 721458442
family: 2, port: 53764, addr: 738235658
family: 2, port: 53764, addr: 587240714
family: 2, port: 53764, addr: 755012874
There are 11 peers online!
Sending netinfo
Printing 112 bytes from 0x6898780.
--- start bytes ---
01 00 00 00 00 00 00 00 70 00 00 00 00 00 00 00 
48 4b 4e 0c 00 00 00 00 02 00 04 d2 0a 95 00 24 
02 00 04 d2 0a 95 00 26 02 00 04 d2 0a 95 00 25 
02 00 04 d2 0a 95 00 27 02 00 04 d2 0a 95 00 28 
02 00 04 d2 0a 95 00 29 02 00 04 d2 0a 95 00 2a 
02 00 04 d2 0a 95 00 2b 02 00 04 d2 0a 95 00 2c 
02 00 04 d2 0a 95 00 23 02 00 04 d2 0a 95 00 2d 
--- end bytes ---
family: 2, port: 53764, addr: 604017930
family: 2, port: 53764, addr: 637572362
family: 2, port: 53764, addr: 620795146
family: 2, port: 53764, addr: 654349578
family: 2, port: 53764, addr: 671126794
family: 2, port: 53764, addr: 687904010
family: 2, port: 53764, addr: 704681226
family: 2, port: 53764, addr: 721458442
family: 2, port: 53764, addr: 738235658
family: 2, port: 53764, addr: 587240714
family: 2, port: 53764, addr: 755012874
There are 11 peers online!
Sending netinfo
Printing 112 bytes from 0x68b2220.
--- start bytes ---
01 00 00 00 00 00 00 00 70 00 00 00 00 00 00 00 
48 4b 4e 0c 00 00 00 0