START_TIME	16-12-2021 10:23:44
BLOCK_ADDED_START	16-12-2021 10:23:44	1
BLOCK_ADDED_STOP	16-12-2021 10:23:44	1	SUCCESS
BLOCK_ADDED_START	16-12-2021 10:23:44	2
BLOCK_ADDED_STOP	16-12-2021 10:23:44	2	SUCCESS
BLOCK_ADDED_START	16-12-2021 10:23:44	3
BLOCK_ADDED_STOP	16-12-2021 10:23:44	3	SUCCESS
BLOCK_ADDED_START	16-12-2021 10:23:44	4
BLOCK_ADDED_STOP	16-12-2021 10:23:44	4	SUCCESS
BLOCK_ADDED_START	16-12-2021 10:23:44	5
BLOCK_ADDED_STOP	16-12-2021 10:23:44	5	SUCCESS
BLOCK_ADDED_START	16-12-2021 10:23:44	6
BLOCK_ADDED_STOP	16-12-2021 10:23:44	6	SUCCESS
BLOCK_ADDED_START	16-12-2021 10:23:44	7
BLOCK_ADDED_STOP	16-12-2021 10:23:44	7	SUCCESS
BLOCK_ADDED_START	16-12-2021 10:23:44	8
BLOCK_ADDED_STOP	16-12-2021 10:23:44	8	SUCCESS
BLOCK_ADDED_START	16-12-2021 10:23:44	9
BLOCK_ADDED_STOP	16-12-2021 10:23:44	9	SUCCESS
REQUEST_BLOCK	16-12-2021 10:23:52	10
RECEIVED_BLOCK	16-12-2021 10:23:55	10	SUCCESS
SENDING_BLOCK	16-12-2021 10:23:55	13
