START_TIME	16-12-2021 10:23:46
BLOCK_ADDED_START	16-12-2021 10:23:46	1
BLOCK_ADDED_STOP	16-12-2021 10:23:46	1	SUCCESS
BLOCK_ADDED_START	16-12-2021 10:23:46	2
BLOCK_ADDED_STOP	16-12-2021 10:23:46	2	SUCCESS
BLOCK_ADDED_START	16-12-2021 10:23:46	3
BLOCK_ADDED_STOP	16-12-2021 10:23:46	3	SUCCESS
BLOCK_ADDED_START	16-12-2021 10:23:46	4
BLOCK_ADDED_STOP	16-12-2021 10:23:46	4	SUCCESS
BLOCK_ADDED_START	16-12-2021 10:23:46	5
BLOCK_ADDED_STOP	16-12-2021 10:23:46	5	SUCCESS
BLOCK_ADDED_START	16-12-2021 10:23:46	6
BLOCK_ADDED_STOP	16-12-2021 10:23:46	6	SUCCESS
BLOCK_ADDED_START	16-12-2021 10:23:46	7
BLOCK_ADDED_STOP	16-12-2021 10:23:46	7	SUCCESS
BLOCK_ADDED_START	16-12-2021 10:23:46	8
BLOCK_ADDED_STOP	16-12-2021 10:23:46	8	SUCCESS
BLOCK_ADDED_START	16-12-2021 10:23:46	9
BLOCK_ADDED_STOP	16-12-2021 10:23:46	9	SUCCESS
BLOCK_ADDED_START	16-12-2021 10:23:46	10
BLOCK_ADDED_STOP	16-12-2021 10:23:46	10	SUCCESS
BLOCK_ADDED_START	16-12-2021 10:23:46	11
BLOCK_ADDED_STOP	16-12-2021 10:23:46	11	SUCCESS
BLOCK_ADDED_START	16-12-2021 10:23:46	12
BLOCK_ADDED_STOP	16-12-2021 10:23:46	12	SUCCESS
REQUEST_BLOCK	16-12-2021 10:23:54	13
SENDING_BLOCK	16-12-2021 10:23:54	10
RECEIVED_BLOCK	16-12-2021 10:23:54	13	SUCCESS
