START_TIME	16-12-2021 12:42:56
BLOCK_ADDED_START	16-12-2021 12:42:56	1
BLOCK_ADDED_STOP	16-12-2021 12:42:56	1	SUCCESS
REQUEST_BLOCK	16-12-2021 12:43:04	2
RECEIVED_BLOCK	16-12-2021 12:43:06	2	SUCCESS
SENDING_BLOCK	16-12-2021 12:43:07	2
SENDING_BLOCK	16-12-2021 12:43:09	1
SENDING_BLOCK	16-12-2021 12:43:14	2
SENDING_BLOCK	16-12-2021 12:43:14	2
REQUEST_BLOCK	16-12-2021 12:43:14	2
RECEIVED_BLOCK	16-12-2021 12:43:14	2	SUCCESS
SENDING_BLOCK	16-12-2021 12:43:14	2
SENDING_BLOCK	16-12-2021 12:43:15	2
SENDING_BLOCK	16-12-2021 12:43:15	2
SENDING_BLOCK	16-12-2021 12:43:17	3
SENDING_BLOCK	16-12-2021 12:43:17	2
REQUEST_BLOCK	16-12-2021 12:43:17	3
RECEIVED_BLOCK	16-12-2021 12:43:17	3	SUCCESS
SENDING_BLOCK	16-12-2021 12:43:18	3
SENDING_BLOCK	16-12-2021 12:43:18	3
