START_TIME	16-12-2021 12:43:00
REQUEST_BLOCK	16-12-2021 12:43:08	1
RECEIVED_BLOCK	16-12-2021 12:43:11	1	SUCCESS
REQUEST_BLOCK	16-12-2021 12:43:11	2
RECEIVED_BLOCK	16-12-2021 12:43:11	2	SUCCESS
SENDING_BLOCK	16-12-2021 12:43:11	2
SENDING_BLOCK	16-12-2021 12:43:11	2
SENDING_BLOCK	16-12-2021 12:43:11	2
BLOCK_ADDED_START	16-12-2021 12:43:11	2
REQUEST_BLOCK	16-12-2021 12:43:11	2
RECEIVED_BLOCK	16-12-2021 12:43:13	2	SUCCESS
SENDING_BLOCK	16-12-2021 12:43:14	2
SENDING_BLOCK	16-12-2021 12:43:14	2
SENDING_BLOCK	16-12-2021 12:43:14	2
SENDING_BLOCK	16-12-2021 12:43:14	2
SENDING_BLOCK	16-12-2021 12:43:14	2
SENDING_BLOCK	16-12-2021 12:43:14	2
SENDING_BLOCK	16-12-2021 12:43:14	2
SENDING_BLOCK	16-12-2021 12:43:15	2
BLOCK_ADDED_STOP	16-12-2021 12:43:15	2	SUCCESS
SENDING_BLOCK	16-12-2021 12:43:15	2
BLOCK_ADDED_START	16-12-2021 12:43:15	3
REQUEST_BLOCK	16-12-2021 12:43:15	3
SENDING_BLOCK	16-12-2021 12:43:16	2
RECEIVED_BLOCK	16-12-2021 12:43:16	3	SUCCESS
SENDING_BLOCK	16-12-2021 12:43:17	3
SENDING_BLOCK	16-12-2021 12:43:17	3
SENDING_BLOCK	16-12-2021 12:43:17	3
SENDING_BLOCK	16-12-2021 12:43:17	3
SENDING_BLOCK	16-12-2021 12:43:17	3
SENDING_BLOCK	16-12-2021 12:43:17	3
SENDING_BLOCK	16-12-2021 12:43:18	3
SENDING_BLOCK	16-12-2021 12:43:18	3
BLOCK_ADDED_STOP	16-12-2021 12:43:18	3	SUCCESS
