START_TIME	16-12-2021 12:42:47
BLOCK_ADDED_START	16-12-2021 12:42:47	1
BLOCK_ADDED_STOP	16-12-2021 12:42:47	1	SUCCESS
REQUEST_BLOCK	16-12-2021 12:42:55	2
RECEIVED_BLOCK	16-12-2021 12:42:55	2	SUCCESS
SENDING_BLOCK	16-12-2021 12:42:55	2
SENDING_BLOCK	16-12-2021 12:42:58	2
SENDING_BLOCK	16-12-2021 12:43:00	2
SENDING_BLOCK	16-12-2021 12:43:01	2
SENDING_BLOCK	16-12-2021 12:43:02	2
SENDING_BLOCK	16-12-2021 12:43:06	2
SENDING_BLOCK	16-12-2021 12:43:06	2
SENDING_BLOCK	16-12-2021 12:43:09	2
SENDING_BLOCK	16-12-2021 12:43:09	1
SENDING_BLOCK	16-12-2021 12:43:11	2
SENDING_BLOCK	16-12-2021 12:43:11	2
REQUEST_BLOCK	16-12-2021 12:43:13	2
RECEIVED_BLOCK	16-12-2021 12:43:14	2	SUCCESS
SENDING_BLOCK	16-12-2021 12:43:14	2
SENDING_BLOCK	16-12-2021 12:43:14	2
SENDING_BLOCK	16-12-2021 12:43:14	2
SENDING_BLOCK	16-12-2021 12:43:15	3
SENDING_BLOCK	16-12-2021 12:43:15	2
REQUEST_BLOCK	16-12-2021 12:43:16	3
RECEIVED_BLOCK	16-12-2021 12:43:17	3	SUCCESS
SENDING_BLOCK	16-12-2021 12:43:17	3
SENDING_BLOCK	16-12-2021 12:43:17	3
SENDING_BLOCK	16-12-2021 12:43:18	3
