START_TIME	16-12-2021 12:42:49
BLOCK_ADDED_START	16-12-2021 12:42:49	1
BLOCK_ADDED_STOP	16-12-2021 12:42:49	1	SUCCESS
REQUEST_BLOCK	16-12-2021 12:42:55	2
RECEIVED_BLOCK	16-12-2021 12:42:56	2	SUCCESS
SENDING_BLOCK	16-12-2021 12:43:00	2
SENDING_BLOCK	16-12-2021 12:43:00	2
SENDING_BLOCK	16-12-2021 12:43:00	2
SENDING_BLOCK	16-12-2021 12:43:03	2
SENDING_BLOCK	16-12-2021 12:43:03	2
SENDING_BLOCK	16-12-2021 12:43:07	2
SENDING_BLOCK	16-12-2021 12:43:07	2
SENDING_BLOCK	16-12-2021 12:43:07	2
SENDING_BLOCK	16-12-2021 12:43:08	1
SENDING_BLOCK	16-12-2021 12:43:12	2
SENDING_BLOCK	16-12-2021 12:43:12	2
REQUEST_BLOCK	16-12-2021 12:43:15	2
RECEIVED_BLOCK	16-12-2021 12:43:15	2	SUCCESS
SENDING_BLOCK	16-12-2021 12:43:15	2
SENDING_BLOCK	16-12-2021 12:43:15	2
SENDING_BLOCK	16-12-2021 12:43:15	2
SENDING_BLOCK	16-12-2021 12:43:15	2
SENDING_BLOCK	16-12-2021 12:43:15	3
