START_TIME	16-12-2021 11:26:30
BLOCK_ADDED_START	16-12-2021 11:26:30	1
BLOCK_ADDED_STOP	16-12-2021 11:26:30	1	SUCCESS
REQUEST_BLOCK	16-12-2021 11:26:38	2
SENDING_BLOCK	16-12-2021 11:26:41	1
RECEIVED_BLOCK	16-12-2021 11:26:41	2	SUCCESS
SENDING_BLOCK	16-12-2021 11:26:41	1
SENDING_BLOCK	16-12-2021 11:26:43	2
REQUEST_BLOCK	16-12-2021 11:26:43	2
RECEIVED_BLOCK	16-12-2021 11:26:44	2	SUCCESS
SENDING_BLOCK	16-12-2021 11:26:45	3
SENDING_BLOCK	16-12-2021 11:27:07	3
SENDING_BLOCK	16-12-2021 11:27:29	3
SENDING_BLOCK	16-12-2021 11:27:50	3
SENDING_BLOCK	16-12-2021 11:28:13	3
SENDING_BLOCK	16-12-2021 11:28:35	3
SENDING_BLOCK	16-12-2021 11:28:56	3
SENDING_BLOCK	16-12-2021 11:29:18	3
SENDING_BLOCK	16-12-2021 11:29:39	3
SENDING_BLOCK	16-12-2021 11:30:02	3
SENDING_BLOCK	16-12-2021 11:30:24	3
SENDING_BLOCK	16-12-2021 11:30:45	3
SENDING_BLOCK	16-12-2021 11:31:08	3
SENDING_BLOCK	16-12-2021 11:31:30	3
SENDING_BLOCK	16-12-2021 11:31:51	3
SENDING_BLOCK	16-12-2021 11:32:12	3
SENDING_BLOCK	16-12-2021 11:32:33	3
SENDING_BLOCK	16-12-2021 11:32:55	3
SENDING_BLOCK	16-12-2021 11:33:18	3
SENDING_BLOCK	16-12-2021 11:33:39	3
SENDING_BLOCK	16-12-2021 11:34:00	3
SENDING_BLOCK	16-12-2021 11:34:21	3
SENDING_BLOCK	16-12-2021 11:34:43	3
SENDING_BLOCK	16-12-2021 11:35:04	3
SENDING_BLOCK	16-12-2021 11:35:25	3
SENDING_BLOCK	16-12-2021 11:35:46	3
SENDING_BLOCK	16-12-2021 11:36:08	3
SENDING_BLOCK	16-12-2021 11:36:30	3
SENDING_BLOCK	16-12-2021 11:36:51	3
SENDING_BLOCK	16-12-2021 11:37:12	3
SENDING_BLOCK	16-12-2021 11:37:33	3
SENDING_BLOCK	16-12-2021 11:37:55	3
SENDING_BLOCK	16-12-2021 11:38:16	3
SENDING_BLOCK	16-12-2021 11:38:39	3
SENDING_BLOCK	16-12-2021 11:39:01	3
SENDING_BLOCK	16-12-2021 11:39:25	3
SENDING_BLOCK	16-12-2021 11:39:46	3
SENDING_BLOCK	16-12-2021 11:40:09	3
