START_TIME	16-12-2021 12:42:18
BLOCK_ADDED_START	16-12-2021 12:42:18	1
BLOCK_ADDED_STOP	16-12-2021 12:42:18	1	SUCCESS
REQUEST_BLOCK	16-12-2021 12:42:26	2
RECEIVED_BLOCK	16-12-2021 12:42:27	2	SUCCESS
SENDING_BLOCK	16-12-2021 12:42:28	2
SENDING_BLOCK	16-12-2021 12:42:32	2
SENDING_BLOCK	16-12-2021 12:42:32	2
SENDING_BLOCK	16-12-2021 12:42:32	1
SENDING_BLOCK	16-12-2021 12:42:35	2
SENDING_BLOCK	16-12-2021 12:42:35	2
REQUEST_BLOCK	16-12-2021 12:42:38	2
RECEIVED_BLOCK	16-12-2021 12:42:38	2	SUCCESS
SENDING_BLOCK	16-12-2021 12:42:38	2
SENDING_BLOCK	16-12-2021 12:42:38	2
SENDING_BLOCK	16-12-2021 12:42:38	2
SENDING_BLOCK	16-12-2021 12:42:38	2
SENDING_BLOCK	16-12-2021 12:42:38	3
REQUEST_BLOCK	16-12-2021 12:42:43	3
RECEIVED_BLOCK	16-12-2021 12:42:43	3	SUCCESS
SENDING_BLOCK	16-12-2021 12:42:43	3
SENDING_BLOCK	16-12-2021 12:42:43	3
SENDING_BLOCK	16-12-2021 12:42:43	3
SENDING_BLOCK	16-12-2021 12:42:43	3
