START_TIME	16-12-2021 12:42:21
BLOCK_ADDED_START	16-12-2021 12:42:21	1
BLOCK_ADDED_STOP	16-12-2021 12:42:21	1	SUCCESS
REQUEST_BLOCK	16-12-2021 12:42:29	2
RECEIVED_BLOCK	16-12-2021 12:42:30	2	SUCCESS
SENDING_BLOCK	16-12-2021 12:42:32	2
SENDING_BLOCK	16-12-2021 12:42:32	1
SENDING_BLOCK	16-12-2021 12:42:35	2
SENDING_BLOCK	16-12-2021 12:42:35	2
REQUEST_BLOCK	16-12-2021 12:42:36	2
RECEIVED_BLOCK	16-12-2021 12:42:37	2	SUCCESS
SENDING_BLOCK	16-12-2021 12:42:37	2
SENDING_BLOCK	16-12-2021 12:42:38	2
SENDING_BLOCK	16-12-2021 12:42:38	2
SENDING_BLOCK	16-12-2021 12:42:38	3
SENDING_BLOCK	16-12-2021 12:42:39	2
REQUEST_BLOCK	16-12-2021 12:42:41	3
RECEIVED_BLOCK	16-12-2021 12:42:42	3	SUCCESS
SENDING_BLOCK	16-12-2021 12:42:42	3
SENDING_BLOCK	16-12-2021 12:42:42	3
