START_TIME	16-12-2021 12:42:11
BLOCK_ADDED_START	16-12-2021 12:42:11	1
BLOCK_ADDED_STOP	16-12-2021 12:42:11	1	SUCCESS
REQUEST_BLOCK	16-12-2021 12:42:19	2
RECEIVED_BLOCK	16-12-2021 12:42:19	2	SUCCESS
SENDING_BLOCK	16-12-2021 12:42:19	2
SENDING_BLOCK	16-12-2021 12:42:23	2
SENDING_BLOCK	16-12-2021 12:42:23	2
SENDING_BLOCK	16-12-2021 12:42:24	2
SENDING_BLOCK	16-12-2021 12:42:26	2
SENDING_BLOCK	16-12-2021 12:42:29	2
SENDING_BLOCK	16-12-2021 12:42:29	2
SENDING_BLOCK	16-12-2021 12:42:31	2
SENDING_BLOCK	16-12-2021 12:42:33	1
SENDING_BLOCK	16-12-2021 12:42:34	2
SENDING_BLOCK	16-12-2021 12:42:34	2
REQUEST_BLOCK	16-12-2021 12:42:36	2
RECEIVED_BLOCK	16-12-2021 12:42:37	2	SUCCESS
SENDING_BLOCK	16-12-2021 12:42:37	2
SENDING_BLOCK	16-12-2021 12:42:37	2
SENDING_BLOCK	16-12-2021 12:42:40	2
SENDING_BLOCK	16-12-2021 12:42:40	3
SENDING_BLOCK	16-12-2021 12:42:40	2
REQUEST_BLOCK	16-12-2021 12:42:40	3
RECEIVED_BLOCK	16-12-2021 12:42:41	3	SUCCESS
SENDING_BLOCK	16-12-2021 12:42:41	3
SENDING_BLOCK	16-12-2021 12:42:42	3
SENDING_BLOCK	16-12-2021 12:42:42	3
SENDING_BLOCK	16-12-2021 12:42:42	3
SENDING_BLOCK	16-12-2021 12:42:43	3
