START_TIME	16-12-2021 12:42:22
BLOCK_ADDED_START	16-12-2021 12:42:22	1
BLOCK_ADDED_STOP	16-12-2021 12:42:22	1	SUCCESS
REQUEST_BLOCK	16-12-2021 12:42:30	2
SENDING_BLOCK	16-12-2021 12:42:33	1
RECEIVED_BLOCK	16-12-2021 12:42:33	2	SUCCESS
SENDING_BLOCK	16-12-2021 12:42:35	2
SENDING_BLOCK	16-12-2021 12:42:35	2
REQUEST_BLOCK	16-12-2021 12:42:37	2
RECEIVED_BLOCK	16-12-2021 12:42:37	2	SUCCESS
SENDING_BLOCK	16-12-2021 12:42:37	2
SENDING_BLOCK	16-12-2021 12:42:37	2
SENDING_BLOCK	16-12-2021 12:42:39	2
SENDING_BLOCK	16-12-2021 12:42:39	3
SENDING_BLOCK	16-12-2021 12:42:39	2
REQUEST_BLOCK	16-12-2021 12:42:42	3
RECEIVED_BLOCK	16-12-2021 12:42:42	3	SUCCESS
SENDING_BLOCK	16-12-2021 12:42:42	3
SENDING_BLOCK	16-12-2021 12:42:43	3
SENDING_BLOCK	16-12-2021 12:42:43	3
