START_TIME	16-12-2021 12:42:19
BLOCK_ADDED_START	16-12-2021 12:42:19	1
BLOCK_ADDED_STOP	16-12-2021 12:42:19	1	SUCCESS
REQUEST_BLOCK	16-12-2021 12:42:27	2
RECEIVED_BLOCK	16-12-2021 12:42:30	2	SUCCESS
SENDING_BLOCK	16-12-2021 12:42:31	2
SENDING_BLOCK	16-12-2021 12:42:32	1
SENDING_BLOCK	16-12-2021 12:42:34	2
SENDING_BLOCK	16-12-2021 12:42:34	2
REQUEST_BLOCK	16-12-2021 12:42:36	2
RECEIVED_BLOCK	16-12-2021 12:42:36	2	SUCCESS
SENDING_BLOCK	16-12-2021 12:42:37	2
SENDING_BLOCK	16-12-2021 12:42:37	2
SENDING_BLOCK	16-12-2021 12:42:37	2
SENDING_BLOCK	16-12-2021 12:42:41	3
SENDING_BLOCK	16-12-2021 12:42:41	2
REQUEST_BLOCK	16-12-2021 12:42:41	3
RECEIVED_BLOCK	16-12-2021 12:42:41	3	SUCCESS
SENDING_BLOCK	16-12-2021 12:42:41	3
SENDING_BLOCK	16-12-2021 12:42:41	3
SENDING_BLOCK	16-12-2021 12:42:42	3
