START_TIME	16-12-2021 12:42:24
REQUEST_BLOCK	16-12-2021 12:42:32	1
RECEIVED_BLOCK	16-12-2021 12:42:34	1	SUCCESS
REQUEST_BLOCK	16-12-2021 12:42:34	2
RECEIVED_BLOCK	16-12-2021 12:42:34	2	SUCCESS
BLOCK_ADDED_START	16-12-2021 12:42:34	2
REQUEST_BLOCK	16-12-2021 12:42:34	2
RECEIVED_BLOCK	16-12-2021 12:42:36	2	SUCCESS
SENDING_BLOCK	16-12-2021 12:42:37	2
SENDING_BLOCK	16-12-2021 12:42:37	2
SENDING_BLOCK	16-12-2021 12:42:37	2
SENDING_BLOCK	16-12-2021 12:42:37	2
SENDING_BLOCK	16-12-2021 12:42:37	2
SENDING_BLOCK	16-12-2021 12:42:37	2
SENDING_BLOCK	16-12-2021 12:42:38	2
BLOCK_ADDED_STOP	16-12-2021 12:42:38	2	SUCCESS
SENDING_BLOCK	16-12-2021 12:42:38	2
SENDING_BLOCK	16-12-2021 12:42:38	2
BLOCK_ADDED_START	16-12-2021 12:42:38	3
REQUEST_BLOCK	16-12-2021 12:42:38	3
SENDING_BLOCK	16-12-2021 12:42:39	2
RECEIVED_BLOCK	16-12-2021 12:42:40	3	SUCCESS
SENDING_BLOCK	16-12-2021 12:42:41	3
SENDING_BLOCK	16-12-2021 12:42:41	3
SENDING_BLOCK	16-12-2021 12:42:41	3
SENDING_BLOCK	16-12-2021 12:42:42	3
SENDING_BLOCK	16-12-2021 12:42:42	3
SENDING_BLOCK	16-12-2021 12:42:42	3
SENDING_BLOCK	16-12-2021 12:42:42	3
SENDING_BLOCK	16-12-2021 12:42:42	3
BLOCK_ADDED_STOP	16-12-2021 12:42:43	3	SUCCESS
SENDING_BLOCK	16-12-2021 12:42:43	3
