START_TIME	16-12-2021 12:35:58
BLOCK_ADDED_START	16-12-2021 12:35:58	1
BLOCK_ADDED_STOP	16-12-2021 12:35:58	1	SUCCESS
REQUEST_BLOCK	16-12-2021 12:36:06	2
RECEIVED_BLOCK	16-12-2021 12:36:07	2	SUCCESS
SENDING_BLOCK	16-12-2021 12:36:08	2
SENDING_BLOCK	16-12-2021 12:36:10	2
SENDING_BLOCK	16-12-2021 12:36:12	2
SENDING_BLOCK	16-12-2021 12:36:16	1
SENDING_BLOCK	16-12-2021 12:36:16	2
SENDING_BLOCK	16-12-2021 12:36:19	2
REQUEST_BLOCK	16-12-2021 12:36:19	2
RECEIVED_BLOCK	16-12-2021 12:36:20	2	SUCCESS
SENDING_BLOCK	16-12-2021 12:36:20	2
SENDING_BLOCK	16-12-2021 12:36:20	2
SENDING_BLOCK	16-12-2021 12:36:22	2
SENDING_BLOCK	16-12-2021 12:36:22	3
SENDING_BLOCK	16-12-2021 12:36:22	2
REQUEST_BLOCK	16-12-2021 12:36:22	3
RECEIVED_BLOCK	16-12-2021 12:36:23	3	SUCCESS
SENDING_BLOCK	16-12-2021 12:36:23	3
SENDING_BLOCK	16-12-2021 12:36:23	3
SENDING_BLOCK	16-12-2021 12:36:24	3
