START_TIME	16-12-2021 12:36:00
BLOCK_ADDED_START	16-12-2021 12:36:00	1
BLOCK_ADDED_STOP	16-12-2021 12:36:00	1	SUCCESS
REQUEST_BLOCK	16-12-2021 12:36:08	2
RECEIVED_BLOCK	16-12-2021 12:36:10	2	SUCCESS
SENDING_BLOCK	16-12-2021 12:36:10	2
SENDING_BLOCK	16-12-2021 12:36:12	2
SENDING_BLOCK	16-12-2021 12:36:14	1
SENDING_BLOCK	16-12-2021 12:36:18	2
SENDING_BLOCK	16-12-2021 12:36:18	2
REQUEST_BLOCK	16-12-2021 12:36:20	2
RECEIVED_BLOCK	16-12-2021 12:36:20	2	SUCCESS
SENDING_BLOCK	16-12-2021 12:36:20	2
SENDING_BLOCK	16-12-2021 12:36:21	2
SENDING_BLOCK	16-12-2021 12:36:21	2
SENDING_BLOCK	16-12-2021 12:36:23	3
SENDING_BLOCK	16-12-2021 12:36:23	2
REQUEST_BLOCK	16-12-2021 12:36:23	3
RECEIVED_BLOCK	16-12-2021 12:36:24	3	SUCCESS
SENDING_BLOCK	16-12-2021 12:36:24	3
SENDING_BLOCK	16-12-2021 12:36:24	3
SENDING_BLOCK	16-12-2021 12:36:24	3
