START_TIME	16-12-2021 12:35:50
BLOCK_ADDED_START	16-12-2021 12:35:50	1
BLOCK_ADDED_STOP	16-12-2021 12:35:50	1	SUCCESS
REQUEST_BLOCK	16-12-2021 12:35:58	2
RECEIVED_BLOCK	16-12-2021 12:36:01	2	SUCCESS
SENDING_BLOCK	16-12-2021 12:36:03	2
SENDING_BLOCK	16-12-2021 12:36:03	2
SENDING_BLOCK	16-12-2021 12:36:03	2
SENDING_BLOCK	16-12-2021 12:36:06	2
SENDING_BLOCK	16-12-2021 12:36:06	2
SENDING_BLOCK	16-12-2021 12:36:09	2
SENDING_BLOCK	16-12-2021 12:36:09	2
SENDING_BLOCK	16-12-2021 12:36:11	2
SENDING_BLOCK	16-12-2021 12:36:14	1
SENDING_BLOCK	16-12-2021 12:36:18	2
SENDING_BLOCK	16-12-2021 12:36:18	2
REQUEST_BLOCK	16-12-2021 12:36:18	2
RECEIVED_BLOCK	16-12-2021 12:36:19	2	SUCCESS
SENDING_BLOCK	16-12-2021 12:36:20	2
SENDING_BLOCK	16-12-2021 12:36:20	2
SENDING_BLOCK	16-12-2021 12:36:20	2
SENDING_BLOCK	16-12-2021 12:36:20	2
SENDING_BLOCK	16-12-2021 12:36:21	3
SENDING_BLOCK	16-12-2021 12:36:21	2
