START_TIME	16-12-2021 12:35:49
BLOCK_ADDED_START	16-12-2021 12:35:49	1
BLOCK_ADDED_STOP	16-12-2021 12:35:49	1	SUCCESS
REQUEST_BLOCK	16-12-2021 12:36:02	2
RECEIVED_BLOCK	16-12-2021 12:36:03	2	SUCCESS
SENDING_BLOCK	16-12-2021 12:36:03	2
SENDING_BLOCK	16-12-2021 12:36:05	2
SENDING_BLOCK	16-12-2021 12:36:08	2
SENDING_BLOCK	16-12-2021 12:36:08	2
SENDING_BLOCK	16-12-2021 12:36:10	2
SENDING_BLOCK	16-12-2021 12:36:13	2
SENDING_BLOCK	16-12-2021 12:36:13	1
SENDING_BLOCK	16-12-2021 12:36:16	2
SENDING_BLOCK	16-12-2021 12:36:17	2
REQUEST_BLOCK	16-12-2021 12:36:21	2
RECEIVED_BLOCK	16-12-2021 12:36:21	2	SUCCESS
SENDING_BLOCK	16-12-2021 12:36:21	2
SENDING_BLOCK	16-12-2021 12:36:21	2
SENDING_BLOCK	16-12-2021 12:36:21	2
SENDING_BLOCK	16-12-2021 12:36:21	2
SENDING_BLOCK	16-12-2021 12:36:21	3
REQUEST_BLOCK	16-12-2021 12:36:22	3
RECEIVED_BLOCK	16-12-2021 12:36:23	3	SUCCESS
SENDING_BLOCK	16-12-2021 12:36:23	3
SENDING_BLOCK	16-12-2021 12:36:23	3
SENDING_BLOCK	16-12-2021 12:36:24	3
