START_TIME	16-12-2021 12:36:04
REQUEST_BLOCK	16-12-2021 12:36:13	1
RECEIVED_BLOCK	16-12-2021 12:36:16	1	SUCCESS
REQUEST_BLOCK	16-12-2021 12:36:16	2
RECEIVED_BLOCK	16-12-2021 12:36:17	2	SUCCESS
BLOCK_ADDED_START	16-12-2021 12:36:17	2
REQUEST_BLOCK	16-12-2021 12:36:17	2
RECEIVED_BLOCK	16-12-2021 12:36:18	2	SUCCESS
SENDING_BLOCK	16-12-2021 12:36:19	2
SENDING_BLOCK	16-12-2021 12:36:19	2
SENDING_BLOCK	16-12-2021 12:36:19	2
SENDING_BLOCK	16-12-2021 12:36:20	2
SENDING_BLOCK	16-12-2021 12:36:20	2
SENDING_BLOCK	16-12-2021 12:36:20	2
SENDING_BLOCK	16-12-2021 12:36:20	2
BLOCK_ADDED_STOP	16-12-2021 12:36:21	2	SUCCESS
SENDING_BLOCK	16-12-2021 12:36:21	2
SENDING_BLOCK	16-12-2021 12:36:21	2
BLOCK_ADDED_START	16-12-2021 12:36:21	3
REQUEST_BLOCK	16-12-2021 12:36:21	3
SENDING_BLOCK	16-12-2021 12:36:22	2
RECEIVED_BLOCK	16-12-2021 12:36:22	3	SUCCESS
SENDING_BLOCK	16-12-2021 12:36:23	3
SENDING_BLOCK	16-12-2021 12:36:23	3
SENDING_BLOCK	16-12-2021 12:36:23	3
SENDING_BLOCK	16-12-2021 12:36:23	3
SENDING_BLOCK	16-12-2021 12:36:23	3
SENDING_BLOCK	16-12-2021 12:36:24	3
SENDING_BLOCK	16-12-2021 12:36:24	3
BLOCK_ADDED_STOP	16-12-2021 12:36:24	3	SUCCESS
SENDING_BLOCK	16-12-2021 12:36:24	3
