sockaddr 2, 36895, 503354634
SQLite version: 3.37.0
&sockfd: 0xffefffb7c
hm_args.sockfd : 0xffefffb7c
Started proc!
sockfd: 0xffefffb7c
Started proc!
handle_heartbeat(sockfd, db);
1
There are 0 peers online!
Sending netinfo
Printing 24 bytes from 0x59966c0.
--- start bytes ---
01 00 00 00 00 00 00 00 18 00 00 00 00 00 00 00 
00 00 62 d8 00 00 00 00 
--- end bytes ---
Started proc!
handle_heartbeat(sockfd, db);
2
There are 0 peers online!
Sending netinfo
Printing 24 bytes from 0x59b0120.
--- start bytes ---
01 00 00 00 00 00 00 00 18 00 00 00 00 00 00 00 
00 00 62 d8 00 00 00 00 
--- end bytes ---
Started proc!
Started proc!
handle_acknowledge_netinfo(sockfd, db);
handle_acknowledge_netinfo(sockfd, db);
Insterted!
Insterted!
Started proc!
handle_heartbeat(sockfd, db);
3
family: 2, port: 53764, addr: 553686282
family: 2, port: 53764, addr: 536909066
There are 2 peers online!
Sending netinfo
Printing 40 bytes from 0x59cac30.
--- start bytes ---
01 00 00 00 00 00 00 00 28 00 00 00 00 00 00 00 
2c de a2 94 00 00 00 00 02 00 04 d2 0a 95 00 21 
02 00 04 d2 0a 95 00 20 
--- end bytes ---
Started proc!
handle_heartbeat(sockfd, db);
4
family: 2, port: 53764, addr: 553686282
family: 2, port: 53764, addr: 536909066
There are 2 peers online!
Sending netinfo
Printing 40 bytes from 0x59e48c0.
--- start bytes ---
01 00 00 00 00 00 00 00 28 00 00 00 00 00 00 00 
2c de a2 94 00 00 00 00 02 00 04 d2 0a 95 00 21 
02 00 04 d2 0a 95 00 20 
--- end bytes ---
Started proc!
handle_heartbeat(sockfd, db);
5
handle_acknowledge_netinfo(sockfd, db);
Started proc!
family: 2, port: 53764, addr: 553686282
family: 2, port: 53764, addr: 536909066
There are 2 peers online!
Sending netinfo
Printing 40 bytes from 0x59fe890.
--- start bytes ---
01 00 00 00 00 00 00 00 28 00 00 00 00 00 00 00 
2c de a2 94 00 00 00 00 02 00 04 d2 0a 95 00 21 
02 00 04 d2 0a 95 00 20 
--- end bytes ---
Insterted!
Started proc!
handle_acknowledge_netinfo(sockfd, db);
handle_heartbeat(sockfd, db);
6
Started proc!
Started proc!
Started proc!
handle_heartbeat(sockfd, db);
7
family: 2, port: 53764, addr: 553686282
family: 2, port: 53764, addr: 536909066
family: 2, port: 53764, addr: 570463498
There are 3 peers online!
Sending netinfo
Printing 48 bytes from 0x5a19720.
--- start bytes ---
01 00 00 00 00 00 00 00 30 00 00 00 00 00 00 00 
ae 06 8e e7 00 00 00 00 02 00 04 d2 0a 95 00 21 
02 00 04 d2 0a 95 00 20 02 00 04 d2 0a 95 00 22 
--- end bytes ---
family: 2, port: 53764, addr: 553686282
family: 2, port: 53764, addr: 536909066
family: 2, port: 53764, addr: 570463498
There are 3 peers online!
Sending netinfo
Printing 48 bytes from 0x5a32fe0.
--- start bytes ---
01 00 00 00 00 00 00 00 30 00 00 00 00 00 00 00 
ae 06 8e e7 00 00 00 00 02 00 04 d2 0a 95 00 21 
02 00 04 d2 0a 95 00 20 02 00 04 d2 0a 95 00 22 
--- end bytes ---
handle_acknowledge_netinfo(sockfd, db);
Insterted!
Insterted!
Started proc!
handle_heartbeat(sockfd, db);
8
family: 2, port: 53764, addr: 553686282
family: 2, port: 53764, addr: 536909066
family: 2, port: 53764, addr: 570463498
family: 2, port: 53764, addr: 604017930
family: 2, port: 53764, addr: 587240714
There are 5 peers online!
Sending netinfo
Printing 64 bytes from 0x5a4d7d0.
--- start bytes ---
01 00 00 00 00 00 00 00 40 00 00 00 00 00 00 00 
d0 b5 d8 88 00 00 00 00 02 00 04 d2 0a 95 00 21 
02 00 04 d2 0a 95 00 20 02 00 04 d2 0a 95 00 22 
02 00 04 d2 0a 95 00 24 02 00 04 d2 0a 95 00 23 
--- end bytes ---
Started proc!
handle_heartbeat(sockfd, db);
9
family: 2, port: 53764, addr: 553686282
family: 2, port: 53764, addr: 536909066
family: 2, port: 53764, addr: 570463498
family: 2, port: 53764, addr: 604017930
family: 2, port: 53764, addr: 587240714
There are 5 peers online!
Sending netinfo
Printing 64 bytes from 0x5a674b0.
--- start bytes ---
01 00 00 00 00 00 00 00 40 00 00 00 00 00 00 00 
d0 b5 d8 88 00 00 00 00 02 00 04 d2 0a 95 00 21 
02 00 04 d2 0a 95 00 20 02 00 04 d2 0a 95 00 22 
02 00 04 d2 0a 95 00 24 02 00 04 d2 0a 95 00 23 
--- end bytes ---
Started proc!
handle_acknowledge_netinfo(sockfd, db);
handle_heartbeat(sockfd, db);
10
Started proc!
Insterted!
family: 2, port: 53764, addr: 553686282
family: 2, port: 53764, addr: 536909066
family: 2, port: 53764, addr: 570463498
family: 2, port: 53764, addr: 604017930
family: 2, port: 53764, addr: 587240714
family: 2, port: 53764, addr: 620795146
There are 6 peers online!
Sending netinfo
Printing 72 bytes from 0x5a81790.
--- start bytes ---
01 00 00 00 00 00 00 00 48 00 00 00 00 00 00 00 
86 db 9c ed 00 00 00 00 02 00 04 d2 0a 95 00 21 
02 00 04 d2 0a 95 00 20 02 00 04 d2 0a 95 00 22 
02 00 04 d2 0a 95 00 24 02 00 04 d2 0a 95 00 23 
02 00 04 d2 0a 95 00 25 
--- end bytes ---
Started proc!
handle_heartbeat(sockfd, db);
11
handle_heartbeat(sockfd, db);
12
Started proc!
Started proc!
handle_acknowledge_netinfo(sockfd, db);
family: 2, port: 53764, addr: 553686282
family: 2, port: 53764, addr: 536909066
family: 2, port: 53764, addr: 570463498
family: 2, port: 53764, addr: 604017930
family: 2, port: 53764, addr: 587240714
family: 2, port: 53764, addr: 620795146
There are 6 peers online!
Sending netinfo
Printing 72 bytes from 0x5a9c1b0.
--- start bytes ---
01 00 00 00 00 00 00 00 48 00 00 00 00 00 00 00 
86 db 9c ed 00 00 00 00 02 00 04 d2 0a 95 00 21 
02 00 04 d2 0a 95 00 20 02 00 04 d2 0a 95 00 22 
02 00 04 d2 0a 95 00 24 02 00 04 d2 0a 95 00 23 
02 00 04 d2 0a 95 00 25 
--- end bytes ---
handle_heartbeat(sockfd, db);
13
Started proc!
family: 2, port: 53764, addr: 553686282
family: 2, port: 53764, addr: 536909066
family: 2, port: 53764, addr: 570463498
family: 2, port: 53764, addr: 604017930
family: 2, port: 53764, addr: 587240714
family: 2, port: 53764, addr: 620795146
There are 6 peers online!
Sending netinfo
Printing 72 bytes from 0x5ab5e30.
--- start bytes ---
01 00 00 00 00 00 00 00 48 00 00 00 00 00 00 00 
86 db 9c ed 00 00 00 00 02 00 04 d2 0a 95 00 21 
02 00 04 d2 0a 95 00 20 02 00 04 d2 0a 95 00 22 
02 00 04 d2 0a 95 00 24 02 00 04 d2 0a 95 00 23 
02 00 04 d2 0a 95 00 25 
--- end bytes ---
Insterted!
family: 2, port: 53764, addr: 553686282
family: 2, port: 53764, addr: 536909066
family: 2, port: 53764, addr: 570463498
family: 2, port: 53764, addr: 604017930
family: 2, port: 53764, addr: 587240714
family: 2, port: 53764, addr: 620795146
family: 2, port: 53764, addr: 637572362
There are 7 peers online!
Sending netinfo
Printing 80 bytes from 0x5acfcd0.
--- start bytes ---
01 00 00 00 00 00 00 00 50 00 00 00 00 00 00 00 
ee e8 82 7a 00 00 00 00 02 00 04 d2 0a 95 00 21 
02 00 04 d2 0a 95 00 20 02 00 04 d2 0a 95 00 22 
02 00 04 d2 0a 95 00 24 02 00 04 d2 0a 95 00 23 
02 00 04 d2 0a 95 00 25 02 00 04 d2 0a 95 00 26 
--- end bytes ---
Started proc!
handle_heartbeat(sockfd, db);
14
handle_heartbeat(sockfd, db);
15
Started proc!
Started proc!
handle_heartbeat(sockfd, db);
16
family: 2, port: 53764, addr: 553686282
family: 2, port: 53764, addr: 536909066
family: 2, port: 53764, addr: 570463498
family: 2, port: 53764, addr: 604017930
family: 2, port: 53764, addr: 587240714
family: 2, port: 53764, addr: 620795146
family: 2, port: 53764, addr: 637572362
There are 7 peers online!
Sending netinfo
Printing 80 bytes from 0x5aea1b0.
--- start bytes ---
01 00 00 00 00 00 00 00 50 00 00 00 00 00 00 00 
ee e8 82 7a 00 00 00 00 02 00 04 d2 0a 95 00 21 
02 00 04 d2 0a 95 00 20 02 00 04 d2 0a 95 00 22 
02 00 04 d2 0a 95 00 24 02 00 04 d2 0a 95 00 23 
02 00 04 d2 0a 95 00 25 02 00 04 d2 0a 95 00 26 
--- end bytes ---
family: 2, port: 53764, addr: 553686282
family: 2, port: 53764, addr: 536909066
family: 2, port: 53764, addr: 570463498
family: 2, port: 53764, addr: 604017930
family: 2, port: 53764, addr: 587240714
family: 2, port: 53764, addr: 620795146
family: 2, port: 53764, addr: 637572362
There are 7 peers online!
Sending netinfo
Printing 80 bytes from 0x5b03da0.
--- start bytes ---
01 00 00 00 00 00 00 00 50 00 00 00 00 00 00 00 
ee e8 82 7a 00 00 00 00 02 00 04 d2 0a 95 00 21 
02 00 04 d2 0a 95 00 20 02 00 04 d2 0a 95 00 22 
02 00 04 d2 0a 95 00 24 02 00 04 d2 0a 95 00 23 
02 00 04 d2 0a 95 00 25 02 00 04 d2 0a 95 00 26 
--- end bytes ---
family: 2, port: 53764, addr: 553686282
family: 2, port: 53764, addr: 536909066
family: 2, port: 53764, addr: 570463498
family: 2, port: 53764, addr: 604017930
family: 2, port: 53764, addr: 587240714
family: 2, port: 53764, addr: 620795146
family: 2, port: 53764, addr: 637572362
There are 7 peers online!
Sending netinfo
Printing 80 bytes from 0x5b1d6e0.
--- start bytes ---
01 00 00 00 00 00 00 00 50 00 00 00 00 00 00 00 
ee e8 82 7a 00 00 00 00 02 00 04 d2 0a 95 00 21 
02 00 04 d2 0a 95 00 20 02 00 04 d2 0a 95 00 22 
02 00 04 d2 0a 95 00 24 02 00 04 d2 0a 95 00 23 
02 00 04 d2 0a 95 00 25 02 00 04 d2 0a 95 00 26 
--- end bytes ---
Started proc!
handle_heartbeat(sockfd, db);
17
handle_acknowledge_netinfo(sockfd, db);
Started proc!
family: 2, port: 53764, addr: 553686282
family: 2, port: 53764, addr: 536909066
family: 2, port: 53764, addr: 570463498
family: 2, port: 53764, addr: 604017930
family: 2, port: 53764, addr: 587240714
family: 2, port: 53764, addr: 620795146
family: 2, port: 53764, addr: 637572362
There are 7 peers online!
Sending netinfo
Printing 80 bytes from 0x5b379f0.
--- start bytes ---
01 00 00 00 00 00 00 00 50 00 00 00 00 00 00 00 
ee e8 82 7a 00 00 00 00 02 00 04 d2 0a 95 00 21 
02 00 04 d2 0a 95 00 20 02 00 04 d2 0a 95 00 22 
02 00 04 d2 0a 95 00 24 02 00 04 d2 0a 95 00 23 
02 00 04 d2 0a 95 00 25 02 00 04 d2 0a 95 00 26 
--- end bytes ---
Insterted!
Started proc!
handle_acknowledge_netinfo(sockfd, db);
handle_heartbeat(sockfd, db);
18
Started proc!
Insterted!
family: 2, port: 53764, addr: 553686282
family: 2, port: 53764, addr: 536909066
family: 2, port: 53764, addr: 570463498
family: 2, port: 53764, addr: 604017930
family: 2, port: 53764, addr: 587240714
family: 2, port: 53764, addr: 620795146
family: 2, port: 53764, addr: 637572362
family: 2, port: 53764, addr: 654349578
family: 2, port: 53764, addr: 671126794
There are 9 peers online!
Sending netinfo
Printing 96 bytes from 0x5b51fd0.
--- start bytes ---
01 00 00 00 00 00 00 00 60 00 00 00 00 00 00 00 
d8 bd 1a 82 00 00 00 00 02 00 04 d2 0a 95 00 21 
02 00 04 d2 0a 95 00 20 02 00 04 d2 0a 95 00 22 
02 00 04 d2 0a 95 00 24 02 00 04 d2 0a 95 00 23 
02 00 04 d2 0a 95 00 25 02 00 04 d2 0a 95 00 26 
02 00 04 d2 0a 95 00 27 02 00 04 d2 0a 95 00 28 
--- end bytes ---
Started proc!
handle_heartbeat(sockfd, db);
19
handle_heartbeat(sockfd, db);
20
Started proc!
handle_heartbeat(sockfd, db);
21
Started proc!
Started proc!
handle_acknowledge_netinfo(sockfd, db);
family: 2, port: 53764, addr: 553686282
family: 2, port: 53764, addr: 536909066
family: 2, port: 53764, addr: 570463498
family: 2, port: 53764, addr: 604017930
family: 2, port: 53764, addr: 587240714
family: 2, port: 53764, addr: 620795146
family: 2, port: 53764, addr: 637572362
family: 2, port: 53764, addr: 654349578
family: 2, port: 53764, addr: 671126794
There are 9 peers online!
Sending netinfo
Printing 96 bytes from 0x5b6cca0.
--- start bytes ---
01 00 00 00 00 00 00 00 60 00 00 00 00 00 00 00 
d8 bd 1a 82 00 00 00 00 02 00 04 d2 0a 95 00 21 
02 00 04 d2 0a 95 00 20 02 00 04 d2 0a 95 00 22 
02 00 04 d2 0a 95 00 24 02 00 04 d2 0a 95 00 23 
02 00 04 d2 0a 95 00 25 02 00 04 d2 0a 95 00 26 
02 00 04 d2 0a 95 00 27 02 00 04 d2 0a 95 00 28 
--- end bytes ---
family: 2, port: 53764, addr: 553686282
family: 2, port: 53764, addr: 536909066
family: 2, port: 53764, addr: 570463498
family: 2, port: 53764, addr: 604017930
family: 2, port: 53764, addr: 587240714
family: 2, port: 53764, addr: 620795146
family: 2, port: 53764, addr: 637572362
family: 2, port: 53764, addr: 654349578
family: 2, port: 53764, addr: 671126794
There are 9 peers online!
Sending netinfo
Printing 96 bytes from 0x5b86460.
--- start bytes ---
01 00 00 00 00 00 00 00 60 00 00 00 00 00 00 00 
d8 bd 1a 82 00 00 00 00 02 00 04 d2 0a 95 00 21 
02 00 04 d2 0a 95 00 20 02 00 04 d2 0a 95 00 22 
02 00 04 d2 0a 95 00 24 02 00 04 d2 0a 95 00 23 
02 00 04 d2 0a 95 00 25 02 00 04 d2 0a 95 00 26 
02 00 04 d2 0a 95 00 27 02 00 04 d2 0a 95 00 28 
--- end bytes ---
family: 2, port: 53764, addr: 553686282
family: 2, port: 53764, addr: 536909066
family: 2, port: 53764, addr: 570463498
family: 2, port: 53764, addr: 604017930
family: 2, port: 53764, addr: 587240714
family: 2, port: 53764, addr: 620795146
family: 2, port: 53764, addr: 637572362
family: 2, port: 53764, addr: 654349578
family: 2, port: 53764, addr: 671126794
There are 9 peers online!
Sending netinfo
Printing 96 bytes from 0x5ba0090.
--- start bytes ---
01 00 00 00 00 00 00 00 60 00 00 00 00 00 00 00 
d8 bd 1a 82 00 00 00 00 02 00 04 d2 0a 95 00 21 
02 00 04 d2 0a 95 00 20 02 00 04 d2 0a 95 00 22 
02 00 04 d2 0a 95 00 24 02 00 04 d2 0a 95 00 23 
02 00 04 d2 0a 95 00 25 02 00 04 d2 0a 95 00 26 
02 00 04 d2 0a 95 00 27 02 00 04 d2 0a 95 00 28 
--- end bytes ---
Insterted!
Started proc!
handle_heartbeat(sockfd, db);
22
handle_heartbeat(sockfd, db);
23
Started proc!
family: 2, port: 53764, addr: 553686282
family: 2, port: 53764, addr: 536909066
family: 2, port: 53764, addr: 570463498
family: 2, port: 53764, addr: 604017930
family: 2, port: 53764, addr: 587240714
family: 2, port: 53764, addr: 620795146
family: 2, port: 53764, addr: 637572362
family: 2, port: 53764, addr: 654349578
family: 2, port: 53764, addr: 671126794
family: 2, port: 53764, addr: 687904010
There are 10 peers online!
Sending netinfo
Printing 104 bytes from 0x5bba740.
--- start bytes ---
01 00 00 00 00 00 00 00 68 00 00 00 00 00 00 00 
ca b5 d2 9b 00 00 00 00 02 00 04 d2 0a 95 00 21 
02 00 04 d2 0a 95 00 20 02 00 04 d2 0a 95 00 22 
02 00 04 d2 0a 95 00 24 02 00 04 d2 0a 95 00 23 
02 00 04 d2 0a 95 00 25 02 00 04 d2 0a 95 00 26 
02 00 04 d2 0a 95 00 27 02 00 04 d2 0a 95 00 28 
02 00 04 d2 0a 95 00 29 
--- end bytes ---
family: 2, port: 53764, addr: 553686282
family: 2, port: 53764, addr: 536909066
family: 2, port: 53764, addr: 570463498
family: 2, port: 53764, addr: 604017930
family: 2, port: 53764, addr: 587240714
family: 2, port: 53764, addr: 620795146
family: 2, port: 53764, addr: 637572362
family: 2, port: 53764, addr: 654349578
family: 2, port: 53764, addr: 671126794
family: 2, port: 53764, addr: 687904010
There are 10 peers online!
Sending netinfo
Printing 104 bytes from 0x5bd43a0.
--- start bytes ---
01 00 00 00 00 00 00 00 68 00 00 00 00 00 00 00 
ca b5 d2 9b 00 00 00 00 02 00 04 d2 0a 95 00 21 
02 00 04 d2 0a 95 00 20 02 00 04 d2 0a 95 00 22 
02 00 04 d2 0a 95 00 24 02 00 04 d2 0a 95 00 23 
02 00 04 d2 0a 95 00 25 02 00 04 d2 0a 95 00 26 
02 00 04 d2 0a 95 00 27 02 00 04 d2 0a 95 00 28 
02 00 04 d2 0a 95 00 29 
--- end bytes ---
Started proc!
handle_acknowledge_netinfo(sockfd, db);
handle_heartbeat(sockfd, db);
24
Started proc!
handle_heartbeat(sockfd, db);
25
family: 2, port: 53764, addr: 553686282
family: 2, port: 53764, addr: 536909066
family: 2, port: 53764, addr: 570463498
family: 2, port: 53764, addr: 604017930
family: 2, port: 53764, addr: 587240714
family: 2, port: 53764, addr: 620795146
family: 2, port: 53764, addr: 637572362
family: 2, port: 53764, addr: 654349578
family: 2, port: 53764, addr: 671126794
family: 2, port: 53764, addr: 687904010
There are 10 peers online!
Sending netinfo
Printing 104 bytes from 0x5beede0.
--- start bytes ---
01 00 00 00 00 00 00 00 68 00 00 00 00 00 00 00 
ca b5 d2 9b 00 00 00 00 02 00 04 d2 0a 95 00 21 
02 00 04 d2 0a 95 00 20 02 00 04 d2 0a 95 00 22 
02 00 04 d2 0a 95 00 24 02 00 04 d2 0a 95 00 23 
02 00 04 d2 0a 95 00 25 02 00 04 d2 0a 95 00 26 
02 00 04 d2 0a 95 00 27 02 00 04 d2 0a 95 00 28 
02 00 04 d2 0a 95 00 29 
--- end bytes ---
Started proc!
Started proc!
handle_heartbeat(sockfd, db);
26
family: 2, port: 53764, addr: 553686282
family: 2, port: 53764, addr: 536909066
family: 2, port: 53764, addr: 570463498
family: 2, port: 53764, addr: 604017930
family: 2, port: 53764, addr: 587240714
family: 2, port: 53764, addr: 620795146
family: 2, port: 53764, addr: 637572362
family: 2, port: 53764, addr: 654349578
family: 2, port: 53764, addr: 671126794
family: 2, port: 53764, addr: 687904010
There are 10 peers online!
Sending netinfo
Printing 104 bytes from 0x5c08b40.
--- start bytes ---
01 00 00 00 00 00 00 00 68 00 00 00 00 00 00 00 
ca b5 d2 9b 00 00 00 00 02 00 04 d2 0a 95 00 21 
02 00 04 d2 0a 95 00 20 02 00 04 d2 0a 95 00 22 
02 00 04 d2 0a 95 00 24 02 00 04 d2 0a 95 00 23 
02 00 04 d2 0a 95 00 25 02 00 04 d2 0a 95 00 26 
02 00 04 d2 0a 95 00 27 02 00 04 d2 0a 95 00 28 
02 00 04 d2 0a 95 00 29 
--- end bytes ---
family: 2, port: 53764, addr: 553686282
family: 2, port: 53764, addr: 536909066
family: 2, port: 53764, addr: 570463498
family: 2, port: 53764, addr: 604017930
family: 2, port: 53764, addr: 587240714
family: 2, port: 53764, addr: 620795146
family: 2, port: 53764, addr: 637572362
family: 2, port: 53764, addr: 654349578
family: 2, port: 53764, addr: 671126794
family: 2, port: 53764, addr: 687904010
There are 10 peers online!
Sending netinfo
Printing 104 bytes from 0x5c227a0.
--- start bytes ---
01 00 00 00 00 00 00 00 68 00 00 00 00 00 00 00 
ca b5 d2 9b 00 00 00 00 02 00 04 d2 0a 95 00 21 
02 00 04 d2 0a 95 00 20 02 00 04 d2 0a 95 00 22 
02 00 04 d2 0a 95 00 24 02 00 04 d2 0a 95 00 23 
02 00 04 d2 0a 95 00 25 02 00 04 d2 0a 95 00 26 
02 00 04 d2 0a 95 00 27 02 00 04 d2 0a 95 00 28 
02 00 04 d2 0a 95 00 29 
--- end bytes ---
Insterted!
Started proc!
handle_heartbeat(sockfd, db);
27
family: 2, port: 53764, addr: 553686282
family: 2, port: 53764, addr: 536909066
family: 2, port: 53764, addr: 570463498
family: 2, port: 53764, addr: 604017930
family: 2, port: 53764, addr: 587240714
family: 2, port: 53764, addr: 620795146
family: 2, port: 53764, addr: 637572362
family: 2, port: 53764, addr: 654349578
family: 2, port: 53764, addr: 671126794
family: 2, port: 53764, addr: 687904010
family: 2, port: 53764, addr: 520131850
There are 11 peers online!
Sending netinfo
Printing 112 bytes from 0x5c3caa0.
--- start bytes ---
01 00 00 00 00 00 00 00 70 00 00 00 00 00 00 00 
4e 7d d0 61 00 00 00 00 02 00 04 d2 0a 95 00 21 
02 00 04 d2 0a 95 00 20 02 00 04 d2 0a 95 00 22 
02 00 04 d2 0a 95 00 24 02 00 04 d2 0a 95 00 23 
02 00 04 d2 0a 95 00 25 02 00 04 d2 0a 95 00 26 
02 00 04 d2 0a 95 00 27 02 00 04 d2 0a 95 00 28 
02 00 04 d2 0a 95 00 29 02 00 04 d2 0a 95 00 1f 
--- end bytes ---
Started proc!
handle_heartbeat(sockfd, db);
28
handle_heartbeat(sockfd, db);
29
Started proc!
family: 2, port: 53764, addr: 553686282
family: 2, port: 53764, addr: 536909066
family: 2, port: 53764, addr: 570463498
family: 2, port: 53764, addr: 604017930
family: 2, port: 53764, addr: 587240714
family: 2, port: 53764, addr: 620795146
family: 2, port: 53764, addr: 637572362
family: 2, port: 53764, addr: 654349578
family: 2, port: 53764, addr: 671126794
family: 2, port: 53764, addr: 687904010
family: 2, port: 53764, addr: 520131850
There are 11 peers online!
Sending netinfo
Printing 112 bytes from 0x5c56ed0.
--- start bytes ---
01 00 00 00 00 00 00 00 70 00 00 00 00 00 00 00 
4e 7d d0 61 00 00 00 00 02 00 04 d2 0a 95 00 21 
02 00 04 d2 0a 95 00 20 02 00 04 d2 0a 95 00 22 
02 00 04 d2 0a 95 00 24 02 00 04 d2 0a 95 00 23 
02 00 04 d2 0a 95 00 25 02 00 04 d2 0a 95 00 26 
02 00 04 d2 0a 95 00 27 02 00 04 d2 0a 95 00 28 
02 00 04 d2 0a 95 00 29 02 00 04 d2 0a 95 00 1f 
--- end bytes ---
family: 2, port: 53764, addr: 553686282
family: 2, port: 53764, addr: 536909066
family: 2, port: 53764, addr: 570463498
family: 2, port: 53764, addr: 604017930
family: 2, port: 53764, addr: 587240714
family: 2, port: 53764, addr: 620795146
family: 2, port: 53764, addr: 637572362
family: 2, port: 53764, addr: 654349578
family: 2, port: 53764, addr: 671126794
family: 2, port: 53764, addr: 687904010
family: 2, port: 53764, addr: 520131850
There are 11 peers online!
Sending netinfo
Printing 112 bytes from 0x5c70b40.
--- start bytes ---
01 00 00 00 00 00 00 00 70 00 00 00 00 00 00 00 
4e 7d d0 61 00 00 00 00 02 00 04 d2 0a 95 00 21 
02 00 04 d2 0a 95 00 20 02 00 04 d2 0a 95 00 22 
02 00 04 d2 0a 95 00 24 02 00 04 d2 0a 95 00 23 
02 00 04 d2 0a 95 00 25 02 00 04 d2 0a 95 00 26 
02 00 04 d2 0a 95 00 27 02 00 04 d2 0a 95 00 28 
02 00 04 d2 0a 95 00 29 02 00 04 d2 0a 95 00 1f 
--- end bytes ---
Started proc!
handle_heartbeat(sockfd, db);
30
handle_heartbeat(sockfd, db);
31
Started proc!
family: 2, port: 53764, addr: 553686282
family: 2, port: 53764, addr: 536909066
family: 2, port: 53764, addr: 570463498
family: 2, port: 53764, addr: 604017930
family: 2, port: 53764, addr: 587240714
family: 2, port: 53764, addr: 620795146
family: 2, port: 53764, addr: 637572362
family: 2, port: 53764, addr: 654349578
family: 2, port: 53764, addr: 671126794
family: 2, port: 53764, addr: 687904010
family: 2, port: 53764, addr: 520131850
There are 11 peers online!
Sending netinfo
Printing 112 bytes from 0x5c8af70.
--- start bytes ---
01 00 00 00 00 00 00 00 70 00 00 00 00 00 00 00 
4e 7d d0 61 00 00 00 00 02 00 04 d2 0a 95 00 21 
02 00 04 d2 0a 95 00 20 02 00 04 d2 0a 95 00 22 
02 00 04 d2 0a 95 00 24 02 00 04 d2 0a 95 00 23 
02 00 04 d2 0a 95 00 25 02 00 04 d2 0a 95 00 26 
02 00 04 d2 0a 95 00 27 02 00 04 d2 0a 95 00 28 
02 00 04 d2 0a 95 00 29 02 00 04 d2 0a 95 00 1f 
--- end bytes ---
family: 2, port: 53764, addr: 553686282
family: 2, port: 53764, addr: 536909066
family: 2, port: 53764, addr: 570463498
family: 2, port: 53764, addr: 604017930
family: 2, port: 53764, addr: 587240714
family: 2, port: 53764, addr: 620795146
family: 2, port: 53764, addr: 637572362
family: 2, port: 53764, addr: 654349578
family: 2, port: 53764, addr: 671126794
family: 2, port: 53764, addr: 687904010
family: 2, port: 53764, addr: 520131850
There are 11 peers online!
Sending netinfo
Printing 112 bytes from 0x5ca4be0.
--- start bytes ---
01 00 00 00 00 00 00 00 70 00 00 00 00 00 00 00 
4e 7d d0 61 00 00 00 00 02 00 04 d2 0a 95 00 21 
02 00 04 d2 0a 95 00 20 02 00 04 d2 0a 95 00 22 
02 00 04 d2 0a 95 00 24 02 00 04 d2 0a 95 00 23 
02 00 04 d2 0a 95 00 25 02 00 04 d2 0a 95 00 26 
02 00 04 d2 0a 95 00 27 02 00 04 d2 0a 95 00 28 
02 00 04 d2 0a 95 00 29 02 00 04 d2 0a 95 00 1f 
--- end bytes ---
Started proc!
handle_heartbeat(sockfd, db);
32
handle_heartbeat(sockfd, db);
33
Started proc!
Started proc!
handle_heartbeat(sockfd, db);
34
family: 2, port: 53764, addr: 553686282
family: 2, port: 53764, addr: 536909066
family: 2, port: 53764, addr: 570463498
family: 2, port: 53764, addr: 604017930
family: 2, port: 53764, addr: 587240714
family: 2, port: 53764, addr: 620795146
family: 2, port: 53764, addr: 637572362
family: 2, port: 53764, addr: 654349578
family: 2, port: 53764, addr: 671126794
family: 2, port: 53764, addr: 687904010
family: 2, port: 53764, addr: 520131850
There are 11 peers online!
Sending netinfo
Printing 112 bytes from 0x5cbf3f0.
--- start bytes ---
01 00 00 00 00 00 00 00 70 00 00 00 00 00 00 00 
4e 7d d0 61 00 00 00 00 02 00 04 d2 0a 95 00 21 
02 00 04 d2 0a 95 00 20 02 00 04 d2 0a 95 00 22 
02 00 04 d2 0a 95 00 24 02 00 04 d2 0a 95 00 23 
02 00 04 d2 0a 95 00 25 02 00 04 d2 0a 95 00 26 
02 00 04 d2 0a 95 00 27 02 00 04 d2 0a 95 00 28 
02 00 04 d2 0a 95 00 29 02 00 04 d2 0a 95 00 1f 
--- end bytes ---
family: 2, port: 53764, addr: 553686282
family: 2, port: 53764, addr: 536909066
family: 2, port: 53764, addr: 570463498
family: 2, port: 53764, addr: 604017930
family: 2, port: 53764, addr: 587240714
family: 2, port: 53764, addr: 620795146
family: 2, port: 53764, addr: 637572362
family: 2, port: 53764, addr: 654349578
family: 2, port: 53764, addr: 671126794
family: 2, port: 53764, addr: 687904010
family: 2, port: 53764, addr: 520131850
There are 11 peers online!
Sending netinfo
Printing 112 bytes from 0x5cd9060.
--- start bytes ---
01 00 00 00 00 00 00 00 70 00 00 00 00 00 00 00 
4e 7d d0 61 00 00 00 00 02 00 04 d2 0a 95 00 21 
02 00 04 d2 0a 95 00 20 02 00 04 d2 0a 95 00 22 
02 00 04 d2 0a 95 00 24 02 00 04 d2 0a 95 00 23 
02 00 04 d2 0a 95 00 25 02 00 04 d2 0a 95 00 26 
02 00 04 d2 0a 95 00 27 02 00 04 d2 0a 95 00 28 
02 00 04 d2 0a 95 00 29 02 00 04 d2 0a 95 00 1f 
--- end bytes ---
family: 2, port: 53764, addr: 553686282
family: 2, port: 53764, addr: 536909066
family: 2, port: 53764, addr: 570463498
family: 2, port: 53764, addr: 604017930
family: 2, port: 53764, addr: 587240714
family: 2, port: 53764, addr: 620795146
family: 2, port: 53764, addr: 637572362
family: 2, port: 53764, addr: 654349578
family: 2, port: 53764, addr: 671126794
family: 2, port: 53764, addr: 687904010
family: 2, port: 53764, addr: 520131850
There are 11 peers online!
Sending netinfo
Printing 112 bytes from 0x5cf2a20.
--- start bytes ---
01 00 00 00 00 00 00 00 70 00 00 00 00 00 00 00 
4e 7d d0 61 00 00 00 00 02 00 04 d2 0a 95 00 21 
02 00 04 d2 0a 95 00 20 02 00 04 d2 0a 95 00 22 
02 00 04 d2 0a 95 00 24 02 00 04 d2 0a 95 00 23 
02 00 04 d2 0a 95 00 25 02 00 04 d2 0a 95 00 26 
02 00 04 d2 0a 95 00 27 02 00 04 d2 0a 95 00 28 
02 00 04 d2 0a 95 00 29 02 00 04 d2 0a 95 00 1f 
--- end bytes ---
Started proc!
handle_heartbeat(sockfd, db);
35
handle_heartbeat(sockfd, db);
36
Started proc!
handle_heartbeat(sockfd, db);
37
Started proc!
family: 2, port: 53764, addr: 553686282
family: 2, port: 53764, addr: 536909066
family: 2, port: 53764, addr: 570463498
family: 2, port: 53764, addr: 604017930
family: 2, port: 53764, addr: 587240714
family: 2, port: 53764, addr: 620795146
family: 2, port: 53764, addr: 637572362
family: 2, port: 53764, addr: 654349578
family: 2, port: 53764, addr: 671126794
family: 2, port: 53764, addr: 687904010
family: 2, port: 53764, addr: 520131850
There are 11 peers online!
Sending netinfo
Printing 112 bytes from 0x5d0d6b0.
--- start bytes ---
01 00 00 00 00 00 00 00 70 00 00 00 00 00 00 00 
4e 7d d0 61 00 00 00 00 02 00 04 d2 0a 95 00 21 
02 00 04 d2 0a 95 00 20 02 00 04 d2 0a 95 00 22 
02 00 04 d2 0a 95 00 24 02 00 04 d2 0a 95 00 23 
02 00 04 d2 0a 95 00 25 02 00 04 d2 0a 95 00 26 
02 00 04 d2 0a 95 00 27 02 00 04 d2 0a 95 00 28 
02 00 04 d2 0a 95 00 29 02 00 04 d2 0a 95 00 1f 
--- end bytes ---
family: 2, port: 53764, addr: 553686282
family: 2, port: 53764, addr: 536909066
family: 2, port: 53764, addr: 570463498
family: 2, port: 53764, addr: 604017930
family: 2, port: 53764, addr: 587240714
family: 2, port: 53764, addr: 620795146
family: 2, port: 53764, addr: 637572362
family: 2, port: 53764, addr: 654349578
family: 2, port: 53764, addr: 671126794
family: 2, port: 53764, addr: 687904010
family: 2, port: 53764, addr: 520131850
There are 11 peers online!
Sending netinfo
Printing 112 bytes from 0x5d27150.
--- start bytes ---
01 00 00 00 00 00 00 00 70 00 00 00 00 00 00 00 
4e 7d d0 61 00 00 00 00 02 00 04 d2 0a 95 00 21 
02 00 04 d2 0a 95 00 20 02 00 04 d2 0a 95 00 22 
02 00 04 d2 0a 95 00 24 02 00 04 d2 0a 95 00 23 
02 00 04 d2 0a 95 00 25 02 00 04 d2 0a 95 00 26 
02 00 04 d2 0a 95 00 27 02 00 04 d2 0a 95 00 28 
02 00 04 d2 0a 95 00 29 02 00 04 d2 0a 95 00 1f 
--- end bytes ---
family: 2, port: 53764, addr: 553686282
family: 2, port: 53764, addr: 536909066
family: 2, port: 53764, addr: 570463498
family: 2, port: 53764, addr: 604017930
family: 2, port: 53764, addr: 587240714
family: 2, port: 53764, addr: 620795146
family: 2, port: 53764, addr: 637572362
family: 2, port: 53764, addr: 654349578
family: 2, port: 53764, addr: 671126794
family: 2, port: 53764, addr: 687904010
family: 2, port: 53764, addr: 520131850
There are 11 peers online!
Sending netinfo
Printing 112 bytes from 0x5d40dc0.
--- start bytes ---
01 00 00 00 00 00 00 00 70 00 00 00 00 00 00 00 
4e 7d d0 61 00 00 00 00 02 00 04 d2 0a 95 00 21 
02 00 04 d2 0a 95 00 20 02 00 04 d2 0a 95 00 22 
02 00 04 d2 0a 95 00 24 02 00 04 d2 0a 95 00 23 
02 00 04 d2 0a 95 00 25 02 00 04 d2 0a 95 00 26 
02 00 04 d2 0a 95 00 27 02 00 04 d2 0a 95 00 28 
02 00 04 d2 0a 95 00 29 02 00 04 d2 0a 95 00 1f 
--- end bytes ---
Started proc!
handle_heartbeat(sockfd, db);
38
family: 2, port: 53764, addr: 553686282
family: 2, port: 53764, addr: 536909066
family: 2, port: 53764, addr: 570463498
family: 2, port: 53764, addr: 604017930
family: 2, port: 53764, addr: 587240714
family: 2, port: 53764, addr: 620795146
family: 2, port: 53764, addr: 637572362
family: 2, port: 53764, addr: 654349578
family: 2, port: 53764, addr: 671126794
family: 2, port: 53764, addr: 687904010
family: 2, port: 53764, addr: 520131850
There are 11 peers online!
Sending netinfo
Printing 112 bytes from 0x5d45920.
--- start bytes ---
01 00 00 00 00 00 00 00 70 00 00 00 00 00 00 00 
4e 7d d0 61 00 00 00 00 02 00 04 d2 0a 95 00 21 
02 00 04 d2 0a 95 00 20 02 00 04 d2 0a 95 00 22 
02 00 04 d2 0a 95 00 24 02 00 04 d2 0a 95 00 23 
02 00 04 d2 0a 95 00 25 02 00 04 d2 0a 95 00 26 
02 00 04 d2 0a 95 00 27 02 00 04 d2 0a 95 00 28 
02 00 04 d2 0a 95 00 29 02 00 04 d2 0a 95 00 1f 
--- end bytes ---
Started proc!
handle_heartbeat(sockfd, db);
39
handle_heartbeat(sockfd, db);
40
Started proc!
family: 2, port: 53764, addr: 553686282
family: 2, port: 53764, addr: 536909066
family: 2, port: 53764, addr: 570463498
family: 2, port: 53764, addr: 604017930
family: 2, port: 53764, addr: 587240714
family: 2, port: 53764, addr: 620795146
family: 2, port: 53764, addr: 637572362
family: 2, port: 53764, addr: 654349578
family: 2, port: 53764, addr: 671126794
family: 2, port: 53764, addr: 687904010
family: 2, port: 53764, addr: 520131850
There are 11 peers online!
Sending netinfo
Printing 112 bytes from 0x5d4a860.
--- start bytes ---
01 00 00 00 00 00 00 00 70 00 00 00 00 00 00 00 
4e 7d d0 61 00 00 00 00 02 00 04 d2 0a 95 00 21 
02 00 04 d2 0a 95 00 20 02 00 04 d2 0a 95 00 22 
02 00 04 d2 0a 95 00 24 02 00 04 d2 0a 95 00 23 
02 00 04 d2 0a 95 00 25 02 00 04 d2 0a 95 00 26 
02 00 04 d2 0a 95 00 27 02 00 04 d2 0a 95 00 28 
02 00 04 d2 0a 95 00 29 02 00 04 d2 0a 95 00 1f 
--- end bytes ---
family: 2, port: 53764, addr: 553686282
family: 2, port: 53764, addr: 536909066
family: 2, port: 53764, addr: 570463498
family: 2, port: 53764, addr: 604017930
family: 2, port: 53764, addr: 587240714
family: 2, port: 53764, addr: 620795146
family: 2, port: 53764, addr: 637572362
family: 2, port: 53764, addr: 654349578
family: 2, port: 53764, addr: 671126794
family: 2, port: 53764, addr: 687904010
family: 2, port: 53764, addr: 520131850
There are 11 peers online!
Sending netinfo
Printing 112 bytes from 0x6793f10.
--- start bytes ---
01 00 00 00 00 00 00 00 70 00 00 00 00 00 00 00 
4e 7d d0 61 00 00 00 00 02 00 04 d2 0a 95 00 21 
02 00 04 d2 0a 95 00 20 02 00 04 d2 0a 95 00 22 
02 00 04 d2 0a 95 00 24 02 00 04 d2 0a 95 00 23 
02 00 04 d2 0a 95 00 25 02 00 04 d2 0a 95 00 26 
02 00 04 d2 0a 95 00 27 02 00 04 d2 0a 95 00 28 
02 00 04 d2 0a 95 00 29 02 00 04 d2 0a 95 00 1f 
--- end bytes ---
Started proc!
handle_heartbeat(sockfd, db);
41
handle_heartbeat(sockfd, db);
42
Started proc!
family: 2, port: 53764, addr: 553686282
family: 2, port: 53764, addr: 536909066
family: 2, port: 53764, addr: 570463498
family: 2, port: 53764, addr: 604017930
family: 2, port: 53764, addr: 587240714
family: 2, port: 53764, addr: 620795146
family: 2, port: 53764, addr: 637572362
family: 2, port: 53764, addr: 654349578
family: 2, port: 53764, addr: 671126794
family: 2, port: 53764, addr: 687904010
family: 2, port: 53764, addr: 520131850
There are 11 peers online!
Sending netinfo
Printing 112 bytes from 0x67ae340.
--- start bytes ---
01 00 00 00 00 00 00 00 70 00 00 00 00 00 00 00 
4e 7d d0 61 00 00 00 00 02 00 04 d2 0a 95 00 21 
02 00 04 d2 0a 95 00 20 02 00 04 d2 0a 95 00 22 
02 00 04 d2 0a 95 00 24 02 00 04 d2 0a 95 00 23 
02 00 04 d2 0a 95 00 25 02 00 04 d2 0a 95 00 26 
02 00 04 d2 0a 95 00 27 02 00 04 d2 0a 95 00 28 
02 00 04 d2 0a 95 00 29 02 00 04 d2 0a 95 00 1f 
--- end bytes ---
family: 2, port: 53764, addr: 553686282
family: 2, port: 53764, addr: 536909066
family: 2, port: 53764, addr: 570463498
family: 2, port: 53764, addr: 604017930
family: 2, port: 53764, addr: 587240714
family: 2, port: 53764, addr: 620795146
family: 2, port: 53764, addr: 637572362
family: 2, port: 53764, addr: 654349578
family: 2, port: 53764, addr: 671126794
family: 2, port: 53764, addr: 687904010
family: 2, port: 53764, addr: 520131850
There are 11 peers online!
Sending netinfo
Printing 112 bytes from 0x67c7fb0.
--- start bytes ---
01 00 00 00 00 00 00 00 70 00 00 00 00 00 00 00 
4e 7d d0 61 00 00 00 00 02 00 04 d2 0a 95 00 21 
02 00 04 d2 0a 95 00 20 02 00 04 d2 0a 95 00 22 
02 00 04 d2 0a 95 00 24 02 00 04 d2 0a 95 00 23 
02 00 04 d2 0a 95 00 25 02 00 04 d2 0a 95 00 26 
02 00 04 d2 0a 95 00 27 02 00 04 d2 0a 95 00 28 
02 00 04 d2 0a 95 00 29 02 00 04 d2 0a 95 00 1f 
--- end bytes ---
Started proc!
handle_heartbeat(sockfd, db);
43
handle_heartbeat(sockfd, db);
44
Started proc!
handle_heartbeat(sockfd, db);
45
Started proc!
family: 2, port: 53764, addr: 553686282
family: 2, port: 53764, addr: 536909066
family: 2, port: 53764, addr: 570463498
family: 2, port: 53764, addr: 604017930
family: 2, port: 53764, addr: 587240714
family: 2, port: 53764, addr: 620795146
family: 2, port: 53764, addr: 637572362
family: 2, port: 53764, addr: 654349578
family: 2, port: 53764, addr: 671126794
family: 2, port: 53764, addr: 687904010
family: 2, port: 53764, addr: 520131850
There are 11 peers online!
Sending netinfo
Printing 112 bytes from 0x67e3b30.
--- start bytes ---
01 00 00 00 00 00 00 00 70 00 00 00 00 00 00 00 
4e 7d d0 61 00 00 00 00 02 00 04 d2 0a 95 00 21 
02 00 04 d2 0a 95 00 20 02 00 04 d2 0a 95 00 22 
02 00 04 d2 0a 95 00 24 02 00 04 d2 0a 95 00 23 
02 00 04 d2 0a 95 00 25 02 00 04 d2 0a 95 00 26 
02 00 04 d2 0a 95 00 27 02 00 04 d2 0a 95 00 28 
02 00 04 d2 0a 95 00 29 02 00 04 d2 0a 95 00 1f 
--- end bytes ---
family: 2, port: 53764, addr: 553686282
family: 2, port: 53764, addr: 536909066
family: 2, port: 53764, addr: 570463498
family: 2, port: 53764, addr: 604017930
family: 2, port: 53764, addr: 587240714
family: 2, port: 53764, addr: 620795146
family: 2, port: 53764, addr: 637572362
family: 2, port: 53764, addr: 654349578
family: 2, port: 53764, addr: 671126794
family: 2, port: 53764, addr: 687904010
family: 2, port: 53764, addr: 520131850
There are 11 peers online!
Sending netinfo
Printing 112 bytes from 0x67fc180.
--- start bytes ---
01 00 00 00 00 00 00 00 70 00 00 00 00 00 00 00 
4e 7d d0 61 00 00 00 00 02 00 04 d2 0a 95 00 21 
02 00 04 d2 0a 95 00 20 02 00 04 d2 0a 95 00 22 
02 00 04 d2 0a 95 00 24 02 00 04 d2 0a 95 00 23 
02 00 04 d2 0a 95 00 25 02 00 04 d2 0a 95 00 26 
02 00 04 d2 0a 95 00 27 02 00 04 d2 0a 95 00 28 
02 00 04 d2 0a 95 00 29 02 00 04 d2 0a 95 00 1f 
--- end bytes ---
family: 2, port: 53764, addr: 553686282
family: 2, port: 53764, addr: 536909066
family: 2, port: 53764, addr: 570463498
family: 2, port: 53764, addr: 604017930
family: 2, port: 53764, addr: 587240714
family: 2, port: 53764, addr: 620795146
family: 2, port: 53764, addr: 637572362
family: 2, port: 53764, addr: 654349578
family: 2, port: 53764, addr: 671126794
family: 2, port: 53764, addr: 687904010
family: 2, port: 53764, addr: 520131850
There are 11 peers online!
Sending netinfo
Printing 112 bytes from 0x6815df0.
--- start bytes ---
01 00 00 00 00 00 00 00 70 00 00 00 00 00 00 00 
4e 7d d0 61 00 00 00 00 02 00 04 d2 0a 95 00 21 
02 00 04 d2 0a 95 00 20 02 00 04 d2 0a 95 00 22 
02 00 04 d2 0a 95 00 24 02 00 04 d2 0a 95 00 23 
02 00 04 d2 0a 95 00 25 02 00 04 d2 0a 95 00 26 
02 00 04 d2 0a 95 00 27 02 00 04 d2 0a 95 00 28 
02 00 04 d2 0a 95 00 29 02 00 04 d2 0a 95 00 1f 
--- end bytes ---
Started proc!
handle_heartbeat(sockfd, db);
46
handle_heartbeat(sockfd, db);
47
Started proc!
handle_heartbeat(sockfd, db);
48
Started proc!
family: 2, port: 53764, addr: 553686282
family: 2, port: 53764, addr: 536909066
family: 2, port: 53764, addr: 570463498
family: 2, port: 53764, addr: 604017930
family: 2, port: 53764, addr: 587240714
family: 2, port: 53764, addr: 620795146
family: 2, port: 53764, addr: 637572362
family: 2, port: 53764, addr: 654349578
family: 2, port: 53764, addr: 671126794
family: 2, port: 53764, addr: 687904010
family: 2, port: 53764, addr: 520131850
There are 11 peers online!
Sending netinfo
Printing 112 bytes from 0x6830a80.
--- start bytes ---
01 00 00 00 00 00 00 00 70 00 00 00 00 00 00 00 
4e 7d d0 61 00 00 00 00 02 00 04 d2 0a 95 00 21 
02 00 04 d2 0a 95 00 20 02 00 04 d2 0a 95 00 22 
02 00 04 d2 0a 95 00 24 02 00 04 d2 0a 95 00 23 
02 00 04 d2 0a 95 00 25 02 00 04 d2 0a 95 00 26 
02 00 04 d2 0a 95 00 27 02 00 04 d2 0a 95 00 28 
02 00 04 d2 0a 95 00 29 02 00 04 d2 0a 95 00 1f 
--- end bytes ---
family: 2, port: 53764, addr: 553686282
family: 2, port: 53764, addr: 536909066
family: 2, port: 53764, addr: 570463498
family: 2, port: 53764, addr: 604017930
family: 2, port: 53764, addr: 587240714
family: 2, port: 53764, addr: 620795146
family: 2, port: 53764, addr: 637572362
family: 2, port: 53764, addr: 654349578
family: 2, port: 53764, addr: 671126794
family: 2, port: 53764, addr: 687904010
family: 2, port: 53764, addr: 520131850
There are 11 peers online!
Sending netinfo
Printing 112 bytes from 0x684a6f0.
--- start bytes ---
01 00 00 00 00 00 00 00 70 00 00 00 00 00 00 00 
4e 7d d0 61 00 00 00 00 02 00 04 d2 0a 95 00 21 
02 00 04 d2 0a 95 00 20 02 00 04 d2 0a 95 00 22 
02 00 04 d2 0a 95 00 24 02 00 04 d2 0a 95 00 23 
02 00 04 d2 0a 95 00 25 02 00 04 d2 0a 95 00 26 
02 00 04 d2 0a 95 00 27 02 00 04 d2 0a 95 00 28 
02 00 04 d2 0a 95 00 29 02 00 04 d2 0a 95 00 1f 
--- end bytes ---
family: 2, port: 53764, addr: 553686282
family: 2, port: 53764, addr: 536909066
family: 2, port: 53764, addr: 570463498
family: 2, port: 53764, addr: 604017930
family: 2, port: 53764, addr: 587240714
family: 2, port: 53764, addr: 620795146
family: 2, port: 53764, addr: 637572362
family: 2, port: 53764, addr: 654349578
family: 2, port: 53764, addr: 671126794
family: 2, port: 53764, addr: 687904010
family: 2, port: 53764, addr: 520131850
There are 11 peers online!
Sending netinfo
Printing 112 bytes from 0x6864190.
--- start bytes ---
01 00 00 00 00 00 00 00 70 00 00 00 00 00 00 00 
4e 7d d0 61 00 00 00 00 02 00 04 d2 0a 95 00 21 
02 00 04 d2 0a 95 00 20 02 00 04 d2 0a 95 00 22 
02 00 04 d2 0a 95 00 24 02 00 04 d2 0a 95 00 23 
02 00 04 d2 0a 95 00 25 02 00 04 d2 0a 95 00 26 
02 00 04 d2 0a 95 00 27 02 00 04 d2 0a 95 00 28 
02 00 04 d2 0a 95 00 29 02 00 04 d2 0a 95 00 1f 
--- end bytes ---
Started proc!
handle_heartbeat(sockfd, db);
49
family: 2, port: 53764, addr: 553686282
family: 2, port: 53764, addr: 536909066
family: 2, port: 53764, addr: 570463498
family: 2, port: 53764, addr: 604017930
family: 2, port: 53764, addr: 587240714
family: 2, port: 53764, addr: 620795146
family: 2, port: 53764, addr: 637572362
family: 2, port: 53764, addr: 654349578
family: 2, port: 53764, addr: 671126794
family: 2, port: 53764, addr: 687904010
family: 2, port: 53764, addr: 520131850
There are 11 peers online!
Sending netinfo
Printing 112 bytes from 0x687e1e0.
--- start bytes ---
01 00 00 00 00 00 00 00 70 00 00 00 00 00 00 00 
4e 7d d0 61 00 00 00 00 02 00 04 d2 0a 95 00 21 
02 00 04 d2 0a 95 00 20 02 00 04 d2 0a 95 00 22 
02 00 04 d2 0a 95 00 24 02 00 04 d2 0a 95 00 23 
02 00 04 d2 0a 95 00 25 02 00 04 d2 0a 95 00 26 
02 00 04 d2 0a 95 00 27 02 00 04 d2 0a 95 00 28 
02 00 04 d2 0a 95 00 29 02 00 04 d2 0a 95 00 1f 
--- end bytes ---
Started proc!
handle_heartbeat(sockfd, db);
50
handle_heartbeat(sockfd, db);
51
Started proc!
family: 2, port: 53764, addr: 553686282
family: 2, port: 53764, addr: 536909066
family: 2, port: 53764, addr: 570463498
family: 2, port: 53764, addr: 604017930
family: 2, port: 53764, addr: 587240714
family: 2, port: 53764, addr: 620795146
family: 2, port: 53764, addr: 637572362
family: 2, port: 53764, addr: 654349578
family: 2, port: 53764, addr: 671126794
family: 2, port: 53764, addr: 687904010
family: 2, port: 53764, addr: 520131850
There are 11 peers online!
Sending netinfo
Printing 112 bytes from 0x6898610.
--- start bytes ---
01 00 00 00 00 00 00 00 70 00 00 00 00 00 00 00 
4e 7d d0 61 00 00 00 00 02 00 04 d2 0a 95 00 21 
02 00 04 d2 0a 95 00 20 02 00 04 d2 0a 95 00 22 
02 00 04 d2 0a 95 00 24 02 00 04 d2 0a 95 00 23 
02 00 04 d2 0a 95 00 25 02 00 04 d2 0a 95 00 26 
02 00 04 d2 0a 95 00 27 02 00 04 d2 0a 95 00 28 
02 00 04 d2 0a 95 00 29 02 00 04 d2 0a 95 00 1f 
--- end bytes ---
family: 2, port: 53764, addr: 553686282
family: 2, port: 53764, addr: 536909066
family: 2, port: 53764, addr: 570463498
family: 2, port: 53764, addr: 604017930
family: 2, port: 53764, addr: 587240714
family: 2, port: 53764, addr: 620795146
family: 2, port: 53764, addr: 637572362
family: 2, port: 53764, addr: 654349578
family: 2, port: 53764, addr: 671126794
family: 2, port: 53764, addr: 687904010
family: 2, port: 53764, addr: 520131850
There are 11 peers online!
Sending netinfo
Printing 112 bytes from 0x68b2280.
--- start bytes ---
01 00 00 00 00 00 00 00 70 00 00 00 00 00 00 00 
4e 7d d0 61 00 00 00 00 02 00 04 d2 0a 95 00 21 
02 00 04 d2 0a 95 00 20 02 00 04 d2 0a 95 00 22 
02 00 04 d2 0a 95 00 24 02 00 04 d2 0a 95 00 23 
02 00 04 d2 0a 95 00 25 02 00 04 d2 0a 95 00 26 
02 00 04 d2 0a 95 00 27 02 00 04 d2 0a 95 00 28 
02 00 04 d2 0a 95 00 29 02 00 04 d2 0a 95 00 1f 
--- end bytes ---
Started proc!
handle_heartbeat(sockfd, db);
52
handle_heartbeat(sockfd, db);
53
Started proc!
family: 2, port: 53764, addr: 553686282
family: 2, port: 53764, addr: 536909066
family: 2, port: 53764, addr: 570463498
family: 2, port: 53764, addr: 604017930
family: 2, port: 53764, addr: 587240714
family: 2, port: 53764, addr: 620795146
family: 2, port: 53764, addr: 637572362
family: 2, port: 53764, addr: 654349578
family: 2, port: 53764, addr: 671126794
family: 2, port: 53764, addr: 687904010
family: 2, port: 53764, addr: 520131850
There are 11 peers online!
Sending netinfo
Printing 112 bytes from 0x68cc6b0.
--- start bytes ---
01 00 00 00 00 00 00 00 70 00 00 00 00 00 00 00 
4e 7d d0 61 00 00 00 00 02 00 04 d2 0a 95 00 21 
02 00 04 d2 0a 95 00 20 02 00 04 d2 0a 95 00 22 
02 00 04 d2 0a 95 00 24 02 00 04 d2 0a 95 00 23 
02 00 04 d2 0a 95 00 25 02 00 04 d2 0a 95 00 26 
02 00 04 d2 0a 95 00 27 02 00 04 d2 0a 95 00 28 
02 00 04 d2 0a 95 00 29 02 00 04 d2 0a 95 00 1f 
--- end bytes ---
family: 2, port: 53764, addr: 553686282
family: 2, port: 53764, addr: 536909066
family: 2, port: 53764, addr: 570463498
family: 2, port: 53764, addr: 604017930
family: 2, port: 53764, addr: 587240714
family: 2, port: 53764, addr: 620795146
family: 2, port: 53764, addr: 637572362
family: 2, port: 53764, addr: 654349578
family: 2, port: 53764, addr: 671126794
family: 2, port: 53764, addr: 687904010
family: 2, port: 53764, addr: 520131850
There are 11 peers online!
Sending netinfo
Printing 112 bytes from 0x68e6320.
--- start bytes ---
01 00 00 00 00 00 00 00 70 00 00 00 00 00 00 00 
4e 7d d0 61 00 00 00 00 02 00 04 d2 0a 95 00 21 
02 00 04 d2 0a 95 00 20 02 00 04 d2 0a 95 00 22 
02 00 04 d2 0a 95 00 24 02 00 04 d2 0a 95 00 23 
02 00 04 d2 0a 95 00 25 02 00 04 d2 0a 95 00 26 
02 00 04 d2 0a 95 00 27 02 00 04 d2 0a 95 00 28 
02 00 04 d2 0a 95 00 29 02 00 04 d2 0a 95 00 1f 
--- end bytes ---
