START_TIME	16-12-2021 12:43:35
REQUEST_BLOCK	16-12-2021 12:43:42	1
RECEIVED_BLOCK	16-12-2021 12:43:45	1	SUCCESS
REQUEST_BLOCK	16-12-2021 12:43:45	2
RECEIVED_BLOCK	16-12-2021 12:43:45	2	SUCCESS
BLOCK_ADDED_START	16-12-2021 12:43:45	2
REQUEST_BLOCK	16-12-2021 12:43:45	2
RECEIVED_BLOCK	16-12-2021 12:43:47	2	SUCCESS
SENDING_BLOCK	16-12-2021 12:43:48	2
SENDING_BLOCK	16-12-2021 12:43:48	2
SENDING_BLOCK	16-12-2021 12:43:48	2
SENDING_BLOCK	16-12-2021 12:43:48	2
SENDING_BLOCK	16-12-2021 12:43:48	2
SENDING_BLOCK	16-12-2021 12:43:48	2
SENDING_BLOCK	16-12-2021 12:43:49	2
BLOCK_ADDED_STOP	16-12-2021 12:43:49	2	SUCCESS
SENDING_BLOCK	16-12-2021 12:43:49	2
BLOCK_ADDED_START	16-12-2021 12:43:49	3
REQUEST_BLOCK	16-12-2021 12:43:49	3
SENDING_BLOCK	16-12-2021 12:43:50	2
RECEIVED_BLOCK	16-12-2021 12:43:50	3	SUCCESS
SENDING_BLOCK	16-12-2021 12:43:50	2
SENDING_BLOCK	16-12-2021 12:43:51	3
SENDING_BLOCK	16-12-2021 12:43:51	3
SENDING_BLOCK	16-12-2021 12:43:51	3
SENDING_BLOCK	16-12-2021 12:43:52	3
SENDING_BLOCK	16-12-2021 12:43:52	3
SENDING_BLOCK	16-12-2021 12:43:52	3
SENDING_BLOCK	16-12-2021 12:43:52	3
BLOCK_ADDED_STOP	16-12-2021 12:43:53	3	SUCCESS
SENDING_BLOCK	16-12-2021 12:43:53	3
SENDING_BLOCK	16-12-2021 12:43:53	3
