START_TIME	16-12-2021 12:43:27
BLOCK_ADDED_START	16-12-2021 12:43:27	1
BLOCK_ADDED_STOP	16-12-2021 12:43:27	1	SUCCESS
REQUEST_BLOCK	16-12-2021 12:43:35	2
RECEIVED_BLOCK	16-12-2021 12:43:36	2	SUCCESS
SENDING_BLOCK	16-12-2021 12:43:39	2
SENDING_BLOCK	16-12-2021 12:43:41	2
SENDING_BLOCK	16-12-2021 12:43:41	2
SENDING_BLOCK	16-12-2021 12:43:44	2
SENDING_BLOCK	16-12-2021 12:43:44	1
SENDING_BLOCK	16-12-2021 12:43:46	2
SENDING_BLOCK	16-12-2021 12:43:46	2
REQUEST_BLOCK	16-12-2021 12:43:48	2
RECEIVED_BLOCK	16-12-2021 12:43:48	2	SUCCESS
SENDING_BLOCK	16-12-2021 12:43:49	2
SENDING_BLOCK	16-12-2021 12:43:52	2
SENDING_BLOCK	16-12-2021 12:43:52	3
SENDING_BLOCK	16-12-2021 12:43:52	2
SENDING_BLOCK	16-12-2021 12:43:52	2
REQUEST_BLOCK	16-12-2021 12:43:52	3
RECEIVED_BLOCK	16-12-2021 12:43:52	3	SUCCESS
SENDING_BLOCK	16-12-2021 12:43:53	3
SENDING_BLOCK	16-12-2021 12:43:53	3
SENDING_BLOCK	16-12-2021 12:43:53	3
