START_TIME	16-12-2021 12:43:21
BLOCK_ADDED_START	16-12-2021 12:43:21	1
BLOCK_ADDED_STOP	16-12-2021 12:43:21	1	SUCCESS
REQUEST_BLOCK	16-12-2021 12:43:29	2
RECEIVED_BLOCK	16-12-2021 12:43:30	2	SUCCESS
SENDING_BLOCK	16-12-2021 12:43:32	2
SENDING_BLOCK	16-12-2021 12:43:35	2
SENDING_BLOCK	16-12-2021 12:43:35	2
SENDING_BLOCK	16-12-2021 12:43:35	2
SENDING_BLOCK	16-12-2021 12:43:38	2
SENDING_BLOCK	16-12-2021 12:43:40	2
SENDING_BLOCK	16-12-2021 12:43:40	2
SENDING_BLOCK	16-12-2021 12:43:43	2
SENDING_BLOCK	16-12-2021 12:43:43	1
SENDING_BLOCK	16-12-2021 12:43:47	2
SENDING_BLOCK	16-12-2021 12:43:47	2
REQUEST_BLOCK	16-12-2021 12:43:47	2
RECEIVED_BLOCK	16-12-2021 12:43:48	2	SUCCESS
SENDING_BLOCK	16-12-2021 12:43:48	2
SENDING_BLOCK	16-12-2021 12:43:49	2
SENDING_BLOCK	16-12-2021 12:43:49	3
SENDING_BLOCK	16-12-2021 12:43:49	2
SENDING_BLOCK	16-12-2021 12:43:51	2
REQUEST_BLOCK	16-12-2021 12:43:51	3
RECEIVED_BLOCK	16-12-2021 12:43:52	3	SUCCESS
SENDING_BLOCK	16-12-2021 12:43:52	3
SENDING_BLOCK	16-12-2021 12:43:52	3
SENDING_BLOCK	16-12-2021 12:43:53	3
SENDING_BLOCK	16-12-2021 12:43:53	3
