START_TIME	16-12-2021 12:43:22
BLOCK_ADDED_START	16-12-2021 12:43:22	1
BLOCK_ADDED_STOP	16-12-2021 12:43:22	1	SUCCESS
REQUEST_BLOCK	16-12-2021 12:43:30	2
RECEIVED_BLOCK	16-12-2021 12:43:30	2	SUCCESS
SENDING_BLOCK	16-12-2021 12:43:30	2
SENDING_BLOCK	16-12-2021 12:43:34	2
SENDING_BLOCK	16-12-2021 12:43:35	2
SENDING_BLOCK	16-12-2021 12:43:35	2
SENDING_BLOCK	16-12-2021 12:43:38	2
SENDING_BLOCK	16-12-2021 12:43:40	2
SENDING_BLOCK	16-12-2021 12:43:40	2
SENDING_BLOCK	16-12-2021 12:43:41	2
SENDING_BLOCK	16-12-2021 12:43:42	1
SENDING_BLOCK	16-12-2021 12:43:46	2
SENDING_BLOCK	16-12-2021 12:43:46	2
REQUEST_BLOCK	16-12-2021 12:43:49	2
RECEIVED_BLOCK	16-12-2021 12:43:49	2	SUCCESS
SENDING_BLOCK	16-12-2021 12:43:49	2
SENDING_BLOCK	16-12-2021 12:43:49	2
SENDING_BLOCK	16-12-2021 12:43:49	2
SENDING_BLOCK	16-12-2021 12:43:49	3
SENDING_BLOCK	16-12-2021 12:43:49	2
REQUEST_BLOCK	16-12-2021 12:43:50	3
RECEIVED_BLOCK	16-12-2021 12:43:51	3	SUCCESS
SENDING_BLOCK	16-12-2021 12:43:51	3
SENDING_BLOCK	16-12-2021 12:43:52	3
SENDING_BLOCK	16-12-2021 12:43:52	3
SENDING_BLOCK	16-12-2021 12:43:52	3
SENDING_BLOCK	16-12-2021 12:43:52	3
