START_TIME	16-12-2021 10:23:01
BLOCK_ADDED_START	16-12-2021 10:23:01	1
BLOCK_ADDED_STOP	16-12-2021 10:23:01	1	SUCCESS
BLOCK_ADDED_START	16-12-2021 10:23:01	2
BLOCK_ADDED_STOP	16-12-2021 10:23:01	2	SUCCESS
BLOCK_ADDED_START	16-12-2021 10:23:01	3
BLOCK_ADDED_STOP	16-12-2021 10:23:01	3	SUCCESS
BLOCK_ADDED_START	16-12-2021 10:23:01	4
BLOCK_ADDED_STOP	16-12-2021 10:23:01	4	SUCCESS
BLOCK_ADDED_START	16-12-2021 10:23:01	5
BLOCK_ADDED_STOP	16-12-2021 10:23:01	5	SUCCESS
BLOCK_ADDED_START	16-12-2021 10:23:01	6
BLOCK_ADDED_STOP	16-12-2021 10:23:01	6	SUCCESS
BLOCK_ADDED_START	16-12-2021 10:23:01	7
BLOCK_ADDED_STOP	16-12-2021 10:23:01	7	SUCCESS
BLOCK_ADDED_START	16-12-2021 10:23:01	8
BLOCK_ADDED_STOP	16-12-2021 10:23:01	8	SUCCESS
BLOCK_ADDED_START	16-12-2021 10:23:01	9
BLOCK_ADDED_STOP	16-12-2021 10:23:01	9	SUCCESS
BLOCK_ADDED_START	16-12-2021 10:23:01	10
BLOCK_ADDED_STOP	16-12-2021 10:23:01	10	SUCCESS
REQUEST_BLOCK	16-12-2021 10:23:08	11
RECEIVED_BLOCK	16-12-2021 10:23:11	11	SUCCESS
