START_TIME	16-12-2021 10:22:50
BLOCK_ADDED_START	16-12-2021 10:22:50	1
BLOCK_ADDED_STOP	16-12-2021 10:22:50	1	SUCCESS
BLOCK_ADDED_START	16-12-2021 10:22:50	2
BLOCK_ADDED_STOP	16-12-2021 10:22:50	2	SUCCESS
BLOCK_ADDED_START	16-12-2021 10:22:50	3
BLOCK_ADDED_STOP	16-12-2021 10:22:50	3	SUCCESS
BLOCK_ADDED_START	16-12-2021 10:22:50	4
BLOCK_ADDED_STOP	16-12-2021 10:22:50	4	SUCCESS
BLOCK_ADDED_START	16-12-2021 10:22:50	5
BLOCK_ADDED_STOP	16-12-2021 10:22:50	5	SUCCESS
BLOCK_ADDED_START	16-12-2021 10:22:50	6
BLOCK_ADDED_STOP	16-12-2021 10:22:50	6	SUCCESS
BLOCK_ADDED_START	16-12-2021 10:22:50	7
BLOCK_ADDED_STOP	16-12-2021 10:22:50	7	SUCCESS
BLOCK_ADDED_START	16-12-2021 10:22:50	8
BLOCK_ADDED_STOP	16-12-2021 10:22:50	8	SUCCESS
BLOCK_ADDED_START	16-12-2021 10:22:50	9
BLOCK_ADDED_STOP	16-12-2021 10:22:50	9	SUCCESS
BLOCK_ADDED_START	16-12-2021 10:22:50	10
BLOCK_ADDED_STOP	16-12-2021 10:22:50	10	SUCCESS
BLOCK_ADDED_START	16-12-2021 10:22:50	11
BLOCK_ADDED_STOP	16-12-2021 10:22:50	11	SUCCESS
BLOCK_ADDED_START	16-12-2021 10:22:50	12
BLOCK_ADDED_STOP	16-12-2021 10:22:50	12	SUCCESS
REQUEST_BLOCK	16-12-2021 10:22:58	13
RECEIVED_BLOCK	16-12-2021 10:22:58	13	SUCCESS
SENDING_BLOCK	16-12-2021 10:23:09	11
