START_TIME	16-12-2021 12:40:36
REQUEST_BLOCK	16-12-2021 12:40:45	1
RECEIVED_BLOCK	16-12-2021 12:40:48	1	SUCCESS
REQUEST_BLOCK	16-12-2021 12:40:48	2
RECEIVED_BLOCK	16-12-2021 12:40:49	2	SUCCESS
BLOCK_ADDED_START	16-12-2021 12:40:49	2
REQUEST_BLOCK	16-12-2021 12:40:49	2
RECEIVED_BLOCK	16-12-2021 12:40:50	2	SUCCESS
SENDING_BLOCK	16-12-2021 12:40:51	2
SENDING_BLOCK	16-12-2021 12:40:51	2
SENDING_BLOCK	16-12-2021 12:40:51	2
SENDING_BLOCK	16-12-2021 12:40:51	2
SENDING_BLOCK	16-12-2021 12:40:52	2
SENDING_BLOCK	16-12-2021 12:40:52	2
SENDING_BLOCK	16-12-2021 12:40:52	2
SENDING_BLOCK	16-12-2021 12:40:52	2
BLOCK_ADDED_STOP	16-12-2021 12:40:52	2	SUCCESS
SENDING_BLOCK	16-12-2021 12:40:52	2
SENDING_BLOCK	16-12-2021 12:40:52	2
BLOCK_ADDED_START	16-12-2021 12:40:52	3
REQUEST_BLOCK	16-12-2021 12:40:52	3
RECEIVED_BLOCK	16-12-2021 12:40:53	3	SUCCESS
SENDING_BLOCK	16-12-2021 12:40:54	3
SENDING_BLOCK	16-12-2021 12:40:54	3
SENDING_BLOCK	16-12-2021 12:40:54	3
SENDING_BLOCK	16-12-2021 12:40:55	3
SENDING_BLOCK	16-12-2021 12:40:55	3
SENDING_BLOCK	16-12-2021 12:40:55	3
SENDING_BLOCK	16-12-2021 12:40:56	3
BLOCK_ADDED_STOP	16-12-2021 12:40:56	3	SUCCESS
SENDING_BLOCK	16-12-2021 12:40:56	3
SENDING_BLOCK	16-12-2021 12:40:56	3
SENDING_BLOCK	16-12-2021 12:40:56	3
