START_TIME	16-12-2021 12:40:25
BLOCK_ADDED_START	16-12-2021 12:40:25	1
BLOCK_ADDED_STOP	16-12-2021 12:40:25	1	SUCCESS
REQUEST_BLOCK	16-12-2021 12:40:33	2
RECEIVED_BLOCK	16-12-2021 12:40:33	2	SUCCESS
SENDING_BLOCK	16-12-2021 12:40:35	2
SENDING_BLOCK	16-12-2021 12:40:37	2
SENDING_BLOCK	16-12-2021 12:40:37	2
SENDING_BLOCK	16-12-2021 12:40:39	2
SENDING_BLOCK	16-12-2021 12:40:42	2
SENDING_BLOCK	16-12-2021 12:40:42	2
SENDING_BLOCK	16-12-2021 12:40:45	2
SENDING_BLOCK	16-12-2021 12:40:45	1
SENDING_BLOCK	16-12-2021 12:40:50	2
SENDING_BLOCK	16-12-2021 12:40:50	2
REQUEST_BLOCK	16-12-2021 12:40:51	2
RECEIVED_BLOCK	16-12-2021 12:40:52	2	SUCCESS
SENDING_BLOCK	16-12-2021 12:40:52	2
SENDING_BLOCK	16-12-2021 12:40:52	2
SENDING_BLOCK	16-12-2021 12:40:52	2
SENDING_BLOCK	16-12-2021 12:40:52	2
SENDING_BLOCK	16-12-2021 12:40:55	3
REQUEST_BLOCK	16-12-2021 12:40:55	3
RECEIVED_BLOCK	16-12-2021 12:40:55	3	SUCCESS
SENDING_BLOCK	16-12-2021 12:40:55	3
SENDING_BLOCK	16-12-2021 12:40:56	3
SENDING_BLOCK	16-12-2021 12:40:56	3
SENDING_BLOCK	16-12-2021 12:40:56	3
