START_TIME	16-12-2021 12:40:27
BLOCK_ADDED_START	16-12-2021 12:40:27	1
BLOCK_ADDED_STOP	16-12-2021 12:40:27	1	SUCCESS
REQUEST_BLOCK	16-12-2021 12:40:35	2
RECEIVED_BLOCK	16-12-2021 12:40:36	2	SUCCESS
SENDING_BLOCK	16-12-2021 12:40:38	2
SENDING_BLOCK	16-12-2021 12:40:39	2
SENDING_BLOCK	16-12-2021 12:40:42	2
SENDING_BLOCK	16-12-2021 12:40:42	2
SENDING_BLOCK	16-12-2021 12:40:45	1
SENDING_BLOCK	16-12-2021 12:40:48	2
SENDING_BLOCK	16-12-2021 12:40:50	2
REQUEST_BLOCK	16-12-2021 12:40:50	2
RECEIVED_BLOCK	16-12-2021 12:40:51	2	SUCCESS
SENDING_BLOCK	16-12-2021 12:40:51	2
SENDING_BLOCK	16-12-2021 12:40:51	2
SENDING_BLOCK	16-12-2021 12:40:51	2
SENDING_BLOCK	16-12-2021 12:40:51	2
SENDING_BLOCK	16-12-2021 12:40:51	2
SENDING_BLOCK	16-12-2021 12:40:52	3
REQUEST_BLOCK	16-12-2021 12:40:53	3
RECEIVED_BLOCK	16-12-2021 12:40:54	3	SUCCESS
SENDING_BLOCK	16-12-2021 12:40:54	3
SENDING_BLOCK	16-12-2021 12:40:55	3
SENDING_BLOCK	16-12-2021 12:40:55	3
SENDING_BLOCK	16-12-2021 12:40:55	3
