START_TIME	16-12-2021 12:40:31
BLOCK_ADDED_START	16-12-2021 12:40:31	1
BLOCK_ADDED_STOP	16-12-2021 12:40:31	1	SUCCESS
REQUEST_BLOCK	16-12-2021 12:40:39	2
RECEIVED_BLOCK	16-12-2021 12:40:40	2	SUCCESS
SENDING_BLOCK	16-12-2021 12:40:43	2
SENDING_BLOCK	16-12-2021 12:40:46	1
SENDING_BLOCK	16-12-2021 12:40:48	2
SENDING_BLOCK	16-12-2021 12:40:50	2
REQUEST_BLOCK	16-12-2021 12:40:50	2
RECEIVED_BLOCK	16-12-2021 12:40:51	2	SUCCESS
SENDING_BLOCK	16-12-2021 12:40:51	2
SENDING_BLOCK	16-12-2021 12:40:51	2
SENDING_BLOCK	16-12-2021 12:40:51	2
SENDING_BLOCK	16-12-2021 12:40:51	2
SENDING_BLOCK	16-12-2021 12:40:51	2
SENDING_BLOCK	16-12-2021 12:40:55	3
REQUEST_BLOCK	16-12-2021 12:40:55	3
RECEIVED_BLOCK	16-12-2021 12:40:55	3	SUCCESS
SENDING_BLOCK	16-12-2021 12:40:55	3
SENDING_BLOCK	16-12-2021 12:40:55	3
SENDING_BLOCK	16-12-2021 12:40:55	3
SENDING_BLOCK	16-12-2021 12:40:55	3
