START_TIME	16-12-2021 12:40:26
BLOCK_ADDED_START	16-12-2021 12:40:26	1
BLOCK_ADDED_STOP	16-12-2021 12:40:26	1	SUCCESS
REQUEST_BLOCK	16-12-2021 12:40:34	2
RECEIVED_BLOCK	16-12-2021 12:40:34	2	SUCCESS
SENDING_BLOCK	16-12-2021 12:40:36	2
SENDING_BLOCK	16-12-2021 12:40:36	2
SENDING_BLOCK	16-12-2021 12:40:40	2
SENDING_BLOCK	16-12-2021 12:40:40	2
SENDING_BLOCK	16-12-2021 12:40:40	2
SENDING_BLOCK	16-12-2021 12:40:44	2
SENDING_BLOCK	16-12-2021 12:40:46	1
SENDING_BLOCK	16-12-2021 12:40:49	2
SENDING_BLOCK	16-12-2021 12:40:49	2
REQUEST_BLOCK	16-12-2021 12:40:51	2
RECEIVED_BLOCK	16-12-2021 12:40:51	2	SUCCESS
SENDING_BLOCK	16-12-2021 12:40:51	2
SENDING_BLOCK	16-12-2021 12:40:52	2
SENDING_BLOCK	16-12-2021 12:40:52	2
SENDING_BLOCK	16-12-2021 12:40:52	2
SENDING_BLOCK	16-12-2021 12:40:52	3
REQUEST_BLOCK	16-12-2021 12:40:55	3
RECEIVED_BLOCK	16-12-2021 12:40:55	3	SUCCESS
SENDING_BLOCK	16-12-2021 12:40:55	3
SENDING_BLOCK	16-12-2021 12:40:55	3
