/home/ddps2001/DPS2/1639648855/out/10.149.1.17_1234.out
/home/ddps2001/DPS2/1639648855/out/10.149.1.17_1234.out
Started proc!
sockaddr 2, 53764, 285316362
Thread started!
Logging to /home/ddps2001/DPS2/1639648855/out/10.149.1.17_1234.out
0x630a34
We are offline...
0x630a34
We are offline...
[ receive_netinfo ] 0 peers online!
Printing 0 bytes from 0x2aaab0000910.
--- start bytes ---
--- end bytes ---
We are offline...
We are offline...
We are offline...
We are offline...
We are offline...
We are offline...
[ receive_netinfo ] 1 peers online!
Coming online...
[ RequestBlockchain ] --------- Start --------- 
[ RequestBlockchain ] Requesting block 12
[ RequestBlockchain ] No peers 
[ RequestBlockchain ] --------- Stop  --------- 

Blockchain is size 12 with top hash 4cc5d098ba2f300c5ced4f8b3d53816c52960e6eac9b5345720116bc275cba9c
Logging to /home/ddps2001/DPS2/1639648855/out/10.149.1.17_1234.out
[ Run ] No messages... 
Blockchain is size 12 with top hash 4cc5d098ba2f300c5ced4f8b3d53816c52960e6eac9b5345720116bc275cba9c
Logging to /home/ddps2001/DPS2/1639648855/out/10.149.1.17_1234.out
[ Run ] No messages... 
Blockchain is size 12 with top hash 4cc5d098ba2f300c5ced4f8b3d53816c52960e6eac9b5345720116bc275cba9c
Logging to /home/ddps2001/DPS2/1639648855/out/10.149.1.17_1234.out
[ Run ] No messages... 
