sockaddr 2, 36895, 536909066
SQLite version: 3.37.0
&sockfd: 0xffefffb7c
hm_args.sockfd : 0xffefffb7c
Started proc!
sockfd: 0xffefffb7c
Started proc!
handle_heartbeat(sockfd, db);
1
There are 0 peers online!
Sending netinfo
Printing 24 bytes from 0x5996820.
--- start bytes ---
01 00 00 00 00 00 00 00 18 00 00 00 00 00 00 00 
00 00 62 d8 00 00 00 00 
--- end bytes ---
Started proc!
handle_heartbeat(sockfd, db);
2
There are 0 peers online!
Sending netinfo
Printing 24 bytes from 0x59b0120.
--- start bytes ---
01 00 00 00 00 00 00 00 18 00 00 00 00 00 00 00 
00 00 62 d8 00 00 00 00 
--- end bytes ---
Started proc!
Started proc!
handle_acknowledge_netinfo(sockfd, db);
handle_heartbeat(sockfd, db);
3
Insterted!
family: 2, port: 53764, addr: 570463498
There are 1 peers online!
Sending netinfo
Printing 32 bytes from 0x59ca630.
--- start bytes ---
01 00 00 00 00 00 00 00 20 00 00 00 00 00 00 00 
06 28 30 cf 00 00 00 00 02 00 04 d2 0a 95 00 22 
--- end bytes ---
Started proc!
handle_acknowledge_netinfo(sockfd, db);
handle_acknowledge_netinfo(sockfd, db);
Started proc!
Insterted!
Insterted!
Started proc!
handle_heartbeat(sockfd, db);
4
family: 2, port: 53764, addr: 570463498
family: 2, port: 53764, addr: 604017930
family: 2, port: 53764, addr: 587240714
There are 3 peers online!
Sending netinfo
Printing 48 bytes from 0x59e4e90.
--- start bytes ---
01 00 00 00 00 00 00 00 30 00 00 00 00 00 00 00 
5a 13 40 73 00 00 00 00 02 00 04 d2 0a 95 00 22 
02 00 04 d2 0a 95 00 24 02 00 04 d2 0a 95 00 23 
--- end bytes ---
Started proc!
handle_heartbeat(sockfd, db);
5
family: 2, port: 53764, addr: 570463498
family: 2, port: 53764, addr: 604017930
family: 2, port: 53764, addr: 587240714
There are 3 peers online!
Sending netinfo
Printing 48 bytes from 0x59feb30.
--- start bytes ---
01 00 00 00 00 00 00 00 30 00 00 00 00 00 00 00 
5a 13 40 73 00 00 00 00 02 00 04 d2 0a 95 00 22 
02 00 04 d2 0a 95 00 24 02 00 04 d2 0a 95 00 23 
--- end bytes ---
Started proc!
handle_acknowledge_netinfo(sockfd, db);
handle_heartbeat(sockfd, db);
6
Started proc!
Insterted!
family: 2, port: 53764, addr: 570463498
family: 2, port: 53764, addr: 604017930
family: 2, port: 53764, addr: 587240714
family: 2, port: 53764, addr: 620795146
There are 4 peers online!
Sending netinfo
Printing 56 bytes from 0x5a18dd0.
--- start bytes ---
01 00 00 00 00 00 00 00 38 00 00 00 00 00 00 00 
b2 6f 5c 2b 00 00 00 00 02 00 04 d2 0a 95 00 22 
02 00 04 d2 0a 95 00 24 02 00 04 d2 0a 95 00 23 
02 00 04 d2 0a 95 00 25 
--- end bytes ---
Started proc!
handle_heartbeat(sockfd, db);
7
handle_heartbeat(sockfd, db);
8
Started proc!
Started proc!
Started proc!
handle_acknowledge_netinfo(sockfd, db);
handle_heartbeat(sockfd, db);
9
Insterted!
family: 2, port: 53764, addr: 570463498
family: 2, port: 53764, addr: 604017930
family: 2, port: 53764, addr: 587240714
family: 2, port: 53764, addr: 620795146
family: 2, port: 53764, addr: 637572362
There are 5 peers online!
Sending netinfo
Printing 64 bytes from 0x5a34180.
--- start bytes ---
01 00 00 00 00 00 00 00 40 00 00 00 00 00 00 00 
84 7a b2 6b 00 00 00 00 02 00 04 d2 0a 95 00 22 
02 00 04 d2 0a 95 00 24 02 00 04 d2 0a 95 00 23 
02 00 04 d2 0a 95 00 25 02 00 04 d2 0a 95 00 26 
--- end bytes ---
family: 2, port: 53764, addr: 570463498
family: 2, port: 53764, addr: 604017930
family: 2, port: 53764, addr: 587240714
family: 2, port: 53764, addr: 620795146
family: 2, port: 53764, addr: 637572362
There are 5 peers online!
Sending netinfo
Printing 64 bytes from 0x5a4da80.
--- start bytes ---
01 00 00 00 00 00 00 00 40 00 00 00 00 00 00 00 
84 7a b2 6b 00 00 00 00 02 00 04 d2 0a 95 00 22 
02 00 04 d2 0a 95 00 24 02 00 04 d2 0a 95 00 23 
02 00 04 d2 0a 95 00 25 02 00 04 d2 0a 95 00 26 
--- end bytes ---
family: 2, port: 53764, addr: 570463498
family: 2, port: 53764, addr: 604017930
family: 2, port: 53764, addr: 587240714
family: 2, port: 53764, addr: 620795146
There are 4 peers online!
Sending netinfo
Printing 56 bytes from 0x5a67490.
--- start bytes ---
01 00 00 00 00 00 00 00 38 00 00 00 00 00 00 00 
b2 6f 5c 2b 00 00 00 00 02 00 04 d2 0a 95 00 22 
02 00 04 d2 0a 95 00 24 02 00 04 d2 0a 95 00 23 
02 00 04 d2 0a 95 00 25 
--- end bytes ---
Started proc!
handle_heartbeat(sockfd, db);
10
family: 2, port: 53764, addr: 570463498
family: 2, port: 53764, addr: 604017930
family: 2, port: 53764, addr: 587240714
family: 2, port: 53764, addr: 620795146
family: 2, port: 53764, addr: 637572362
There are 5 peers online!
Sending netinfo
Printing 64 bytes from 0x5a81420.
--- start bytes ---
01 00 00 00 00 00 00 00 40 00 00 00 00 00 00 00 
84 7a b2 6b 00 00 00 00 02 00 04 d2 0a 95 00 22 
02 00 04 d2 0a 95 00 24 02 00 04 d2 0a 95 00 23 
02 00 04 d2 0a 95 00 25 02 00 04 d2 0a 95 00 26 
--- end bytes ---
Started proc!
handle_heartbeat(sockfd, db);
11
handle_acknowledge_netinfo(sockfd, db);
Started proc!
family: 2, port: 53764, addr: 570463498
family: 2, port: 53764, addr: 604017930
family: 2, port: 53764, addr: 587240714
family: 2, port: 53764, addr: 620795146
family: 2, port: 53764, addr: 637572362
There are 5 peers online!
Sending netinfo
Printing 64 bytes from 0x5a9b440.
--- start bytes ---
01 00 00 00 00 00 00 00 40 00 00 00 00 00 00 00 
84 7a b2 6b 00 00 00 00 02 00 04 d2 0a 95 00 22 
02 00 04 d2 0a 95 00 24 02 00 04 d2 0a 95 00 23 
02 00 04 d2 0a 95 00 25 02 00 04 d2 0a 95 00 26 
--- end bytes ---
Insterted!
Started proc!
handle_acknowledge_netinfo(sockfd, db);
handle_heartbeat(sockfd, db);
12
Started proc!
Insterted!
family: 2, port: 53764, addr: 570463498
family: 2, port: 53764, addr: 604017930
family: 2, port: 53764, addr: 587240714
family: 2, port: 53764, addr: 620795146
family: 2, port: 53764, addr: 637572362
family: 2, port: 53764, addr: 654349578
family: 2, port: 53764, addr: 671126794
There are 7 peers online!
Sending netinfo
Printing 80 bytes from 0x5ab59e0.
--- start bytes ---
01 00 00 00 00 00 00 00 50 00 00 00 00 00 00 00 
da b1 bc 79 00 00 00 00 02 00 04 d2 0a 95 00 22 
02 00 04 d2 0a 95 00 24 02 00 04 d2 0a 95 00 23 
02 00 04 d2 0a 95 00 25 02 00 04 d2 0a 95 00 26 
02 00 04 d2 0a 95 00 27 02 00 04 d2 0a 95 00 28 
--- end bytes ---
Started proc!
handle_heartbeat(sockfd, db);
13
handle_heartbeat(sockfd, db);
14
Started proc!
handle_heartbeat(sockfd, db);
15
Started proc!
Started proc!
family: 2, port: 53764, addr: 570463498
family: 2, port: 53764, addr: 604017930
family: 2, port: 53764, addr: 587240714
family: 2, port: 53764, addr: 620795146
family: 2, port: 53764, addr: 637572362
family: 2, port: 53764, addr: 654349578
family: 2, port: 53764, addr: 671126794
There are 7 peers online!
Sending netinfo
Printing 80 bytes from 0x5ad04b0.
--- start bytes ---
01 00 00 00 00 00 00 00 50 00 00 00 00 00 00 00 
da b1 bc 79 00 00 00 00 02 00 04 d2 0a 95 00 22 
02 00 04 d2 0a 95 00 24 02 00 04 d2 0a 95 00 23 
02 00 04 d2 0a 95 00 25 02 00 04 d2 0a 95 00 26 
02 00 04 d2 0a 95 00 27 02 00 04 d2 0a 95 00 28 
--- end bytes ---
handle_acknowledge_netinfo(sockfd, db);
family: 2, port: 53764, addr: 570463498
family: 2, port: 53764, addr: 604017930
family: 2, port: 53764, addr: 587240714
family: 2, port: 53764, addr: 620795146
family: 2, port: 53764, addr: 637572362
family: 2, port: 53764, addr: 654349578
family: 2, port: 53764, addr: 671126794
There are 7 peers online!
Sending netinfo
Printing 80 bytes from 0x5aea0a0.
--- start bytes ---
01 00 00 00 00 00 00 00 50 00 00 00 00 00 00 00 
da b1 bc 79 00 00 00 00 02 00 04 d2 0a 95 00 22 
02 00 04 d2 0a 95 00 24 02 00 04 d2 0a 95 00 23 
02 00 04 d2 0a 95 00 25 02 00 04 d2 0a 95 00 26 
02 00 04 d2 0a 95 00 27 02 00 04 d2 0a 95 00 28 
--- end bytes ---
Insterted!
family: 2, port: 53764, addr: 570463498
family: 2, port: 53764, addr: 604017930
family: 2, port: 53764, addr: 587240714
family: 2, port: 53764, addr: 620795146
family: 2, port: 53764, addr: 637572362
family: 2, port: 53764, addr: 654349578
family: 2, port: 53764, addr: 671126794
family: 2, port: 53764, addr: 687904010
There are 8 peers online!
Sending netinfo
Printing 88 bytes from 0x5b03ca0.
--- start bytes ---
01 00 00 00 00 00 00 00 58 00 00 00 00 00 00 00 
b2 5a c8 38 00 00 00 00 02 00 04 d2 0a 95 00 22 
02 00 04 d2 0a 95 00 24 02 00 04 d2 0a 95 00 23 
02 00 04 d2 0a 95 00 25 02 00 04 d2 0a 95 00 26 
02 00 04 d2 0a 95 00 27 02 00 04 d2 0a 95 00 28 
02 00 04 d2 0a 95 00 29 
--- end bytes ---
Started proc!
handle_heartbeat(sockfd, db);
16
handle_heartbeat(sockfd, db);
17
Started proc!
Started proc!
handle_heartbeat(sockfd, db);
18
family: 2, port: 53764, addr: 570463498
family: 2, port: 53764, addr: 604017930
family: 2, port: 53764, addr: 587240714
family: 2, port: 53764, addr: 620795146
family: 2, port: 53764, addr: 637572362
family: 2, port: 53764, addr: 654349578
family: 2, port: 53764, addr: 671126794
family: 2, port: 53764, addr: 687904010
There are 8 peers online!
Sending netinfo
Printing 88 bytes from 0x5b1e460.
--- start bytes ---
01 00 00 00 00 00 00 00 58 00 00 00 00 00 00 00 
b2 5a c8 38 00 00 00 00 02 00 04 d2 0a 95 00 22 
02 00 04 d2 0a 95 00 24 02 00 04 d2 0a 95 00 23 
02 00 04 d2 0a 95 00 25 02 00 04 d2 0a 95 00 26 
02 00 04 d2 0a 95 00 27 02 00 04 d2 0a 95 00 28 
02 00 04 d2 0a 95 00 29 
--- end bytes ---
family: 2, port: 53764, addr: 570463498
family: 2, port: 53764, addr: 604017930
family: 2, port: 53764, addr: 587240714
family: 2, port: 53764, addr: 620795146
family: 2, port: 53764, addr: 637572362
family: 2, port: 53764, addr: 654349578
family: 2, port: 53764, addr: 671126794
family: 2, port: 53764, addr: 687904010
There are 8 peers online!
Sending netinfo
Printing 88 bytes from 0x5b38080.
--- start bytes ---
01 00 00 00 00 00 00 00 58 00 00 00 00 00 00 00 
b2 5a c8 38 00 00 00 00 02 00 04 d2 0a 95 00 22 
02 00 04 d2 0a 95 00 24 02 00 04 d2 0a 95 00 23 
02 00 04 d2 0a 95 00 25 02 00 04 d2 0a 95 00 26 
02 00 04 d2 0a 95 00 27 02 00 04 d2 0a 95 00 28 
02 00 04 d2 0a 95 00 29 
--- end bytes ---
family: 2, port: 53764, addr: 570463498
family: 2, port: 53764, addr: 604017930
family: 2, port: 53764, addr: 587240714
family: 2, port: 53764, addr: 620795146
family: 2, port: 53764, addr: 637572362
family: 2, port: 53764, addr: 654349578
family: 2, port: 53764, addr: 671126794
family: 2, port: 53764, addr: 687904010
There are 8 peers online!
Sending netinfo
Printing 88 bytes from 0x5b519f0.
--- start bytes ---
01 00 00 00 00 00 00 00 58 00 00 00 00 00 00 00 
b2 5a c8 38 00 00 00 00 02 00 04 d2 0a 95 00 22 
02 00 04 d2 0a 95 00 24 02 00 04 d2 0a 95 00 23 
02 00 04 d2 0a 95 00 25 02 00 04 d2 0a 95 00 26 
02 00 04 d2 0a 95 00 27 02 00 04 d2 0a 95 00 28 
02 00 04 d2 0a 95 00 29 
--- end bytes ---
Started proc!
handle_acknowledge_netinfo(sockfd, db);
handle_heartbeat(sockfd, db);
19
Started proc!
Started proc!
handle_heartbeat(sockfd, db);
20
family: 2, port: 53764, addr: 570463498
family: 2, port: 53764, addr: 604017930
family: 2, port: 53764, addr: 587240714
family: 2, port: 53764, addr: 620795146
family: 2, port: 53764, addr: 637572362
family: 2, port: 53764, addr: 654349578
family: 2, port: 53764, addr: 671126794
family: 2, port: 53764, addr: 687904010
There are 8 peers online!
Sending netinfo
Printing 88 bytes from 0x5b6c110.
--- start bytes ---
01 00 00 00 00 00 00 00 58 00 00 00 00 00 00 00 
b2 5a c8 38 00 00 00 00 02 00 04 d2 0a 95 00 22 
02 00 04 d2 0a 95 00 24 02 00 04 d2 0a 95 00 23 
02 00 04 d2 0a 95 00 25 02 00 04 d2 0a 95 00 26 
02 00 04 d2 0a 95 00 27 02 00 04 d2 0a 95 00 28 
02 00 04 d2 0a 95 00 29 
--- end bytes ---
family: 2, port: 53764, addr: 570463498
family: 2, port: 53764, addr: 604017930
family: 2, port: 53764, addr: 587240714
family: 2, port: 53764, addr: 620795146
family: 2, port: 53764, addr: 637572362
family: 2, port: 53764, addr: 654349578
family: 2, port: 53764, addr: 671126794
family: 2, port: 53764, addr: 687904010
There are 8 peers online!
Sending netinfo
Printing 88 bytes from 0x5b85a80.
--- start bytes ---
01 00 00 00 00 00 00 00 58 00 00 00 00 00 00 00 
b2 5a c8 38 00 00 00 00 02 00 04 d2 0a 95 00 22 
02 00 04 d2 0a 95 00 24 02 00 04 d2 0a 95 00 23 
02 00 04 d2 0a 95 00 25 02 00 04 d2 0a 95 00 26 
02 00 04 d2 0a 95 00 27 02 00 04 d2 0a 95 00 28 
02 00 04 d2 0a 95 00 29 
--- end bytes ---
Insterted!
Started proc!
handle_acknowledge_netinfo(sockfd, db);
handle_heartbeat(sockfd, db);
21
Started proc!
Started proc!
handle_acknowledge_netinfo(sockfd, db);
Insterted!
Insterted!
family: 2, port: 53764, addr: 570463498
family: 2, port: 53764, addr: 604017930
family: 2, port: 53764, addr: 587240714
family: 2, port: 53764, addr: 620795146
family: 2, port: 53764, addr: 637572362
family: 2, port: 53764, addr: 654349578
family: 2, port: 53764, addr: 671126794
family: 2, port: 53764, addr: 687904010
family: 2, port: 53764, addr: 704681226
family: 2, port: 53764, addr: 721458442
family: 2, port: 53764, addr: 553686282
There are 11 peers online!
Sending netinfo
Printing 112 bytes from 0x5ba0940.
--- start bytes ---
01 00 00 00 00 00 00 00 70 00 00 00 00 00 00 00 
52 77 fe 88 00 00 00 00 02 00 04 d2 0a 95 00 22 
02 00 04 d2 0a 95 00 24 02 00 04 d2 0a 95 00 23 
02 00 04 d2 0a 95 00 25 02 00 04 d2 0a 95 00 26 
02 00 04 d2 0a 95 00 27 02 00 04 d2 0a 95 00 28 
02 00 04 d2 0a 95 00 29 02 00 04 d2 0a 95 00 2a 
02 00 04 d2 0a 95 00 2b 02 00 04 d2 0a 95 00 21 
--- end bytes ---
Started proc!
handle_heartbeat(sockfd, db);
22
handle_heartbeat(sockfd, db);
23
Started proc!
family: 2, port: 53764, addr: 570463498
family: 2, port: 53764, addr: 604017930
family: 2, port: 53764, addr: 587240714
family: 2, port: 53764, addr: 620795146
family: 2, port: 53764, addr: 637572362
family: 2, port: 53764, addr: 654349578
family: 2, port: 53764, addr: 671126794
family: 2, port: 53764, addr: 687904010
family: 2, port: 53764, addr: 704681226
family: 2, port: 53764, addr: 721458442
family: 2, port: 53764, addr: 553686282
There are 11 peers online!
Sending netinfo
Printing 112 bytes from 0x5bbad70.
--- start bytes ---
01 00 00 00 00 00 00 00 70 00 00 00 00 00 00 00 
52 77 fe 88 00 00 00 00 02 00 04 d2 0a 95 00 22 
02 00 04 d2 0a 95 00 24 02 00 04 d2 0a 95 00 23 
02 00 04 d2 0a 95 00 25 02 00 04 d2 0a 95 00 26 
02 00 04 d2 0a 95 00 27 02 00 04 d2 0a 95 00 28 
02 00 04 d2 0a 95 00 29 02 00 04 d2 0a 95 00 2a 
02 00 04 d2 0a 95 00 2b 02 00 04 d2 0a 95 00 21 
--- end bytes ---
family: 2, port: 53764, addr: 570463498
family: 2, port: 53764, addr: 604017930
family: 2, port: 53764, addr: 587240714
family: 2, port: 53764, addr: 620795146
family: 2, port: 53764, addr: 637572362
family: 2, port: 53764, addr: 654349578
family: 2, port: 53764, addr: 671126794
family: 2, port: 53764, addr: 687904010
family: 2, port: 53764, addr: 704681226
family: 2, port: 53764, addr: 721458442
family: 2, port: 53764, addr: 553686282
There are 11 peers online!
Sending netinfo
Printing 112 bytes from 0x5bd4730.
--- start bytes ---
01 00 00 00 00 00 00 00 70 00 00 00 00 00 00 00 
52 77 fe 88 00 00 00 00 02 00 04 d2 0a 95 00 22 
02 00 04 d2 0a 95 00 24 02 00 04 d2 0a 95 00 23 
02 00 04 d2 0a 95 00 25 02 00 04 d2 0a 95 00 26 
02 00 04 d2 0a 95 00 27 02 00 04 d2 0a 95 00 28 
02 00 04 d2 0a 95 00 29 02 00 04 d2 0a 95 00 2a 
02 00 04 d2 0a 95 00 2b 02 00 04 d2 0a 95 00 21 
--- end bytes ---
Started proc!
handle_heartbeat(sockfd, db);
24
handle_heartbeat(sockfd, db);
25
Started proc!
family: 2, port: 53764, addr: 570463498
family: 2, port: 53764, addr: 604017930
family: 2, port: 53764, addr: 587240714
family: 2, port: 53764, addr: 620795146
family: 2, port: 53764, addr: 637572362
family: 2, port: 53764, addr: 654349578
family: 2, port: 53764, addr: 671126794
family: 2, port: 53764, addr: 687904010
family: 2, port: 53764, addr: 704681226
family: 2, port: 53764, addr: 721458442
family: 2, port: 53764, addr: 553686282
There are 11 peers online!
Sending netinfo
Printing 112 bytes from 0x5beee10.
--- start bytes ---
01 00 00 00 00 00 00 00 70 00 00 00 00 00 00 00 
52 77 fe 88 00 00 00 00 02 00 04 d2 0a 95 00 22 
02 00 04 d2 0a 95 00 24 02 00 04 d2 0a 95 00 23 
02 00 04 d2 0a 95 00 25 02 00 04 d2 0a 95 00 26 
02 00 04 d2 0a 95 00 27 02 00 04 d2 0a 95 00 28 
02 00 04 d2 0a 95 00 29 02 00 04 d2 0a 95 00 2a 
02 00 04 d2 0a 95 00 2b 02 00 04 d2 0a 95 00 21 
--- end bytes ---
family: 2, port: 53764, addr: 570463498
family: 2, port: 53764, addr: 604017930
family: 2, port: 53764, addr: 587240714
family: 2, port: 53764, addr: 620795146
family: 2, port: 53764, addr: 637572362
family: 2, port: 53764, addr: 654349578
family: 2, port: 53764, addr: 671126794
family: 2, port: 53764, addr: 687904010
family: 2, port: 53764, addr: 704681226
family: 2, port: 53764, addr: 721458442
family: 2, port: 53764, addr: 553686282
There are 11 peers online!
Sending netinfo
Printing 112 bytes from 0x5c087d0.
--- start bytes ---
01 00 00 00 00 00 00 00 70 00 00 00 00 00 00 00 
52 77 fe 88 00 00 00 00 02 00 04 d2 0a 95 00 22 
02 00 04 d2 0a 95 00 24 02 00 04 d2 0a 95 00 23 
02 00 04 d2 0a 95 00 25 02 00 04 d2 0a 95 00 26 
02 00 04 d2 0a 95 00 27 02 00 04 d2 0a 95 00 28 
02 00 04 d2 0a 95 00 29 02 00 04 d2 0a 95 00 2a 
02 00 04 d2 0a 95 00 2b 02 00 04 d2 0a 95 00 21 
--- end bytes ---
Started proc!
handle_heartbeat(sockfd, db);
26
Started proc!
handle_heartbeat(sockfd, db);
27
handle_heartbeat(sockfd, db);
28
Started proc!
family: 2, port: 53764, addr: 570463498
family: 2, port: 53764, addr: 604017930
family: 2, port: 53764, addr: 587240714
family: 2, port: 53764, addr: 620795146
family: 2, port: 53764, addr: 637572362
family: 2, port: 53764, addr: 654349578
family: 2, port: 53764, addr: 671126794
family: 2, port: 53764, addr: 687904010
family: 2, port: 53764, addr: 704681226
family: 2, port: 53764, addr: 721458442
family: 2, port: 53764, addr: 553686282
There are 11 peers online!
Sending netinfo
Printing 112 bytes from 0x5c23460.
--- start bytes ---
01 00 00 00 00 00 00 00 70 00 00 00 00 00 00 00 
52 77 fe 88 00 00 00 00 02 00 04 d2 0a 95 00 22 
02 00 04 d2 0a 95 00 24 02 00 04 d2 0a 95 00 23 
02 00 04 d2 0a 95 00 25 02 00 04 d2 0a 95 00 26 
02 00 04 d2 0a 95 00 27 02 00 04 d2 0a 95 00 28 
02 00 04 d2 0a 95 00 29 02 00 04 d2 0a 95 00 2a 
02 00 04 d2 0a 95 00 2b 02 00 04 d2 0a 95 00 21 
--- end bytes ---
family: 2, port: 53764, addr: 570463498
family: 2, port: 53764, addr: 604017930
family: 2, port: 53764, addr: 587240714
family: 2, port: 53764, addr: 620795146
family: 2, port: 53764, addr: 637572362
family: 2, port: 53764, addr: 654349578
family: 2, port: 53764, addr: 671126794
family: 2, port: 53764, addr: 687904010
family: 2, port: 53764, addr: 704681226
family: 2, port: 53764, addr: 721458442
family: 2, port: 53764, addr: 553686282
There are 11 peers online!
Sending netinfo
Printing 112 bytes from 0x5c3d0d0.
--- start bytes ---
01 00 00 00 00 00 00 00 70 00 00 00 00 00 00 00 
52 77 fe 88 00 00 00 00 02 00 04 d2 0a 95 00 22 
02 00 04 d2 0a 95 00 24 02 00 04 d2 0a 95 00 23 
02 00 04 d2 0a 95 00 25 02 00 04 d2 0a 95 00 26 
02 00 04 d2 0a 95 00 27 02 00 04 d2 0a 95 00 28 
02 00 04 d2 0a 95 00 29 02 00 04 d2 0a 95 00 2a 
02 00 04 d2 0a 95 00 2b 02 00 04 d2 0a 95 00 21 
--- end bytes ---
family: 2, port: 53764, addr: 570463498
family: 2, port: 53764, addr: 604017930
family: 2, port: 53764, addr: 587240714
family: 2, port: 53764, addr: 620795146
family: 2, port: 53764, addr: 637572362
family: 2, port: 53764, addr: 654349578
family: 2, port: 53764, addr: 671126794
family: 2, port: 53764, addr: 687904010
family: 2, port: 53764, addr: 704681226
family: 2, port: 53764, addr: 721458442
family: 2, port: 53764, addr: 553686282
There are 11 peers online!
Sending netinfo
Printing 112 bytes from 0x5c56b70.
--- start bytes ---
01 00 00 00 00 00 00 00 70 00 00 00 00 00 00 00 
52 77 fe 88 00 00 00 00 02 00 04 d2 0a 95 00 22 
02 00 04 d2 0a 95 00 24 02 00 04 d2 0a 95 00 23 
02 00 04 d2 0a 95 00 25 02 00 04 d2 0a 95 00 26 
02 00 04 d2 0a 95 00 27 02 00 04 d2 0a 95 00 28 
02 00 04 d2 0a 95 00 29 02 00 04 d2 0a 95 00 2a 
02 00 04 d2 0a 95 00 2b 02 00 04 d2 0a 95 00 21 
--- end bytes ---
Started proc!
handle_heartbeat(sockfd, db);
29
handle_heartbeat(sockfd, db);
30
Started proc!
Started proc!
handle_heartbeat(sockfd, db);
31
family: 2, port: 53764, addr: 570463498
family: 2, port: 53764, addr: 604017930
family: 2, port: 53764, addr: 587240714
family: 2, port: 53764, addr: 620795146
family: 2, port: 53764, addr: 637572362
family: 2, port: 53764, addr: 654349578
family: 2, port: 53764, addr: 671126794
family: 2, port: 53764, addr: 687904010
family: 2, port: 53764, addr: 704681226
family: 2, port: 53764, addr: 721458442
family: 2, port: 53764, addr: 553686282
There are 11 peers online!
Sending netinfo
Printing 112 bytes from 0x5c71380.
--- start bytes ---
01 00 00 00 00 00 00 00 70 00 00 00 00 00 00 00 
52 77 fe 88 00 00 00 00 02 00 04 d2 0a 95 00 22 
02 00 04 d2 0a 95 00 24 02 00 04 d2 0a 95 00 23 
02 00 04 d2 0a 95 00 25 02 00 04 d2 0a 95 00 26 
02 00 04 d2 0a 95 00 27 02 00 04 d2 0a 95 00 28 
02 00 04 d2 0a 95 00 29 02 00 04 d2 0a 95 00 2a 
02 00 04 d2 0a 95 00 2b 02 00 04 d2 0a 95 00 21 
--- end bytes ---
family: 2, port: 53764, addr: 570463498
family: 2, port: 53764, addr: 604017930
family: 2, port: 53764, addr: 587240714
family: 2, port: 53764, addr: 620795146
family: 2, port: 53764, addr: 637572362
family: 2, port: 53764, addr: 654349578
family: 2, port: 53764, addr: 671126794
family: 2, port: 53764, addr: 687904010
family: 2, port: 53764, addr: 704681226
family: 2, port: 53764, addr: 721458442
family: 2, port: 53764, addr: 553686282
There are 11 peers online!
Sending netinfo
Printing 112 bytes from 0x5c8aff0.
--- start bytes ---
01 00 00 00 00 00 00 00 70 00 00 00 00 00 00 00 
52 77 fe 88 00 00 00 00 02 00 04 d2 0a 95 00 22 
02 00 04 d2 0a 95 00 24 02 00 04 d2 0a 95 00 23 
02 00 04 d2 0a 95 00 25 02 00 04 d2 0a 95 00 26 
02 00 04 d2 0a 95 00 27 02 00 04 d2 0a 95 00 28 
02 00 04 d2 0a 95 00 29 02 00 04 d2 0a 95 00 2a 
02 00 04 d2 0a 95 00 2b 02 00 04 d2 0a 95 00 21 
--- end bytes ---
family: 2, port: 53764, addr: 570463498
family: 2, port: 53764, addr: 604017930
family: 2, port: 53764, addr: 587240714
family: 2, port: 53764, addr: 620795146
family: 2, port: 53764, addr: 637572362
family: 2, port: 53764, addr: 654349578
family: 2, port: 53764, addr: 671126794
family: 2, port: 53764, addr: 687904010
family: 2, port: 53764, addr: 704681226
family: 2, port: 53764, addr: 721458442
family: 2, port: 53764, addr: 553686282
There are 11 peers online!
Sending netinfo
Printing 112 bytes from 0x5ca4c60.
--- start bytes ---
01 00 00 00 00 00 00 00 70 00 00 00 00 00 00 00 
52 77 fe 88 00 00 00 00 02 00 04 d2 0a 95 00 22 
02 00 04 d2 0a 95 00 24 02 00 04 d2 0a 95 00 23 
02 00 04 d2 0a 95 00 25 02 00 04 d2 0a 95 00 26 
02 00 04 d2 0a 95 00 27 02 00 04 d2 0a 95 00 28 
02 00 04 d2 0a 95 00 29 02 00 04 d2 0a 95 00 2a 
02 00 04 d2 0a 95 00 2b 02 00 04 d2 0a 95 00 21 
--- end bytes ---
Started proc!
handle_heartbeat(sockfd, db);
32
family: 2, port: 53764, addr: 570463498
family: 2, port: 53764, addr: 604017930
family: 2, port: 53764, addr: 587240714
family: 2, port: 53764, addr: 620795146
family: 2, port: 53764, addr: 637572362
family: 2, port: 53764, addr: 654349578
family: 2, port: 53764, addr: 671126794
family: 2, port: 53764, addr: 687904010
family: 2, port: 53764, addr: 704681226
family: 2, port: 53764, addr: 721458442
family: 2, port: 53764, addr: 553686282
There are 11 peers online!
Sending netinfo
Printing 112 bytes from 0x5cbecb0.
--- start bytes ---
01 00 00 00 00 00 00 00 70 00 00 00 00 00 00 00 
52 77 fe 88 00 00 00 00 02 00 04 d2 0a 95 00 22 
02 00 04 d2 0a 95 00 24 02 00 04 d2 0a 95 00 23 
02 00 04 d2 0a 95 00 25 02 00 04 d2 0a 95 00 26 
02 00 04 d2 0a 95 00 27 02 00 04 d2 0a 95 00 28 
02 00 04 d2 0a 95 00 29 02 00 04 d2 0a 95 00 2a 
02 00 04 d2 0a 95 00 2b 02 00 04 d2 0a 95 00 21 
--- end bytes ---
Started proc!
handle_heartbeat(sockfd, db);
33
Started proc!
handle_heartbeat(sockfd, db);
34
family: 2, port: 53764, addr: 570463498
family: 2, port: 53764, addr: 604017930
family: 2, port: 53764, addr: 587240714
family: 2, port: 53764, addr: 620795146
family: 2, port: 53764, addr: 637572362
family: 2, port: 53764, addr: 654349578
family: 2, port: 53764, addr: 671126794
family: 2, port: 53764, addr: 687904010
family: 2, port: 53764, addr: 704681226
family: 2, port: 53764, addr: 721458442
family: 2, port: 53764, addr: 553686282
There are 11 peers online!
Sending netinfo
Printing 112 bytes from 0x5cd90e0.
--- start bytes ---
01 00 00 00 00 00 00 00 70 00 00 00 00 00 00 00 
52 77 fe 88 00 00 00 00 02 00 04 d2 0a 95 00 22 
02 00 04 d2 0a 95 00 24 02 00 04 d2 0a 95 00 23 
02 00 04 d2 0a 95 00 25 02 00 04 d2 0a 95 00 26 
02 00 04 d2 0a 95 00 27 02 00 04 d2 0a 95 00 28 
02 00 04 d2 0a 95 00 29 02 00 04 d2 0a 95 00 2a 
02 00 04 d2 0a 95 00 2b 02 00 04 d2 0a 95 00 21 
--- end bytes ---
family: 2, port: 53764, addr: 570463498
family: 2, port: 53764, addr: 604017930
family: 2, port: 53764, addr: 587240714
family: 2, port: 53764, addr: 620795146
family: 2, port: 53764, addr: 637572362
family: 2, port: 53764, addr: 654349578
family: 2, port: 53764, addr: 671126794
family: 2, port: 53764, addr: 687904010
family: 2, port: 53764, addr: 704681226
family: 2, port: 53764, addr: 721458442
family: 2, port: 53764, addr: 553686282
There are 11 peers online!
Sending netinfo
Printing 112 bytes from 0x5cf2aa0.
--- start bytes ---
01 00 00 00 00 00 00 00 70 00 00 00 00 00 00 00 
52 77 fe 88 00 00 00 00 02 00 04 d2 0a 95 00 22 
02 00 04 d2 0a 95 00 24 02 00 04 d2 0a 95 00 23 
02 00 04 d2 0a 95 00 25 02 00 04 d2 0a 95 00 26 
02 00 04 d2 0a 95 00 27 02 00 04 d2 0a 95 00 28 
02 00 04 d2 0a 95 00 29 02 00 04 d2 0a 95 00 2a 
02 00 04 d2 0a 95 00 2b 02 00 04 d2 0a 95 00 21 
--- end bytes ---
Started proc!
handle_heartbeat(sockfd, db);
35
handle_heartbeat(sockfd, db);
36
Started proc!
family: 2, port: 53764, addr: 570463498
family: 2, port: 53764, addr: 604017930
family: 2, port: 53764, addr: 587240714
family: 2, port: 53764, addr: 620795146
family: 2, port: 53764, addr: 637572362
family: 2, port: 53764, addr: 654349578
family: 2, port: 53764, addr: 671126794
family: 2, port: 53764, addr: 687904010
family: 2, port: 53764, addr: 704681226
family: 2, port: 53764, addr: 721458442
family: 2, port: 53764, addr: 553686282
There are 11 peers online!
Sending netinfo
Printing 112 bytes from 0x5d0d180.
--- start bytes ---
01 00 00 00 00 00 00 00 70 00 00 00 00 00 00 00 
52 77 fe 88 00 00 00 00 02 00 04 d2 0a 95 00 22 
02 00 04 d2 0a 95 00 24 02 00 04 d2 0a 95 00 23 
02 00 04 d2 0a 95 00 25 02 00 04 d2 0a 95 00 26 
02 00 04 d2 0a 95 00 27 02 00 04 d2 0a 95 00 28 
02 00 04 d2 0a 95 00 29 02 00 04 d2 0a 95 00 2a 
02 00 04 d2 0a 95 00 2b 02 00 04 d2 0a 95 00 21 
--- end bytes ---
family: 2, port: 53764, addr: 570463498
family: 2, port: 53764, addr: 604017930
family: 2, port: 53764, addr: 587240714
family: 2, port: 53764, addr: 620795146
family: 2, port: 53764, addr: 637572362
family: 2, port: 53764, addr: 654349578
family: 2, port: 53764, addr: 671126794
family: 2, port: 53764, addr: 687904010
family: 2, port: 53764, addr: 704681226
family: 2, port: 53764, addr: 721458442
family: 2, port: 53764, addr: 553686282
There are 11 peers online!
Sending netinfo
Printing 112 bytes from 0x5d26df0.
--- start bytes ---
01 00 00 00 00 00 00 00 70 00 00 00 00 00 00 00 
52 77 fe 88 00 00 00 00 02 00 04 d2 0a 95 00 22 
02 00 04 d2 0a 95 00 24 02 00 04 d2 0a 95 00 23 
02 00 04 d2 0a 95 00 25 02 00 04 d2 0a 95 00 26 
02 00 04 d2 0a 95 00 27 02 00 04 d2 0a 95 00 28 
02 00 04 d2 0a 95 00 29 02 00 04 d2 0a 95 00 2a 
02 00 04 d2 0a 95 00 2b 02 00 04 d2 0a 95 00 21 
--- end bytes ---
Started proc!
handle_heartbeat(sockfd, db);
37
handle_heartbeat(sockfd, db);
38
Started proc!
Started proc!
handle_heartbeat(sockfd, db);
39
family: 2, port: 53764, addr: 570463498
family: 2, port: 53764, addr: 604017930
family: 2, port: 53764, addr: 587240714
family: 2, port: 53764, addr: 620795146
family: 2, port: 53764, addr: 637572362
family: 2, port: 53764, addr: 654349578
family: 2, port: 53764, addr: 671126794
family: 2, port: 53764, addr: 687904010
family: 2, port: 53764, addr: 704681226
family: 2, port: 53764, addr: 721458442
family: 2, port: 53764, addr: 553686282
There are 11 peers online!
Sending netinfo
Printing 112 bytes from 0x5d417d0.
--- start bytes ---
01 00 00 00 00 00 00 00 70 00 00 00 00 00 00 00 
52 77 fe 88 00 00 00 00 02 00 04 d2 0a 95 00 22 
02 00 04 d2 0a 95 00 24 02 00 04 d2 0a 95 00 23 
02 00 04 d2 0a 95 00 25 02 00 04 d2 0a 95 00 26 
02 00 04 d2 0a 95 00 27 02 00 04 d2 0a 95 00 28 
02 00 04 d2 0a 95 00 29 02 00 04 d2 0a 95 00 2a 
02 00 04 d2 0a 95 00 2b 02 00 04 d2 0a 95 00 21 
--- end bytes ---
family: 2, port: 53764, addr: 570463498
family: 2, port: 53764, addr: 604017930
family: 2, port: 53764, addr: 587240714
family: 2, port: 53764, addr: 620795146
family: 2, port: 53764, addr: 637572362
family: 2, port: 53764, addr: 654349578
family: 2, port: 53764, addr: 671126794
family: 2, port: 53764, addr: 687904010
family: 2, port: 53764, addr: 704681226
family: 2, port: 53764, addr: 721458442
family: 2, port: 53764, addr: 553686282
There are 11 peers online!
Sending netinfo
Printing 112 bytes from 0x5d45d80.
--- start bytes ---
01 00 00 00 00 00 00 00 70 00 00 00 00 00 00 00 
52 77 fe 88 00 00 00 00 02 00 04 d2 0a 95 00 22 
02 00 04 d2 0a 95 00 24 02 00 04 d2 0a 95 00 23 
02 00 04 d2 0a 95 00 25 02 00 04 d2 0a 95 00 26 
02 00 04 d2 0a 95 00 27 02 00 04 d2 0a 95 00 28 
02 00 04 d2 0a 95 00 29 02 00 04 d2 0a 95 00 2a 
02 00 04 d2 0a 95 00 2b 02 00 04 d2 0a 95 00 21 
--- end bytes ---
family: 2, port: 53764, addr: 570463498
family: 2, port: 53764, addr: 604017930
family: 2, port: 53764, addr: 587240714
family: 2, port: 53764, addr: 620795146
family: 2, port: 53764, addr: 637572362
family: 2, port: 53764, addr: 654349578
family: 2, port: 53764, addr: 671126794
family: 2, port: 53764, addr: 687904010
family: 2, port: 53764, addr: 704681226
family: 2, port: 53764, addr: 721458442
family: 2, port: 53764, addr: 553686282
There are 11 peers online!
Sending netinfo
Printing 112 bytes from 0x5d4a250.
--- start bytes ---
01 00 00 00 00 00 00 00 70 00 00 00 00 00 00 00 
52 77 fe 88 00 00 00 00 02 00 04 d2 0a 95 00 22 
02 00 04 d2 0a 95 00 24 02 00 04 d2 0a 95 00 23 
02 00 04 d2 0a 95 00 25 02 00 04 d2 0a 95 00 26 
02 00 04 d2 0a 95 00 27 02 00 04 d2 0a 95 00 28 
02 00 04 d2 0a 95 00 29 02 00 04 d2 0a 95 00 2a 
02 00 04 d2 0a 95 00 2b 02 00 04 d2 0a 95 00 21 
--- end bytes ---
Started proc!
handle_heartbeat(sockfd, db);
40
handle_heartbeat(sockfd, db);
41
Started proc!
Started proc!
handle_heartbeat(sockfd, db);
42
family: 2, port: 53764, addr: 570463498
family: 2, port: 53764, addr: 604017930
family: 2, port: 53764, addr: 587240714
family: 2, port: 53764, addr: 620795146
family: 2, port: 53764, addr: 637572362
family: 2, port: 53764, addr: 654349578
family: 2, port: 53764, addr: 671126794
family: 2, port: 53764, addr: 687904010
family: 2, port: 53764, addr: 704681226
family: 2, port: 53764, addr: 721458442
family: 2, port: 53764, addr: 553686282
There are 11 peers online!
Sending netinfo
Printing 112 bytes from 0x5d4e7d0.
--- start bytes ---
01 00 00 00 00 00 00 00 70 00 00 00 00 00 00 00 
52 77 fe 88 00 00 00 00 02 00 04 d2 0a 95 00 22 
02 00 04 d2 0a 95 00 24 02 00 04 d2 0a 95 00 23 
02 00 04 d2 0a 95 00 25 02 00 04 d2 0a 95 00 26 
02 00 04 d2 0a 95 00 27 02 00 04 d2 0a 95 00 28 
02 00 04 d2 0a 95 00 29 02 00 04 d2 0a 95 00 2a 
02 00 04 d2 0a 95 00 2b 02 00 04 d2 0a 95 00 21 
--- end bytes ---
family: 2, port: 53764, addr: 570463498
family: 2, port: 53764, addr: 604017930
family: 2, port: 53764, addr: 587240714
family: 2, port: 53764, addr: 620795146
family: 2, port: 53764, addr: 637572362
family: 2, port: 53764, addr: 654349578
family: 2, port: 53764, addr: 671126794
family: 2, port: 53764, addr: 687904010
family: 2, port: 53764, addr: 704681226
family: 2, port: 53764, addr: 721458442
family: 2, port: 53764, addr: 553686282
There are 11 peers online!
Sending netinfo
Printing 112 bytes from 0x67ae3b0.
--- start bytes ---
01 00 00 00 00 00 00 00 70 00 00 00 00 00 00 00 
52 77 fe 88 00 00 00 00 02 00 04 d2 0a 95 00 22 
02 00 04 d2 0a 95 00 24 02 00 04 d2 0a 95 00 23 
02 00 04 d2 0a 95 00 25 02 00 04 d2 0a 95 00 26 
02 00 04 d2 0a 95 00 27 02 00 04 d2 0a 95 00 28 
02 00 04 d2 0a 95 00 29 02 00 04 d2 0a 95 00 2a 
02 00 04 d2 0a 95 00 2b 02 00 04 d2 0a 95 00 21 
--- end bytes ---
family: 2, port: 53764, addr: 570463498
family: 2, port: 53764, addr: 604017930
family: 2, port: 53764, addr: 587240714
family: 2, port: 53764, addr: 620795146
family: 2, port: 53764, addr: 637572362
family: 2, port: 53764, addr: 654349578
family: 2, port: 53764, addr: 671126794
family: 2, port: 53764, addr: 687904010
family: 2, port: 53764, addr: 704681226
family: 2, port: 53764, addr: 721458442
family: 2, port: 53764, addr: 553686282
There are 11 peers online!
Sending netinfo
Printing 112 bytes from 0x67c8020.
--- start bytes ---
01 00 00 00 00 00 00 00 70 00 00 00 00 00 00 00 
52 77 fe 88 00 00 00 00 02 00 04 d2 0a 95 00 22 
02 00 04 d2 0a 95 00 24 02 00 04 d2 0a 95 00 23 
02 00 04 d2 0a 95 00 25 02 00 04 d2 0a 95 00 26 
02 00 04 d2 0a 95 00 27 02 00 04 d2 0a 95 00 28 
02 00 04 d2 0a 95 00 29 02 00 04 d2 0a 95 00 2a 
02 00 04 d2 0a 95 00 2b 02 00 04 d2 0a 95 00 21 
--- end bytes ---
Started proc!
handle_heartbeat(sockfd, db);
43
family: 2, port: 53764, addr: 570463498
family: 2, port: 53764, addr: 604017930
family: 2, port: 53764, addr: 587240714
family: 2, port: 53764, addr: 620795146
family: 2, port: 53764, addr: 637572362
family: 2, port: 53764, addr: 654349578
family: 2, port: 53764, addr: 671126794
family: 2, port: 53764, addr: 687904010
family: 2, port: 53764, addr: 704681226
family: 2, port: 53764, addr: 721458442
family: 2, port: 53764, addr: 553686282
There are 11 peers online!
Sending netinfo
Printing 112 bytes from 0x67e2070.
--- start bytes ---
01 00 00 00 00 00 00 00 70 00 00 00 00 00 00 00 
52 77 fe 88 00 00 00 00 02 00 04 d2 0a 95 00 22 
02 00 04 d2 0a 95 00 24 02 00 04 d2 0a 95 00 23 
02 00 04 d2 0a 95 00 25 02 00 04 d2 0a 95 00 26 
02 00 04 d2 0a 95 00 27 02 00 04 d2 0a 95 00 28 
02 00 04 d2 0a 95 00 29 02 00 04 d2 0a 95 00 2a 
02 00 04 d2 0a 95 00 2b 02 00 04 d2 0a 95 00 21 
--- end bytes ---
Started proc!
handle_heartbeat(sockfd, db);
44
handle_heartbeat(sockfd, db);
45
Started proc!
family: 2, port: 53764, addr: 570463498
family: 2, port: 53764, addr: 604017930
family: 2, port: 53764, addr: 587240714
family: 2, port: 53764, addr: 620795146
family: 2, port: 53764, addr: 637572362
family: 2, port: 53764, addr: 654349578
family: 2, port: 53764, addr: 671126794
family: 2, port: 53764, addr: 687904010
family: 2, port: 53764, addr: 704681226
family: 2, port: 53764, addr: 721458442
family: 2, port: 53764, addr: 553686282
There are 11 peers online!
Sending netinfo
Printing 112 bytes from 0x67fc4a0.
--- start bytes ---
01 00 00 00 00 00 00 00 70 00 00 00 00 00 00 00 
52 77 fe 88 00 00 00 00 02 00 04 d2 0a 95 00 22 
02 00 04 d2 0a 95 00 24 02 00 04 d2 0a 95 00 23 
02 00 04 d2 0a 95 00 25 02 00 04 d2 0a 95 00 26 
02 00 04 d2 0a 95 00 27 02 00 04 d2 0a 95 00 28 
02 00 04 d2 0a 95 00 29 02 00 04 d2 0a 95 00 2a 
02 00 04 d2 0a 95 00 2b 02 00 04 d2 0a 95 00 21 
--- end bytes ---
family: 2, port: 53764, addr: 570463498
family: 2, port: 53764, addr: 604017930
family: 2, port: 53764, addr: 587240714
family: 2, port: 53764, addr: 620795146
family: 2, port: 53764, addr: 637572362
family: 2, port: 53764, addr: 654349578
family: 2, port: 53764, addr: 671126794
family: 2, port: 53764, addr: 687904010
family: 2, port: 53764, addr: 704681226
family: 2, port: 53764, addr: 721458442
family: 2, port: 53764, addr: 553686282
There are 11 peers online!
Sending netinfo
Printing 112 bytes from 0x6816110.
--- start bytes ---
01 00 00 00 00 00 00 00 70 00 00 00 00 00 00 00 
52 77 fe 88 00 00 00 00 02 00 04 d2 0a 95 00 22 
02 00 04 d2 0a 95 00 24 02 00 04 d2 0a 95 00 23 
02 00 04 d2 0a 95 00 25 02 00 04 d2 0a 95 00 26 
02 00 04 d2 0a 95 00 27 02 00 04 d2 0a 95 00 28 
02 00 04 d2 0a 95 00 29 02 00 04 d2 0a 95 00 2a 
02 00 04 d2 0a 95 00 2b 02 00 04 d2 0a 95 00 21 
--- end bytes ---
Started proc!
handle_heartbeat(sockfd, db);
46
handle_heartbeat(sockfd, db);
47
Started proc!
family: 2, port: 53764, addr: 570463498
family: 2, port: 53764, addr: 604017930
family: 2, port: 53764, addr: 587240714
family: 2, port: 53764, addr: 620795146
family: 2, port: 53764, addr: 637572362
family: 2, port: 53764, addr: 654349578
family: 2, port: 53764, addr: 671126794
family: 2, port: 53764, addr: 687904010
family: 2, port: 53764, addr: 704681226
family: 2, port: 53764, addr: 721458442
family: 2, port: 53764, addr: 553686282
There are 11 peers online!
Sending netinfo
Printing 112 bytes from 0x6830540.
--- start bytes ---
01 00 00 00 00 00 00 00 70 00 00 00 00 00 00 00 
52 77 fe 88 00 00 00 00 02 00 04 d2 0a 95 00 22 
02 00 04 d2 0a 95 00 24 02 00 04 d2 0a 95 00 23 
02 00 04 d2 0a 95 00 25 02 00 04 d2 0a 95 00 26 
02 00 04 d2 0a 95 00 27 02 00 04 d2 0a 95 00 28 
02 00 04 d2 0a 95 00 29 02 00 04 d2 0a 95 00 2a 
02 00 04 d2 0a 95 00 2b 02 00 04 d2 0a 95 00 21 
--- end bytes ---
family: 2, port: 53764, addr: 570463498
family: 2, port: 53764, addr: 604017930
family: 2, port: 53764, addr: 587240714
family: 2, port: 53764, addr: 620795146
family: 2, port: 53764, addr: 637572362
family: 2, port: 53764, addr: 654349578
family: 2, port: 53764, addr: 671126794
family: 2, port: 53764, addr: 687904010
family: 2, port: 53764, addr: 704681226
family: 2, port: 53764, addr: 721458442
family: 2, port: 53764, addr: 553686282
There are 11 peers online!
Sending netinfo
Printing 112 bytes from 0x684a1b0.
--- start bytes ---
01 00 00 00 00 00 00 00 70 00 00 00 00 00 00 00 
52 77 fe 88 00 00 00 00 02 00 04 d2 0a 95 00 22 
02 00 04 d2 0a 95 00 24 02 00 04 d2 0a 95 00 23 
02 00 04 d2 0a 95 00 25 02 00 04 d2 0a 95 00 26 
02 00 04 d2 0a 95 00 27 02 00 04 d2 0a 95 00 28 
02 00 04 d2 0a 95 00 29 02 00 04 d2 0a 95 00 2a 
02 00 04 d2 0a 95 00 2b 02 00 04 d2 0a 95 00 21 
--- end bytes ---
Started proc!
handle_heartbeat(sockfd, db);
48
handle_heartbeat(sockfd, db);
49
Started proc!
handle_heartbeat(sockfd, db);
50
Started proc!
family: 2, port: 53764, addr: 570463498
family: 2, port: 53764, addr: 604017930
family: 2, port: 53764, addr: 587240714
family: 2, port: 53764, addr: 620795146
family: 2, port: 53764, addr: 637572362
family: 2, port: 53764, addr: 654349578
family: 2, port: 53764, addr: 671126794
family: 2, port: 53764, addr: 687904010
family: 2, port: 53764, addr: 704681226
family: 2, port: 53764, addr: 721458442
family: 2, port: 53764, addr: 553686282
There are 11 peers online!
Sending netinfo
Printing 112 bytes from 0x6864b90.
--- start bytes ---
01 00 00 00 00 00 00 00 70 00 00 00 00 00 00 00 
52 77 fe 88 00 00 00 00 02 00 04 d2 0a 95 00 22 
02 00 04 d2 0a 95 00 24 02 00 04 d2 0a 95 00 23 
02 00 04 d2 0a 95 00 25 02 00 04 d2 0a 95 00 26 
02 00 04 d2 0a 95 00 27 02 00 04 d2 0a 95 00 28 
02 00 04 d2 0a 95 00 29 02 00 04 d2 0a 95 00 2a 
02 00 04 d2 0a 95 00 2b 02 00 04 d2 0a 95 00 21 
--- end bytes ---
family: 2, port: 53764, addr: 570463498
family: 2, port: 53764, addr: 604017930
family: 2, port: 53764, addr: 587240714
family: 2, port: 53764, addr: 620795146
family: 2, port: 53764, addr: 637572362
family: 2, port: 53764, addr: 654349578
family: 2, port: 53764, addr: 671126794
family: 2, port: 53764, addr: 687904010
family: 2, port: 53764, addr: 704681226
family: 2, port: 53764, addr: 721458442
family: 2, port: 53764, addr: 553686282
There are 11 peers online!
Sending netinfo
Printing 112 bytes from 0x687e800.
--- start bytes ---
01 00 00 00 00 00 00 00 70 00 00 00 00 00 00 00 
52 77 fe 88 00 00 00 00 02 00 04 d2 0a 95 00 22 
02 00 04 d2 0a 95 00 24 02 00 04 d2 0a 95 00 23 
02 00 04 d2 0a 95 00 25 02 00 04 d2 0a 95 00 26 
02 00 04 d2 0a 95 00 27 02 00 04 d2 0a 95 00 28 
02 00 04 d2 0a 95 00 29 02 00 04 d2 0a 95 00 2a 
02 00 04 d2 0a 95 00 2b 02 00 04 d2 0a 95 00 21 
--- end bytes ---
family: 2, port: 53764, addr: 570463498
family: 2, port: 53764, addr: 604017930
family: 2, port: 53764, addr: 587240714
family: 2, port: 53764, addr: 620795146
family: 2, port: 53764, addr: 637572362
family: 2, port: 53764, addr: 654349578
family: 2, port: 53764, addr: 671126794
family: 2, port: 53764, addr: 687904010
family: 2, port: 53764, addr: 704681226
family: 2, port: 53764, addr: 721458442
family: 2, port: 53764, addr: 553686282
There are 11 peers online!
Sending netinfo
Printing 112 bytes from 0x68982a0.
--- start bytes ---
01 00 00 00 00 00 00 00 70 00 00 00 00 00 00 00 
52 77 fe 88 00 00 00 00 02 00 04 d2 0a 95 00 22 
02 00 04 d2 0a 95 00 24 02 00 04 d2 0a 95 00 23 
02 00 04 d2 0a 95 00 25 02 00 04 d2 0a 95 00 26 
02 00 04 d2 0a 95 00 27 02 00 04 d2 0a 95 00 28 
02 00 04 d2 0a 95 00 29 02 00 04 d2 0a 95 00 2a 
02 00 04 d2 0a 95 00 2b 02 00 04 d2 0a 95 00 21 
--- end bytes ---
Started proc!
handle_heartbeat(sockfd, db);
51
handle_heartbeat(sockfd, db);
52
Started proc!
handle_heartbeat(sockfd, db);
53
Started proc!
family: 2, port: 53764, addr: 570463498
family: 2, port: 53764, addr: 604017930
family: 2, port: 53764, addr: 587240714
family: 2, port: 53764, addr: 620795146
family: 2, port: 53764, addr: 637572362
family: 2, port: 53764, addr: 654349578
family: 2, port: 53764, addr: 671126794
family: 2, port: 53764, addr: 687904010
family: 2, port: 53764, addr: 704681226
family: 2, port: 53764, addr: 721458442
family: 2, port: 53764, addr: 553686282
There are 11 peers online!
Sending netinfo
Printing 112 bytes from 0x68b2ab0.
--- start bytes ---
01 00 00 00 00 00 00 00 70 00 00 00 00 00 00 00 
52 77 fe 88 00 00 00 00 02 00 04 d2 0a 95 00 22 
02 00 04 d2 0a 95 00 24 02 00 04 d2 0a 95 00 23 
02 00 04 d2 0a 95 00 25 02 00 04 d2 0a 95 00 26 
02 00 04 d2 0a 95 00 27 02 00 04 d2 0a 95 00 28 
02 00 04 d2 0a 95 00 29 02 00 04 d2 0a 95 00 2a 
02 00 04 d2 0a 95 00 2b 02 00 04 d2 0a 95 00 21 
--- end bytes ---
family: 2, port: 53764, addr: 570463498
family: 2, port: 53764, addr: 604017930
family: 2, port: 53764, addr: 587240714
family: 2, port: 53764, addr: 620795146
family: 2, port: 53764, addr: 637572362
family: 2, port: 53764, addr: 654349578
family: 2, port: 53764, addr: 671126794
family: 2, port: 53764, addr: 687904010
family: 2, port: 53764, addr: 704681226
family: 2, port: 53764, addr: 721458442
family: 2, port: 53764, addr: 553686282
There are 11 peers online!
Sending netinfo
Printing 112 bytes from 0x68cc470.
--- start bytes ---
01 00 00 00 00 00 00 00 70 00 00 00 00 00 00 00 
52 77 fe 88 00 00 00 00 02 00 04 d2 0a 95 00 22 
02 00 04 d2 0a 95 00 24 02 00 04 d2 0a 95 00 23 
02 00 04 d2 0a 95 00 25 02 00 04 d2 0a 95 00 26 
02 00 04 d2 0a 95 00 27 02 00 04 d2 0a 95 00 28 
02 00 04 d2 0a 95 00 29 02 00 04 d2 0a 95 00 2a 
02 00 04 d2 0a 95 00 2b 02 00 04 d2 0a 95 00 21 
--- end bytes ---
family: 2, port: 53764, addr: 570463498
family: 2, port: 53764, addr: 604017930
family: 2, port: 53764, addr: 587240714
family: 2, port: 53764, addr: 620795146
family: 2, port: 53764, addr: 637572362
family: 2, port: 53764, addr: 654349578
family: 2, port: 53764, addr: 671126794
family: 2, port: 53764, addr: 687904010
family: 2, port: 53764, addr: 704681226
family: 2, port: 53764, addr: 721458442
family: 2, port: 53764, addr: 553686282
There are 11 peers online!
Sending netinfo
Printing 112 bytes from 0x68e6390.
--- start bytes ---
01 00 00 00 00 00 00 00 70 00 00 00 00 00 00 00 
52 77 fe 88 00 00 00 00 02 00 04 d2 0a 95 00 22 
02 00 04 d2 0a 95 00 24 02 00 04 d2 0a 95 00 23 
02 00 04 d2 0a 95 00 25 02 00 04 d2 0a 95 00 26 
02 00 04 d2 0a 95 00 27 02 00 04 d2 0a 95 00 28 
02 00 04 d2 0a 95 00 29 02 00 04 d2 0a 95 00 2a 
02 00 04 d2 0a 95 00 2b 02 00 04 d2 0a 95 00 21 
--- end bytes ---
Started proc!
handle_heartbeat(sockfd, db);
54
family: 2, port: 53764, addr: 570463498
family: 2, port: 53764, addr: 604017930
family: 2, port: 53764, addr: 587240714
family: 2, port: 53764, addr: 620795146
family: 2, port: 53764, addr: 637572362
family: 2, port: 53764, addr: 654349578
family: 2, port: 53764, addr: 671126794
family: 2, port: 53764, addr: 687904010
family: 2, port: 53764, addr: 704681226
family: 2, port: 53764, addr: 721458442
family: 2, port: 53764, addr: 553686282
There are 11 peers online!
Sending netinfo
Printing 112 bytes from 0x69003e0.
--- start bytes ---
01 00 00 00 00 00 00 00 70 00 00 00 00 00 00 00 
52 77 fe 88 00 00 00 00 02 00 04 d2 0a 95 00 22 
02 00 04 d2 0a 95 00 24 02 00 04 d2 0a 95 00 23 
02 00 04 d2 0a 95 00 25 02 00 04 d2 0a 95 00 26 
02 00 04 d2 0a 95 00 27 02 00 04 d2 0a 95 00 28 
02 00 04 d2 0a 95 00 29 02 00 04 d2 0a 95 00 2a 
02 00 04 d2 0a 95 00 2b 02 00 04 d2 0a 95 00 21 
--- end bytes ---
Started proc!
handle_heartbeat(sockfd, db);
55
handle_heartbeat(sockfd, db);
56
Started proc!
family: 2, port: 53764, addr: 570463498
family: 2, port: 53764, addr: 604017930
family: 2, port: 53764, addr: 587240714
family: 2, port: 53764, addr: 620795146
family: 2, port: 53764, addr: 637572362
family: 2, port: 53764, addr: 654349578
family: 2, port: 53764, addr: 671126794
family: 2, port: 53764, addr: 687904010
family: 2, port: 53764, addr: 704681226
family: 2, port: 53764, addr: 721458442
family: 2, port: 53764, addr: 553686282
There are 11 peers online!
Sending netinfo
Printing 112 bytes from 0x691a810.
--- start bytes ---
01 00 00 00 00 00 00 00 70 00 00 00 00 00 00 00 
52 77 fe 88 00 00 00 00 02 00 04 d2 0a 95 00 22 
02 00 04 d2 0a 95 00 24 02 00 04 d2 0a 95 00 23 
02 00 04 d2 0a 95 00 25 02 00 04 d2 0a 95 00 26 
02 00 04 d2 0a 95 00 27 02 00 04 d2 0a 95 00 28 
02 00 04 d2 0a 95 00 29 02 00 04 d2 0a 95 00 2a 
02 00 04 d2 0a 95 00 2b 02 00 04 d2 0a 95 00 21 
--- end bytes ---
family: 2, port: 53764, addr: 570463498
family: 2, port: 53764, addr: 604017930
family: 2, port: 53764, addr: 587240714
family: 2, port: 53764, addr: 620795146
family: 2, port: 53764, addr: 637572362
family: 2, port: 53764, addr: 654349578
family: 2, port: 53764, addr: 671126794
family: 2, port: 53764, addr: 687904010
family: 2, port: 53764, addr: 704681226
family: 2, port: 53764, addr: 721458442
family: 2, port: 53764, addr: 553686282
There are 11 peers online!
Sending netinfo
Printing 112 bytes from 0x6934480.
--- start bytes ---
01 00 00 00 00 00 00 00 70 00 00 00 00 00 00 00 
52 77 fe 88 00 00 00 00 02 00 04 d2 0a 95 00 22 
02 00 04 d2 0a 95 00 24 02 00 04 d2 0a 95 00 23 
02 00 04 d2 0a 95 00 25 02 00 04 d2 0a 95 00 26 
02 00 04 d2 0a 95 00 27 02 00 04 d2 0a 95 00 28 
02 00 04 d2 0a 95 00 29 02 00 04 d2 0a 95 00 2a 
02 00 04 d2 0a 95 00 2b 02 00 04 d2 0a 95 00 21 
--- end bytes ---
Started proc!
handle_heartbeat(sockfd, db);
57
handle_heartbeat(sockfd, db);
58
Started proc!
family: 2, port: 53764, addr: 570463498
family: 2, port: 53764, addr: 604017930
family: 2, port: 53764, addr: 587240714
family: 2, port: 53764, addr: 620795146
family: 2, port: 53764, addr: 637572362
family: 2, port: 53764, addr: 654349578
family: 2, port: 53764, addr: 671126794
family: 2, port: 53764, addr: 687904010
family: 2, port: 53764, addr: 704681226
family: 2, port: 53764, addr: 721458442
family: 2, port: 53764, addr: 553686282
There are 11 peers online!
Sending netinfo
Printing 112 bytes from 0x694e8b0.
--- start bytes ---
01 00 00 00 00 00 00 00 70 00 00 00 00 00 00 00 
52 77 fe 88 00 00 00 00 02 00 04 d2 0a 95 00 22 
02 00 04 d2 0a 95 00 24 02 00 04 d2 0a 95 00 23 
02 00 04 d2 0a 95 00 25 02 00 04 d2 0a 95 00 26 
02 00 04 d2 0a 95 00 27 02 00 04 d2 0a 95 00 28 
02 00 04 d2 0a 95 00 29 02 00 04 d2 0a 95 00 2a 
02 00 04 d2 0a 95 00 2b 02 00 04 d2 0a 95 00 21 
--- end bytes ---
family: 2, port: 53764, addr: 570463498
family: 2, port: 53764, addr: 604017930
family: 2, port: 53764, addr: 587240714
family: 2, port: 53764, addr: 620795146
family: 2, port: 53764, addr: 637572362
family: 2, port: 53764, addr: 654349578
family: 2, port: 53764, addr: 671126794
family: 2, port: 53764, addr: 687904010
family: 2, port: 53764, addr: 704681226
family: 2, port: 53764, addr: 721458442
family: 2, port: 53764, addr: 553686282
There are 11 peers online!
Sending netinfo
Printing 112 bytes from 0x6968520.
--- start bytes ---
01 00 00 00 00 00 00 00 70 00 00 00 00 00 00 00 
52 77 fe 88 00 00 00 00 02 00 04 d2 0a 95 00 22 
02 00 04 d2 0a 95 00 24 02 00 04 d2 0a 95 00 23 
02 00 04 d2 0a 95 00 25 02 00 04 d2 0a 95 00 26 
02 00 04 d2 0a 95 00 27 02 00 04 d2 0a 95 00 28 
02 00 04 d2 0a 95 00 29 02 00 04 d2 0a 95 00 2a 
02 00 04 d2 0a 95 00 2b 02 00 04 d2 0a 95 00 21 
--- end bytes ---
Started proc!
handle_heartbeat(sockfd, db);
59
handle_heartbeat(sockfd, db);
60
Started proc!
Started proc!
handle_heartbeat(sockfd, db);
61
family: 2, port: 53764, addr: 570463498
family: 2, port: 53764, addr: 604017930
family: 2, port: 53764, addr: 587240714
family: 2, port: 53764, addr: 620795146
family: 2, port: 53764, addr: 637572362
family: 2, port: 53764, addr: 654349578
family: 2, port: 53764, addr: 671126794
family: 2, port: 53764, addr: 687904010
family: 2, port: 53764, addr: 704681226
family: 2, port: 53764, addr: 721458442
family: 2, port: 53764, addr: 553686282
There are 11 peers online!
Sending netinfo
Printing 112 bytes from 0x6982d30.
--- start bytes ---
01 00 00 00 00 00 00 00 70 00 00 00 00 00 00 00 
52 77 fe 88 00 00 00 00 02 00 04 d2 0a 95 00 22 
02 00 04 d2 0a 95 00 24 02 00 04 d2 0a 95 00 23 
02 00 04 d2 0a 95 00 25 02 00 04 d2 0a 95 00 26 
02 00 04 d2 0a 95 00 27 02 00 04 d2 0a 95 00 28 
02 00 04 d2 0a 95 00 29 02 00 04 d2