START_TIME	16-12-2021 11:43:20
BLOCK_ADDED_START	16-12-2021 11:43:20	1
BLOCK_ADDED_STOP	16-12-2021 11:43:20	1	SUCCESS
REQUEST_BLOCK	16-12-2021 11:43:28	2
SENDING_BLOCK	16-12-2021 11:43:31	1
RECEIVED_BLOCK	16-12-2021 11:43:31	2	SUCCESS
SENDING_BLOCK	16-12-2021 11:43:31	1
SENDING_BLOCK	16-12-2021 11:43:33	2
REQUEST_BLOCK	16-12-2021 11:43:33	2
RECEIVED_BLOCK	16-12-2021 11:43:34	2	SUCCESS
SENDING_BLOCK	16-12-2021 11:43:35	3
SENDING_BLOCK	16-12-2021 11:43:56	3
SENDING_BLOCK	16-12-2021 11:44:18	3
SENDING_BLOCK	16-12-2021 11:44:41	3
SENDING_BLOCK	16-12-2021 11:45:03	3
SENDING_BLOCK	16-12-2021 11:45:25	3
SENDING_BLOCK	16-12-2021 11:45:48	3
SENDING_BLOCK	16-12-2021 11:46:10	3
SENDING_BLOCK	16-12-2021 11:46:33	3
SENDING_BLOCK	16-12-2021 11:46:56	3
SENDING_BLOCK	16-12-2021 11:47:18	3
SENDING_BLOCK	16-12-2021 11:47:41	3
SENDING_BLOCK	16-12-2021 11:48:03	3
SENDING_BLOCK	16-12-2021 11:48:26	3
SENDING_BLOCK	16-12-2021 11:48:47	3
SENDING_BLOCK	16-12-2021 11:49:08	3
SENDING_BLOCK	16-12-2021 11:49:29	3
SENDING_BLOCK	16-12-2021 11:49:52	3
SENDING_BLOCK	16-12-2021 11:50:13	3
SENDING_BLOCK	16-12-2021 11:50:34	3
SENDING_BLOCK	16-12-2021 11:50:56	3
SENDING_BLOCK	16-12-2021 11:51:17	3
SENDING_BLOCK	16-12-2021 11:51:39	3
SENDING_BLOCK	16-12-2021 11:52:01	3
SENDING_BLOCK	16-12-2021 11:52:22	3
SENDING_BLOCK	16-12-2021 11:52:43	3
SENDING_BLOCK	16-12-2021 11:53:04	3
SENDING_BLOCK	16-12-2021 11:53:26	3
SENDING_BLOCK	16-12-2021 11:53:47	3
SENDING_BLOCK	16-12-2021 11:54:08	3
SENDING_BLOCK	16-12-2021 11:54:30	3
SENDING_BLOCK	16-12-2021 11:54:51	3
SENDING_BLOCK	16-12-2021 11:55:14	3
SENDING_BLOCK	16-12-2021 11:55:36	3
SENDING_BLOCK	16-12-2021 11:55:57	3
SENDING_BLOCK	16-12-2021 11:56:19	3
SENDING_BLOCK	16-12-2021 11:56:40	3
SENDING_BLOCK	16-12-2021 11:57:03	3
SENDING_BLOCK	16-12-2021 11:57:24	3
SENDING_BLOCK	16-12-2021 11:57:45	3
SENDING_BLOCK	16-12-2021 11:58:06	3
SENDING_BLOCK	16-12-2021 11:58:27	3
SENDING_BLOCK	16-12-2021 11:58:50	3
SENDING_BLOCK	16-12-2021 11:59:11	3
