/home/ddps2001/DPS2/1639649362/out/10.149.1.17_1234.out
/home/ddps2001/DPS2/1639649362/out/10.149.1.17_1234.out
Started proc!
sockaddr 2, 53764, 285316362
0x6322c4
Thread started!
We are offline...
0x6322c4
We are offline...
We are offline...
[ receive_netinfo ] 0 peers online!
Printing 0 bytes from 0x2aaab0000910.
--- start bytes ---
--- end bytes ---
We are offline...
We are offline...
We are offline...
We are offline...
We are offline...
We are offline...
[ receive_netinfo ] 2 peers online!
Coming online...
[ RequestBlockchain ] --------- Start --------- 
[ RequestBlockchain ] Requesting block 1
Broadcast to 2, 53764, 302093578
[ RequestBlockchain ] Message available! 
[ RequestBlockchain ] Handling block...
[ RequestBlockchain ] Majority found
[ RequestBlockchain ] --------- Stop  --------- 

Blockchain is size 1 with top hash f079098112d66b195fb9cff90cae08ce3f3ec16f92ade2bbf47d1e1e193d7eda
[ SendBlockchain ] --------- Start --------- 
[ SendBlockchain ] Block does not exist 
[ SendBlockchain ] NOBLOCK sent! 
[ SendBlockchain ] --------- Stop  --------- 

Blockchain is size 1 with top hash f079098112d66b195fb9cff90cae08ce3f3ec16f92ade2bbf47d1e1e193d7eda
[ RequestBlockchain ] Requesting block 1
Broadcast to 2, 53764, 302093578
[ RequestBlockchain ] Message available! 
[ RequestBlockchain ] Handling block...
2 53764 302093578
[ RequestBlockchain ] Received BLOCK 
[ RequestBlockchain ] BLOCK is new
[ RequestBlockchain ] Found 5996d49a6cbf3e1e94b31746440ee59cedf92e76b1f3f17b7f1169e28ee3507f with count 1
[ RequestBlockchain ] Majority found
[ RequestBlockchain ] Requesting block 2
Broadcast to 2, 53764, 302093578
[ RequestBlockchain ] Message available! 
[ RequestBlockchain ] Handling block...
2 53764 302093578
[ RequestBlockchain ] Received BLOCK 
[ RequestBlockchain ] Malformed BLOCK
[ RequestBlockchain ] Majority found
[ AddBlockToBlockchain ] --------- Start --------- 
[ AddBlockToBlockchain ] Trying to add block with hash 792e4214b40db41ae02cf0a8a4cc8f9dcf76a5fa6875e4208c9718a3d495bcc42
Broadcast to 2, 53764, 302093578
[ CheckVotesForBlock ] Not a VOTE
[ CheckVotesForBlock ] Is a noblock
[ SendBlockchain ] Block does not exist 
[ SendBlockchain ] NOBLOCK sent! 
[ receive_netinfo ] 2 peers online!
Coming online...
[ CheckVotesForBlock ] Got vote for block 2
[ CheckVotesForBlock ] Handling vote 
2 53764 302093578
[ CheckVotesForBlock ] Block hash matches!
[ CheckVotesForBlock ] Majority agrees! 2 agree vs. 0 disagree, out of 2
Broadcast to 2, 53764, 302093578
[ AddBlockToBlockchain ] Added as candidate 
Handling all block addition requests...
[ AddBlockToBlockchain ] Our block got added 3

[ AddBlockToBlockchain ] --------- Stop --------- 

Blockchain is size 3 with top hash 792e4214b40db41ae02cf0a8a4cc8f9dcf76a5fa6875e4208c9718a3d495bcc4
[ RequestBlockchain ] Requesting block 3
Broadcast to 2, 53764, 302093578
[ RequestBlockchain ] Message available! 
[ RequestBlockchain ] Handling block...
2 53764 302093578
[ RequestBlockchain ] Received NOBLOCK
[ RequestBlockchain ] Majority found
[ AddBlockToBlockchain ] --------- Start --------- 
[ AddBlockToBlockchain ] Trying to add block with hash d57ae3aa94d8d76c3f8894d1534168c9a8c7985e9dde23c7164f35fa67cb6ed63
Broadcast to 2, 53764, 302093578
[ SendBlockchain ] Block does not exist 
[ SendBlockchain ] NOBLOCK sent! 
[ receive_netinfo ] 2 peers online!
Coming online...
[ CheckVotesForBlock ] Got vote for block 3
[ CheckVotesForBlock ] Handling vote 
2 53764 302093578
[ CheckVotesForBlock ] Block hash matches!
[ CheckVotesForBlock ] Majority agrees! 2 agree vs. 0 disagree, out of 2
Broadcast to 2, 53764, 302093578
[ AddBlockToBlockchain ] Added as candidate 
Handling all block addition requests...
[ AddBlockToBlockchain ] Our block got added 4

[ AddBlockToBlockchain ] --------- Stop --------- 

Blockchain is size 4 with top hash d57ae3aa94d8d76c3f8894d1534168c9a8c7985e9dde23c7164f35fa67cb6ed6
[ RequestBlockchain ] Requesting block 4
Broadcast to 2, 53764, 302093578
[ RequestBlockchain ] Message available! 
[ RequestBlockchain ] Handling block...
2 53764 302093578
[ RequestBlockchain ] Received NOBLOCK
[ RequestBlockchain ] Majority found
[ AddBlockToBlockchain ] --------- Start --------- 
[ AddBlockToBlockchain ] Trying to add block with hash 413783118ca40ca7babf5e8d76af36615019087a09894e770fddc1de704666c64
Broadcast to 2, 53764, 302093578
[ SendBlockchain ] Block does not exist 
[ SendBlockchain ] NOBLOCK sent! 
[ CheckVotesForBlock ] Got vote for block 4
[ CheckVotesForBlock ] Handling vote 
2 53764 302093578
[ CheckVotesForBlock ] Block hash matches!
[ CheckVotesForBlock ] Majority agrees! 2 agree vs. 0 disagree, out of 2
Broadcast to 2, 53764, 302093578
[ AddBlockToBlockchain ] Added as candidate 
Handling all block addition requests...
[ AddBlockToBlockchain ] Our block got added 5

[ AddBlockToBlockchain ] --------- Stop --------- 

Blockchain is size 5 with top hash 413783118ca40ca7babf5e8d76af36615019087a09894e770fddc1de704666c6
[ RequestBlockchain ] Requesting block 5
Broadcast to 2, 53764, 302093578
[ RequestBlockchain ] Message available! 
[ RequestBlockchain ] Handling block...
2 53764 302093578
[ RequestBlockchain ] Received NOBLOCK
[ RequestBlockchain ] Majority found
[ AddBlockToBlockchain ] --------- Start --------- 
[ AddBlockToBlockchain ] Trying to add block with hash bdc61c37ced4c48b42b6da122f1873ecb5adb1d7e0ae9fa2ea7d4411580c92cc5
Broadcast to 2, 53764, 302093578
[ receive_netinfo ] 2 peers online!
Coming online...
[ SendBlockchain ] Block does not exist 
[ SendBlockchain ] NOBLOCK sent! 
[ CheckVotesForBlock ] Got vote for block 5
[ CheckVotesForBlock ] Handling vote 
2 53764 302093578
[ CheckVotesForBlock ] Block hash matches!
[ CheckVotesForBlock ] Majority agrees! 2 agree vs. 0 disagree, out of 2
Broadcast to 2, 53764, 302093578
[ AddBlockToBlockchain ] Added as candidate 
Handling all block addition requests...
[ AddBlockToBlockchain ] Our block got added 6

[ AddBlockToBlockchain ] --------- Stop --------- 

Blockchain is size 6 with top hash bdc61c37ced4c48b42b6da122f1873ecb5adb1d7e0ae9fa2ea7d4411580c92cc
[ RequestBlockchain ] Requesting block 6
Broadcast to 2, 53764, 302093578
[ RequestBlockchain ] Message available! 
[ RequestBlockchain ] Handling block...
2 53764 302093578
[ RequestBlockchain ] Received NOBLOCK
[ RequestBlockchain ] Majority found
[ AddBlockToBlockchain ] --------- Start --------- 
[ AddBlockToBlockchain ] Trying to add block with hash 1bfe2c1e10c44a493e0f06d7ddf5b3739e550333eb6340c0fb0f4ca3174799e86
Broadcast to 2, 53764, 302093578
[ SendBlockchain ] Block does not exist 
[ SendBlockchain ] NOBLOCK sent! 
[ CheckVotesForBlock ] Got vote for block 6
[ CheckVotesForBlock ] Handling vote 
2 53764 302093578
[ CheckVotesForBlock ] Block hash matches!
[ CheckVotesForBlock ] Majority agrees! 2 agree vs. 0 disagree, out of 2
Broadcast to 2, 53764, 302093578
[ AddBlockToBlockchain ] Added as candidate 
Handling all block addition requests...
[ AddBlockToBlockchain ] Our block got added 7

[ AddBlockToBlockchain ] --------- Stop --------- 

Blockchain is size 7 with top hash 1bfe2c1e10c44a493e0f06d7ddf5b3739e550333eb6340c0fb0f4ca3174799e8
[ RequestBlockchain ] Requesting block 7
Broadcast to 2, 53764, 302093578
[ receive_netinfo ] 2 peers online!
Coming online...
[ RequestBlockchain ] Message available! 
[ RequestBlockchain ] Handling block...
2 53764 302093578
[ RequestBlockchain ] Received NOBLOCK
[ RequestBlockchain ] Majority found
[ AddBlockToBlockchain ] --------- Start --------- 
[ AddBlockToBlockchain ] Trying to add block with hash b433796fd48e09e3da80fcbb1b39f993640ec0f63d84e073dbb496142c5b8a6b7
Broadcast to 2, 53764, 302093578
[ SendBlockchain ] Block does not exist 
[ SendBlockchain ] NOBLOCK sent! 
[ CheckVotesForBlock ] Got vote for block 7
[ CheckVotesForBlock ] Handling vote 
2 53764 302093578
[ CheckVotesForBlock ] Block hash matches!
[ CheckVotesForBlock ] Majority agrees! 2 agree vs. 0 disagree, out of 2
Broadcast to 2, 53764, 302093578
[ AddBlockToBlockchain ] Added as candidate 
Handling all block addition requests...
[ AddBlockToBlockchain ] Our block got added 8

[ AddBlockToBlockchain ] --------- Stop --------- 

Blockchain is size 8 with top hash b433796fd48e09e3da80fcbb1b39f993640ec0f63d84e073dbb496142c5b8a6b
[ RequestBlockchain ] Requesting block 8
Broadcast to 2, 53764, 302093578
[ RequestBlockchain ] Message available! 
[ RequestBlockchain ] Handling block...
2 53764 302093578
[ RequestBlockchain ] Received NOBLOCK
[ RequestBlockchain ] Majority found
[ AddBlockToBlockchain ] --------- Start --------- 
[ AddBlockToBlockchain ] Trying to add block with hash a02f2d83f56ddbf4f277b26c06d3a4a214ab411aba970d0a9adae27a019f3a878
Broadcast to 2, 53764, 302093578
[ receive_netinfo ] 2 peers online!
Coming online...
[ SendBlockchain ] Block does not exist 
[ SendBlockchain ] NOBLOCK sent! 
[ CheckVotesForBlock ] Got vote for block 8
[ CheckVotesForBlock ] Handling vote 
2 53764 302093578
[ CheckVotesForBlock ] Block hash matches!
[ CheckVotesForBlock ] Majority agrees! 2 agree vs. 0 disagree, out of 2
Broadcast to 2, 53764, 302093578
[ AddBlockToBlockchain ] Added as candidate 
Handling all block addition requests...
[ AddBlockToBlockchain ] Our block got added 9

[ AddBlockToBlockchain ] --------- Stop --------- 

Blockchain is size 9 with top hash a02f2d83f56ddbf4f277b26c06d3a4a214ab411aba970d0a9adae27a019f3a87
[ RequestBlockchain ] Requesting block 9
Broadcast to 2, 53764, 302093578
[ RequestBlockchain ] Message available! 
[ RequestBlockchain ] Handling block...
2 53764 302093578
[ RequestBlockchain ] Received NOBLOCK
[ RequestBlockchain ] Majority found
[ AddBlockToBlockchain ] --------- Start --------- 
[ AddBlockToBlockchain ] Trying to add block with hash a42f8312605ac8662cb7b83488b520c6ed5c6be6f39d96376e53310053caec7d9
Broadcast to 2, 53764, 302093578
[ SendBlockchain ] Block does not exist 
[ SendBlockchain ] NOBLOCK sent! 
[ CheckVotesForBlock ] Got vote for block 9
[ CheckVotesForBlock ] Handling vote 
2 53764 302093578
[ CheckVotesForBlock ] Block hash matches!
[ CheckVotesForBlock ] Majority agrees! 2 agree vs. 0 disagree, out of 2
Broadcast to 2, 53764, 302093578
[ AddBlockToBlockchain ] Added as candidate 
Handling all block addition requests...
[ AddBlockToBlockchain ] Our block got added 10

[ AddBlockToBlockchain ] --------- Stop --------- 

Blockchain is size 10 with top hash a42f8312605ac8662cb7b83488b520c6ed5c6be6f39d96376e53310053caec7d
[ RequestBlockchain ] Requesting block 10
Broadcast to 2, 53764, 302093578
[ receive_netinfo ] 2 peers online!
Coming online...
[ RequestBlockchain ] Message available! 
[ RequestBlockchain ] Handling block...
2 53764 302093578
[ RequestBlockchain ] Received NOBLOCK
[ RequestBlockchain ] Majority found
[ AddBlockToBlockchain ] --------- Start --------- 
[ AddBlockToBlockchain ] Trying to add block with hash 595b89f59b4332b474af3e3a7b93c8aff31c66e8184f93ad593de74ed3e8760110
Broadcast to 2, 53764, 302093578
[ SendBlockchain ] Block does not exist 
[ SendBlockchain ] NOBLOCK sent! 
[ CheckVotesForBlock ] Got vote for block 10
[ CheckVotesForBlock ] Handling vote 
2 53764 302093578
[ CheckVotesForBlock ] Block hash matches!
[ CheckVotesForBlock ] Majority agrees! 2 agree vs. 0 disagree, out of 2
Broadcast to 2, 53764, 302093578
[ AddBlockToBlockchain ] Added as candidate 
Handling all block addition requests...
[ AddBlockToBlockchain ] Our block got added 11

[ AddBlockToBlockchain ] --------- Stop --------- 

Blockchain is size 11 with top hash 595b89f59b4332b474af3e3a7b93c8aff31c66e8184f93ad593de74ed3e87601
[ RequestBlockchain ] Requesting block 11
Broadcast to 2, 53764, 302093578
[ RequestBlockchain ] Message available! 
[ RequestBlockchain ] Handling block...
2 53764 302093578
[ RequestBlockchain ] Received NOBLOCK
[ RequestBlockchain ] Majority found
[ AddBlockToBlockchain ] --------- Start --------- 
[ AddBlockToBlockchain ] Trying to add block with hash fcd2bffee4f7361fc69dabc6b9bedf32320a250337af0799aefa827aebd3665711
Broadcast to 2, 53764, 302093578
[ receive_netinfo ] 2 peers online!
Coming online...
[ SendBlockchain ] Block does not exist 
[ SendBlockchain ] NOBLOCK sent! 
[ CheckVotesForBlock ] Got vote for block 11
[ CheckVotesForBlock ] Handling vote 
2 53764 302093578
[ CheckVotesForBlock ] Block hash matches!
[ CheckVotesForBlock ] Majority agrees! 2 agree vs. 0 disagree, out of 2
Broadcast to 2, 53764, 302093578
[ AddBlockToBlockchain ] Added as candidate 
Handling all block addition requests...
[ AddBlockToBlockchain ] Our block got added 12

[ AddBlockToBlockchain ] --------- Stop --------- 

Blockchain is size 12 with top hash fcd2bffee4f7361fc69dabc6b9bedf32320a250337af0799aefa827aebd36657
[ RequestBlockchain ] Requesting block 12
Broadcast to 2, 53764, 302093578
[ RequestBlockchain ] Message available! 
[ RequestBlockchain ] Handling block...
2 53764 302093578
[ RequestBlockchain ] Received NOBLOCK
[ RequestBlockchain ] Majority found
[ AddBlockToBlockchain ] --------- Start --------- 
[ AddBlockToBlockchain ] Trying to add block with hash 9d19b5edc49bac79ab9d9c937d903f593dd3364b816d0af0e11fbf24313e83f912
Broadcast to 2, 53764, 302093578
[ receive_netinfo ] 2 peers online!
Coming online...
[ SendBlockchain ] Block does not exist 
[ SendBlockchain ] NOBLOCK sent! 
[ CheckVotesForBlock ] Got vote for block 12
[ CheckVotesForBlock ] Handling vote 
2 53764 302093578
[ CheckVotesForBlock ] Block hash matches!
[ CheckVotesForBlock ] Majority agrees! 2 agree vs. 0 disagree, out of 2
Broadcast to 2, 53764, 302093578
[ AddBlockToBlockchain ] Added as candidate 
Handling all block addition requests...
[ AddBlockToBlockchain ] Our block got added 13

[ AddBlockToBlockchain ] --------- Stop --------- 

Blockchain is size 13 with top hash 9d19b5edc49bac79ab9d9c937d903f593dd3364b816d0af0e11fbf24313e83f9
[ RequestBlockchain ] Requesting block 13
Broadcast to 2, 53764, 302093578
[ RequestBlockchain ] Message available! 
[ RequestBlockchain ] Handling block...
2 53764 302093578
[ RequestBlockchain ] Received NOBLOCK
[ RequestBlockchain ] Majority found
[ AddBlockToBlockchain ] --------- Start --------- 
[ AddBlockToBlockchain ] Trying to add block with hash a9e27c72c402d489009805ddbd8e07ab90de43fd6ba559c7f931522e6a739a6813
Broadcast to 2, 53764, 302093578
[ receive_netinfo ] 2 peers online!
Coming online...
[ SendBlockchain ] Block does not exist 
[ SendBlockchain ] NOBLOCK sent! 
[ CheckVotesForBlock ] Got vote for block 13
[ CheckVotesForBlock ] Handling vote 
2 53764 302093578
[ CheckVotesForBlock ] Block hash matches!
[ CheckVotesForBlock ] Majority agrees! 2 agree vs. 0 disagree, out of 2
Broadcast to 2, 53764, 302093578
[ AddBlockToBlockchain ] Added as candidate 
Handling all block addition requests...
[ AddBlockToBlockchain ] Our block got added 14

[ AddBlockToBlockchain ] --------- Stop --------- 

Blockchain is size 14 with top hash a9e27c72c402d489009805ddbd8e07ab90de43fd6ba559c7f931522e6a739a68
[ RequestBlockchain ] Requesting block 14
Broadcast to 2, 53764, 302093578
[ RequestBlockchain ] Message available! 
[ RequestBlockchain ] Handling block...
2 53764 302093578
[ RequestBlockchain ] Received NOBLOCK
[ RequestBlockchain ] Majority found
[ AddBlockToBlockchain ] --------- Start --------- 
[ AddBlockToBlockchain ] Trying to add block with hash 063265b7deb0cd9780e24cee74e649e3f88d9b1f505c2aee94450a100763315214
Broadcast to 2, 53764, 302093578
[ receive_netinfo ] 2 peers online!
Coming online...
[ SendBlockchain ] Block does not exist 
[ SendBlockchain ] NOBLOCK sent! 
[ CheckVotesForBlock ] Got vote for block 14
[ CheckVotesForBlock ] Handling vote 
2 53764 302093578
[ CheckVotesForBlock ] Block hash matches!
[ CheckVotesForBlock ] Majority agrees! 2 agree vs. 0 disagree, out of 2
Broadcast to 2, 53764, 302093578
[ AddBlockToBlockchain ] Added as candidate 
Handling all block addition requests...
[ AddBlockToBlockchain ] Our block got added 15

[ AddBlockToBlockchain ] --------- Stop --------- 

Blockchain is size 15 with top hash 063265b7deb0cd9780e24cee74e649e3f88d9b1f505c2aee94450a1007633152
[ RequestBlockchain ] Requesting block 15
Broadcast to 2, 53764, 302093578
[ receive_netinfo ] 2 peers online!
Coming online...
[ RequestBlockchain ] Message available! 
[ RequestBlockchain ] Handling block...
2 53764 302093578
[ RequestBlockchain ] Received NOBLOCK
[ RequestBlockchain ] Majority found
[ AddBlockToBlockchain ] --------- Start --------- 
[ AddBlockToBlockchain ] Trying to add block with hash bde903fd41c3f8f3b56177568e3c07db2d068f50be1997a9e7460a617fc7fa2715
Broadcast to 2, 53764, 302093578
[ SendBlockchain ] Block does not exist 
[ SendBlockchain ] NOBLOCK sent! 
[ receive_netinfo ] 2 peers online!
Coming online...
[ CheckVotesForBlock ] Got vote for block 15
[ CheckVotesForBlock ] Handling vote 
2 53764 302093578
[ CheckVotesForBlock ] Block hash matches!
[ CheckVotesForBlock ] Majority agrees! 2 agree vs. 0 disagree, out of 2
Broadcast to 2, 53764, 302093578
[ AddBlockToBlockchain ] Added as candidate 
Handling all block addition requests...
[ AddBlockToBlockchain ] Our block got added 16

[ AddBlockToBlockchain ] --------- Stop --------- 

Blockchain is size 16 with top hash bde903fd41c3f8f3b56177568e3c07db2d068f50be1997a9e7460a617fc7fa27
[ RequestBlockchain ] Requesting block 16
Broadcast to 2, 53764, 302093578
[ RequestBlockchain ] Message available! 
[ RequestBlockchain ] Handling block...
2 53764 302093578
[ RequestBlockchain ] Received NOBLOCK
[ RequestBlockchain ] Majority found
[ AddBlockToBlockchain ] --------- Start --------- 
[ AddBlockToBlockchain ] Trying to add block with hash 10f243c67ea5c860769d5b5c0e004eca23021190a22735120cb368588011472316
Broadcast to 2, 53764, 302093578
[ receive_netinfo ] 2 peers online!
Coming online...
[ SendBlockchain ] Block does not exist 
[ SendBlockchain ] NOBLOCK sent! 
[ CheckVotesForBlock ] Got vote for block 16
[ CheckVotesForBlock ] Handling vote 
2 53764 302093578
[ CheckVotesForBlock ] Block hash matches!
[ CheckVotesForBlock ] Majority agrees! 2 agree vs. 0 disagree, out of 2
Broadcast to 2, 53764, 302093578
[ AddBlockToBlockchain ] Added as candidate 
Handling all block addition requests...
[ AddBlockToBlockchain ] Our block got added 17

[ AddBlockToBlockchain ] --------- Stop --------- 

Blockchain is size 17 with top hash 10f243c67ea5c860769d5b5c0e004eca23021190a22735120cb3685880114723
[ RequestBlockchain ] Requesting block 17
Broadcast to 2, 53764, 302093578
[ receive_netinfo ] 2 peers online!
Coming online...
[ RequestBlockchain ] Message available! 
[ RequestBlockchain ] Handling block...
2 53764 302093578
[ RequestBlockchain ] Received NOBLOCK
[ RequestBlockchain ] Majority found
[ AddBlockToBlockchain ] --------- Start --------- 
[ AddBlockToBlockchain ] Trying to add block with hash aa6bc6df64e1e95689da268e1191479872bff2788c22ae04a51af86117d17fab17
Broadcast to 2, 53764, 302093578
[ receive_netinfo ] 2 peers online!
Coming online...
[ receive_netinfo ] 2 peers online!
Coming online...
[ receive_netinfo ] 2 peers online!
Coming online...
[ receive_netinfo ] 2 peers online!
Coming online...
[ CheckVotesForBlock ] Too many tries! Got 1 agrees and 0 disagrees
Broadcast to 2, 53764, 302093578
[ AddBlockToBlockchain ] Not accepted 
Handling all block addition requests...
[ AddBlockToBlockchain ] No block got added ... for some reason 17

[ AddBlockToBlockchain ] --------- Stop --------- 

Blockchain is size 17 with top hash 10f243c67ea5c860769d5b5c0e004eca23021190a22735120cb3685880114723
[ RequestBlockchain ] Requesting block 17
Broadcast to 2, 53764, 302093578
[ RequestBlockchain ] Message available! 
[ RequestBlockchain ] Handling block...
2 53764 302093578
[ RequestBlockchain ] Received NOBLOCK
[ RequestBlockchain ] Majority found
[ AddBlockToBlockchain ] --------- Start --------- 
[ AddBlockToBlockchain ] Trying to add block with hash aa6bc6df64e1e95689da268e1191479872bff2788c22ae04a51af86117d17fab17
Broadcast to 2, 53764, 302093578
[ receive_netinfo ] 2 peers online!
Coming online...
[ receive_netinfo ] 2 peers online!
Coming online...
[ receive_netinfo ] 2 peers online!
Coming online...
[ receive_netinfo ] 2 peers online!
Coming online...
[ CheckVotesForBlock ] Too many tries! Got 1 agrees and 0 disagrees
Broadcast to 2, 53764, 302093578
[ AddBlockToBlockchain ] Not accepted 
Handling all block addition requests...
[ AddBlockToBlockchain ] No block got added ... for some reason 17

[ AddBlockToBlockchain ] --------- Stop --------- 

Blockchain is size 17 with top hash 10f243c67ea5c860769d5b5c0e004eca23021190a22735120cb3685880114723
[ RequestBlockchain ] Requesting block 17
Broadcast to 2, 53764, 302093578
[ RequestBlockchain ] Message available! 
[ RequestBlockchain ] Handling block...
2 53764 302093578
[ RequestBlockchain ] Received NOBLOCK
[ RequestBlockchain ] Majority found
[ AddBlockToBlockchain ] --------- Start --------- 
[ AddBlockToBlockchain ] Trying to add block with hash aa6bc6df64e1e95689da268e1191479872bff2788c22ae04a51af86117d17fab17
Broadcast to 2, 53764, 302093578
[ receive_netinfo ] 2 peers online!
Coming online...
[ receive_netinfo ] 2 peers online!
Coming online...
[ receive_netinfo ] 2 peers online!
Coming online...
[ receive_netinfo ] 2 peers online!
Coming online...
[ CheckVotesForBlock ] Too many tries! Got 1 agrees and 0 disagrees
Broadcast to 2, 53764, 302093578
[ AddBlockToBlockchain ] Not accepted 
Handling all block addition requests...
[ AddBlockToBlockchain ] No block got added ... for some reason 17

[ AddBlockToBlockchain ] --------- Stop --------- 

Blockchain is size 17 with top hash 10f243c67ea5c860769d5b5c0e004eca23021190a22735120cb3685880114723
[ RequestBlockchain ] Requesting block 17
Broadcast to 2, 53764, 302093578
[ receive_netinfo ] 2 peers online!
Coming online...
[ RequestBlockchain ] Message available! 
[ RequestBlockchain ] Handling block...
2 53764 302093578
[ RequestBlockchain ] Received NOBLOCK
[ RequestBlockchain ] Majority found
[ AddBlockToBlockchain ] --------- Start --------- 
[ AddBlockToBlockchain ] Trying to add block with hash aa6bc6df64e1e95689da268e1191479872bff2788c22ae04a51af86117d17fab17
Broadcast to 2, 53764, 302093578
[ receive_netinfo ] 2 peers online!
Coming online...
[ receive_netinfo ] 2 peers online!
Coming online...
[ receive_netinfo ] 2 peers online!
Coming online...
[ receive_netinfo ] 2 peers online!
Coming online...
[ CheckVotesForBlock ] Too many tries! Got 1 agrees and 0 disagrees
Broadcast to 2, 53764, 302093578
[ AddBlockToBlockchain ] Not accepted 
Handling all block addition requests...
[ AddBlockToBlockchain ] No block got added ... for some reason 17

[ AddBlockToBlockchain ] --------- Stop --------- 

Blockchain is size 17 with top hash 10f243c67ea5c860769d5b5c0e004eca23021190a22735120cb3685880114723
[ RequestBlockchain ] Requesting block 17
Broadcast to 2, 53764, 302093578
[ receive_netinfo ] 2 peers online!
Coming online...
[ RequestBlockchain ] Message available! 
[ RequestBlockchain ] Handling block...
2 53764 302093578
[ RequestBlockchain ] Received NOBLOCK
[ RequestBlockchain ] Majority found
[ AddBlockToBlockchain ] --------- Start --------- 
[ AddBlockToBlockchain ] Trying to add block with hash aa6bc6df64e1e95689da268e1191479872bff2788c22ae04a51af86117d17fab17
Broadcast to 2, 53764, 302093578
[ receive_netinfo ] 2 peers online!
Coming online...
[ receive_netinfo ] 2 peers online!
Coming online...
[ receive_netinfo ] 2 peers online!
Coming online...
[ receive_netinfo ] 2 peers online!
Coming online...
[ CheckVotesForBlock ] Too many tries! Got 1 agrees and 0 disagrees
Broadcast to 2, 53764, 302093578
[ AddBlockToBlockchain ] Not accepted 
Handling all block addition requests...
[ AddBlockToBlockchain ] No block got added ... for some reason 17

[ AddBlockToBlockchain ] --------- Stop --------- 

Blockchain is size 17 with top hash 10f243c67ea5c860769d5b5c0e004eca23021190a22735120cb3685880114723
[ RequestBlockchain ] Requesting block 17
Broadcast to 2, 53764, 302093578
[ RequestBlockchain ] Message available! 
[ RequestBlockchain ] Handling block...
2 53764 302093578
[ RequestBlockchain ] Received NOBLOCK
[ RequestBlockchain ] Majority found
[ AddBlockToBlockchain ] --------- Start --------- 
[ AddBlockToBlockchain ] Trying to add block with hash aa6bc6df64e1e95689da268e1191479872bff2788c22ae04a51af86117d17fab17
Broadcast to 2, 53764, 302093578
[ receive_netinfo ] 2 peers online!
Coming online...
[ receive_netinfo ] 2 peers online!
Coming online...
[ receive_netinfo ] 2 peers online!
Coming online...
[ receive_netinfo ] 2 peers online!
Coming online...
[ CheckVotesForBlock ] Too many tries! Got 1 agrees and 0 disagrees
Broadcast to 2, 53764, 302093578
[ AddBlockToBlockchain ] Not accepted 
Handling all block addition requests...
[ AddBlockToBlockchain ] No block got added ... for some reason 17

[ AddBlockToBlockchain ] --------- Stop --------- 

Blockchain is size 17 with top hash 10f243c67ea5c860769d5b5c0e004eca23021190a22735120cb3685880114723
[ RequestBlockchain ] Requesting block 17
Broadcast to 2, 53764, 302093578
[ receive_netinfo ] 2 peers online!
Coming online...
[ RequestBlockchain ] Message available! 
[ RequestBlockchain ] Handling block...
2 53764 302093578
[ RequestBlockchain ] Received NOBLOCK
[ RequestBlockchain ] Majority found
[ AddBlockToBlockchain ] --------- Start --------- 
[ AddBlockToBlockchain ] Trying to add block with hash aa6bc6df64e1e95689da268e1191479872bff2788c22ae04a51af86117d17fab17
Broadcast to 2, 53764, 302093578
[ receive_netinfo ] 2 peers online!
Coming online...
[ receive_netinfo ] 2 peers online!
Coming online...
[ receive_netinfo ] 2 peers online!
Coming online...
[ receive_netinfo ] 2 peers online!
Coming online...
[ CheckVotesForBlock ] Too many tries! Got 1 agrees and 0 disagrees
Broadcast to 2, 53764, 302093578
[ AddBlockToBlockchain ] Not accepted 
Handling all block addition requests...
[ AddBlockToBlockchain ] No block got added ... for some reason 17

[ AddBlockToBlockchain ] --------- Stop --------- 

Blockchain is size 17 with top hash 10f243c67ea5c860769d5b5c0e004eca23021190a22735120cb3685880114723
[ RequestBlockchain ] Requesting block 17
Broadcast to 2, 53764, 302093578
[ RequestBlockchain ] Message available! 
[ RequestBlockchain ] Handling block...
2 53764 302093578
[ RequestBlockchain ] Received NOBLOCK
[ RequestBlockchain ] Majority found
[ AddBlockToBlockchain ] --------- Start --------- 
[ AddBlockToBlockchain ] Trying to add block with hash aa6bc6df64e1e95689da268e1191479872bff2788c22ae04a51af86117d17fab17
Broadcast to 2, 53764, 302093578
[ receive_netinfo ] 2 peers online!
Coming online...
[ receive_netinfo ] 2 peers online!
Coming online...
[ receive_netinfo ] 2 peers online!
Coming online...
[ receive_netinfo ] 2 peers online!
Coming online...
[ CheckVotesForBlock ] Too many tries! Got 1 agrees and 0 disagrees
Broadcast to 2, 53764, 302093578
[ AddBlockToBlockchain ] Not accepted 
Handling all block addition requests...
[ AddBlockToBlockchain ] No block got added ... for some reason 17

[ AddBlockToBlockchain ] --------- Stop --------- 

Blockchain is size 17 with top hash 10f243c67ea5c860769d5b5c0e004eca23021190a22735120cb3685880114723
[ RequestBlockchain ] Requesting block 17
Broadcast to 2, 53764, 302093578
[ receive_netinfo ] 2 peers online!
Coming online...
[ RequestBlockchain ] Message available! 
[ RequestBlockchain ] Handling block...
2 53764 302093578
[ RequestBlockchain ] Received NOBLOCK
[ RequestBlockchain ] Majority found
[ AddBlockToBlockchain ] --------- Start --------- 
[ AddBlockToBlockchain ] Trying to add block with hash aa6bc6df64e1e95689da268e1191479872bff2788c22ae04a51af86117d17fab17
Broadcast to 2, 53764, 302093578
[ receive_netinfo ] 2 peers online!
Coming online...
[ receive_netinfo ] 2 peers online!
Coming online...
[ receive_netinfo ] 2 peers online!
Coming online...
[ receive_netinfo ] 2 peers online!
Coming online...
[ CheckVotesForBlock ] Too many tries! Got 1 agrees and 0 disagrees
Broadcast to 2, 53764, 302093578
[ AddBlockToBlockchain ] Not accepted 
Handling all block addition requests...
[ AddBlockToBlockchain ] No block got added ... for some reason 17

[ AddBlockToBlockchain ] --------- Stop --------- 

Blockchain is size 17 with top hash 10f243c67ea5c860769d5b5c0e004eca23021190a22735120cb3685880114723
[ RequestBlockchain ] Requesting block 17
Broadcast to 2, 53764, 302093578
[ receive_netinfo ] 2 peers online!
Coming online...
[ RequestBlockchain ] Message available! 
[ RequestBlockchain ] Handling block...
2 53764 302093578
[ RequestBlockchain ] Received NOBLOCK
[ RequestBlockchain ] Majority found
[ AddBlockToBlockchain ] --------- Start --------- 
[ AddBlockToBlockchain ] Trying to add block with hash aa6bc6df64e1e95689da268e1191479872bff2788c22ae04a51af86117d17fab17
Broadcast to 2, 53764, 302093578
[ receive_netinfo ] 2 peers online!
Coming online...
[ receive_netinfo ] 2 peers online!
Coming online...
[ receive_netinfo ] 2 peers online!
Coming online...
[ receive_netinfo ] 2 peers online!
Coming online...
[ CheckVotesForBlock ] Too many tries! Got 1 agrees and 0 disagrees
Broadcast to 2, 53764, 302093578
[ AddBlockToBlockchain ] Not accepted 
Handling all block addition requests...
[ AddBlockToBlockchain ] No block got added ... for some reason 17

[ AddBlockToBlockchain ] --------- Stop --------- 

Blockchain is size 17 with top hash 10f243c67ea5c860769d5b5c0e004eca23021190a22735120cb3685880114723
[ RequestBlockchain ] Requesting block 17
Broadcast to 2, 53764, 302093578
[ RequestBlockchain ] Message available! 
[ RequestBlockchain ] Handling block...
2 53764 302093578
[ RequestBlockchain ] Received NOBLOCK
[ RequestBlockchain ] Majority found
[ AddBlockToBlockchain ] --------- Start --------- 
[ AddBlockToBlockchain ] Trying to add block with hash aa6bc6df64e1e95689da268e1191479872bff2788c22ae04a51af86117d17fab17
Broadcast to 2, 53764, 302093578
[ receive_netinfo ] 2 peers online!
Coming online...
[ receive_netinfo ] 2 peers online!
Coming online...
[ receive_netinfo ] 2 peers online!
Coming online...
[ receive_netinfo ] 2 peers online!
Coming online...
[ CheckVotesForBlock ] Too many tries! Got 1 agrees and 0 disagrees
Broadcast to 2, 53764, 302093578
[ AddBlockToBlockchain ] Not accepted 
Handling all block addition requests...
[ AddBlockToBlockchain ] No block got added ... for some reason 17

[ AddBlockToBlockchain ] --------- Stop --------- 

Blockchain is size 17 with top hash 10f243c67ea5c860769d5b5c0e004eca23021190a22735120cb3685880114723
[ RequestBlockchain ] Requesting block 17
Broadcast to 2, 53764, 302093578
[ receive_netinfo ] 2 peers online!
Coming online...
[ RequestBlockchain ] Message available! 
[ RequestBlockchain ] Handling block...
2 53764 302093578
[ RequestBlockchain ] Received NOBLOCK
[ RequestBlockchain ] Majority found
[ AddBlockToBlockchain ] --------- Start --------- 
[ AddBlockToBlockchain ] Trying to add block with hash aa6bc6df64e1e95689da268e1191479872bff2788c22ae04a51af86117d17fab17
Broadcast to 2, 53764, 302093578
[ receive_netinfo ] 2 peers online!
Coming online...
[ receive_netinfo ] 2 peers online!
Coming online...
[ receive_netinfo ] 2 peers online!
Coming online...
[ receive_netinfo ] 2 peers online!
Coming online...
[ CheckVotesForBlock ] Too many tries! Got 1 agrees and 0 disagrees
Broadcast to 2, 53764, 302093578
[ AddBlockToBlockchain ] Not accepted 
Handling all block addition requests...
[ AddBlockToBlockchain ] No block got added ... for some reason 17

[ AddBlockToBlockchain ] --------- Stop --------- 

Blockchain is size 17 with top hash 10f243c67ea5c860769d5b5c0e004eca23021190a22735120cb3685880114723
[ RequestBlockchain ] Requesting block 17
Broadcast to 2, 53764, 302093578
[ receive_netinfo ] 2 peers online!
Coming online...
[ RequestBlockchain ] Message available! 
[ RequestBlockchain ] Handling block...
2 53764 302093578
[ RequestBlockchain ] Received NOBLOCK
[ RequestBlockchain ] Majority found
[ AddBlockToBlockchain ] --------- Start --------- 
[ AddBlockToBlockchain ] Trying to add block with hash aa6bc6df64e1e95689da268e1191479872bff2788c22ae04a51af86117d17fab17
Broadcast to 2, 53764, 302093578
[ receive_netinfo ] 2 peers online!
Coming online...
[ receive_netinfo ] 2 peers online!
Coming online...
[ receive_netinfo ] 2 peers online!
Coming online...
[ receive_netinfo ] 2 peers online!
Coming online...
[ CheckVotesForBlock ] Too many tries! Got 1 agrees and 0 disagrees
Broadcast to 2, 53764, 302093578
[ AddBlockToBlockchain ] Not accepted 
Handling all block addition requests...
[ AddBlockToBlockchain ] No block got added ... for some reason 17

[ AddBlockToBlockchain ] --------- Stop --------- 

Blockchain is size 17 with top hash 10f243c67ea5c860769d5b5c0e004eca23021190a22735120cb3685880114723
[ RequestBlockchain ] Requesting block 17
Broadcast to 2, 53764, 302093578
[ RequestBlockchain ] Message available! 
[ RequestBlockchain ] Handling block...
2 53764 302093578
[ RequestBlockchain ] Received NOBLOCK
[ RequestBlockchain ] Majority found
[ AddBlockToBlockchain ] --------- Start --------- 
[ AddBlockToBlockchain ] Trying to add block with hash aa6bc6df64e1e95689da268e1191479872bff2788c22ae04a51af86117d17fab17
Broadcast to 2, 53764, 302093578
[ receive_netinfo ] 2 peers online!
Coming online...
[ receive_netinfo ] 2 peers online!
Coming online...
[ receive_netinfo ] 2 peers online!
Coming online...
[ receive_netinfo ] 2 peers online!
Coming online...
[ CheckVotesForBlock ] Too many tries! Got 1 agrees and 0 disagrees
Broadcast to 2, 53764, 302093578
[ AddBlockToBlockchain ] Not accepted 
Handling all block addition requests...
[ AddBlockToBlockchain ] No block got added ... for some reason 17

[ AddBlockToBlockchain ] --------- Stop --------- 

Blockchain is size 17 with top hash 10f243c67ea5c860769d5b5c0e004eca23021190a22735120cb3685880114723
[ RequestBlockchain ] Requesting block 17
Broadcast to 2, 53764, 302093578
[ receive_netinfo ] 2 peers online!
Coming online...
[ RequestBlockchain ] Message available! 
[ RequestBlockchain ] Handling block...
2 53764 302093578
[ RequestBlockchain ] Received NOBLOCK
[ RequestBlockchain ] Majority found
[ AddBlockToBlockchain ] --------- Start --------- 
[ AddBlockToBlockchain ] Trying to add block with hash aa6bc6df64e1e95689da268e1191479872bff2788c22ae04a51af86117d17fab17
Broadcast to 2, 53764, 302093578
[ receive_netinfo ] 2 peers online!
Coming online...
[ receive_netinfo ] 2 peers online!
Coming online...
[ receive_netinfo ] 2 peers online!
Coming online...
[ receive_netinfo ] 2 peers online!
Coming online...
[ CheckVotesForBlock ] Too many tries! Got 1 agrees and 0 disagrees
Broadcast to 2, 53764, 302093578
[ AddBlockToBlockchain ] Not accepted 
Handling all block addition requests...
[ AddBlockToBlockchain ] No block got added ... for some reason 17

[ AddBlockToBlockchain ] --------- Stop --------- 

Blockchain is size 17 with top hash 10f243c67ea5c860769d5b5c0e004eca23021190a22735120cb3685880114723
[ RequestBlockchain ] Requesting block 17
Broadcast to 2, 53764, 302093578
[ receive_netinfo ] 2 peers online!
Coming online...
[ RequestBlockchain ] Message available! 
[ RequestBlockchain ] Handling block...
2 53764 302093578
[ RequestBlockchain ] Received NOBLOCK
[ RequestBlockchain ] Majority found
[ AddBlockToBlockchain ] --------- Start --------- 
[ AddBlockToBlockchain ] Trying to add block with hash aa6bc6df64e1e95689da268e1191479872bff2788c22ae04a51af86117d17fab17
Broadcast to 2, 53764, 302093578
[ receive_netinfo ] 2 peers online!
Coming online...
[ receive_netinfo ] 2 peers online!
Coming online...
[ receive_netinfo ] 2 peers online!
Coming online...
[ receive_netinfo ] 2 peers online!
Coming online...
[ CheckVotesForBlock ] Too many tries! Got 1 agrees and 0 disagrees
Broadcast to 2, 53764, 302093578
[ AddBlockToBlockchain ] Not accepted 
Handling all block addition requests...
[ AddBlockToBlockchain ] No block got added ... for some reason 17

[ AddBlockToBlockchain ] --------- Stop --------- 

Blockchain is size 17 with top hash 10f243c67ea5c860769d5b5c0e004eca23021190a22735120cb3685880114723
[ RequestBlockchain ] Requesting block 17
Broadcast to 2, 53764, 302093578
[ RequestBlockchain ] Message available! 
[ RequestBlockchain ] Handling block...
2 53764 302093578
[ RequestBlockchain ] Received NOBLOCK
[ RequestBlockchain ] Majority found
[ AddBlockToBlockchain ] --------- Start --------- 
[ AddBlockToBlockchain ] Trying to add block with hash aa6bc6df64e1e95689da268e1191479872bff2788c22ae04a51af86117d17fab17
Broadcast to 2, 53764, 302093578
[ receive_netinfo ] 2 peers online!
Coming online...
[ receive_netinfo ] 2 peers online!
Coming online...
[ receive_netinfo ] 2 peers online!
Coming online...
[ receive_netinfo ] 2 peers online!
Coming online...
[ CheckVotesForBlock ] Too many tries! Got 1 agrees and 0 disagrees
Broadcast to 2, 53764, 302093578
[ AddBlockToBlockchain ] Not accepted 
Handling all block addition requests...
[ AddBlockToBlockchain ] No block got added ... for some reason 17

[ AddBlockToBlockchain ] --------- Stop --------- 

Blockchain is size 17 with top hash 10f243c67ea5c860769d5b5c0e004eca23021190a22735120cb3685880114723
[ RequestBlockchain ] Requesting block 17
Broadcast to 2, 53764, 302093578
[ receive_netinfo ] 2 peers online!
Coming online...
[ RequestBlockchain ] Message available! 
[ RequestBlockchain ] Handling block...
2 53764 302093578
[ RequestBlockchain ] Received NOBLOCK
[ RequestBlockchain ] Majority found
[ AddBlockToBlockchain ] --------- Start --------- 
[ AddBlockToBlockchain ] Trying to add block with hash aa6bc6df64e1e95689da268e1191479872bff2788c22ae04a51af86117d17fab17
Broadcast to 2, 53764, 302093578
[ receive_netinfo ] 2 peers online!
Coming online...
[ receive_netinfo ] 2 peers online!
Coming online...
[ receive_netinfo ] 2 peers online!
Coming online...
[ receive_netinfo ] 2 peers online!
Coming online...
[ CheckVotesForBlock ] Too many tries! Got 1 agrees and 0 disagrees
Broadcast to 2, 53764, 302093578
[ AddBlockToBlockchain ] Not accepted 
Handling all block addition requests...
[ AddBlockToBlockchain ] No block got added ... for some reason 17

[ AddBlockToBlockchain ] --------- Stop --------- 

Blockchain is size 17 with top hash 10f243c67ea5c860769d5b5c0e004eca23021190a22735120cb3685880114723
[ RequestBlockchain ] Requesting block 17
Broadcast to 2, 53764, 302093578
[ RequestBlockchain ] Message available! 
[ RequestBlockchain ] Handling block...
2 53764 302093578
[ RequestBlockchain ] Received NOBLOCK
[ RequestBlockchain ] Majority found
[ AddBlockToBlockchain ] --------- Start --------- 
[ AddBlockToBlockchain ] Trying to add block with hash aa6bc6df64e1e95689da268e1191479872bff2788c22ae04a51af86117d17fab17
Broadcast to 2, 53764, 302093578
[ receive_netinfo ] 2 peers online!
Coming online...
[ receive_netinfo ] 2 peers online!
Coming online...
[ receive_netinfo ] 2 peers online!
Coming online...
[ receive_netinfo ] 2 peers online!
Coming online...
[ CheckVotesForBlock ] Too many tries! Got 1 agrees and 0 disagrees
Broadcast to 2, 53764, 302093578
[ AddBlockToBlockchain ] Not accepted 
Handling all block addition requests...
[ AddBlockToBlockchain ] No block got added ... for some reason 17

[ AddBlockToBlockchain ] --------- Stop --------- 

Blockchain is size 17 with top hash 10f243c67ea5c860769d5b5c0e004eca23021190a22735120cb3685880114723
[ RequestBlockchain ] Requesting block 17
Broadcast to 2, 53764, 302093578
[ receive_netinfo ] 2 peers online!
Coming online...
[ RequestBlockchain ] Message available! 
[ RequestBlockchain ] Handling block...
2 53764 302093578
[ RequestBlockchain ] Received NOBLOCK
[ RequestBlockchain ] Majority found
[ AddBlockToBlockchain ] --------- Start --------- 
[ AddBlockToBlockchain ] Trying to add block with hash aa6bc6df64e1e95689da268e1191479872bff2788c22ae04a51af86117d17fab17
Broadcast to 2, 53764, 302093578
[ receive_netinfo ] 2 peers online!
Coming online...
[ receive_netinfo ] 2 peers online!
Coming online...
[ receive_netinfo ] 2 peers online!
Coming online...
[ receive_netinfo ] 2 peers online!
Coming online...
[ CheckVotesForBlock ] Too many tries! Got 1 agrees and 0 disagrees
Broadcast to 2, 53764, 302093578
[ AddBlockToBlockchain ] Not accepted 
Handling all block addition requests...
[ AddBlockToBlockchain ] No block got added ... for some reason 17

[ AddBlockToBlockchain ] --------- Stop --------- 

Blockchain is size 17 with top hash 10f243c67ea5c860769d5b5c0e004eca23021190a22735120cb3685880114723
[ RequestBlockchain ] Requesting block 17
Broadcast to 2, 53764, 302093578
[ RequestBlockchain ] Message available! 
[ RequestBlockchain ] Handling block...
2 53764 302093578
[ RequestBlockchain ] Received NOBLOCK
[ RequestBlockchain ] Majority found
[ AddBlockToBlockchain ] --------- Start --------- 
[ AddBlockToBlockchain ] Trying to add block with hash aa6bc6df64e1e95689da268e1191479872bff2788c22ae04a51af86117d17fab17
Broadcast to 2, 53764, 302093578
[ receive_netinfo ] 2 peers online!
Coming online...
[ receive_netinfo ] 2 peers online!
Coming online...
[ receive_netinfo ] 2 peers online!
Coming online...
[ receive_netinfo ] 2 peers online!
Coming online...
[ receive_netinfo ] 2 peers online!
Coming online...
[ CheckVotesForBlock ] Too many tries! Got 1 agrees and 0 disagrees
Broadcast to 2, 53764, 302093578
[ AddBlockToBlockchain ] Not accepted 
Handling all block addition requests...
[ AddBlockToBlockchain ] No block got added ... for some reason 17

[ AddBlockToBlockchain ] --------- Stop --------- 

Blockchain is size 17 with top hash 10f243c67ea5c860769d5b5c0e004eca23021190a22735120cb3685880114723
[ RequestBlockchain ] Requesting block 17
Broadcast to 2, 53764, 302093578
[ RequestBlockchain ] Message available! 
[ RequestBlockchain ] Handling block...
2 53764 302093578
[ RequestBlockchain ] Received NOBLOCK
[ RequestBlockchain ] Majority found
[ AddBlockToBlockchain ] --------- Start --------- 
[ AddBlockToBlockchain ] Trying to add block with hash aa6bc6df64e1e95689da268e1191479872bff2788c22ae04a51af86117d17fab17
Broadcast to 2, 53764, 302093578
[ receive_netinfo ] 2 peers online!
Coming online...
[ receive_netinfo ] 2 peers online!
Coming online...
[ receive_netinfo ] 2 peers online!
Coming online...
[ receive_netinfo ] 2 peers online!
Coming online...
[ CheckVotesForBlock ] Too many tries! Got 1 agrees and 0 disagrees
Broadcast to 2, 53764, 302093578
[ AddBlockToBlockchain ] Not accepted 
Handling all block addition requests...
[ AddBlockToBlockchain ] No block got added ... for some reason 17

[ AddBlockToBlockchain ] --------- Stop --------- 

Blockchain is size 17 with top hash 10f243c67ea5c860769d5b5c0e004eca23021190a22735120cb3685880114723
[ RequestBlockchain ] Requesting block 17
Broadcast to 2, 53764, 302093578
[ receive_netinfo ] 2 peers online!
Coming online...
[ RequestBlockchain ] Message available! 
[ RequestBlockchain ] Handling block...
2 53764 302093578
[ RequestBlockchain ] Received NOBLOCK
[ RequestBlockchain ] Majority found
[ AddBlockToBlockchain ] --------- Start --------- 
[ AddBlockToBlockchain ] Trying to add block with hash aa6bc6df64e1e95689da268e1191479872bff2788c22ae04a51af86117d17fab17
Broadcast to 2, 53764, 302093578
[ receive_netinfo ] 2 peers online!
Coming online...
[ receive_netinfo ] 2 peers online!
Coming online...
[ receive_netinfo ] 2 peers online!
Coming online...
[ receive_netinfo ] 2 peers online!
Coming online...
[ CheckVotesForBlock ] Too many tries! Got 1 agrees and 0 disagrees
Broadcast to 2, 53764, 302093578
[ AddBlockToBlockchain ] Not accepted 
Handling all block addition requests...
[ AddBlockToBlockchain ] No block got added ... for some reason 17

[ AddBlockToBlockchain ] --------- Stop --------- 

Blockchain is size 17 with top hash 10f243c67ea5c860769d5b5c0e004eca23021190a22735120cb3685880114723
[ RequestBlockchain ] Requesting block 17
Broadcast to 2, 53764, 302093578
[ RequestBlockchain ] Message available! 
[ RequestBlockchain ] Handling block...
2 53764 302093578
[ RequestBlockchain ] Received NOBLOCK
[ RequestBlockchain ] Majority found
[ AddBlockToBlockchain ] --------- Start --------- 
[ AddBlockToBlockchain ] Trying to add block with hash aa6bc6df64e1e95689da268e1191479872bff2788c22ae04a51af86117d17fab17
Broadcast to 2, 53764, 302093578
[ receive_netinfo ] 2 peers online!
Coming online...
[ receive_netinfo ] 2 peers online!
Coming online...
[ receive_netinfo ] 2 peers online!
Coming online...
[ receive_netinfo ] 2 peers online!
Coming online...
[ CheckVotesForBlock ] Too many tries! Got 1 agrees and 0 disagrees
Broadcast to 2, 53764, 302093578
[ AddBlockToBlockchain ] Not accepted 
Handling all block addition requests...
[ AddBlockToBlockchain ] No block got added ... for some reason 17

[ AddBlockToBlockchain ] --------- Stop --------- 

Blockchain is size 17 with top hash 10f243c67ea5c860769d5b5c0e004eca23021190a22735120cb3685880114723
[ RequestBlockchain ] Requesting block 17
Broadcast to 2, 53764, 302093578
[ receive_netinfo ] 2 peers online!
Coming online...
[ RequestBlockchain ] Message available! 
[ RequestBlockchain ] Handling block...
2 53764 302093578
[ RequestBlockchain ] Received NOBLOCK
[ RequestBlockchain ] Majority found
[ AddBlockToBlockchain ] --------- Start --------- 
[ AddBlockToBlockchain ] Trying to add block with hash aa6bc6df64e1e95689da268e1191479872bff2788c22ae04a51af86117d17fab17
Broadcast to 2, 53764, 302093578
[ receive_netinfo ] 2 peers online!
Coming online...
[ receive_netinfo ] 2 peers online!
Coming online...
[ receive_netinfo ] 2 peers online!
Coming online...
[ receive_netinfo ] 2 peers online!
Coming online...
[ CheckVotesForBlock ] Too many tries! Got 1 agrees and 0 disagrees
Broadcast to 2, 53764, 302093578
[ AddBlockToBlockchain ] Not accepted 
Handling all block addition requests...
[ AddBlockToBlockchain ] No block got added ... for some reason 17

[ AddBlockToBlockchain ] --------- Stop --------- 

Blockchain is size 17 with top hash 10f243c67ea5c860769d5b5c0e004eca23021190a22735120cb3685880114723
[ RequestBlockchain ] Requesting block 17
Broadcast to 2, 53764, 302093578
[ RequestBlockchain ] Message available! 
[ RequestBlockchain ] Handling block...
2 53764 302093578
[ RequestBlockchain ] Received NOBLOCK
[ RequestBlockchain ] Majority found
[ AddBlockToBlockchain ] --------- Start --------- 
[ AddBlockToBlockchain ] Trying to add block with hash aa6bc6df64e1e95689da268e1191479872bff2788c22ae04a51af86117d17fab17
Broadcast to 2, 53764, 302093578
[ receive_netinfo ] 2 peers online!
Coming online...
[ receive_netinfo ] 2 peers online!
Coming online...
[ receive_netinfo ] 2 peers online!
Coming online...
[ receive_netinfo ] 2 peers online!
Coming online...
[ CheckVotesForBlock ] Too many tries! Got 1 agrees and 0 disagrees
Broadcast to 2, 53764, 302093578
[ AddBlockToBlockchain ] Not accepted 
Handling all block addition requests...
[ AddBlockToBlockchain ] No block got added ... for some reason 17

[ AddBlockToBlockchain ] --------- Stop --------- 

Blockchain is size 17 with top hash 10f243c67ea5c860769d5b5c0e004eca23021190a22735120cb3685880114723
[ RequestBlockchain ] Requesting block 17
Broadcast to 2, 53764, 302093578
[ receive_netinfo ] 2 peers online!
Coming online...
[ RequestBlockchain ] Message available! 
[ RequestBlockchain ] Handling block...
2 53764 302093578
[ RequestBlockchain ] Received NOBLOCK
[ RequestBlockchain ] Majority found
[ AddBlockToBlockchain ] --------- Start --------- 
[ AddBlockToBlockchain ] Trying to add block with hash aa6bc6df64e1e95689da268e1191479872bff2788c22ae04a51af86117d17fab17
Broadcast to 2, 53764, 302093578
[ receive_netinfo ] 2 peers online!
Coming online...
[ receive_netinfo ] 2 peers online!
Coming online...
[ receive_netinfo ] 2 peers online!
Coming online...
[ receive_netinfo ] 2 peers online!
Coming online...
[ CheckVotesForBlock ] Too many tries! Got 1 agrees and 0 disagrees
Broadcast to 2, 53764, 302093578
[ AddBlockToBlockchain ] Not accepted 
Handling all block addition requests...
[ AddBlockToBlockchain ] No block got added ... for some reason 17

[ AddBlockToBlockchain ] --------- Stop --------- 

Blockchain is size 17 with top hash 10f243c67ea5c860769d5b5c0e004eca23021190a22735120cb3685880114723
[ RequestBlockchain ] Requesting block 17
Broadcast to 2, 53764, 302093578
[ RequestBlockchain ] Message available! 
[ RequestBlockchain ] Handling block...
2 53764 302093578
[ RequestBlockchain ] Received NOBLOCK
[ RequestBlockchain ] Majority found
[ AddBlockToBlockchain ] --------- Start --------- 
[ AddBlockToBlockchain ] Trying to add block with hash aa6bc6df64e1e95689da268e1191479872bff2788c22ae04a51af86117d17fab17
Broadcast to 2, 53764, 302093578
[ receive_netinfo ] 2 peers online!
Coming online...
[ receive_netinfo ] 2 peers online!
Coming online...
[ receive_netinfo ] 2 peers online!
Coming online...
[ receive_netinfo ] 2 peers online!
Coming online...
[ CheckVotesForBlock ] Too many tries! Got 1 agrees and 0 disagrees
Broadcast to 2, 53764, 302093578
[ AddBlockToBlockchain ] Not accepted 
Handling all block addition requests...
[ AddBlockToBlockchain ] No block got added ... for some reason 17

[ AddBlockToBlockchain ] --------- Stop --------- 

Blockchain is size 17 with top hash 10f243c67ea5c860769d5b5c0e004eca23021190a22735120cb3685880114723
[ RequestBlockchain ] Requesting block 17
Broadcast to 2, 53764, 302093578
[ RequestBlockchain ] Message available! 
[ RequestBlockchain ] Handling block...
2 53764 302093578
[ RequestBlockchain ] Received NOBLOCK
[ RequestBlockchain ] Majority found
[ AddBlockToBlockchain ] --------- Start --------- 
[ AddBlockToBlockchain ] Trying to add block with hash aa6bc6df64e1e95689da268e1191479872bff2788c22ae04a51af86117d17fab17
Broadcast to 2, 53764, 302093578
[ receive_netinfo ] 2 peers online!
Coming online...
[ receive_netinfo ] 2 peers online!
Coming online...
[ receive_netinfo ] 2 peers online!
Coming online...
[ receive_netinfo ] 2 peers online!
Coming online...
[ CheckVotesForBlock ] Too many tries! Got 1 agrees and 0 disagrees
Broadcast to 2, 53764, 302093578
[ AddBlockToBlockchain ] Not accepted 
Handling all block addition requests...
[ AddBlockToBlockchain ] No block got added ... for some reason 17

[ AddBlockToBlockchain ] --------- Stop --------- 

Blockchain is size 17 with top hash 10f243c67ea5c860769d5b5c0e004eca23021190a22735120cb3685880114723
[ RequestBlockchain ] Requesting block 17
Broadcast to 2, 53764, 302093578
[ receive_netinfo ] 2 peers online!
Coming online...
[ RequestBlockchain ] Message available! 
[ RequestBlockchain ] Handling block...
2 53764 302093578
[ RequestBlockchain ] Received NOBLOCK
[ RequestBlockchain ] Majority found
[ AddBlockToBlockchain ] --------- Start --------- 
[ AddBlockToBlockchain ] Trying to add block with hash aa6bc6df64e1e95689da268e1191479872bff2788c22ae04a51af86117d17fab17
Broadcast to 2, 53764, 302093578
[ receive_netinfo ] 2 peers online!
Coming online...
[ receive_netinfo ] 2 peers online!
Coming online...
[ receive_netinfo ] 2 peers online!
Coming online...
[ receive_netinfo ] 2 peers online!
Coming online...
[ CheckVotesForBlock ] Too many tries! Got 1 agrees and 0 disagrees
Broadcast to 2, 53764, 302093578
[ AddBlockToBlockchain ] Not accepted 
Handling all block addition requests...
[ AddBlockToBlockchain ] No block got added ... for some reason 17

[ AddBlockToBlockchain ] --------- Stop --------- 

Blockchain is size 17 with top hash 10f243c67ea5c860769d5b5c0e004eca23021190a22735120cb3685880114723
[ RequestBlockchain ] Requesting block 17
Broadcast to 2, 53764, 302093578
[ RequestBlockchain ] Message available! 
[ RequestBlockchain ] Handling block...
2 53764 302093578
[ RequestBlockchain ] Received NOBLOCK
[ RequestBlockchain ] Majority found
[ AddBlockToBlockchain ] --------- Start --------- 
[ AddBlockToBlockchain ] Trying to add block with hash aa6bc6df64e1e95689da268e1191479872bff2788c22ae04a51af86117d17fab17
Broadcast to 2, 53764, 302093578
[ receive_netinfo ] 2 peers online!
Coming online...
[ receive_netinfo ] 2 peers online!
Coming online...
[ receive_netinfo ] 2 peers online!
Coming online...
[ receive_netinfo ] 2 peers online!
Coming online...
[ CheckVotesForBlock ] Too many tries! Got 1 agrees and 0 disagrees
Broadcast to 2, 53764, 302093578
[ AddBlockToBlockchain ] Not accepted 
Handling all block addition requests...
[ AddBlockToBlockchain ] No block got added ... for some reason 17

[ AddBlockToBlockchain ] --------- Stop --------- 

Blockchain is size 17 with top hash 10f243c67ea5c860769d5b5c0e004eca23021190a22735120cb3685880114723
[ RequestBlockchain ] Requesting block 17
Broadcast to 2, 53764, 302093578
[ receive_netinfo ] 2 peers online!
Coming online...
[ RequestBlockchain ] Message available! 
[ RequestBlockchain ] Handling block...
2 53764 302093578
[ RequestBlockchain ] Received NOBLOCK
[ RequestBlockchain ] Majority found
[ AddBlockToBlockchain ] --------- Start --------- 
[ AddBlockToBlockchain ] Trying to add block with hash aa6bc6df64e1e95689da268e1191479872bff2788c22ae04a51af86117d17fab17
Broadcast to 2, 53764, 302093578
[ receive_netinfo ] 2 peers online!
Coming online...
[ receive_netinfo ] 2 peers online!
Coming online...
[ receive_netinfo ] 2 peers online!
Coming online...
[ receive_netinfo ] 2 peers online!
Coming online...
[ CheckVotesForBlock ] Too many tries! Got 1 agrees and 0 disagrees
Broadcast to 2, 53764, 302093578
[ AddBlockToBlockchain ] Not accepted 
Handling all block addition requests...
[ AddBlockToBlockchain ] No block got added ... for some reason 17

[ AddBlockToBlockchain ] --------- Stop --------- 

Blockchain is size 17 with top hash 10f243c67ea5c860769d5b5c0e004eca23021190a22735120cb3685880114723
[ RequestBlockchain ] Requesting block 17
Broadcast to 2, 53764, 302093578
[ RequestBlockchain ] Message available! 
[ RequestBlockchain ] Handling block...
2 53764 302093578
[ RequestBlockchain ] Received NOBLOCK
[ RequestBlockchain ] Majority found
[ AddBlockToBlockchain ] --------- Start --------- 
[ AddBlockToBlockchain ] Trying to add block with hash aa6bc6df64e1e95689da268e1191479872bff2788c22ae04a51af86117d17fab17
Broadcast to 2, 53764, 302093578
[ receive_netinfo ] 2 peers online!
Coming online...
[ receive_netinfo ] 2 peers online!
Coming online...
[ receive_netinfo ] 2 peers online!
Coming online...
[ receive_netinfo ] 2 peers online!
Coming online...
[ CheckVotesForBlock ] Too many tries! Got 1 agrees and 0 disagrees
Broadcast to 2, 53764, 302093578
[ AddBlockToBlockchain ] Not accepted 
Handling all block addition requests...
[ AddBlockToBlockchain ] No block got added ... for some reason 17

[ AddBlockToBlockchain ] --------- Stop --------- 

Blockchain is size 17 with top hash 10f243c67ea5c860769d5b5c0e004eca23021190a22735120cb3685880114723
[ RequestBlockchain ] Requesting block 17
Broadcast to 2, 53764, 302093578
[ receive_netinfo ] 2 peers online!
Coming online...
[ RequestBlockchain ] Message available! 
[ RequestBlockchain ] Handling block...
2 53764 302093578
[ RequestBlockchain ] Received NOBLOCK
[ RequestBlockchain ] Majority found
[ AddBlockToBlockchain ] --------- Start --------- 
[ AddBlockToBlockchain ] Trying to add block with hash aa6bc6df64e1e95689da268e1191479872bff2788c22ae04a51af86117d17fab17
Broadcast to 2, 53764, 302093578
[ receive_netinfo ] 2 peers online!
Coming online...
[ receive_netinfo ] 2 peers online!
Coming online...
[ receive_netinfo ] 2 peers online!
Coming online...
[ receive_netinfo ] 2 peers online!
Coming online...
[ CheckVotesForBlock ] Too many tries! Got 1 agrees and 0 disagrees
Broadcast to 2, 53764, 302093578
[ AddBlockToBlockchain ] Not accepted 
Handling all block addition requests...
[ AddBlockToBlockchain ] No block got added ... for some reason 17

[ AddBlockToBlockchain ] --------- Stop --------- 

Blockchain is size 17 with top hash 10f243c67ea5c860769d5b5c0e004eca23021190a22735120cb3685880114723
[ RequestBlockchain ] Requesting block 17
Broadcast to 2, 53764, 302093578
[ RequestBlockchain ] Message available! 
[ RequestBlockchain ] Handling block...
2 53764 302093578
[ RequestBlockchain ] Received NOBLOCK
[ RequestBlockchain ] Majority found
[ AddBlockToBlockchain ] --------- Start --------- 
[ AddBlockToBlockchain ] Trying to add block with hash aa6bc6df64e1e95689da268e1191479872bff2788c22ae04a51af86117d17fab17
Broadcast to 2, 53764, 302093578
[ receive_netinfo ] 2 peers online!
Coming online...
[ receive_netinfo ] 2 peers online!
Coming online...
[ receive_netinfo ] 2 peers online!
Coming online...
[ receive_netinfo ] 2 peers online!
Coming online...
[ CheckVotesForBlock ] Too many tries! Got 1 agrees and 0 disagrees
Broadcast to 2, 53764, 302093578
[ AddBlockToBlockchain ] Not accepted 
Handling all block addition requests...
[ AddBlockToBlockchain ] No block got added ... for some reason 17

[ AddBlockToBlockchain ] --------- Stop --------- 

Blockchain is size 17 with top hash 10f243c67ea5c860769d5b5c0e004eca23021190a22735120cb3685880114723
[ RequestBlockchain ] Requesting block 17
Broadcast to 2, 53764, 302093578
[ receive_netinfo ] 2 peers online!
Coming online...
[ RequestBlockchain ] Message available! 
[ RequestBlockchain ] Handling block...
2 53764 302093578
[ RequestBlockchain ] Received NOBLOCK
[ RequestBlockchain ] Majority found
[ AddBlockToBlockchain ] --------- Start --------- 
[ AddBlockToBlockchain ] Trying to add block with hash aa6bc6df64e1e95689da268e1191479872bff2788c22ae04a51af86117d17fab17
Broadcast to 2, 53764, 302093578
[ receive_netinfo ] 2 peers online!
Coming online...
[ receive_netinfo ] 2 peers online!
Coming online...
[ receive_netinfo ] 2 peers online!
Coming online...
[ receive_netinfo ] 2 peers online!
Coming online...
[ CheckVotesForBlock ] Too many tries! Got 1 agrees and 0 disagrees
Broadcast to 2, 53764, 302093578
[ AddBlockToBlockchain ] Not accepted 
Handling all block addition requests...
[ AddBlockToBlockchain ] No block got added ... for some reason 17

[ AddBlockToBlockchain ] --------- Stop --------- 

Blockchain is size 17 with top hash 10f243c67ea5c860769d5b5c0e004eca23021190a22735120cb3685880114723
[ RequestBlockchain ] Requesting block 17
Broadcast to 2, 53764, 302093578
[ RequestBlockchain ] Message available! 
[ RequestBlockchain ] Handling block...
2 53764 302093578
[ RequestBlockchain ] Received NOBLOCK
[ RequestBlockchain ] Majority found
[ AddBlockToBlockchain ] --------- Start --------- 
[ AddBlockToBlockchain ] Trying to add block with hash aa6bc6df64e1e95689da268e1191479872bff2788c22ae04a51af86117d17fab17
Broadcast to 2, 53764, 302093578
[ receive_netinfo ] 2 peers online!
Coming online...
[ receive_netinfo ] 2 peers online!
Coming online...
[ receive_netinfo ] 2 peers online!
Coming online...
[ receive_netinfo ] 2 peers online!
Coming online...
[ CheckVotesForBlock ] Too many tries! Got 1 agrees and 0 disagrees
Broadcast to 2, 53764, 302093578
[ AddBlockToBlockchain ] Not accepted 
Handling all block addition requests...
[ AddBlockToBlockchain ] No block got added ... for some reason 17

[ AddBlockToBlockchain ] --------- Stop --------- 

Blockchain is size 17 with top hash 10f243c67ea5c860769d5b5c0e004eca23021190a22735120cb3685880114723
[ RequestBlockchain ] Requesting block 17
Broadcast to 2, 53764, 302093578
[ receive_netinfo ] 2 peers online!
Coming online...
[ RequestBlockchain ] Message available! 
[ RequestBlockchain ] Handling block...
2 53764 302093578
[ RequestBlockchain ] Received NOBLOCK
[ RequestBlockchain ] Majority found
[ AddBlockToBlockchain ] --------- Start --------- 
[ AddBlockToBlockchain ] Trying to add block with hash aa6bc6df64e1e95689da268e1191479872bff2788c22ae04a51af86117d17fab17
Broadcast to 2, 53764, 302093578
[ receive_netinfo ] 2 peers online!
Coming online...
[ receive_netinfo ] 2 peers online!
Coming online...
[ receive_netinfo ] 2 peers online!
Coming online...
[ receive_netinfo ] 2 peers online!
Coming online...
[ CheckVotesForBlock ] Too many tries! Got 1 agrees and 0 disagrees
Broadcast to 2, 53764, 302093578
[ AddBlockToBlockchain ] Not accepted 
Handling all block addition requests...
[ AddBlockToBlockchain ] No block got added ... for some reason 17

[ AddBlockToBlockchain ] --------- Stop --------- 

Blockchain is size 17 with top hash 10f243c67ea5c860769d5b5c0e004eca23021190a22735120cb3685880114723
[ RequestBlockchain ] Requesting block 17
Broadcast to 2, 53764, 302093578
[ RequestBlockchain ] Message available! 
[ RequestBlockchain ] Handling block...
2 53764 302093578
[ RequestBlockchain ] Received NOBLOCK
[ RequestBlockchain ] Majority found
[ AddBlockToBlockchain ] --------- Start --------- 
[ AddBlockToBlockchain ] Trying to add block with hash aa6bc6df64e1e95689da268e1191479872bff2788c22ae04a51af86117d17fab17
