/home/ddps2001/DPS2/1639653887/out/10.149.0.35_1234.out
/home/ddps2001/DPS2/1639653887/out/10.149.0.35_1234.out
Started proc!
sockaddr 2, 53764, 587240714
Thread started!
Logging to /home/ddps2001/DPS2/1639653887/out/10.149.0.35_1234.out
0x6313e4
We are offline...
0x6313e4
We are offline...
[ receive_netinfo ] 0 peers online!
Printing 0 bytes from 0x2aaab0000910.
--- start bytes ---
--- end bytes ---
We are offline...
We are offline...
We are offline...
We are offline...
We are offline...
We are offline...
[ receive_netinfo ] 3 peers online!
Coming online...
[ RequestBlockchain ] --------- Start --------- 
[ RequestBlockchain ] Requesting block 2
Broadcast to 2, 53764, 604017930
Broadcast to 2, 53764, 620795146
[ RequestBlockchain ] Ran out of tries 
[ RequestBlockchain ] Requesting block 2
Broadcast to 2, 53764, 604017930
Broadcast to 2, 53764, 620795146
[ RequestBlockchain ] Ran out of tries 
[ RequestBlockchain ] Requesting block 2
Broadcast to 2, 53764, 604017930
Broadcast to 2, 53764, 620795146
[ RequestBlockchain ] Ran out of tries 
[ RequestBlockchain ] Requesting block 2
Broadcast to 2, 53764, 604017930
Broadcast to 2, 53764, 620795146
[ RequestBlockchain ] Ran out of tries 
[ RequestBlockchain ] Requesting block 2
Broadcast to 2, 53764, 604017930
Broadcast to 2, 53764, 620795146
[ RequestBlockchain ] Ran out of tries 
[ RequestBlockchain ] Requesting block 2
Broadcast to 2, 53764, 604017930
Broadcast to 2, 53764, 620795146
[ RequestBlockchain ] Ran out of tries 
[ RequestBlockchain ] Requesting block 2
Broadcast to 2, 53764, 604017930
Broadcast to 2, 53764, 620795146
[ RequestBlockchain ] Ran out of tries 
[ RequestBlockchain ] Requesting block 2
Broadcast to 2, 53764, 604017930
Broadcast to 2, 53764, 620795146
[ RequestBlockchain ] Ran out of tries 
[ RequestBlockchain ] Requesting block 2
Broadcast to 2, 53764, 604017930
Broadcast to 2, 53764, 620795146
[ RequestBlockchain ] Ran out of tries 
[ RequestBlockchain ] Requesting block 2
Broadcast to 2, 53764, 604017930
Broadcast to 2, 53764, 620795146
[ RequestBlockchain ] Ran out of tries 
[ RequestBlockchain ] Requesting block 2
