==26330== Memcheck, a memory error detector
==26330== Copyright (C) 2002-2015, and GNU GPL'd, by Julian Seward et al.
==26330== Using Valgrind-3.12.0 and LibVEX; rerun with -h for copyright info
==26330== Command: /home/ddps2001/DPS2/application/build/tracker 10.149.0.36 8080 /home/ddps2001/DPS2/p2p.db
==26330== Parent PID: 26260
==26330== 
==26330== Thread 3:
==26330== Invalid write of size 2
==26330==    at 0x402681: _fill_peeraddress_table (db.c:36)
==26330==    by 0x4EEF735: sqlite3_exec (sqlite3.c:127218)
==26330==    by 0x40306E: db_get_all_peer_addresses (db.c:313)
==26330==    by 0x4015DC: handle_heartbeat (tracker.c:77)
==26330==    by 0x4017E2: handle_request_thread (tracker.c:151)
==26330==    by 0x5173E24: start_thread (in /usr/lib64/libpthread-2.17.so)
==26330==    by 0x548034C: clone (in /usr/lib64/libc-2.17.so)
==26330==  Address 0x5a9c1f0 is 0 bytes after a block of size 48 alloc'd
==26330==    at 0x4C29BE3: malloc (vg_replace_malloc.c:299)
==26330==    by 0x402F6C: db_get_all_peer_addresses (db.c:295)
==26330==    by 0x4015DC: handle_heartbeat (tracker.c:77)
==26330==    by 0x4017E2: handle_request_thread (tracker.c:151)
==26330==    by 0x5173E24: start_thread (in /usr/lib64/libpthread-2.17.so)
==26330==    by 0x548034C: clone (in /usr/lib64/libc-2.17.so)
==26330== 
==26330== Invalid write of size 2
==26330==    at 0x4026AA: _fill_peeraddress_table (db.c:37)
==26330==    by 0x4EEF735: sqlite3_exec (sqlite3.c:127218)
==26330==    by 0x40306E: db_get_all_peer_addresses (db.c:313)
==26330==    by 0x4015DC: handle_heartbeat (tracker.c:77)
==26330==    by 0x4017E2: handle_request_thread (tracker.c:151)
==26330==    by 0x5173E24: start_thread (in /usr/lib64/libpthread-2.17.so)
==26330==    by 0x548034C: clone (in /usr/lib64/libc-2.17.so)
==26330==  Address 0x5a9c1f2 is 2 bytes after a block of size 48 alloc'd
==26330==    at 0x4C29BE3: malloc (vg_replace_malloc.c:299)
==26330==    by 0x402F6C: db_get_all_peer_addresses (db.c:295)
==26330==    by 0x4015DC: handle_heartbeat (tracker.c:77)
==26330==    by 0x4017E2: handle_request_thread (tracker.c:151)
==26330==    by 0x5173E24: start_thread (in /usr/lib64/libpthread-2.17.so)
==26330==    by 0x548034C: clone (in /usr/lib64/libc-2.17.so)
==26330== 
==26330== Invalid write of size 4
==26330==    at 0x4026D4: _fill_peeraddress_table (db.c:38)
==26330==    by 0x4EEF735: sqlite3_exec (sqlite3.c:127218)
==26330==    by 0x40306E: db_get_all_peer_addresses (db.c:313)
==26330==    by 0x4015DC: handle_heartbeat (tracker.c:77)
==26330==    by 0x4017E2: handle_request_thread (tracker.c:151)
==26330==    by 0x5173E24: start_thread (in /usr/lib64/libpthread-2.17.so)
==26330==    by 0x548034C: clone (in /usr/lib64/libc-2.17.so)
==26330==  Address 0x5a9c1f4 is 4 bytes after a block of size 48 alloc'd
==26330==    at 0x4C29BE3: malloc (vg_replace_malloc.c:299)
==26330==    by 0x402F6C: db_get_all_peer_addresses (db.c:295)
==26330==    by 0x4015DC: handle_heartbeat (tracker.c:77)
==26330==    by 0x4017E2: handle_request_thread (tracker.c:151)
==26330==    by 0x5173E24: start_thread (in /usr/lib64/libpthread-2.17.so)
==26330==    by 0x548034C: clone (in /usr/lib64/libc-2.17.so)
==26330== 
