==31268== Memcheck, a memory error detector
==31268== Copyright (C) 2002-2015, and GNU GPL'd, by Julian Seward et al.
==31268== Using Valgrind-3.12.0 and LibVEX; rerun with -h for copyright info
==31268== Command: /home/ddps2001/DPS2/application/build/tracker 10.149.0.31 8080 /home/ddps2001/DPS2/p2p.db
==31268== Parent PID: 31197
==31268== 
==31268== Thread 4:
==31268== Invalid write of size 2
==31268==    at 0x402681: _fill_peeraddress_table (db.c:36)
==31268==    by 0x4EEF735: sqlite3_exec (sqlite3.c:127218)
==31268==    by 0x40306E: db_get_all_peer_addresses (db.c:313)
==31268==    by 0x4015DC: handle_heartbeat (tracker.c:77)
==31268==    by 0x4017E2: handle_request_thread (tracker.c:151)
==31268==    by 0x5173E24: start_thread (in /usr/lib64/libpthread-2.17.so)
==31268==    by 0x548034C: clone (in /usr/lib64/libc-2.17.so)
==31268==  Address 0x5ab6f38 is 0 bytes after a block of size 56 alloc'd
==31268==    at 0x4C29BE3: malloc (vg_replace_malloc.c:299)
==31268==    by 0x402F6C: db_get_all_peer_addresses (db.c:295)
==31268==    by 0x4015DC: handle_heartbeat (tracker.c:77)
==31268==    by 0x4017E2: handle_request_thread (tracker.c:151)
==31268==    by 0x5173E24: start_thread (in /usr/lib64/libpthread-2.17.so)
==31268==    by 0x548034C: clone (in /usr/lib64/libc-2.17.so)
==31268== 
==31268== Invalid write of size 2
==31268==    at 0x4026AA: _fill_peeraddress_table (db.c:37)
==31268==    by 0x4EEF735: sqlite3_exec (sqlite3.c:127218)
==31268==    by 0x40306E: db_get_all_peer_addresses (db.c:313)
==31268==    by 0x4015DC: handle_heartbeat (tracker.c:77)
==31268==    by 0x4017E2: handle_request_thread (tracker.c:151)
==31268==    by 0x5173E24: start_thread (in /usr/lib64/libpthread-2.17.so)
==31268==    by 0x548034C: clone (in /usr/lib64/libc-2.17.so)
==31268==  Address 0x5ab6f3a is 2 bytes after a block of size 56 alloc'd
==31268==    at 0x4C29BE3: malloc (vg_replace_malloc.c:299)
==31268==    by 0x402F6C: db_get_all_peer_addresses (db.c:295)
==31268==    by 0x4015DC: handle_heartbeat (tracker.c:77)
==31268==    by 0x4017E2: handle_request_thread (tracker.c:151)
==31268==    by 0x5173E24: start_thread (in /usr/lib64/libpthread-2.17.so)
==31268==    by 0x548034C: clone (in /usr/lib64/libc-2.17.so)
==31268== 
==31268== Invalid write of size 4
==31268==    at 0x4026D4: _fill_peeraddress_table (db.c:38)
==31268==    by 0x4EEF735: sqlite3_exec (sqlite3.c:127218)
==31268==    by 0x40306E: db_get_all_peer_addresses (db.c:313)
==31268==    by 0x4015DC: handle_heartbeat (tracker.c:77)
==31268==    by 0x4017E2: handle_request_thread (tracker.c:151)
==31268==    by 0x5173E24: start_thread (in /usr/lib64/libpthread-2.17.so)
==31268==    by 0x548034C: clone (in /usr/lib64/libc-2.17.so)
==31268==  Address 0x5ab6f3c is 4 bytes after a block of size 56 alloc'd
==31268==    at 0x4C29BE3: malloc (vg_replace_malloc.c:299)
==31268==    by 0x402F6C: db_get_all_peer_addresses (db.c:295)
==31268==    by 0x4015DC: handle_heartbeat (tracker.c:77)
==31268==    by 0x4017E2: handle_request_thread (tracker.c:151)
==31268==    by 0x5173E24: start_thread (in /usr/lib64/libpthread-2.17.so)
==31268==    by 0x548034C: clone (in /usr/lib64/libc-2.17.so)
==31268== 
