sockaddr 2, 36895, 520131850
SQLite version: 3.37.0
&sockfd: 0xffefffb7c
hm_args.sockfd : 0xffefffb7c
Started proc!
sockfd: 0xffefffb7c
Started proc!
handle_heartbeat(sockfd, db);
1
There are 0 peers online!
Sending netinfo
Printing 24 bytes from 0x59966c0.
--- start bytes ---
01 00 00 00 00 00 00 00 18 00 00 00 00 00 00 00 
00 00 62 d8 00 00 00 00 
--- end bytes ---
Started proc!
handle_heartbeat(sockfd, db);
2
There are 0 peers online!
Sending netinfo
Printing 24 bytes from 0x59b0120.
--- start bytes ---
01 00 00 00 00 00 00 00 18 00 00 00 00 00 00 00 
00 00 62 d8 00 00 00 00 
--- end bytes ---
Started proc!
Started proc!
handle_heartbeat(sockfd, db);
3
handle_acknowledge_netinfo(sockfd, db);
There are 0 peers online!
Sending netinfo
Printing 24 bytes from 0x59ca260.
--- start bytes ---
01 00 00 00 00 00 00 00 18 00 00 00 00 00 00 00 
00 00 62 d8 00 00 00 00 
--- end bytes ---
Insterted!
Started proc!
handle_acknowledge_netinfo(sockfd, db);
handle_acknowledge_netinfo(sockfd, db);
Started proc!
Insterted!
Insterted!
Started proc!
handle_heartbeat(sockfd, db);
4
family: 2, port: 53764, addr: 553686282
family: 2, port: 53764, addr: 587240714
family: 2, port: 53764, addr: 570463498
There are 3 peers online!
Sending netinfo
Printing 48 bytes from 0x59e4dc0.
--- start bytes ---
01 00 00 00 00 00 00 00 30 00 00 00 00 00 00 00 
d0 6f 18 c0 00 00 00 00 02 00 04 d2 0a 95 00 21 
02 00 04 d2 0a 95 00 23 02 00 04 d2 0a 95 00 22 
--- end bytes ---
Started proc!
handle_heartbeat(sockfd, db);
5
family: 2, port: 53764, addr: 553686282
family: 2, port: 53764, addr: 587240714
family: 2, port: 53764, addr: 570463498
There are 3 peers online!
Sending netinfo
Printing 48 bytes from 0x59fea60.
--- start bytes ---
01 00 00 00 00 00 00 00 30 00 00 00 00 00 00 00 
d0 6f 18 c0 00 00 00 00 02 00 04 d2 0a 95 00 21 
02 00 04 d2 0a 95 00 23 02 00 04 d2 0a 95 00 22 
--- end bytes ---
Started proc!
handle_acknowledge_netinfo(sockfd, db);
handle_heartbeat(sockfd, db);
6
Started proc!
Started proc!
handle_heartbeat(sockfd, db);
7
family: 2, port: 53764, addr: 553686282
family: 2, port: 53764, addr: 587240714
family: 2, port: 53764, addr: 570463498
There are 3 peers online!
Sending netinfo
Printing 48 bytes from 0x5a19090.
--- start bytes ---
01 00 00 00 00 00 00 00 30 00 00 00 00 00 00 00 
d0 6f 18 c0 00 00 00 00 02 00 04 d2 0a 95 00 21 
02 00 04 d2 0a 95 00 23 02 00 04 d2 0a 95 00 22 
--- end bytes ---
family: 2, port: 53764, addr: 553686282
family: 2, port: 53764, addr: 587240714
family: 2, port: 53764, addr: 570463498
There are 3 peers online!
Sending netinfo
Printing 48 bytes from 0x5a32950.
--- start bytes ---
01 00 00 00 00 00 00 00 30 00 00 00 00 00 00 00 
d0 6f 18 c0 00 00 00 00 02 00 04 d2 0a 95 00 21 
02 00 04 d2 0a 95 00 23 02 00 04 d2 0a 95 00 22 
--- end bytes ---
Insterted!
Started proc!
handle_acknowledge_netinfo(sockfd, db);
handle_heartbeat(sockfd, db);
8
Started proc!
Started proc!
Started proc!
handle_acknowledge_netinfo(sockfd, db);
handle_heartbeat(sockfd, db);
9
Insterted!
Insterted!
family: 2, port: 53764, addr: 553686282
family: 2, port: 53764, addr: 587240714
family: 2, port: 53764, addr: 570463498
family: 2, port: 53764, addr: 604017930
family: 2, port: 53764, addr: 620795146
family: 2, port: 53764, addr: 637572362
There are 6 peers online!
Sending netinfo
Printing 72 bytes from 0x5a4ddb0.
--- start bytes ---
01 00 00 00 00 00 00 00 48 00 00 00 00 00 00 00 
94 cc 18 7b 00 00 00 00 02 00 04 d2 0a 95 00 21 
02 00 04 d2 0a 95 00 23 02 00 04 d2 0a 95 00 22 
02 00 04 d2 0a 95 00 24 02 00 04 d2 0a 95 00 25 
02 00 04 d2 0a 95 00 26 
--- end bytes ---
family: 2, port: 53764, addr: 553686282
family: 2, port: 53764, addr: 587240714
family: 2, port: 53764, addr: 570463498
family: 2, port: 53764, addr: 604017930
family: 2, port: 53764, addr: 620795146
family: 2, port: 53764, addr: 637572362
There are 6 peers online!
Sending netinfo
Printing 72 bytes from 0x5a67990.
--- start bytes ---
01 00 00 00 00 00 00 00 48 00 00 00 00 00 00 00 
94 cc 18 7b 00 00 00 00 02 00 04 d2 0a 95 00 21 
02 00 04 d2 0a 95 00 23 02 00 04 d2 0a 95 00 22 
02 00 04 d2 0a 95 00 24 02 00 04 d2 0a 95 00 25 
02 00 04 d2 0a 95 00 26 
--- end bytes ---
Started proc!
handle_heartbeat(sockfd, db);
10
family: 2, port: 53764, addr: 553686282
family: 2, port: 53764, addr: 587240714
family: 2, port: 53764, addr: 570463498
family: 2, port: 53764, addr: 604017930
family: 2, port: 53764, addr: 620795146
family: 2, port: 53764, addr: 637572362
There are 6 peers online!
Sending netinfo
Printing 72 bytes from 0x5a81950.
--- start bytes ---
01 00 00 00 00 00 00 00 48 00 00 00 00 00 00 00 
94 cc 18 7b 00 00 00 00 02 00 04 d2 0a 95 00 21 
02 00 04 d2 0a 95 00 23 02 00 04 d2 0a 95 00 22 
02 00 04 d2 0a 95 00 24 02 00 04 d2 0a 95 00 25 
02 00 04 d2 0a 95 00 26 
--- end bytes ---
Started proc!
handle_heartbeat(sockfd, db);
11
family: 2, port: 53764, addr: 553686282
family: 2, port: 53764, addr: 587240714
family: 2, port: 53764, addr: 570463498
family: 2, port: 53764, addr: 604017930
family: 2, port: 53764, addr: 620795146
family: 2, port: 53764, addr: 637572362
There are 6 peers online!
Sending netinfo
Printing 72 bytes from 0x5a9b660.
--- start bytes ---
01 00 00 00 00 00 00 00 48 00 00 00 00 00 00 00 
94 cc 18 7b 00 00 00 00 02 00 04 d2 0a 95 00 21 
02 00 04 d2 0a 95 00 23 02 00 04 d2 0a 95 00 22 
02 00 04 d2 0a 95 00 24 02 00 04 d2 0a 95 00 25 
02 00 04 d2 0a 95 00 26 
--- end bytes ---
Started proc!
handle_acknowledge_netinfo(sockfd, db);
handle_heartbeat(sockfd, db);
12
Started proc!
Insterted!
family: 2, port: 53764, addr: 553686282
family: 2, port: 53764, addr: 587240714
family: 2, port: 53764, addr: 570463498
family: 2, port: 53764, addr: 604017930
family: 2, port: 53764, addr: 620795146
family: 2, port: 53764, addr: 637572362
family: 2, port: 53764, addr: 654349578
There are 7 peers online!
Sending netinfo
Printing 80 bytes from 0x5ab5970.
--- start bytes ---
01 00 00 00 00 00 00 00 50 00 00 00 00 00 00 00 
2a cf 44 b4 00 00 00 00 02 00 04 d2 0a 95 00 21 
02 00 04 d2 0a 95 00 23 02 00 04 d2 0a 95 00 22 
02 00 04 d2 0a 95 00 24 02 00 04 d2 0a 95 00 25 
02 00 04 d2 0a 95 00 26 02 00 04 d2 0a 95 00 27 
--- end bytes ---
Started proc!
handle_heartbeat(sockfd, db);
13
handle_heartbeat(sockfd, db);
14
Started proc!
handle_heartbeat(sockfd, db);
15
Started proc!
handle_acknowledge_netinfo(sockfd, db);
Started proc!
Started proc!
handle_heartbeat(sockfd, db);
16
Insterted!
family: 2, port: 53764, addr: 553686282
family: 2, port: 53764, addr: 587240714
family: 2, port: 53764, addr: 570463498
family: 2, port: 53764, addr: 604017930
family: 2, port: 53764, addr: 620795146
family: 2, port: 53764, addr: 637572362
family: 2, port: 53764, addr: 654349578
family: 2, port: 53764, addr: 671126794
There are 8 peers online!
Sending netinfo
Printing 88 bytes from 0x5ad10b0.
--- start bytes ---
01 00 00 00 00 00 00 00 58 00 00 00 00 00 00 00 
08 5f 16 f6 00 00 00 00 02 00 04 d2 0a 95 00 21 
02 00 04 d2 0a 95 00 23 02 00 04 d2 0a 95 00 22 
02 00 04 d2 0a 95 00 24 02 00 04 d2 0a 95 00 25 
02 00 04 d2 0a 95 00 26 02 00 04 d2 0a 95 00 27 
02 00 04 d2 0a 95 00 28 
--- end bytes ---
family: 2, port: 53764, addr: 553686282
family: 2, port: 53764, addr: 587240714
family: 2, port: 53764, addr: 570463498
family: 2, port: 53764, addr: 604017930
family: 2, port: 53764, addr: 620795146
family: 2, port: 53764, addr: 637572362
family: 2, port: 53764, addr: 654349578
family: 2, port: 53764, addr: 671126794
There are 8 peers online!
Sending netinfo
Printing 88 bytes from 0x5aeaa20.
--- start bytes ---
01 00 00 00 00 00 00 00 58 00 00 00 00 00 00 00 
08 5f 16 f6 00 00 00 00 02 00 04 d2 0a 95 00 21 
02 00 04 d2 0a 95 00 23 02 00 04 d2 0a 95 00 22 
02 00 04 d2 0a 95 00 24 02 00 04 d2 0a 95 00 25 
02 00 04 d2 0a 95 00 26 02 00 04 d2 0a 95 00 27 
02 00 04 d2 0a 95 00 28 
--- end bytes ---
family: 2, port: 53764, addr: 553686282
family: 2, port: 53764, addr: 587240714
family: 2, port: 53764, addr: 570463498
family: 2, port: 53764, addr: 604017930
family: 2, port: 53764, addr: 620795146
family: 2, port: 53764, addr: 637572362
family: 2, port: 53764, addr: 654349578
There are 7 peers online!
Sending netinfo
Printing 80 bytes from 0x5b04480.
--- start bytes ---
01 00 00 00 00 00 00 00 50 00 00 00 00 00 00 00 
2a cf 44 b4 00 00 00 00 02 00 04 d2 0a 95 00 21 
02 00 04 d2 0a 95 00 23 02 00 04 d2 0a 95 00 22 
02 00 04 d2 0a 95 00 24 02 00 04 d2 0a 95 00 25 
02 00 04 d2 0a 95 00 26 02 00 04 d2 0a 95 00 27 
--- end bytes ---
family: 2, port: 53764, addr: 553686282
family: 2, port: 53764, addr: 587240714
family: 2, port: 53764, addr: 570463498
family: 2, port: 53764, addr: 604017930
family: 2, port: 53764, addr: 620795146
family: 2, port: 53764, addr: 637572362
family: 2, port: 53764, addr: 654349578
There are 7 peers online!
Sending netinfo
Printing 80 bytes from 0x5b1dc10.
--- start bytes ---
01 00 00 00 00 00 00 00 50 00 00 00 00 00 00 00 
2a cf 44 b4 00 00 00 00 02 00 04 d2 0a 95 00 21 
02 00 04 d2 0a 95 00 23 02 00 04 d2 0a 95 00 22 
02 00 04 d2 0a 95 00 24 02 00 04 d2 0a 95 00 25 
02 00 04 d2 0a 95 00 26 02 00 04 d2 0a 95 00 27 
--- end bytes ---
Started proc!
handle_heartbeat(sockfd, db);
17
handle_heartbeat(sockfd, db);
18
Started proc!
Started proc!
handle_heartbeat(sockfd, db);
19
family: 2, port: 53764, addr: 553686282
family: 2, port: 53764, addr: 587240714
family: 2, port: 53764, addr: 570463498
family: 2, port: 53764, addr: 604017930
family: 2, port: 53764, addr: 620795146
family: 2, port: 53764, addr: 637572362
family: 2, port: 53764, addr: 654349578
family: 2, port: 53764, addr: 671126794
There are 8 peers online!
Sending netinfo
Printing 88 bytes from 0x5b38660.
--- start bytes ---
01 00 00 00 00 00 00 00 58 00 00 00 00 00 00 00 
08 5f 16 f6 00 00 00 00 02 00 04 d2 0a 95 00 21 
02 00 04 d2 0a 95 00 23 02 00 04 d2 0a 95 00 22 
02 00 04 d2 0a 95 00 24 02 00 04 d2 0a 95 00 25 
02 00 04 d2 0a 95 00 26 02 00 04 d2 0a 95 00 27 
02 00 04 d2 0a 95 00 28 
--- end bytes ---
family: 2, port: 53764, addr: 553686282
family: 2, port: 53764, addr: 587240714
family: 2, port: 53764, addr: 570463498
family: 2, port: 53764, addr: 604017930
family: 2, port: 53764, addr: 620795146
family: 2, port: 53764, addr: 637572362
family: 2, port: 53764, addr: 654349578
family: 2, port: 53764, addr: 671126794
There are 8 peers online!
Sending netinfo
Printing 88 bytes from 0x5b52280.
--- start bytes ---
01 00 00 00 00 00 00 00 58 00 00 00 00 00 00 00 
08 5f 16 f6 00 00 00 00 02 00 04 d2 0a 95 00 21 
02 00 04 d2 0a 95 00 23 02 00 04 d2 0a 95 00 22 
02 00 04 d2 0a 95 00 24 02 00 04 d2 0a 95 00 25 
02 00 04 d2 0a 95 00 26 02 00 04 d2 0a 95 00 27 
02 00 04 d2 0a 95 00 28 
--- end bytes ---
family: 2, port: 53764, addr: 553686282
family: 2, port: 53764, addr: 587240714
family: 2, port: 53764, addr: 570463498
family: 2, port: 53764, addr: 604017930
family: 2, port: 53764, addr: 620795146
family: 2, port: 53764, addr: 637572362
family: 2, port: 53764, addr: 654349578
family: 2, port: 53764, addr: 671126794
There are 8 peers online!
Sending netinfo
Printing 88 bytes from 0x5b6bea0.
--- start bytes ---
01 00 00 00 00 00 00 00 58 00 00 00 00 00 00 00 
08 5f 16 f6 00 00 00 00 02 00 04 d2 0a 95 00 21 
02 00 04 d2 0a 95 00 23 02 00 04 d2 0a 95 00 22 
02 00 04 d2 0a 95 00 24 02 00 04 d2 0a 95 00 25 
02 00 04 d2 0a 95 00 26 02 00 04 d2 0a 95 00 27 
02 00 04 d2 0a 95 00 28 
--- end bytes ---
Started proc!
handle_heartbeat(sockfd, db);
20
handle_acknowledge_netinfo(sockfd, db);
Started proc!
family: 2, port: 53764, addr: 553686282
family: 2, port: 53764, addr: 587240714
family: 2, port: 53764, addr: 570463498
family: 2, port: 53764, addr: 604017930
family: 2, port: 53764, addr: 620795146
family: 2, port: 53764, addr: 637572362
family: 2, port: 53764, addr: 654349578
family: 2, port: 53764, addr: 671126794
There are 8 peers online!
Sending netinfo
Printing 88 bytes from 0x5b85f30.
--- start bytes ---
01 00 00 00 00 00 00 00 58 00 00 00 00 00 00 00 
08 5f 16 f6 00 00 00 00 02 00 04 d2 0a 95 00 21 
02 00 04 d2 0a 95 00 23 02 00 04 d2 0a 95 00 22 
02 00 04 d2 0a 95 00 24 02 00 04 d2 0a 95 00 25 
02 00 04 d2 0a 95 00 26 02 00 04 d2 0a 95 00 27 
02 00 04 d2 0a 95 00 28 
--- end bytes ---
Insterted!
Started proc!
handle_acknowledge_netinfo(sockfd, db);
handle_heartbeat(sockfd, db);
21
Started proc!
handle_acknowledge_netinfo(sockfd, db);
Started proc!
Insterted!
family: 2, port: 53764, addr: 553686282
family: 2, port: 53764, addr: 587240714
family: 2, port: 53764, addr: 570463498
family: 2, port: 53764, addr: 604017930
family: 2, port: 53764, addr: 620795146
family: 2, port: 53764, addr: 637572362
family: 2, port: 53764, addr: 654349578
family: 2, port: 53764, addr: 671126794
family: 2, port: 53764, addr: 687904010
family: 2, port: 53764, addr: 536909066
There are 10 peers online!
Sending netinfo
Printing 104 bytes from 0x5ba08f0.
--- start bytes ---
01 00 00 00 00 00 00 00 68 00 00 00 00 00 00 00 
c4 f9 c8 69 00 00 00 00 02 00 04 d2 0a 95 00 21 
02 00 04 d2 0a 95 00 23 02 00 04 d2 0a 95 00 22 
02 00 04 d2 0a 95 00 24 02 00 04 d2 0a 95 00 25 
02 00 04 d2 0a 95 00 26 02 00 04 d2 0a 95 00 27 
02 00 04 d2 0a 95 00 28 02 00 04 d2 0a 95 00 29 
02 00 04 d2 0a 95 00 20 
--- end bytes ---
Insterted!
Started proc!
handle_heartbeat(sockfd, db);
22
handle_heartbeat(sockfd, db);
23
Started proc!
family: 2, port: 53764, addr: 553686282
family: 2, port: 53764, addr: 587240714
family: 2, port: 53764, addr: 570463498
family: 2, port: 53764, addr: 604017930
family: 2, port: 53764, addr: 620795146
family: 2, port: 53764, addr: 637572362
family: 2, port: 53764, addr: 654349578
family: 2, port: 53764, addr: 671126794
family: 2, port: 53764, addr: 687904010
family: 2, port: 53764, addr: 536909066
family: 2, port: 53764, addr: 704681226
There are 11 peers online!
Sending netinfo
Printing 112 bytes from 0x5bbafd0.
--- start bytes ---
01 00 00 00 00 00 00 00 70 00 00 00 00 00 00 00 
7c ce dc d0 00 00 00 00 02 00 04 d2 0a 95 00 21 
02 00 04 d2 0a 95 00 23 02 00 04 d2 0a 95 00 22 
02 00 04 d2 0a 95 00 24 02 00 04 d2 0a 95 00 25 
02 00 04 d2 0a 95 00 26 02 00 04 d2 0a 95 00 27 
02 00 04 d2 0a 95 00 28 02 00 04 d2 0a 95 00 29 
02 00 04 d2 0a 95 00 20 02 00 04 d2 0a 95 00 2a 
--- end bytes ---
family: 2, port: 53764, addr: 553686282
family: 2, port: 53764, addr: 587240714
family: 2, port: 53764, addr: 570463498
family: 2, port: 53764, addr: 604017930
family: 2, port: 53764, addr: 620795146
family: 2, port: 53764, addr: 637572362
family: 2, port: 53764, addr: 654349578
family: 2, port: 53764, addr: 671126794
family: 2, port: 53764, addr: 687904010
family: 2, port: 53764, addr: 536909066
family: 2, port: 53764, addr: 704681226
There are 11 peers online!
Sending netinfo
Printing 112 bytes from 0x5bd4c40.
--- start bytes ---
01 00 00 00 00 00 00 00 70 00 00 00 00 00 00 00 
7c ce dc d0 00 00 00 00 02 00 04 d2 0a 95 00 21 
02 00 04 d2 0a 95 00 23 02 00 04 d2 0a 95 00 22 
02 00 04 d2 0a 95 00 24 02 00 04 d2 0a 95 00 25 
02 00 04 d2 0a 95 00 26 02 00 04 d2 0a 95 00 27 
02 00 04 d2 0a 95 00 28 02 00 04 d2 0a 95 00 29 
02 00 04 d2 0a 95 00 20 02 00 04 d2 0a 95 00 2a 
--- end bytes ---
Started proc!
handle_heartbeat(sockfd, db);
24
handle_heartbeat(sockfd, db);
25
Started proc!
handle_heartbeat(sockfd, db);
26
Started proc!
family: 2, port: 53764, addr: 553686282
family: 2, port: 53764, addr: 587240714
family: 2, port: 53764, addr: 570463498
family: 2, port: 53764, addr: 604017930
family: 2, port: 53764, addr: 620795146
family: 2, port: 53764, addr: 637572362
family: 2, port: 53764, addr: 654349578
family: 2, port: 53764, addr: 671126794
family: 2, port: 53764, addr: 687904010
family: 2, port: 53764, addr: 536909066
family: 2, port: 53764, addr: 704681226
There are 11 peers online!
Sending netinfo
Printing 112 bytes from 0x5bef620.
--- start bytes ---
01 00 00 00 00 00 00 00 70 00 00 00 00 00 00 00 
7c ce dc d0 00 00 00 00 02 00 04 d2 0a 95 00 21 
02 00 04 d2 0a 95 00 23 02 00 04 d2 0a 95 00 22 
02 00 04 d2 0a 95 00 24 02 00 04 d2 0a 95 00 25 
02 00 04 d2 0a 95 00 26 02 00 04 d2 0a 95 00 27 
02 00 04 d2 0a 95 00 28 02 00 04 d2 0a 95 00 29 
02 00 04 d2 0a 95 00 20 02 00 04 d2 0a 95 00 2a 
--- end bytes ---
family: 2, port: 53764, addr: 553686282
family: 2, port: 53764, addr: 587240714
family: 2, port: 53764, addr: 570463498
family: 2, port: 53764, addr: 604017930
family: 2, port: 53764, addr: 620795146
family: 2, port: 53764, addr: 637572362
family: 2, port: 53764, addr: 654349578
family: 2, port: 53764, addr: 671126794
family: 2, port: 53764, addr: 687904010
family: 2, port: 53764, addr: 536909066
family: 2, port: 53764, addr: 704681226
There are 11 peers online!
Sending netinfo
Printing 112 bytes from 0x5c090c0.
--- start bytes ---
01 00 00 00 00 00 00 00 70 00 00 00 00 00 00 00 
7c ce dc d0 00 00 00 00 02 00 04 d2 0a 95 00 21 
02 00 04 d2 0a 95 00 23 02 00 04 d2 0a 95 00 22 
02 00 04 d2 0a 95 00 24 02 00 04 d2 0a 95 00 25 
02 00 04 d2 0a 95 00 26 02 00 04 d2 0a 95 00 27 
02 00 04 d2 0a 95 00 28 02 00 04 d2 0a 95 00 29 
02 00 04 d2 0a 95 00 20 02 00 04 d2 0a 95 00 2a 
--- end bytes ---
family: 2, port: 53764, addr: 553686282
family: 2, port: 53764, addr: 587240714
family: 2, port: 53764, addr: 570463498
family: 2, port: 53764, addr: 604017930
family: 2, port: 53764, addr: 620795146
family: 2, port: 53764, addr: 637572362
family: 2, port: 53764, addr: 654349578
family: 2, port: 53764, addr: 671126794
family: 2, port: 53764, addr: 687904010
family: 2, port: 53764, addr: 536909066
family: 2, port: 53764, addr: 704681226
There are 11 peers online!
Sending netinfo
Printing 112 bytes from 0x5c22d30.
--- start bytes ---
01 00 00 00 00 00 00 00 70 00 00 00 00 00 00 00 
7c ce dc d0 00 00 00 00 02 00 04 d2 0a 95 00 21 
02 00 04 d2 0a 95 00 23 02 00 04 d2 0a 95 00 22 
02 00 04 d2 0a 95 00 24 02 00 04 d2 0a 95 00 25 
02 00 04 d2 0a 95 00 26 02 00 04 d2 0a 95 00 27 
02 00 04 d2 0a 95 00 28 02 00 04 d2 0a 95 00 29 
02 00 04 d2 0a 95 00 20 02 00 04 d2 0a 95 00 2a 
--- end bytes ---
Started proc!
handle_heartbeat(sockfd, db);
27
handle_heartbeat(sockfd, db);
28
Started proc!
handle_heartbeat(sockfd, db);
29
Started proc!
family: 2, port: 53764, addr: 553686282
family: 2, port: 53764, addr: 587240714
family: 2, port: 53764, addr: 570463498
family: 2, port: 53764, addr: 604017930
family: 2, port: 53764, addr: 620795146
family: 2, port: 53764, addr: 637572362
family: 2, port: 53764, addr: 654349578
family: 2, port: 53764, addr: 671126794
family: 2, port: 53764, addr: 687904010
family: 2, port: 53764, addr: 536909066
family: 2, port: 53764, addr: 704681226
There are 11 peers online!
Sending netinfo
Printing 112 bytes from 0x5c3d710.
--- start bytes ---
01 00 00 00 00 00 00 00 70 00 00 00 00 00 00 00 
7c ce dc d0 00 00 00 00 02 00 04 d2 0a 95 00 21 
02 00 04 d2 0a 95 00 23 02 00 04 d2 0a 95 00 22 
02 00 04 d2 0a 95 00 24 02 00 04 d2 0a 95 00 25 
02 00 04 d2 0a 95 00 26 02 00 04 d2 0a 95 00 27 
02 00 04 d2 0a 95 00 28 02 00 04 d2 0a 95 00 29 
02 00 04 d2 0a 95 00 20 02 00 04 d2 0a 95 00 2a 
--- end bytes ---
family: 2, port: 53764, addr: 553686282
family: 2, port: 53764, addr: 587240714
family: 2, port: 53764, addr: 570463498
family: 2, port: 53764, addr: 604017930
family: 2, port: 53764, addr: 620795146
family: 2, port: 53764, addr: 637572362
family: 2, port: 53764, addr: 654349578
family: 2, port: 53764, addr: 671126794
family: 2, port: 53764, addr: 687904010
family: 2, port: 53764, addr: 536909066
family: 2, port: 53764, addr: 704681226
There are 11 peers online!
Sending netinfo
Printing 112 bytes from 0x5c57380.
--- start bytes ---
01 00 00 00 00 00 00 00 70 00 00 00 00 00 00 00 
7c ce dc d0 00 00 00 00 02 00 04 d2 0a 95 00 21 
02 00 04 d2 0a 95 00 23 02 00 04 d2 0a 95 00 22 
02 00 04 d2 0a 95 00 24 02 00 04 d2 0a 95 00 25 
02 00 04 d2 0a 95 00 26 02 00 04 d2 0a 95 00 27 
02 00 04 d2 0a 95 00 28 02 00 04 d2 0a 95 00 29 
02 00 04 d2 0a 95 00 20 02 00 04 d2 0a 95 00 2a 
--- end bytes ---
family: 2, port: 53764, addr: 553686282
family: 2, port: 53764, addr: 587240714
family: 2, port: 53764, addr: 570463498
family: 2, port: 53764, addr: 604017930
family: 2, port: 53764, addr: 620795146
family: 2, port: 53764, addr: 637572362
family: 2, port: 53764, addr: 654349578
family: 2, port: 53764, addr: 671126794
family: 2, port: 53764, addr: 687904010
family: 2, port: 53764, addr: 536909066
family: 2, port: 53764, addr: 704681226
There are 11 peers online!
Sending netinfo
Printing 112 bytes from 0x5c70e20.
--- start bytes ---
01 00 00 00 00 00 00 00 70 00 00 00 00 00 00 00 
7c ce dc d0 00 00 00 00 02 00 04 d2 0a 95 00 21 
02 00 04 d2 0a 95 00 23 02 00 04 d2 0a 95 00 22 
02 00 04 d2 0a 95 00 24 02 00 04 d2 0a 95 00 25 
02 00 04 d2 0a 95 00 26 02 00 04 d2 0a 95 00 27 
02 00 04 d2 0a 95 00 28 02 00 04 d2 0a 95 00 29 
02 00 04 d2 0a 95 00 20 02 00 04 d2 0a 95 00 2a 
--- end bytes ---
Started proc!
handle_heartbeat(sockfd, db);
30
handle_heartbeat(sockfd, db);
31
Started proc!
family: 2, port: 53764, addr: 553686282
family: 2, port: 53764, addr: 587240714
family: 2, port: 53764, addr: 570463498
family: 2, port: 53764, addr: 604017930
family: 2, port: 53764, addr: 620795146
family: 2, port: 53764, addr: 637572362
family: 2, port: 53764, addr: 654349578
family: 2, port: 53764, addr: 671126794
family: 2, port: 53764, addr: 687904010
family: 2, port: 53764, addr: 536909066
family: 2, port: 53764, addr: 704681226
There are 11 peers online!
Sending netinfo
Printing 112 bytes from 0x5c8b250.
--- start bytes ---
01 00 00 00 00 00 00 00 70 00 00 00 00 00 00 00 
7c ce dc d0 00 00 00 00 02 00 04 d2 0a 95 00 21 
02 00 04 d2 0a 95 00 23 02 00 04 d2 0a 95 00 22 
02 00 04 d2 0a 95 00 24 02 00 04 d2 0a 95 00 25 
02 00 04 d2 0a 95 00 26 02 00 04 d2 0a 95 00 27 
02 00 04 d2 0a 95 00 28 02 00 04 d2 0a 95 00 29 
02 00 04 d2 0a 95 00 20 02 00 04 d2 0a 95 00 2a 
--- end bytes ---
family: 2, port: 53764, addr: 553686282
family: 2, port: 53764, addr: 587240714
family: 2, port: 53764, addr: 570463498
family: 2, port: 53764, addr: 604017930
family: 2, port: 53764, addr: 620795146
family: 2, port: 53764, addr: 637572362
family: 2, port: 53764, addr: 654349578
family: 2, port: 53764, addr: 671126794
family: 2, port: 53764, addr: 687904010
family: 2, port: 53764, addr: 536909066
family: 2, port: 53764, addr: 704681226
There are 11 peers online!
Sending netinfo
Printing 112 bytes from 0x5ca4ec0.
--- start bytes ---
01 00 00 00 00 00 00 00 70 00 00 00 00 00 00 00 
7c ce dc d0 00 00 00 00 02 00 04 d2 0a 95 00 21 
02 00 04 d2 0a 95 00 23 02 00 04 d2 0a 95 00 22 
02 00 04 d2 0a 95 00 24 02 00 04 d2 0a 95 00 25 
02 00 04 d2 0a 95 00 26 02 00 04 d2 0a 95 00 27 
02 00 04 d2 0a 95 00 28 02 00 04 d2 0a 95 00 29 
02 00 04 d2 0a 95 00 20 02 00 04 d2 0a 95 00 2a 
--- end bytes ---
Started proc!
handle_heartbeat(sockfd, db);
32
family: 2, port: 53764, addr: 553686282
family: 2, port: 53764, addr: 587240714
family: 2, port: 53764, addr: 570463498
family: 2, port: 53764, addr: 604017930
family: 2, port: 53764, addr: 620795146
family: 2, port: 53764, addr: 637572362
family: 2, port: 53764, addr: 654349578
family: 2, port: 53764, addr: 671126794
family: 2, port: 53764, addr: 687904010
family: 2, port: 53764, addr: 536909066
family: 2, port: 53764, addr: 704681226
There are 11 peers online!
Sending netinfo
Printing 112 bytes from 0x5cbef10.
--- start bytes ---
01 00 00 00 00 00 00 00 70 00 00 00 00 00 00 00 
7c ce dc d0 00 00 00 00 02 00 04 d2 0a 95 00 21 
02 00 04 d2 0a 95 00 23 02 00 04 d2 0a 95 00 22 
02 00 04 d2 0a 95 00 24 02 00 04 d2 0a 95 00 25 
02 00 04 d2 0a 95 00 26 02 00 04 d2 0a 95 00 27 
02 00 04 d2 0a 95 00 28 02 00 04 d2 0a 95 00 29 
02 00 04 d2 0a 95 00 20 02 00 04 d2 0a 95 00 2a 
--- end bytes ---
handle_heartbeat(sockfd, db);
33
Started proc!
Started proc!
handle_heartbeat(sockfd, db);
34
family: 2, port: 53764, addr: 553686282
family: 2, port: 53764, addr: 587240714
family: 2, port: 53764, addr: 570463498
family: 2, port: 53764, addr: 604017930
family: 2, port: 53764, addr: 620795146
family: 2, port: 53764, addr: 637572362
family: 2, port: 53764, addr: 654349578
family: 2, port: 53764, addr: 671126794
family: 2, port: 53764, addr: 687904010
family: 2, port: 53764, addr: 536909066
family: 2, port: 53764, addr: 704681226
There are 11 peers online!
Sending netinfo
Printing 112 bytes from 0x5cd9340.
--- start bytes ---
01 00 00 00 00 00 00 00 70 00 00 00 00 00 00 00 
7c ce dc d0 00 00 00 00 02 00 04 d2 0a 95 00 21 
02 00 04 d2 0a 95 00 23 02 00 04 d2 0a 95 00 22 
02 00 04 d2 0a 95 00 24 02 00 04 d2 0a 95 00 25 
02 00 04 d2 0a 95 00 26 02 00 04 d2 0a 95 00 27 
02 00 04 d2 0a 95 00 28 02 00 04 d2 0a 95 00 29 
02 00 04 d2 0a 95 00 20 02 00 04 d2 0a 95 00 2a 
--- end bytes ---
family: 2, port: 53764, addr: 553686282
family: 2, port: 53764, addr: 587240714
family: 2, port: 53764, addr: 570463498
family: 2, port: 53764, addr: 604017930
family: 2, port: 53764, addr: 620795146
family: 2, port: 53764, addr: 637572362
family: 2, port: 53764, addr: 654349578
family: 2, port: 53764, addr: 671126794
family: 2, port: 53764, addr: 687904010
family: 2, port: 53764, addr: 536909066
family: 2, port: 53764, addr: 704681226
There are 11 peers online!
Sending netinfo
Printing 112 bytes from 0x5cf2d00.
--- start bytes ---
01 00 00 00 00 00 00 00 70 00 00 00 00 00 00 00 
7c ce dc d0 00 00 00 00 02 00 04 d2 0a 95 00 21 
02 00 04 d2 0a 95 00 23 02 00 04 d2 0a 95 00 22 
02 00 04 d2 0a 95 00 24 02 00 04 d2 0a 95 00 25 
02 00 04 d2 0a 95 00 26 02 00 04 d2 0a 95 00 27 
02 00 04 d2 0a 95 00 28 02 00 04 d2 0a 95 00 29 
02 00 04 d2 0a 95 00 20 02 00 04 d2 0a 95 00 2a 
--- end bytes ---
Started proc!
handle_heartbeat(sockfd, db);
35
handle_heartbeat(sockfd, db);
36
Started proc!
handle_heartbeat(sockfd, db);
37
Started proc!
family: 2, port: 53764, addr: 553686282
family: 2, port: 53764, addr: 587240714
family: 2, port: 53764, addr: 570463498
family: 2, port: 53764, addr: 604017930
family: 2, port: 53764, addr: 620795146
family: 2, port: 53764, addr: 637572362
family: 2, port: 53764, addr: 654349578
family: 2, port: 53764, addr: 671126794
family: 2, port: 53764, addr: 687904010
family: 2, port: 53764, addr: 536909066
family: 2, port: 53764, addr: 704681226
There are 11 peers online!
Sending netinfo
Printing 112 bytes from 0x5d0d990.
--- start bytes ---
01 00 00 00 00 00 00 00 70 00 00 00 00 00 00 00 
7c ce dc d0 00 00 00 00 02 00 04 d2 0a 95 00 21 
02 00 04 d2 0a 95 00 23 02 00 04 d2 0a 95 00 22 
02 00 04 d2 0a 95 00 24 02 00 04 d2 0a 95 00 25 
02 00 04 d2 0a 95 00 26 02 00 04 d2 0a 95 00 27 
02 00 04 d2 0a 95 00 28 02 00 04 d2 0a 95 00 29 
02 00 04 d2 0a 95 00 20 02 00 04 d2 0a 95 00 2a 
--- end bytes ---
family: 2, port: 53764, addr: 553686282
family: 2, port: 53764, addr: 587240714
family: 2, port: 53764, addr: 570463498
family: 2, port: 53764, addr: 604017930
family: 2, port: 53764, addr: 620795146
family: 2, port: 53764, addr: 637572362
family: 2, port: 53764, addr: 654349578
family: 2, port: 53764, addr: 671126794
family: 2, port: 53764, addr: 687904010
family: 2, port: 53764, addr: 536909066
family: 2, port: 53764, addr: 704681226
There are 11 peers online!
Sending netinfo
Printing 112 bytes from 0x5d27180.
--- start bytes ---
01 00 00 00 00 00 00 00 70 00 00 00 00 00 00 00 
7c ce dc d0 00 00 00 00 02 00 04 d2 0a 95 00 21 
02 00 04 d2 0a 95 00 23 02 00 04 d2 0a 95 00 22 
02 00 04 d2 0a 95 00 24 02 00 04 d2 0a 95 00 25 
02 00 04 d2 0a 95 00 26 02 00 04 d2 0a 95 00 27 
02 00 04 d2 0a 95 00 28 02 00 04 d2 0a 95 00 29 
02 00 04 d2 0a 95 00 20 02 00 04 d2 0a 95 00 2a 
--- end bytes ---
family: 2, port: 53764, addr: 553686282
family: 2, port: 53764, addr: 587240714
family: 2, port: 53764, addr: 570463498
family: 2, port: 53764, addr: 604017930
family: 2, port: 53764, addr: 620795146
family: 2, port: 53764, addr: 637572362
family: 2, port: 53764, addr: 654349578
family: 2, port: 53764, addr: 671126794
family: 2, port: 53764, addr: 687904010
family: 2, port: 53764, addr: 536909066
family: 2, port: 53764, addr: 704681226
There are 11 peers online!
Sending netinfo
Printing 112 bytes from 0x5d40df0.
--- start bytes ---
01 00 00 00 00 00 00 00 70 00 00 00 00 00 00 00 
7c ce dc d0 00 00 00 00 02 00 04 d2 0a 95 00 21 
02 00 04 d2 0a 95 00 23 02 00 04 d2 0a 95 00 22 
02 00 04 d2 0a 95 00 24 02 00 04 d2 0a 95 00 25 
02 00 04 d2 0a 95 00 26 02 00 04 d2 0a 95 00 27 
02 00 04 d2 0a 95 00 28 02 00 04 d2 0a 95 00 29 
02 00 04 d2 0a 95 00 20 02 00 04 d2 0a 95 00 2a 
--- end bytes ---
Started proc!
handle_heartbeat(sockfd, db);
38
handle_heartbeat(sockfd, db);
39
Started proc!
handle_heartbeat(sockfd, db);
40
Started proc!
family: 2, port: 53764, addr: 553686282
family: 2, port: 53764, addr: 587240714
family: 2, port: 53764, addr: 570463498
family: 2, port: 53764, addr: 604017930
family: 2, port: 53764, addr: 620795146
family: 2, port: 53764, addr: 637572362
family: 2, port: 53764, addr: 654349578
family: 2, port: 53764, addr: 671126794
family: 2, port: 53764, addr: 687904010
family: 2, port: 53764, addr: 536909066
family: 2, port: 53764, addr: 704681226
There are 11 peers online!
Sending netinfo
Printing 112 bytes from 0x5d463c0.
--- start bytes ---
01 00 00 00 00 00 00 00 70 00 00 00 00 00 00 00 
7c ce dc d0 00 00 00 00 02 00 04 d2 0a 95 00 21 
02 00 04 d2 0a 95 00 23 02 00 04 d2 0a 95 00 22 
02 00 04 d2 0a 95 00 24 02 00 04 d2 0a 95 00 25 
02 00 04 d2 0a 95 00 26 02 00 04 d2 0a 95 00 27 
02 00 04 d2 0a 95 00 28 02 00 04 d2 0a 95 00 29 
02 00 04 d2 0a 95 00 20 02 00 04 d2 0a 95 00 2a 
--- end bytes ---
family: 2, port: 53764, addr: 553686282
family: 2, port: 53764, addr: 587240714
family: 2, port: 53764, addr: 570463498
family: 2, port: 53764, addr: 604017930
family: 2, port: 53764, addr: 620795146
family: 2, port: 53764, addr: 637572362
family: 2, port: 53764, addr: 654349578
family: 2, port: 53764, addr: 671126794
family: 2, port: 53764, addr: 687904010
family: 2, port: 53764, addr: 536909066
family: 2, port: 53764, addr: 704681226
There are 11 peers online!
Sending netinfo
Printing 112 bytes from 0x5d4ab40.
--- start bytes ---
01 00 00 00 00 00 00 00 70 00 00 00 00 00 00 00 
7c ce dc d0 00 00 00 00 02 00 04 d2 0a 95 00 21 
02 00 04 d2 0a 95 00 23 02 00 04 d2 0a 95 00 22 
02 00 04 d2 0a 95 00 24 02 00 04 d2 0a 95 00 25 
02 00 04 d2 0a 95 00 26 02 00 04 d2 0a 95 00 27 
02 00 04 d2 0a 95 00 28 02 00 04 d2 0a 95 00 29 
02 00 04 d2 0a 95 00 20 02 00 04 d2 0a 95 00 2a 
--- end bytes ---
family: 2, port: 53764, addr: 553686282
family: 2, port: 53764, addr: 587240714
family: 2, port: 53764, addr: 570463498
family: 2, port: 53764, addr: 604017930
family: 2, port: 53764, addr: 620795146
family: 2, port: 53764, addr: 637572362
family: 2, port: 53764, addr: 654349578
family: 2, port: 53764, addr: 671126794
family: 2, port: 53764, addr: 687904010
family: 2, port: 53764, addr: 536909066
family: 2, port: 53764, addr: 704681226
There are 11 peers online!
Sending netinfo
Printing 112 bytes from 0x5d4e270.
--- start bytes ---
01 00 00 00 00 00 00 00 70 00 00 00 00 00 00 00 
7c ce dc d0 00 00 00 00 02 00 04 d2 0a 95 00 21 
02 00 04 d2 0a 95 00 23 02 00 04 d2 0a 95 00 22 
02 00 04 d2 0a 95 00 24 02 00 04 d2 0a 95 00 25 
02 00 04 d2 0a 95 00 26 02 00 04 d2 0a 95 00 27 
02 00 04 d2 0a 95 00 28 02 00 04 d2 0a 95 00 29 
02 00 04 d2 0a 95 00 20 02 00 04 d2 0a 95 00 2a 
--- end bytes ---
Started proc!
handle_heartbeat(sockfd, db);
41
handle_heartbeat(sockfd, db);
42
Started proc!
family: 2, port: 53764, addr: 553686282
family: 2, port: 53764, addr: 587240714
family: 2, port: 53764, addr: 570463498
family: 2, port: 53764, addr: 604017930
family: 2, port: 53764, addr: 620795146
family: 2, port: 53764, addr: 637572362
family: 2, port: 53764, addr: 654349578
family: 2, port: 53764, addr: 671126794
family: 2, port: 53764, addr: 687904010
family: 2, port: 53764, addr: 536909066
family: 2, port: 53764, addr: 704681226
There are 11 peers online!
Sending netinfo
Printing 112 bytes from 0x69af5f0.
--- start bytes ---
01 00 00 00 00 00 00 00 70 00 00 00 00 00 00 00 
7c ce dc d0 00 00 00 00 02 00 04 d2 0a 95 00 21 
02 00 04 d2 0a 95 00 23 02 00 04 d2 0a 95 00 22 
02 00 04 d2 0a 95 00 24 02 00 04 d2 0a 95 00 25 
02 00 04 d2 0a 95 00 26 02 00 04 d2 0a 95 00 27 
02 00 04 d2 0a 95 00 28 02 00 04 d2 0a 95 00 29 
02 00 04 d2 0a 95 00 20 02 00 04 d2 0a 95 00 2a 
--- end bytes ---
family: 2, port: 53764, addr: 553686282
family: 2, port: 53764, addr: 587240714
family: 2, port: 53764, addr: 570463498
family: 2, port: 53764, addr: 604017930
family: 2, port: 53764, addr: 620795146
family: 2, port: 53764, addr: 637572362
family: 2, port: 53764, addr: 654349578
family: 2, port: 53764, addr: 671126794
family: 2, port: 53764, addr: 687904010
family: 2, port: 53764, addr: 536909066
family: 2, port: 53764, addr: 704681226
There are 11 peers online!
Sending netinfo
Printing 112 bytes from 0x69c9260.
--- start bytes ---
01 00 00 00 00 00 00 00 70 00 00 00 00 00 00 00 
7c ce dc d0 00 00 00 00 02 00 04 d2 0a 95 00 21 
02 00 04 d2 0a 95 00 23 02 00 04 d2 0a 95 00 22 
02 00 04 d2 0a 95 00 24 02 00 04 d2 0a 95 00 25 
02 00 04 d2 0a 95 00 26 02 00 04 d2 0a 95 00 27 
02 00 04 d2 0a 95 00 28 02 00 04 d2 0a 95 00 29 
02 00 04 d2 0a 95 00 20 02 00 04 d2 0a 95 00 2a 
--- end bytes ---
handle_heartbeat(sockfd, db);
43
Started proc!
family: 2, port: 53764, addr: 553686282
family: 2, port: 53764, addr: 587240714
family: 2, port: 53764, addr: 570463498
family: 2, port: 53764, addr: 604017930
family: 2, port: 53764, addr: 620795146
family: 2, port: 53764, addr: 637572362
family: 2, port: 53764, addr: 654349578
family: 2, port: 53764, addr: 671126794
family: 2, port: 53764, addr: 687904010
family: 2, port: 53764, addr: 536909066
family: 2, port: 53764, addr: 704681226
There are 11 peers online!
Sending netinfo
Printing 112 bytes from 0x69e32b0.
--- start bytes ---
01 00 00 00 00 00 00 00 70 00 00 00 00 00 00 00 
7c ce dc d0 00 00 00 00 02 00 04 d2 0a 95 00 21 
02 00 04 d2 0a 95 00 23 02 00 04 d2 0a 95 00 22 
02 00 04 d2 0a 95 00 24 02 00 04 d2 0a 95 00 25 
02 00 04 d2 0a 95 00 26 02 00 04 d2 0a 95 00 27 
02 00 04 d2 0a 95 00 28 02 00 04 d2 0a 95 00 29 
02 00 04 d2 0a 95 00 20 02 00 04 d2 0a 95 00 2a 
--- end bytes ---
Started proc!
Started proc!
handle_heartbeat(sockfd, db);
44
handle_heartbeat(sockfd, db);
45
family: 2, port: 53764, addr: 553686282
family: 2, port: 53764, addr: 587240714
family: 2, port: 53764, addr: 570463498
family: 2, port: 53764, addr: 604017930
family: 2, port: 53764, addr: 620795146
family: 2, port: 53764, addr: 637572362
family: 2, port: 53764, addr: 654349578
family: 2, port: 53764, addr: 671126794
family: 2, port: 53764, addr: 687904010
family: 2, port: 53764, addr: 536909066
family: 2, port: 53764, addr: 704681226
There are 11 peers online!
Sending netinfo
Printing 112 bytes from 0x69fd6e0.
--- start bytes ---
01 00 00 00 00 00 00 00 70 00 00 00 00 00 00 00 
7c ce dc d0 00 00 00 00 02 00 04 d2 0a 95 00 21 
02 00 04 d2 0a 95 00 23 02 00 04 d2 0a 95 00 22 
02 00 04 d2 0a 95 00 24 02 00 04 d2 0a 95 00 25 
02 00 04 d2 0a 95 00 26 02 00 04 d2 0a 95 00 27 
02 00 04 d2 0a 95 00 28 02 00 04 d2 0a 95 00 29 
02 00 04 d2 0a 95 00 20 02 00 04 d2 0a 95 00 2a 
--- end bytes ---
family: 2, port: 53764, addr: 553686282
family: 2, port: 53764, addr: 587240714
family: 2, port: 53764, addr: 570463498
family: 2, port: 53764, addr: 604017930
family: 2, port: 53764, addr: 620795146
family: 2, port: 53764, addr: 637572362
family: 2, port: 53764, addr: 654349578
family: 2, port: 53764, addr: 671126794
family: 2, port: 53764, addr: 687904010
family: 2, port: 53764, addr: 536909066
family: 2, port: 53764, addr: 704681226
There are 11 peers online!
Sending netinfo
Printing 112 bytes from 0x6a17350.
--- start bytes ---
01 00 00 00 00 00 00 00 70 00 00 00 00 00 00 00 
7c ce dc d0 00 00 00 00 02 00 04 d2 0a 95 00 21 
02 00 04 d2 0a 95 00 23 02 00 04 d2 0a 95 00 22 
02 00 04 d2 0a 95 00 24 02 00 04 d2 0a 95 00 25 
02 00 04 d2 0a 95 00 26 02 00 04 d2 0a 95 00 27 
02 00 04 d2 0a 95 00 28 02 00 04 d2 0a 95 00 29 
02 00 04 d2 0a 95 00 20 02 00 04 d2 0a 95 00 2a 
--- end bytes ---
Started proc!
handle_heartbeat(sockfd, db);
46
handle_heartbeat(sockfd, db);
47
Started proc!
handle_heartbeat(sockfd, db);
48
Started proc!
family: 2, port: 53764, addr: 553686282
family: 2, port: 53764, addr: 587240714
family: 2, port: 53764, addr: 570463498
family: 2, port: 53764, addr: 604017930
family: 2, port: 53764, addr: 620795146
family: 2, port: 53764, addr: 637572362
family: 2, port: 53764, addr: 654349578
family: 2, port: 53764, addr: 671126794
family: 2, port: 53764, addr: 687904010
family: 2, port: 53764, addr: 536909066
family: 2, port: 53764, addr: 704681226
There are 11 peers online!
Sending netinfo
Printing 112 bytes from 0x6a31d30.
--- start bytes ---
01 00 00 00 00 00 00 00 70 00 00 00 00 00 00 00 
7c ce dc d0 00 00 00 00 02 00 04 d2 0a 95 00 21 
02 00 04 d2 0a 95 00 23 02 00 04 d2 0a 95 00 22 
02 00 04 d2 0a 95 00 24 02 00 04 d2 0a 95 00 25 
02 00 04 d2 0a 95 00 26 02 00 04 d2 0a 95 00 27 
02 00 04 d2 0a 95 00 28 02 00 04 d2 0a 95 00 29 
02 00 04 d2 0a 95 00 20 02 00 04 d2 0a 95 00 2a 
--- end bytes ---
family: 2, port: 53764, addr: 553686282
family: 2, port: 53764, addr: 587240714
family: 2, port: 53764, addr: 570463498
family: 2, port: 53764, addr: 604017930
family: 2, port: 53764, addr: 620795146
family: 2, port: 53764, addr: 637572362
family: 2, port: 53764, addr: 654349578
family: 2, port: 53764, addr: 671126794
family: 2, port: 53764, addr: 687904010
family: 2, port: 53764, addr: 536909066
family: 2, port: 53764, addr: 704681226
There are 11 peers online!
Sending netinfo
Printing 112 bytes from 0x6a4b520.
--- start bytes ---
01 00 00 00 00 00 00 00 70 00 00 00 00 00 00 00 
7c ce dc d0 00 00 00 00 02 00 04 d2 0a 95 00 21 
02 00 04 d2 0a 95 00 23 02 00 04 d2 0a 95 00 22 
02 00 04 d2 0a 95 00 24 02 00 04 d2 0a 95 00 25 
02 00 04 d2 0a 95 00 26 02 00 04 d2 0a 95 00 27 
02 00 04 d2 0a 95 00 28 02 00 04 d2 0a 95 00 29 
02 00 04 d2 0a 95 00 20 02 00 04 d2 0a 95 00 2a 
--- end bytes ---
family: 2, port: 53764, addr: 553686282
family: 2, port: 53764, addr: 587240714
family: 2, port: 53764, addr: 570463498
family: 2, port: 53764, addr: 604017930
family: 2, port: 53764, addr: 620795146
family: 2, port: 53764, addr: 637572362
family: 2, port: 53764, addr: 654349578
family: 2, port: 53764, addr: 671126794
family: 2, port: 53764, addr: 687904010
family: 2, port: 53764, addr: 536909066
family: 2, port: 53764, addr: 704681226
There are 11 peers online!
Sending netinfo
Printing 112 bytes from 0x6a65190.
--- start bytes ---
01 00 00 00 00 00 00 00 70 00 00 00 00 00 00 00 
7c ce dc d0 00 00 00 00 02 00 04 d2 0a 95 00 21 
02 00 04 d2 0a 95 00 23 02 00 04 d2 0a 95 00 22 
02 00 04 d2 0a 95 00 24 02 00 04 d2 0a 95 00 25 
02 00 04 d2 0a 95 00 26 02 00 04 d2 0a 95 00 27 
02 00 04 d2 0a 95 00 28 02 00 04 d2 0a 95 00 29 
02 00 04 d2 0a 95 00 20 02 00 04 d2 0a 95 00 2a 
--- end bytes ---
Started proc!
handle_heartbeat(sockfd, db);
49
handle_heartbeat(sockfd, db);
50
Started proc!
Started proc!
handle_heartbeat(sockfd, db);
51
family: 2, port: 53764, addr: 553686282
family: 2, port: 53764, addr: 587240714
family: 2, port: 53764, addr: 570463498
family: 2, port: 53764, addr: 604017930
family: 2, port: 53764, addr: 620795146
family: 2, port: 53764, addr: 637572362
family: 2, port: 53764, addr: 654349578
family: 2, port: 53764, addr: 671126794
family: 2, port: 53764, addr: 687904010
family: 2, port: 53764, addr: 536909066
family: 2, port: 53764, addr: 704681226
There are 11 peers online!
Sending netinfo
Printing 112 bytes from 0x6a7fc50.
--- start bytes ---
01 00 00 00 00 00 00 00 70 00 00 00 00 00 00 00 
7c ce dc d0 00 00 00 00 02 00 04 d2 0a 95 00 21 
02 00 04 d2 0a 95 00 23 02 00 04 d2 0a 95 00 22 
02 00 04 d2 0a 95 00 24 02 00 04 d2 0a 95 00 25 
02 00 04 d2 0a 95 00 26 02 00 04 d2 0a 95 00 27 
02 00 04 d2 0a 95 00 28 02 00 04 d2 0a 95 00 29 
02 00 04 d2 0a 95 00 20 02 00 04 d2 0a 95 00 2a 
--- end bytes ---
family: 2, port: 53764, addr: 553686282
family: 2, port: 53764, addr: 587240714
family: 2, port: 53764, addr: 570463498
family: 2, port: 53764, addr: 604017930
family: 2, port: 53764, addr: 620795146
family: 2, port: 53764, addr: 637572362
family: 2, port: 53764, addr: 654349578
family: 2, port: 53764, addr: 671126794
family: 2, port: 53764, addr: 687904010
family: 2, port: 53764, addr: 536909066
family: 2, port: 53764, addr: 704681226
There are 11 peers online!
Sending netinfo
Printing 112 bytes from 0x6a998c0.
--- start bytes ---
01 00 00 00 00 00 00 00 70 00 00 00 00 00 00 00 
7c ce dc d0 00 00 00 00 02 00 04 d2 0a 95 00 21 
02 00 04 d2 0a 95 00 23 02 00 04 d2 0a 95 00 22 
02 00 04 d2 0a 95 00 24 02 00 04 d2 0a 95 00 25 
02 00 04 d2 0a 95 00 26 02 00 04 d2 0a 95 00 27 
02 00 04 d2 0a 95 00 28 02 00 04 d2 0a 95 00 29 
02 00 04 d2 0a 95 00 20 02 00 04 d2 0a 95 00 2a 
--- end bytes ---
family: 2, port: 53764, addr: 553686282
family: 2, port: 53764, addr: 587240714
family: 2, port: 53764, addr: 570463498
family: 2, port: 53764, addr: 604017930
family: 2, port: 53764, addr: 620795146
family: 2, port: 53764, addr: 637572362
family: 2, port: 53764, addr: 654349578
family