START_TIME	16-12-2021 12:35:27
REQUEST_BLOCK	16-12-2021 12:35:35	1
RECEIVED_BLOCK	16-12-2021 12:35:38	1	SUCCESS
REQUEST_BLOCK	16-12-2021 12:35:38	2
RECEIVED_BLOCK	16-12-2021 12:35:38	2	SUCCESS
SENDING_BLOCK	16-12-2021 12:35:38	2
SENDING_BLOCK	16-12-2021 12:35:38	2
BLOCK_ADDED_START	16-12-2021 12:35:38	2
REQUEST_BLOCK	16-12-2021 12:35:38	2
RECEIVED_BLOCK	16-12-2021 12:35:40	2	SUCCESS
SENDING_BLOCK	16-12-2021 12:35:41	2
SENDING_BLOCK	16-12-2021 12:35:41	2
SENDING_BLOCK	16-12-2021 12:35:41	2
SENDING_BLOCK	16-12-2021 12:35:41	2
SENDING_BLOCK	16-12-2021 12:35:41	2
SENDING_BLOCK	16-12-2021 12:35:42	2
SENDING_BLOCK	16-12-2021 12:35:42	2
BLOCK_ADDED_STOP	16-12-2021 12:35:42	2	SUCCESS
SENDING_BLOCK	16-12-2021 12:35:42	2
SENDING_BLOCK	16-12-2021 12:35:42	2
BLOCK_ADDED_START	16-12-2021 12:35:42	3
REQUEST_BLOCK	16-12-2021 12:35:42	3
RECEIVED_BLOCK	16-12-2021 12:35:43	3	SUCCESS
SENDING_BLOCK	16-12-2021 12:35:44	3
SENDING_BLOCK	16-12-2021 12:35:44	3
SENDING_BLOCK	16-12-2021 12:35:44	2
SENDING_BLOCK	16-12-2021 12:35:44	3
SENDING_BLOCK	16-12-2021 12:35:45	3
SENDING_BLOCK	16-12-2021 12:35:45	3
SENDING_BLOCK	16-12-2021 12:35:45	3
SENDING_BLOCK	16-12-2021 12:35:45	3
BLOCK_ADDED_STOP	16-12-2021 12:35:46	3	SUCCESS
SENDING_BLOCK	16-12-2021 12:35:46	3
SENDING_BLOCK	16-12-2021 12:35:46	3
