START_TIME	16-12-2021 12:35:24
BLOCK_ADDED_START	16-12-2021 12:35:24	1
BLOCK_ADDED_STOP	16-12-2021 12:35:24	1	SUCCESS
REQUEST_BLOCK	16-12-2021 12:35:32	2
RECEIVED_BLOCK	16-12-2021 12:35:33	2	SUCCESS
SENDING_BLOCK	16-12-2021 12:35:34	2
SENDING_BLOCK	16-12-2021 12:35:35	1
SENDING_BLOCK	16-12-2021 12:35:39	2
SENDING_BLOCK	16-12-2021 12:35:39	2
REQUEST_BLOCK	16-12-2021 12:35:40	2
RECEIVED_BLOCK	16-12-2021 12:35:41	2	SUCCESS
SENDING_BLOCK	16-12-2021 12:35:41	2
SENDING_BLOCK	16-12-2021 12:35:42	2
SENDING_BLOCK	16-12-2021 12:35:42	2
SENDING_BLOCK	16-12-2021 12:35:42	2
SENDING_BLOCK	16-12-2021 12:35:42	3
REQUEST_BLOCK	16-12-2021 12:35:46	3
SENDING_BLOCK	16-12-2021 12:35:46	2
RECEIVED_BLOCK	16-12-2021 12:35:46	3	SUCCESS
SENDING_BLOCK	16-12-2021 12:35:46	3
SENDING_BLOCK	16-12-2021 12:35:46	3
SENDING_BLOCK	16-12-2021 12:35:46	3
SENDING_BLOCK	16-12-2021 12:35:46	3
