START_TIME	16-12-2021 12:35:14
BLOCK_ADDED_START	16-12-2021 12:35:14	1
BLOCK_ADDED_STOP	16-12-2021 12:35:14	1	SUCCESS
REQUEST_BLOCK	16-12-2021 12:35:22	2
RECEIVED_BLOCK	16-12-2021 12:35:22	2	SUCCESS
SENDING_BLOCK	16-12-2021 12:35:22	2
SENDING_BLOCK	16-12-2021 12:35:26	2
SENDING_BLOCK	16-12-2021 12:35:28	2
SENDING_BLOCK	16-12-2021 12:35:28	2
SENDING_BLOCK	16-12-2021 12:35:30	2
SENDING_BLOCK	16-12-2021 12:35:32	2
SENDING_BLOCK	16-12-2021 12:35:32	2
SENDING_BLOCK	16-12-2021 12:35:36	2
SENDING_BLOCK	16-12-2021 12:35:36	1
SENDING_BLOCK	16-12-2021 12:35:41	2
SENDING_BLOCK	16-12-2021 12:35:41	2
REQUEST_BLOCK	16-12-2021 12:35:41	2
RECEIVED_BLOCK	16-12-2021 12:35:41	2	SUCCESS
SENDING_BLOCK	16-12-2021 12:35:41	2
SENDING_BLOCK	16-12-2021 12:35:41	2
SENDING_BLOCK	16-12-2021 12:35:41	2
SENDING_BLOCK	16-12-2021 12:35:44	3
REQUEST_BLOCK	16-12-2021 12:35:44	3
SENDING_BLOCK	16-12-2021 12:35:44	2
RECEIVED_BLOCK	16-12-2021 12:35:44	3	SUCCESS
SENDING_BLOCK	16-12-2021 12:35:45	3
SENDING_BLOCK	16-12-2021 12:35:45	3
