START_TIME	16-12-2021 12:35:13
BLOCK_ADDED_START	16-12-2021 12:35:13	1
BLOCK_ADDED_STOP	16-12-2021 12:35:13	1	SUCCESS
REQUEST_BLOCK	16-12-2021 12:35:21	2
RECEIVED_BLOCK	16-12-2021 12:35:23	2	SUCCESS
SENDING_BLOCK	16-12-2021 12:35:23	2
SENDING_BLOCK	16-12-2021 12:35:26	2
SENDING_BLOCK	16-12-2021 12:35:28	2
SENDING_BLOCK	16-12-2021 12:35:28	2
SENDING_BLOCK	16-12-2021 12:35:30	2
SENDING_BLOCK	16-12-2021 12:35:32	2
SENDING_BLOCK	16-12-2021 12:35:32	2
SENDING_BLOCK	16-12-2021 12:35:35	2
SENDING_BLOCK	16-12-2021 12:35:35	1
SENDING_BLOCK	16-12-2021 12:35:38	2
SENDING_BLOCK	16-12-2021 12:35:38	2
REQUEST_BLOCK	16-12-2021 12:35:40	2
RECEIVED_BLOCK	16-12-2021 12:35:41	2	SUCCESS
SENDING_BLOCK	16-12-2021 12:35:41	2
SENDING_BLOCK	16-12-2021 12:35:42	2
SENDING_BLOCK	16-12-2021 12:35:42	2
SENDING_BLOCK	16-12-2021 12:35:42	2
SENDING_BLOCK	16-12-2021 12:35:42	3
REQUEST_BLOCK	16-12-2021 12:35:44	3
SENDING_BLOCK	16-12-2021 12:35:44	2
RECEIVED_BLOCK	16-12-2021 12:35:45	3	SUCCESS
SENDING_BLOCK	16-12-2021 12:35:45	3
SENDING_BLOCK	16-12-2021 12:35:46	3
SENDING_BLOCK	16-12-2021 12:35:46	3
SENDING_BLOCK	16-12-2021 12:35:46	3
