START_TIME	16-12-2021 12:35:17
BLOCK_ADDED_START	16-12-2021 12:35:17	1
BLOCK_ADDED_STOP	16-12-2021 12:35:17	1	SUCCESS
REQUEST_BLOCK	16-12-2021 12:35:25	2
RECEIVED_BLOCK	16-12-2021 12:35:25	2	SUCCESS
SENDING_BLOCK	16-12-2021 12:35:27	2
SENDING_BLOCK	16-12-2021 12:35:28	2
SENDING_BLOCK	16-12-2021 12:35:31	2
SENDING_BLOCK	16-12-2021 12:35:31	2
SENDING_BLOCK	16-12-2021 12:35:33	2
SENDING_BLOCK	16-12-2021 12:35:36	2
SENDING_BLOCK	16-12-2021 12:35:36	1
SENDING_BLOCK	16-12-2021 12:35:39	2
SENDING_BLOCK	16-12-2021 12:35:39	2
REQUEST_BLOCK	16-12-2021 12:35:41	2
RECEIVED_BLOCK	16-12-2021 12:35:41	2	SUCCESS
SENDING_BLOCK	16-12-2021 12:35:41	2
SENDING_BLOCK	16-12-2021 12:35:42	2
SENDING_BLOCK	16-12-2021 12:35:42	2
SENDING_BLOCK	16-12-2021 12:35:42	3
REQUEST_BLOCK	16-12-2021 12:35:43	3
SENDING_BLOCK	16-12-2021 12:35:44	2
RECEIVED_BLOCK	16-12-2021 12:35:44	3	SUCCESS
SENDING_BLOCK	16-12-2021 12:35:45	3
SENDING_BLOCK	16-12-2021 12:35:45	3
SENDING_BLOCK	16-12-2021 12:35:46	3
SENDING_BLOCK	16-12-2021 12:35:46	3
SENDING_BLOCK	16-12-2021 12:35:46	3
