START_TIME	16-12-2021 12:35:21
BLOCK_ADDED_START	16-12-2021 12:35:21	1
BLOCK_ADDED_STOP	16-12-2021 12:35:21	1	SUCCESS
REQUEST_BLOCK	16-12-2021 12:35:29	2
RECEIVED_BLOCK	16-12-2021 12:35:31	2	SUCCESS
SENDING_BLOCK	16-12-2021 12:35:31	2
SENDING_BLOCK	16-12-2021 12:35:32	2
SENDING_BLOCK	16-12-2021 12:35:34	2
SENDING_BLOCK	16-12-2021 12:35:37	1
SENDING_BLOCK	16-12-2021 12:35:39	2
SENDING_BLOCK	16-12-2021 12:35:39	2
REQUEST_BLOCK	16-12-2021 12:35:43	2
RECEIVED_BLOCK	16-12-2021 12:35:43	2	SUCCESS
SENDING_BLOCK	16-12-2021 12:35:43	2
SENDING_BLOCK	16-12-2021 12:35:43	2
SENDING_BLOCK	16-12-2021 12:35:43	2
SENDING_BLOCK	16-12-2021 12:35:43	2
SENDING_BLOCK	16-12-2021 12:35:43	3
REQUEST_BLOCK	16-12-2021 12:35:43	3
RECEIVED_BLOCK	16-12-2021 12:35:44	3	SUCCESS
SENDING_BLOCK	16-12-2021 12:35:45	3
SENDING_BLOCK	16-12-2021 12:35:45	3
