START_TIME	16-12-2021 12:35:20
BLOCK_ADDED_START	16-12-2021 12:35:20	1
BLOCK_ADDED_STOP	16-12-2021 12:35:20	1	SUCCESS
REQUEST_BLOCK	16-12-2021 12:35:28	2
RECEIVED_BLOCK	16-12-2021 12:35:29	2	SUCCESS
SENDING_BLOCK	16-12-2021 12:35:30	2
SENDING_BLOCK	16-12-2021 12:35:33	2
SENDING_BLOCK	16-12-2021 12:35:33	2
SENDING_BLOCK	16-12-2021 12:35:36	2
SENDING_BLOCK	16-12-2021 12:35:36	1
SENDING_BLOCK	16-12-2021 12:35:38	2
SENDING_BLOCK	16-12-2021 12:35:38	2
REQUEST_BLOCK	16-12-2021 12:35:41	2
RECEIVED_BLOCK	16-12-2021 12:35:41	2	SUCCESS
SENDING_BLOCK	16-12-2021 12:35:42	2
SENDING_BLOCK	16-12-2021 12:35:42	2
SENDING_BLOCK	16-12-2021 12:35:42	2
SENDING_BLOCK	16-12-2021 12:35:42	3
REQUEST_BLOCK	16-12-2021 12:35:43	3
SENDING_BLOCK	16-12-2021 12:35:44	2
RECEIVED_BLOCK	16-12-2021 12:35:45	3	SUCCESS
SENDING_BLOCK	16-12-2021 12:35:45	3
SENDING_BLOCK	16-12-2021 12:35:45	3
