/home/ddps2001/DPS2/1639651353/out/10.149.1.21_1234.out
/home/ddps2001/DPS2/1639651353/out/10.149.1.21_1234.out
Started proc!
sockaddr 2, 53764, 352425226
Thread started!
Logging to /home/ddps2001/DPS2/1639651353/out/10.149.1.21_1234.out
0x6313e4
We are offline...
0x6313e4
We are offline...
[ receive_netinfo ] 0 peers online!
Printing 0 bytes from 0x2aaab0000910.
--- start bytes ---
--- end bytes ---
We are offline...
We are offline...
We are offline...
We are offline...
We are offline...
We are offline...
[ receive_netinfo ] 2 peers online!
Coming online...
[ RequestBlockchain ] --------- Start --------- 
[ RequestBlockchain ] Requesting block 2
Broadcast to 2, 53764, 335648010
[ RequestBlockchain ] Message available! 
[ RequestBlockchain ] Handling block...
[ SendBlockchain ] Block 1 is available 
[ SendBlockchain ] BLOCK sent! 
[ RequestBlockchain ] Majority found
[ RequestBlockchain ] --------- Stop  --------- 

Blockchain is size 2 with top hash f2d1218e317d353271633c2e24d1ff2d857e6cd71aa8a9aa7b55048320ff160a
Blockchain is size 2 with top hash f2d1218e317d353271633c2e24d1ff2d857e6cd71aa8a9aa7b55048320ff160a
[ SendBlockchain ] --------- Start --------- 
[ SendBlockchain ] Block 1 is available 
[ SendBlockchain ] BLOCK sent! 
[ SendBlockchain ] --------- Stop  --------- 

Blockchain is size 2 with top hash f2d1218e317d353271633c2e24d1ff2d857e6cd71aa8a9aa7b55048320ff160a
Logging to /home/ddps2001/DPS2/1639651353/out/10.149.1.21_1234.out
[ Run ] No messages... 
Blockchain is size 2 with top hash f2d1218e317d353271633c2e24d1ff2d857e6cd71aa8a9aa7b55048320ff160a
Logging to /home/ddps2001/DPS2/1639651353/out/10.149.1.21_1234.out
[ Run ] No messages... 
[ receive_netinfo ] 2 peers online!
Coming online...
Blockchain is size 2 with top hash f2d1218e317d353271633c2e24d1ff2d857e6cd71aa8a9aa7b55048320ff160a
[ SendBlockchain ] --------- Start --------- 
[ SendBlockchain ] Block does not exist 
[ SendBlockchain ] NOBLOCK sent! 
[ SendBlockchain ] --------- Stop  --------- 

Blockchain is size 2 with top hash f2d1218e317d353271633c2e24d1ff2d857e6cd71aa8a9aa7b55048320ff160a
[ RequestBlockchain ] Requesting block 2
Broadcast to 2, 53764, 335648010
[ RequestBlockchain ] Message available! 
[ RequestBlockchain ] Handling block...
2 53764 335648010
[ RequestBlockchain ] Received NOBLOCK
[ RequestBlockchain ] Majority found
[ HandleBlockAdditionRequest ] --------- Start --------- 
[ HandleBlockAdditionRequest ] Handling BlockchainAdditionRequest 2 with hash ecd2974c5eb823475ca02f64bdaa987b027727ac96ebf182437a1cec403cb07e
Broadcast to 2, 53764, 335648010
[ HandleBlockAdditionRequest ] Sent vote 1 to 1 peers
[ CheckVotesForBlock ] Got vote for block 2
[ CheckVotesForBlock ] Handling vote 
2 53764 335648010
[ CheckVotesForBlock ] Block hash matches!
[ CheckVotesForBlock ] Majority agrees! 2 agree vs. 0 disagree, out of 2
[ HandleBlockAdditionRequest ] Block added to candidates
Handling all block addition requests...
[ HandleBlockAdditionRequest ] Some block got added 3

[ HandleBlockAdditionRequest ] --------- Stop  --------- 

Blockchain is size 3 with top hash ecd2974c5eb823475ca02f64bdaa987b027727ac96ebf182437a1cec403cb07e
[ SendBlockchain ] --------- Start --------- 
[ SendBlockchain ] Block does not exist 
[ SendBlockchain ] NOBLOCK sent! 
[ SendBlockchain ] --------- Stop  --------- 

Blockchain is size 3 with top hash ecd2974c5eb823475ca02f64bdaa987b027727ac96ebf182437a1cec403cb07e
Logging to /home/ddps2001/DPS2/1639651353/out/10.149.1.21_1234.out
[ Run ] No messages... 
Blockchain is size 3 with top hash ecd2974c5eb823475ca02f64bdaa987b027727ac96ebf182437a1cec403cb07e
[ RequestBlockchain ] Requesting block 3
Broadcast to 2, 53764, 335648010
[ receive_netinfo ] 2 peers online!
Coming online...
[ RequestBlockchain ] Message available! 
[ RequestBlockchain ] Handling block...
2 53764 335648010
[ RequestBlockchain ] Received NOBLOCK
[ RequestBlockchain ] Majority found
[ HandleBlockAdditionRequest ] --------- Start --------- 
[ HandleBlockAdditionRequest ] Handling BlockchainAdditionRequest 3 with hash a9ed2d06ae0897b44bdf8830430624988649722fde49985aae7f70028c0717d3
Broadcast to 2, 53764, 335648010
[ HandleBlockAdditionRequest ] Sent vote 1 to 1 peers
[ CheckVotesForBlock ] Got vote for block 3
[ CheckVotesForBlock ] Handling vote 
2 53764 335648010
[ CheckVotesForBlock ] Block hash matches!
[ CheckVotesForBlock ] Majority agrees! 2 agree vs. 0 disagree, out of 2
[ HandleBlockAdditionRequest ] Block added to candidates
Handling all block addition requests...
[ HandleBlockAdditionRequest ] Some block got added 4

[ HandleBlockAdditionRequest ] --------- Stop  --------- 

Blockchain is size 4 with top hash a9ed2d06ae0897b44bdf8830430624988649722fde49985aae7f70028c0717d3
Logging to /home/ddps2001/DPS2/1639651353/out/10.149.1.21_1234.out
[ Run ] No messages... 
