/home/ddps2001/DPS2/1639654891/out/10.149.0.39_1234.out
/home/ddps2001/DPS2/1639654891/out/10.149.0.39_1234.out
Started proc!
sockaddr 2, 53764, 654349578
Thread started!
Logging to /home/ddps2001/DPS2/1639654891/out/10.149.0.39_1234.out
0x6313e4
We are offline...
0x6313e4
We are offline...
[ receive_netinfo ] 5 peers online!
Printing 40 bytes from 0x2aaab00008e0.
--- start bytes ---
02 00 04 d2 0a 95 00 22 02 00 04 d2 0a 95 00 24 
02 00 04 d2 0a 95 00 23 02 00 04 d2 0a 95 00 25 
02 00 04 d2 0a 95 00 26 
--- end bytes ---
We are offline...
We are offline...
We are offline...
We are offline...
We are offline...
[ receive_netinfo ] 8 peers online!
Coming online...
[ RequestBlockchain ] --------- Start --------- 
[ RequestBlockchain ] Requesting block 2
Broadcast to 2, 53764, 570463498
Broadcast to 2, 53764, 604017930
Broadcast to 2, 53764, 587240714
Broadcast to 2, 53764, 620795146
Broadcast to 2, 53764, 637572362
Broadcast to 2, 53764, 671126794
Broadcast to 2, 53764, 687904010
[ RequestBlockchain ] Message available! 
[ RequestBlockchain ] Handling block...
2 53764 620795146
[ RequestBlockchain ] Peer is requesting same block
[ RequestBlockchain ] Message available! 
[ RequestBlockchain ] Handling block...
2 53764 637572362
[ RequestBlockchain ] Peer is requesting same block
[ RequestBlockchain ] Message available! 
[ RequestBlockchain ] Handling block...
2 53764 570463498
[ RequestBlockchain ] Received NOBLOCK
[ RequestBlockchain ] Majority found
[ RequestBlockchain ] --------- Stop  --------- 

Blockchain is size 2 with top hash f2d1218e317d353271633c2e24d1ff2d857e6cd71aa8a9aa7b55048320ff160a
Logging to /home/ddps2001/DPS2/1639654891/out/10.149.0.39_1234.out
[ Run ] No messages... 
Blockchain is size 2 with top hash f2d1218e317d353271633c2e24d1ff2d857e6cd71aa8a9aa7b55048320ff160a
Blockchain is size 2 with top hash f2d1218e317d353271633c2e24d1ff2d857e6cd71aa8a9aa7b55048320ff160a
[ SendBlockchain ] --------- Start --------- 
[ SendBlockchain ] Block does not exist 
[ SendBlockchain ] NOBLOCK sent! 
[ SendBlockchain ] --------- Stop  --------- 

Blockchain is size 2 with top hash f2d1218e317d353271633c2e24d1ff2d857e6cd71aa8a9aa7b55048320ff160a
Blockchain is size 2 with top hash f2d1218e317d353271633c2e24d1ff2d857e6cd71aa8a9aa7b55048320ff160a
Logging to /home/ddps2001/DPS2/1639654891/out/10.149.0.39_1234.out
[ Run ] No messages... 
Blockchain is size 2 with top hash f2d1218e317d353271633c2e24d1ff2d857e6cd71aa8a9aa7b55048320ff160a
[ SendBlockchain ] --------- Start --------- 
[ SendBlockchain ] Block does not exist 
[ SendBlockchain ] NOBLOCK sent! 
[ SendBlockchain ] --------- Stop  --------- 

Blockchain is size 2 with top hash f2d1218e317d353271633c2e24d1ff2d857e6cd71aa8a9aa7b55048320ff160a
Blockchain is size 2 with top hash f2d1218e317d353271633c2e24d1ff2d857e6cd71aa8a9aa7b55048320ff160a
Logging to /home/ddps2001/DPS2/1639654891/out/10.149.0.39_1234.out
[ Run ] No messages... 
[ receive_netinfo ] 11 peers online!
Coming online...
Blockchain is size 2 with top hash f2d1218e317d353271633c2e24d1ff2d857e6cd71aa8a9aa7b55048320ff160a
Logging to /home/ddps2001/DPS2/1639654891/out/10.149.0.39_1234.out
[ Run ] No messages... 
Blockchain is size 2 with top hash f2d1218e317d353271633c2e24d1ff2d857e6cd71aa8a9aa7b55048320ff160a
[ SendBlockchain ] --------- Start --------- 
[ SendBlockchain ] Block does not exist 
[ SendBlockchain ] NOBLOCK sent! 
[ SendBlockchain ] --------- Stop  --------- 

Blockchain is size 2 with top hash f2d1218e317d353271633c2e24d1ff2d857e6cd71aa8a9aa7b55048320ff160a
[ SendBlockchain ] --------- Start --------- 
[ SendBlockchain ] Block does not exist 
[ SendBlockchain ] NOBLOCK sent! 
[ SendBlockchain ] --------- Stop  --------- 

Blockchain is size 2 with top hash f2d1218e317d353271633c2e24d1ff2d857e6cd71aa8a9aa7b55048320ff160a
Logging to /home/ddps2001/DPS2/1639654891/out/10.149.0.39_1234.out
[ Run ] No messages... 
[ receive_netinfo ] 11 peers online!
Coming online...
Blockchain is size 2 with top hash f2d1218e317d353271633c2e24d1ff2d857e6cd71aa8a9aa7b55048320ff160a
[ SendBlockchain ] --------- Start --------- 
[ SendBlockchain ] Block 1 is available 
[ SendBlockchain ] BLOCK sent! 
[ SendBlockchain ] --------- Stop  --------- 

Blockchain is size 2 with top hash f2d1218e317d353271633c2e24d1ff2d857e6cd71aa8a9aa7b55048320ff160a
Logging to /home/ddps2001/DPS2/1639654891/out/10.149.0.39_1234.out
[ Run ] No messages... 
Blockchain is size 2 with top hash f2d1218e317d353271633c2e24d1ff2d857e6cd71aa8a9aa7b55048320ff160a
[ SendBlockchain ] --------- Start --------- 
[ SendBlockchain ] Block does not exist 
[ SendBlockchain ] NOBLOCK sent! 
[ SendBlockchain ] --------- Stop  --------- 

Blockchain is size 2 with top hash f2d1218e317d353271633c2e24d1ff2d857e6cd71aa8a9aa7b55048320ff160a
[ SendBlockchain ] --------- Start --------- 
[ SendBlockchain ] Block does not exist 
[ SendBlockchain ] NOBLOCK sent! 
[ SendBlockchain ] --------- Stop  --------- 

Blockchain is size 2 with top hash f2d1218e317d353271633c2e24d1ff2d857e6cd71aa8a9aa7b55048320ff160a
Logging to /home/ddps2001/DPS2/1639654891/out/10.149.0.39_1234.out
[ Run ] No messages... 
[ receive_netinfo ] 11 peers online!
Coming online...
Blockchain is size 2 with top hash f2d1218e317d353271633c2e24d1ff2d857e6cd71aa8a9aa7b55048320ff160a
[ RequestBlockchain ] Requesting block 2
Broadcast to 2, 53764, 570463498
Broadcast to 2, 53764, 604017930
Broadcast to 2, 53764, 587240714
Broadcast to 2, 53764, 620795146
Broadcast to 2, 53764, 637572362
Broadcast to 2, 53764, 671126794
Broadcast to 2, 53764, 687904010
Broadcast to 2, 53764, 704681226
Broadcast to 2, 53764, 721458442
Broadcast to 2, 53764, 553686282
[ RequestBlockchain ] Message available! 
[ RequestBlockchain ] Handling block...
2 53764 704681226
[ RequestBlockchain ] Peer is requesting same block
[ RequestBlockchain ] Message available! 
[ RequestBlockchain ] Handling block...
2 53764 570463498
[ RequestBlockchain ] Peer is requesting same block
[ RequestBlockchain ] Message available! 
[ RequestBlockchain ] Handling block...
2 53764 620795146
[ RequestBlockchain ] Peer is requesting same block
[ RequestBlockchain ] Message available! 
[ RequestBlockchain ] Handling block...
2 53764 671126794
[ RequestBlockchain ] Peer is requesting same block
[ RequestBlockchain ] Message available! 
[ RequestBlockchain ] Handling block...
2 53764 637572362
[ RequestBlockchain ] Peer is requesting same block
[ RequestBlockchain ] Majority found
[ HandleBlockAdditionRequest ] --------- Start --------- 
[ HandleBlockAdditionRequest ] Handling BlockchainAdditionRequest 2 with hash 649f350b087cec252345dd261c234462dadc41f7a7cbc4dfeccf9157cb10ac35
Broadcast to 2, 53764, 570463498
Broadcast to 2, 53764, 604017930
Broadcast to 2, 53764, 587240714
Broadcast to 2, 53764, 620795146
Broadcast to 2, 53764, 637572362
Broadcast to 2, 53764, 671126794
Broadcast to 2, 53764, 687904010
Broadcast to 2, 53764, 704681226
Broadcast to 2, 53764, 721458442
Broadcast to 2, 53764, 553686282
[ HandleBlockAdditionRequest ] Sent vote 1 to 10 peers
[ SendBlockchain ] Block does not exist 
[ SendBlockchain ] NOBLOCK sent! 
[ CheckVotesForBlock ] Got vote for block 2
[ CheckVotesForBlock ] Handling vote 
2 53764 604017930
[ CheckVotesForBlock ] Block hash matches!
[ CheckVotesForBlock ] Got vote for block 2
[ CheckVotesForBlock ] Handling vote 
2 53764 704681226
[ CheckVotesForBlock ] Block hash matches!
[ CheckVotesForBlock ] Got vote for block 2
[ CheckVotesForBlock ] Handling vote 
2 53764 570463498
[ CheckVotesForBlock ] Block hash matches!
[ CheckVotesForBlock ] Got vote for block 2
[ CheckVotesForBlock ] Handling vote 
2 53764 620795146
[ CheckVotesForBlock ] Block hash matches!
[ CheckVotesForBlock ] Got vote for block 2
[ CheckVotesForBlock ] Handling vote 
2 53764 671126794
[ CheckVotesForBlock ] Block hash matches!
[ CheckVotesForBlock ] Majority agrees! 6 agree vs. 0 disagree, out of 11
[ HandleBlockAdditionRequest ] Block added to candidates
Handling all block addition requests...
[ HandleBlockAdditionRequest ] Some block got added 3

[ HandleBlockAdditionRequest ] --------- Stop  --------- 

Blockchain is size 3 with top hash 649f350b087cec252345dd261c234462dadc41f7a7cbc4dfeccf9157cb10ac35
[ SendBlockchain ] --------- Start --------- 
[ SendBlockchain ] Block 2 is available 
[ SendBlockchain ] BLOCK sent! 
[ SendBlockchain ] --------- Stop  --------- 

Blockchain is size 3 with top hash 649f350b087cec252345dd261c234462dadc41f7a7cbc4dfeccf9157cb10ac35
Blockchain is size 3 with top hash 649f350b087cec252345dd261c234462dadc41f7a7cbc4dfeccf9157cb10ac35
[ SendBlockchain ] --------- Start --------- 
[ SendBlockchain ] Block 2 is available 
[ SendBlockchain ] BLOCK sent! 
[ SendBlockchain ] --------- Stop  --------- 

Blockchain is size 3 with top hash 649f350b087cec252345dd261c234462dadc41f7a7cbc4dfeccf9157cb10ac35
Blockchain is size 3 with top hash 649f350b087cec252345dd261c234462dadc41f7a7cbc4dfeccf9157cb10ac35
Blockchain is size 3 with top hash 649f350b087cec252345dd261c234462dadc41f7a7cbc4dfeccf9157cb10ac35
[ SendBlockchain ] --------- Start --------- 
[ SendBlockchain ] Block 2 is available 
[ SendBlockchain ] BLOCK sent! 
[ SendBlockchain ] --------- Stop  --------- 

Blockchain is size 3 with top hash 649f350b087cec252345dd261c234462dadc41f7a7cbc4dfeccf9157cb10ac35
Blockchain is size 3 with top hash 649f350b087cec252345dd261c234462dadc41f7a7cbc4dfeccf9157cb10ac35
Blockchain is size 3 with top hash 649f350b087cec252345dd261c234462dadc41f7a7cbc4dfeccf9157cb10ac35
[ SendBlockchain ] --------- Start --------- 
[ SendBlockchain ] Block does not exist 
[ SendBlockchain ] NOBLOCK sent! 
[ SendBlockchain ] --------- Stop  --------- 

Blockchain is size 3 with top hash 649f350b087cec252345dd261c234462dadc41f7a7cbc4dfeccf9157cb10ac35
Logging to /home/ddps2001/DPS2/1639654891/out/10.149.0.39_1234.out
[ Run ] No messages... 
Blockchain is size 3 with top hash 649f350b087cec252345dd261c234462dadc41f7a7cbc4dfeccf9157cb10ac35
Blockchain is size 3 with top hash 649f350b087cec252345dd261c234462dadc41f7a7cbc4dfeccf9157cb10ac35
Blockchain is size 3 with top hash 649f350b087cec252345dd261c234462dadc41f7a7cbc4dfeccf9157cb10ac35
Blockchain is size 3 with top hash 649f350b087cec252345dd261c234462dadc41f7a7cbc4dfeccf9157cb10ac35
Blockchain is size 3 with top hash 649f350b087cec252345dd261c234462dadc41f7a7cbc4dfeccf9157cb10ac35
Blockchain is size 3 with top hash 649f350b087cec252345dd261c234462dadc41f7a7cbc4dfeccf9157cb10ac35
Blockchain is size 3 with top hash 649f350b087cec252345dd261c234462dadc41f7a7cbc4dfeccf9157cb10ac35
Blockchain is size 3 with top hash 649f350b087cec252345dd261c234462dadc41f7a7cbc4dfeccf9157cb10ac35
Blockchain is size 3 with top hash 649f350b087cec252345dd261c234462dadc41f7a7cbc4dfeccf9157cb10ac35
Blockchain is size 3 with top hash 649f350b087cec252345dd261c234462dadc41f7a7cbc4dfeccf9157cb10ac35
[ RequestBlockchain ] Requesting block 3
Broadcast to 2, 53764, 570463498
Broadcast to 2, 53764, 604017930
Broadcast to 2, 53764, 587240714
Broadcast to 2, 53764, 620795146
Broadcast to 2, 53764, 637572362
Broadcast to 2, 53764, 671126794
Broadcast to 2, 53764, 687904010
Broadcast to 2, 53764, 704681226
Broadcast to 2, 53764, 721458442
Broadcast to 2, 53764, 553686282
[ RequestBlockchain ] Message available! 
[ RequestBlockchain ] Handling block...
2 53764 570463498
[ RequestBlockchain ] Peer is requesting same block
[ RequestBlockchain ] Message available! 
[ RequestBlockchain ] Handling block...
2 53764 620795146
[ RequestBlockchain ] Peer is requesting same block
[ RequestBlockchain ] Message available! 
[ RequestBlockchain ] Handling block...
2 53764 587240714
[ RequestBlockchain ] Received BLOCK 
[ RequestBlockchain ] Malformed BLOCK
[ RequestBlockchain ] Message available! 
[ RequestBlockchain ] Handling block...
2 53764 587240714
[ RequestBlockchain ] Client requesting same block and already seen... 
[ RequestBlockchain ] Message available! 
[ RequestBlockchain ] Handling block...
2 53764 687904010
[ RequestBlockchain ] Peer is requesting same block
[ RequestBlockchain ] Message available! 
[ RequestBlockchain ] Handling block...
2 53764 553686282
[ RequestBlockchain ] Received NOBLOCK
[ RequestBlockchain ] Majority found
[ HandleBlockAdditionRequest ] --------- Start --------- 
[ HandleBlockAdditionRequest ] Handling BlockchainAdditionRequest 3 with hash 51badaba991c31aecfa02f7f45c9643a2881d25080918e5b09560a0098047a4c
Broadcast to 2, 53764, 570463498
Broadcast to 2, 53764, 604017930
Broadcast to 2, 53764, 587240714
Broadcast to 2, 53764, 620795146
Broadcast to 2, 53764, 637572362
Broadcast to 2, 53764, 671126794
Broadcast to 2, 53764, 687904010
Broadcast to 2, 53764, 704681226
Broadcast to 2, 53764, 721458442
Broadcast to 2, 53764, 553686282
[ HandleBlockAdditionRequest ] Sent vote 1 to 10 peers
[ CheckVotesForBlock ] Got vote for block 3
[ CheckVotesForBlock ] Handling vote 
2 53764 570463498
[ CheckVotesForBlock ] Block hash matches!
[ CheckVotesForBlock ] Got vote for block 3
[ CheckVotesForBlock ] Handling vote 
2 53764 620795146
[ CheckVotesForBlock ] Block hash matches!
[ CheckVotesForBlock ] Got vote for block 3
[ CheckVotesForBlock ] Handling vote 
2 53764 587240714
[ CheckVotesForBlock ] Block hash matches!
[ SendBlockchain ] Block does not exist 
[ SendBlockchain ] NOBLOCK sent! 
[ CheckVotesForBlock ] Got vote for block 3
[ CheckVotesForBlock ] Handling vote 
2 53764 604017930
[ CheckVotesForBlock ] Block hash matches!
[ SendBlockchain ] Block does not exist 
[ SendBlockchain ] NOBLOCK sent! 
[ CheckVotesForBlock ] Got vote for block 3
[ CheckVotesForBlock ] Handling vote 
2 53764 704681226
[ CheckVotesForBlock ] Block hash matches!
[ CheckVotesForBlock ] Majority agrees! 6 agree vs. 0 disagree, out of 11
[ HandleBlockAdditionRequest ] Block added to candidates
Handling all block addition requests...
[ HandleBlockAdditionRequest ] Some block got added 4

[ HandleBlockAdditionRequest ] --------- Stop  --------- 

Blockchain is size 4 with top hash 51badaba991c31aecfa02f7f45c9643a2881d25080918e5b09560a0098047a4c
[ SendBlockchain ] --------- Start --------- 
[ SendBlockchain ] Block 3 is available 
[ SendBlockchain ] BLOCK sent! 
[ SendBlockchain ] --------- Stop  --------- 

Blockchain is size 4 with top hash 51badaba991c31aecfa02f7f45c9643a2881d25080918e5b09560a0098047a4c
Blockchain is size 4 with top hash 51badaba991c31aecfa02f7f45c9643a2881d25080918e5b09560a0098047a4c
[ SendBlockchain ] --------- Start --------- 
[ SendBlockchain ] Block 3 is available 
[ SendBlockchain ] BLOCK sent! 
[ SendBlockchain ] --------- Stop  --------- 

Blockchain is size 4 with top hash 51badaba991c31aecfa02f7f45c9643a2881d25080918e5b09560a0098047a4c
Blockchain is size 4 with top hash 51badaba991c31aecfa02f7f45c9643a2881d25080918e5b09560a0098047a4c
[ SendBlockchain ] --------- Start --------- 
[ SendBlockchain ] Block 3 is available 
[ SendBlockchain ] BLOCK sent! 
[ SendBlockchain ] --------- Stop  --------- 

Blockchain is size 4 with top hash 51badaba991c31aecfa02f7f45c9643a2881d25080918e5b09560a0098047a4c
Blockchain is size 4 with top hash 51badaba991c31aecfa02f7f45c9643a2881d25080918e5b09560a0098047a4c
Blockchain is size 4 with top hash 51badaba991c31aecfa02f7f45c9643a2881d25080918e5b09560a0098047a4c
Blockchain is size 4 with top hash 51badaba991c31aecfa02f7f45c9643a2881d25080918e5b09560a0098047a4c
Logging to /home/ddps2001/DPS2/1639654891/out/10.149.0.39_1234.out
[ Run ] No messages... 
