sockaddr 2, 36895, 536909066
SQLite version: 3.37.0
&sockfd: 0xffefffb7c
hm_args.sockfd : 0xffefffb7c
Started proc!
sockfd: 0xffefffb7c
Started proc!
handle_heartbeat(sockfd, db);
1
There are 0 peers online!
Sending netinfo
Printing 24 bytes from 0x59966c0.
--- start bytes ---
01 00 00 00 00 00 00 00 18 00 00 00 00 00 00 00 
00 00 62 d8 00 00 00 00 
--- end bytes ---
Started proc!
handle_heartbeat(sockfd, db);
2
There are 0 peers online!
Sending netinfo
Printing 24 bytes from 0x59b0120.
--- start bytes ---
01 00 00 00 00 00 00 00 18 00 00 00 00 00 00 00 
00 00 62 d8 00 00 00 00 
--- end bytes ---
Started proc!
Started proc!
handle_heartbeat(sockfd, db);
3
handle_acknowledge_netinfo(sockfd, db);
There are 0 peers online!
Sending netinfo
Printing 24 bytes from 0x59ca260.
--- start bytes ---
01 00 00 00 00 00 00 00 18 00 00 00 00 00 00 00 
00 00 62 d8 00 00 00 00 
--- end bytes ---
Insterted!
Started proc!
handle_acknowledge_netinfo(sockfd, db);
handle_acknowledge_netinfo(sockfd, db);
Started proc!
Insterted!
Insterted!
Started proc!
handle_heartbeat(sockfd, db);
4
family: 2, port: 53764, addr: 570463498
family: 2, port: 53764, addr: 604017930
family: 2, port: 53764, addr: 587240714
There are 3 peers online!
Sending netinfo
Printing 48 bytes from 0x59e4dc0.
--- start bytes ---
01 00 00 00 00 00 00 00 30 00 00 00 00 00 00 00 
5a 13 40 73 00 00 00 00 02 00 04 d2 0a 95 00 22 
02 00 04 d2 0a 95 00 24 02 00 04 d2 0a 95 00 23 
--- end bytes ---
Started proc!
handle_heartbeat(sockfd, db);
5
family: 2, port: 53764, addr: 570463498
family: 2, port: 53764, addr: 604017930
family: 2, port: 53764, addr: 587240714
There are 3 peers online!
Sending netinfo
Printing 48 bytes from 0x59fea60.
--- start bytes ---
01 00 00 00 00 00 00 00 30 00 00 00 00 00 00 00 
5a 13 40 73 00 00 00 00 02 00 04 d2 0a 95 00 22 
02 00 04 d2 0a 95 00 24 02 00 04 d2 0a 95 00 23 
--- end bytes ---
Started proc!
handle_acknowledge_netinfo(sockfd, db);
handle_heartbeat(sockfd, db);
6
Started proc!
Insterted!
family: 2, port: 53764, addr: 570463498
family: 2, port: 53764, addr: 604017930
family: 2, port: 53764, addr: 587240714
family: 2, port: 53764, addr: 620795146
There are 4 peers online!
Sending netinfo
Printing 56 bytes from 0x5a18d00.
--- start bytes ---
01 00 00 00 00 00 00 00 38 00 00 00 00 00 00 00 
b2 6f 5c 2b 00 00 00 00 02 00 04 d2 0a 95 00 22 
02 00 04 d2 0a 95 00 24 02 00 04 d2 0a 95 00 23 
02 00 04 d2 0a 95 00 25 
--- end bytes ---
Started proc!
handle_heartbeat(sockfd, db);
7
handle_heartbeat(sockfd, db);
8
Started proc!
Started proc!
Started proc!
handle_heartbeat(sockfd, db);
9
handle_acknowledge_netinfo(sockfd, db);
family: 2, port: 53764, addr: 570463498
family: 2, port: 53764, addr: 604017930
family: 2, port: 53764, addr: 587240714
family: 2, port: 53764, addr: 620795146
There are 4 peers online!
Sending netinfo
Printing 56 bytes from 0x5a33c60.
--- start bytes ---
01 00 00 00 00 00 00 00 38 00 00 00 00 00 00 00 
b2 6f 5c 2b 00 00 00 00 02 00 04 d2 0a 95 00 22 
02 00 04 d2 0a 95 00 24 02 00 04 d2 0a 95 00 23 
02 00 04 d2 0a 95 00 25 
--- end bytes ---
Insterted!
family: 2, port: 53764, addr: 570463498
family: 2, port: 53764, addr: 604017930
family: 2, port: 53764, addr: 587240714
family: 2, port: 53764, addr: 620795146
family: 2, port: 53764, addr: 637572362
There are 5 peers online!
Sending netinfo
Printing 64 bytes from 0x5a4dac0.
--- start bytes ---
01 00 00 00 00 00 00 00 40 00 00 00 00 00 00 00 
84 7a b2 6b 00 00 00 00 02 00 04 d2 0a 95 00 22 
02 00 04 d2 0a 95 00 24 02 00 04 d2 0a 95 00 23 
02 00 04 d2 0a 95 00 25 02 00 04 d2 0a 95 00 26 
--- end bytes ---
family: 2, port: 53764, addr: 570463498
family: 2, port: 53764, addr: 604017930
family: 2, port: 53764, addr: 587240714
family: 2, port: 53764, addr: 620795146
family: 2, port: 53764, addr: 637572362
There are 5 peers online!
Sending netinfo
Printing 64 bytes from 0x5a67670.
--- start bytes ---
01 00 00 00 00 00 00 00 40 00 00 00 00 00 00 00 
84 7a b2 6b 00 00 00 00 02 00 04 d2 0a 95 00 22 
02 00 04 d2 0a 95 00 24 02 00 04 d2 0a 95 00 23 
02 00 04 d2 0a 95 00 25 02 00 04 d2 0a 95 00 26 
--- end bytes ---
Started proc!
handle_acknowledge_netinfo(sockfd, db);
handle_heartbeat(sockfd, db);
10
Started proc!
Insterted!
family: 2, port: 53764, addr: 570463498
family: 2, port: 53764, addr: 604017930
family: 2, port: 53764, addr: 587240714
family: 2, port: 53764, addr: 620795146
family: 2, port: 53764, addr: 637572362
family: 2, port: 53764, addr: 654349578
There are 6 peers online!
Sending netinfo
Printing 72 bytes from 0x5a81950.
--- start bytes ---
01 00 00 00 00 00 00 00 48 00 00 00 00 00 00 00 
c2 2b 0c de 00 00 00 00 02 00 04 d2 0a 95 00 22 
02 00 04 d2 0a 95 00 24 02 00 04 d2 0a 95 00 23 
02 00 04 d2 0a 95 00 25 02 00 04 d2 0a 95 00 26 
02 00 04 d2 0a 95 00 27 
--- end bytes ---
Started proc!
handle_heartbeat(sockfd, db);
11
family: 2, port: 53764, addr: 570463498
family: 2, port: 53764, addr: 604017930
family: 2, port: 53764, addr: 587240714
family: 2, port: 53764, addr: 620795146
family: 2, port: 53764, addr: 637572362
family: 2, port: 53764, addr: 654349578
There are 6 peers online!
Sending netinfo
Printing 72 bytes from 0x5a9b660.
--- start bytes ---
01 00 00 00 00 00 00 00 48 00 00 00 00 00 00 00 
c2 2b 0c de 00 00 00 00 02 00 04 d2 0a 95 00 22 
02 00 04 d2 0a 95 00 24 02 00 04 d2 0a 95 00 23 
02 00 04 d2 0a 95 00 25 02 00 04 d2 0a 95 00 26 
02 00 04 d2 0a 95 00 27 
--- end bytes ---
Started proc!
handle_acknowledge_netinfo(sockfd, db);
handle_heartbeat(sockfd, db);
12
Started proc!
Insterted!
family: 2, port: 53764, addr: 570463498
family: 2, port: 53764, addr: 604017930
family: 2, port: 53764, addr: 587240714
family: 2, port: 53764, addr: 620795146
family: 2, port: 53764, addr: 637572362
family: 2, port: 53764, addr: 654349578
family: 2, port: 53764, addr: 671126794
There are 7 peers online!
Sending netinfo
Printing 80 bytes from 0x5ab5970.
--- start bytes ---
01 00 00 00 00 00 00 00 50 00 00 00 00 00 00 00 
da b1 bc 79 00 00 00 00 02 00 04 d2 0a 95 00 22 
02 00 04 d2 0a 95 00 24 02 00 04 d2 0a 95 00 23 
02 00 04 d2 0a 95 00 25 02 00 04 d2 0a 95 00 26 
02 00 04 d2 0a 95 00 27 02 00 04 d2 0a 95 00 28 
--- end bytes ---
Started proc!
Started proc!
handle_heartbeat(sockfd, db);
13
Started proc!
handle_heartbeat(sockfd, db);
14
handle_heartbeat(sockfd, db);
15
handle_acknowledge_netinfo(sockfd, db);
Started proc!
family: 2, port: 53764, addr: 570463498
family: 2, port: 53764, addr: 604017930
family: 2, port: 53764, addr: 587240714
family: 2, port: 53764, addr: 620795146
family: 2, port: 53764, addr: 637572362
family: 2, port: 53764, addr: 654349578
family: 2, port: 53764, addr: 671126794
There are 7 peers online!
Sending netinfo
Printing 80 bytes from 0x5ad05f0.
--- start bytes ---
01 00 00 00 00 00 00 00 50 00 00 00 00 00 00 00 
da b1 bc 79 00 00 00 00 02 00 04 d2 0a 95 00 22 
02 00 04 d2 0a 95 00 24 02 00 04 d2 0a 95 00 23 
02 00 04 d2 0a 95 00 25 02 00 04 d2 0a 95 00 26 
02 00 04 d2 0a 95 00 27 02 00 04 d2 0a 95 00 28 
--- end bytes ---
family: 2, port: 53764, addr: 570463498
family: 2, port: 53764, addr: 604017930
family: 2, port: 53764, addr: 587240714
family: 2, port: 53764, addr: 620795146
family: 2, port: 53764, addr: 637572362
family: 2, port: 53764, addr: 654349578
family: 2, port: 53764, addr: 671126794
There are 7 peers online!
Sending netinfo
Printing 80 bytes from 0x5ae9f30.
--- start bytes ---
01 00 00 00 00 00 00 00 50 00 00 00 00 00 00 00 
da b1 bc 79 00 00 00 00 02 00 04 d2 0a 95 00 22 
02 00 04 d2 0a 95 00 24 02 00 04 d2 0a 95 00 23 
02 00 04 d2 0a 95 00 25 02 00 04 d2 0a 95 00 26 
02 00 04 d2 0a 95 00 27 02 00 04 d2 0a 95 00 28 
--- end bytes ---
Insterted!
family: 2, port: 53764, addr: 570463498
family: 2, port: 53764, addr: 604017930
family: 2, port: 53764, addr: 587240714
family: 2, port: 53764, addr: 620795146
family: 2, port: 53764, addr: 637572362
family: 2, port: 53764, addr: 654349578
family: 2, port: 53764, addr: 671126794
There are 7 peers online!
Sending netinfo
Printing 80 bytes from 0x5b03c20.
--- start bytes ---
01 00 00 00 00 00 00 00 50 00 00 00 00 00 00 00 
da b1 bc 79 00 00 00 00 02 00 04 d2 0a 95 00 22 
02 00 04 d2 0a 95 00 24 02 00 04 d2 0a 95 00 23 
02 00 04 d2 0a 95 00 25 02 00 04 d2 0a 95 00 26 
02 00 04 d2 0a 95 00 27 02 00 04 d2 0a 95 00 28 
--- end bytes ---
Started proc!
handle_heartbeat(sockfd, db);
16
handle_heartbeat(sockfd, db);
17
Started proc!
Started proc!
handle_heartbeat(sockfd, db);
18
family: 2, port: 53764, addr: 570463498
family: 2, port: 53764, addr: 604017930
family: 2, port: 53764, addr: 587240714
family: 2, port: 53764, addr: 620795146
family: 2, port: 53764, addr: 637572362
family: 2, port: 53764, addr: 654349578
family: 2, port: 53764, addr: 671126794
family: 2, port: 53764, addr: 687904010
There are 8 peers online!
Sending netinfo
Printing 88 bytes from 0x5b1e700.
--- start bytes ---
01 00 00 00 00 00 00 00 58 00 00 00 00 00 00 00 
b2 5a c8 38 00 00 00 00 02 00 04 d2 0a 95 00 22 
02 00 04 d2 0a 95 00 24 02 00 04 d2 0a 95 00 23 
02 00 04 d2 0a 95 00 25 02 00 04 d2 0a 95 00 26 
02 00 04 d2 0a 95 00 27 02 00 04 d2 0a 95 00 28 
02 00 04 d2 0a 95 00 29 
--- end bytes ---
handle_heartbeat(sockfd, db);
19
Started proc!
family: 2, port: 53764, addr: 570463498
family: 2, port: 53764, addr: 604017930
family: 2, port: 53764, addr: 587240714
family: 2, port: 53764, addr: 620795146
family: 2, port: 53764, addr: 637572362
family: 2, port: 53764, addr: 654349578
family: 2, port: 53764, addr: 671126794
family: 2, port: 53764, addr: 687904010
There are 8 peers online!
Sending netinfo
Printing 88 bytes from 0x5b38110.
--- start bytes ---
01 00 00 00 00 00 00 00 58 00 00 00 00 00 00 00 
b2 5a c8 38 00 00 00 00 02 00 04 d2 0a 95 00 22 
02 00 04 d2 0a 95 00 24 02 00 04 d2 0a 95 00 23 
02 00 04 d2 0a 95 00 25 02 00 04 d2 0a 95 00 26 
02 00 04 d2 0a 95 00 27 02 00 04 d2 0a 95 00 28 
02 00 04 d2 0a 95 00 29 
--- end bytes ---
family: 2, port: 53764, addr: 570463498
family: 2, port: 53764, addr: 604017930
family: 2, port: 53764, addr: 587240714
family: 2, port: 53764, addr: 620795146
family: 2, port: 53764, addr: 637572362
family: 2, port: 53764, addr: 654349578
family: 2, port: 53764, addr: 671126794
family: 2, port: 53764, addr: 687904010
There are 8 peers online!
Sending netinfo
Printing 88 bytes from 0x5b51d30.
--- start bytes ---
01 00 00 00 00 00 00 00 58 00 00 00 00 00 00 00 
b2 5a c8 38 00 00 00 00 02 00 04 d2 0a 95 00 22 
02 00 04 d2 0a 95 00 24 02 00 04 d2 0a 95 00 23 
02 00 04 d2 0a 95 00 25 02 00 04 d2 0a 95 00 26 
02 00 04 d2 0a 95 00 27 02 00 04 d2 0a 95 00 28 
02 00 04 d2 0a 95 00 29 
--- end bytes ---
family: 2, port: 53764, addr: 570463498
family: 2, port: 53764, addr: 604017930
family: 2, port: 53764, addr: 587240714
family: 2, port: 53764, addr: 620795146
family: 2, port: 53764, addr: 637572362
family: 2, port: 53764, addr: 654349578
family: 2, port: 53764, addr: 671126794
family: 2, port: 53764, addr: 687904010
There are 8 peers online!
Sending netinfo
Printing 88 bytes from 0x5b6b950.
--- start bytes ---
01 00 00 00 00 00 00 00 58 00 00 00 00 00 00 00 
b2 5a c8 38 00 00 00 00 02 00 04 d2 0a 95 00 22 
02 00 04 d2 0a 95 00 24 02 00 04 d2 0a 95 00 23 
02 00 04 d2 0a 95 00 25 02 00 04 d2 0a 95 00 26 
02 00 04 d2 0a 95 00 27 02 00 04 d2 0a 95 00 28 
02 00 04 d2 0a 95 00 29 
--- end bytes ---
Started proc!
handle_heartbeat(sockfd, db);
20
handle_acknowledge_netinfo(sockfd, db);
Started proc!
family: 2, port: 53764, addr: 570463498
family: 2, port: 53764, addr: 604017930
family: 2, port: 53764, addr: 587240714
family: 2, port: 53764, addr: 620795146
family: 2, port: 53764, addr: 637572362
family: 2, port: 53764, addr: 654349578
family: 2, port: 53764, addr: 671126794
family: 2, port: 53764, addr: 687904010
There are 8 peers online!
Sending netinfo
Printing 88 bytes from 0x5b85c90.
--- start bytes ---
01 00 00 00 00 00 00 00 58 00 00 00 00 00 00 00 
b2 5a c8 38 00 00 00 00 02 00 04 d2 0a 95 00 22 
02 00 04 d2 0a 95 00 24 02 00 04 d2 0a 95 00 23 
02 00 04 d2 0a 95 00 25 02 00 04 d2 0a 95 00 26 
02 00 04 d2 0a 95 00 27 02 00 04 d2 0a 95 00 28 
02 00 04 d2 0a 95 00 29 
--- end bytes ---
Insterted!
Started proc!
handle_acknowledge_netinfo(sockfd, db);
handle_heartbeat(sockfd, db);
21
Started proc!
Started proc!
family: 2, port: 53764, addr: 570463498
family: 2, port: 53764, addr: 604017930
family: 2, port: 53764, addr: 587240714
family: 2, port: 53764, addr: 620795146
family: 2, port: 53764, addr: 637572362
family: 2, port: 53764, addr: 654349578
family: 2, port: 53764, addr: 671126794
family: 2, port: 53764, addr: 687904010
family: 2, port: 53764, addr: 704681226
There are 9 peers online!
Sending netinfo
Printing 96 bytes from 0x5ba0320.
--- start bytes ---
01 00 00 00 00 00 00 00 60 00 00 00 00 00 00 00 
5a b9 10 b5 00 00 00 00 02 00 04 d2 0a 95 00 22 
02 00 04 d2 0a 95 00 24 02 00 04 d2 0a 95 00 23 
02 00 04 d2 0a 95 00 25 02 00 04 d2 0a 95 00 26 
02 00 04 d2 0a 95 00 27 02 00 04 d2 0a 95 00 28 
02 00 04 d2 0a 95 00 29 02 00 04 d2 0a 95 00 2a 
--- end bytes ---
handle_acknowledge_netinfo(sockfd, db);
Insterted!
Insterted!
Started proc!
handle_heartbeat(sockfd, db);
22
handle_heartbeat(sockfd, db);
23
Started proc!
family: 2, port: 53764, addr: 570463498
family: 2, port: 53764, addr: 604017930
family: 2, port: 53764, addr: 587240714
family: 2, port: 53764, addr: 620795146
family: 2, port: 53764, addr: 637572362
family: 2, port: 53764, addr: 654349578
family: 2, port: 53764, addr: 671126794
family: 2, port: 53764, addr: 687904010
family: 2, port: 53764, addr: 704681226
family: 2, port: 53764, addr: 721458442
family: 2, port: 53764, addr: 553686282
There are 11 peers online!
Sending netinfo
Printing 112 bytes from 0x5bbac90.
--- start bytes ---
01 00 00 00 00 00 00 00 70 00 00 00 00 00 00 00 
52 77 fe 88 00 00 00 00 02 00 04 d2 0a 95 00 22 
02 00 04 d2 0a 95 00 24 02 00 04 d2 0a 95 00 23 
02 00 04 d2 0a 95 00 25 02 00 04 d2 0a 95 00 26 
02 00 04 d2 0a 95 00 27 02 00 04 d2 0a 95 00 28 
02 00 04 d2 0a 95 00 29 02 00 04 d2 0a 95 00 2a 
02 00 04 d2 0a 95 00 2b 02 00 04 d2 0a 95 00 21 
--- end bytes ---
family: 2, port: 53764, addr: 570463498
family: 2, port: 53764, addr: 604017930
family: 2, port: 53764, addr: 587240714
family: 2, port: 53764, addr: 620795146
family: 2, port: 53764, addr: 637572362
family: 2, port: 53764, addr: 654349578
family: 2, port: 53764, addr: 671126794
family: 2, port: 53764, addr: 687904010
family: 2, port: 53764, addr: 704681226
family: 2, port: 53764, addr: 721458442
family: 2, port: 53764, addr: 553686282
There are 11 peers online!
Sending netinfo
Printing 112 bytes from 0x5bd4650.
--- start bytes ---
01 00 00 00 00 00 00 00 70 00 00 00 00 00 00 00 
52 77 fe 88 00 00 00 00 02 00 04 d2 0a 95 00 22 
02 00 04 d2 0a 95 00 24 02 00 04 d2 0a 95 00 23 
02 00 04 d2 0a 95 00 25 02 00 04 d2 0a 95 00 26 
02 00 04 d2 0a 95 00 27 02 00 04 d2 0a 95 00 28 
02 00 04 d2 0a 95 00 29 02 00 04 d2 0a 95 00 2a 
02 00 04 d2 0a 95 00 2b 02 00 04 d2 0a 95 00 21 
--- end bytes ---
Started proc!
handle_heartbeat(sockfd, db);
24
handle_heartbeat(sockfd, db);
25
Started proc!
family: 2, port: 53764, addr: 570463498
family: 2, port: 53764, addr: 604017930
family: 2, port: 53764, addr: 587240714
family: 2, port: 53764, addr: 620795146
family: 2, port: 53764, addr: 637572362
family: 2, port: 53764, addr: 654349578
family: 2, port: 53764, addr: 671126794
family: 2, port: 53764, addr: 687904010
family: 2, port: 53764, addr: 704681226
family: 2, port: 53764, addr: 721458442
family: 2, port: 53764, addr: 553686282
There are 11 peers online!
Sending netinfo
Printing 112 bytes from 0x5beed30.
--- start bytes ---
01 00 00 00 00 00 00 00 70 00 00 00 00 00 00 00 
52 77 fe 88 00 00 00 00 02 00 04 d2 0a 95 00 22 
02 00 04 d2 0a 95 00 24 02 00 04 d2 0a 95 00 23 
02 00 04 d2 0a 95 00 25 02 00 04 d2 0a 95 00 26 
02 00 04 d2 0a 95 00 27 02 00 04 d2 0a 95 00 28 
02 00 04 d2 0a 95 00 29 02 00 04 d2 0a 95 00 2a 
02 00 04 d2 0a 95 00 2b 02 00 04 d2 0a 95 00 21 
--- end bytes ---
family: 2, port: 53764, addr: 570463498
family: 2, port: 53764, addr: 604017930
family: 2, port: 53764, addr: 587240714
family: 2, port: 53764, addr: 620795146
family: 2, port: 53764, addr: 637572362
family: 2, port: 53764, addr: 654349578
family: 2, port: 53764, addr: 671126794
family: 2, port: 53764, addr: 687904010
family: 2, port: 53764, addr: 704681226
family: 2, port: 53764, addr: 721458442
family: 2, port: 53764, addr: 553686282
There are 11 peers online!
Sending netinfo
Printing 112 bytes from 0x5c086f0.
--- start bytes ---
01 00 00 00 00 00 00 00 70 00 00 00 00 00 00 00 
52 77 fe 88 00 00 00 00 02 00 04 d2 0a 95 00 22 
02 00 04 d2 0a 95 00 24 02 00 04 d2 0a 95 00 23 
02 00 04 d2 0a 95 00 25 02 00 04 d2 0a 95 00 26 
02 00 04 d2 0a 95 00 27 02 00 04 d2 0a 95 00 28 
02 00 04 d2 0a 95 00 29 02 00 04 d2 0a 95 00 2a 
02 00 04 d2 0a 95 00 2b 02 00 04 d2 0a 95 00 21 
--- end bytes ---
Started proc!
handle_heartbeat(sockfd, db);
26
handle_heartbeat(sockfd, db);
27
Started proc!
Started proc!
family: 2, port: 53764, addr: 570463498
family: 2, port: 53764, addr: 604017930
family: 2, port: 53764, addr: 587240714
family: 2, port: 53764, addr: 620795146
family: 2, port: 53764, addr: 637572362
family: 2, port: 53764, addr: 654349578
family: 2, port: 53764, addr: 671126794
family: 2, port: 53764, addr: 687904010
family: 2, port: 53764, addr: 704681226
family: 2, port: 53764, addr: 721458442
family: 2, port: 53764, addr: 553686282
There are 11 peers online!
Sending netinfo
Printing 112 bytes from 0x5c23450.
--- start bytes ---
01 00 00 00 00 00 00 00 70 00 00 00 00 00 00 00 
52 77 fe 88 00 00 00 00 02 00 04 d2 0a 95 00 22 
02 00 04 d2 0a 95 00 24 02 00 04 d2 0a 95 00 23 
02 00 04 d2 0a 95 00 25 02 00 04 d2 0a 95 00 26 
02 00 04 d2 0a 95 00 27 02 00 04 d2 0a 95 00 28 
02 00 04 d2 0a 95 00 29 02 00 04 d2 0a 95 00 2a 
02 00 04 d2 0a 95 00 2b 02 00 04 d2 0a 95 00 21 
--- end bytes ---
handle_heartbeat(sockfd, db);
28
Started proc!
handle_heartbeat(sockfd, db);
29
family: 2, port: 53764, addr: 570463498
family: 2, port: 53764, addr: 604017930
family: 2, port: 53764, addr: 587240714
family: 2, port: 53764, addr: 620795146
family: 2, port: 53764, addr: 637572362
family: 2, port: 53764, addr: 654349578
family: 2, port: 53764, addr: 671126794
family: 2, port: 53764, addr: 687904010
family: 2, port: 53764, addr: 704681226
family: 2, port: 53764, addr: 721458442
family: 2, port: 53764, addr: 553686282
There are 11 peers online!
Sending netinfo
Printing 112 bytes from 0x5c3d120.
--- start bytes ---
01 00 00 00 00 00 00 00 70 00 00 00 00 00 00 00 
52 77 fe 88 00 00 00 00 02 00 04 d2 0a 95 00 22 
02 00 04 d2 0a 95 00 24 02 00 04 d2 0a 95 00 23 
02 00 04 d2 0a 95 00 25 02 00 04 d2 0a 95 00 26 
02 00 04 d2 0a 95 00 27 02 00 04 d2 0a 95 00 28 
02 00 04 d2 0a 95 00 29 02 00 04 d2 0a 95 00 2a 
02 00 04 d2 0a 95 00 2b 02 00 04 d2 0a 95 00 21 
--- end bytes ---
family: 2, port: 53764, addr: 570463498
family: 2, port: 53764, addr: 604017930
family: 2, port: 53764, addr: 587240714
family: 2, port: 53764, addr: 620795146
family: 2, port: 53764, addr: 637572362
family: 2, port: 53764, addr: 654349578
family: 2, port: 53764, addr: 671126794
family: 2, port: 53764, addr: 687904010
family: 2, port: 53764, addr: 704681226
family: 2, port: 53764, addr: 721458442
family: 2, port: 53764, addr: 553686282
There are 11 peers online!
Sending netinfo
Printing 112 bytes from 0x5c56d90.
--- start bytes ---
01 00 00 00 00 00 00 00 70 00 00 00 00 00 00 00 
52 77 fe 88 00 00 00 00 02 00 04 d2 0a 95 00 22 
02 00 04 d2 0a 95 00 24 02 00 04 d2 0a 95 00 23 
02 00 04 d2 0a 95 00 25 02 00 04 d2 0a 95 00 26 
02 00 04 d2 0a 95 00 27 02 00 04 d2 0a 95 00 28 
02 00 04 d2 0a 95 00 29 02 00 04 d2 0a 95 00 2a 
02 00 04 d2 0a 95 00 2b 02 00 04 d2 0a 95 00 21 
--- end bytes ---
family: 2, port: 53764, addr: 570463498
family: 2, port: 53764, addr: 604017930
family: 2, port: 53764, addr: 587240714
family: 2, port: 53764, addr: 620795146
family: 2, port: 53764, addr: 637572362
family: 2, port: 53764, addr: 654349578
family: 2, port: 53764, addr: 671126794
family: 2, port: 53764, addr: 687904010
family: 2, port: 53764, addr: 704681226
family: 2, port: 53764, addr: 721458442
family: 2, port: 53764, addr: 553686282
There are 11 peers online!
Sending netinfo
Printing 112 bytes from 0x5c70830.
--- start bytes ---
01 00 00 00 00 00 00 00 70 00 00 00 00 00 00 00 
52 77 fe 88 00 00 00 00 02 00 04 d2 0a 95 00 22 
02 00 04 d2 0a 95 00 24 02 00 04 d2 0a 95 00 23 
02 00 04 d2 0a 95 00 25 02 00 04 d2 0a 95 00 26 
02 00 04 d2 0a 95 00 27 02 00 04 d2 0a 95 00 28 
02 00 04 d2 0a 95 00 29 02 00 04 d2 0a 95 00 2a 
02 00 04 d2 0a 95 00 2b 02 00 04 d2 0a 95 00 21 
--- end bytes ---
Started proc!
handle_heartbeat(sockfd, db);
30
handle_heartbeat(sockfd, db);
31
Started proc!
family: 2, port: 53764, addr: 570463498
family: 2, port: 53764, addr: 604017930
family: 2, port: 53764, addr: 587240714
family: 2, port: 53764, addr: 620795146
family: 2, port: 53764, addr: 637572362
family: 2, port: 53764, addr: 654349578
family: 2, port: 53764, addr: 671126794
family: 2, port: 53764, addr: 687904010
family: 2, port: 53764, addr: 704681226
family: 2, port: 53764, addr: 721458442
family: 2, port: 53764, addr: 553686282
There are 11 peers online!
Sending netinfo
Printing 112 bytes from 0x5c8af10.
--- start bytes ---
01 00 00 00 00 00 00 00 70 00 00 00 00 00 00 00 
52 77 fe 88 00 00 00 00 02 00 04 d2 0a 95 00 22 
02 00 04 d2 0a 95 00 24 02 00 04 d2 0a 95 00 23 
02 00 04 d2 0a 95 00 25 02 00 04 d2 0a 95 00 26 
02 00 04 d2 0a 95 00 27 02 00 04 d2 0a 95 00 28 
02 00 04 d2 0a 95 00 29 02 00 04 d2 0a 95 00 2a 
02 00 04 d2 0a 95 00 2b 02 00 04 d2 0a 95 00 21 
--- end bytes ---
family: 2, port: 53764, addr: 570463498
family: 2, port: 53764, addr: 604017930
family: 2, port: 53764, addr: 587240714
family: 2, port: 53764, addr: 620795146
family: 2, port: 53764, addr: 637572362
family: 2, port: 53764, addr: 654349578
family: 2, port: 53764, addr: 671126794
family: 2, port: 53764, addr: 687904010
family: 2, port: 53764, addr: 704681226
family: 2, port: 53764, addr: 721458442
family: 2, port: 53764, addr: 553686282
There are 11 peers online!
Sending netinfo
Printing 112 bytes from 0x5ca4b80.
--- start bytes ---
01 00 00 00 00 00 00 00 70 00 00 00 00 00 00 00 
52 77 fe 88 00 00 00 00 02 00 04 d2 0a 95 00 22 
02 00 04 d2 0a 95 00 24 02 00 04 d2 0a 95 00 23 
02 00 04 d2 0a 95 00 25 02 00 04 d2 0a 95 00 26 
02 00 04 d2 0a 95 00 27 02 00 04 d2 0a 95 00 28 
02 00 04 d2 0a 95 00 29 02 00 04 d2 0a 95 00 2a 
02 00 04 d2 0a 95 00 2b 02 00 04 d2 0a 95 00 21 
--- end bytes ---
Started proc!
handle_heartbeat(sockfd, db);
32
family: 2, port: 53764, addr: 570463498
family: 2, port: 53764, addr: 604017930
family: 2, port: 53764, addr: 587240714
family: 2, port: 53764, addr: 620795146
family: 2, port: 53764, addr: 637572362
family: 2, port: 53764, addr: 654349578
family: 2, port: 53764, addr: 671126794
family: 2, port: 53764, addr: 687904010
family: 2, port: 53764, addr: 704681226
family: 2, port: 53764, addr: 721458442
family: 2, port: 53764, addr: 553686282
There are 11 peers online!
Sending netinfo
Printing 112 bytes from 0x5cbebd0.
--- start bytes ---
01 00 00 00 00 00 00 00 70 00 00 00 00 00 00 00 
52 77 fe 88 00 00 00 00 02 00 04 d2 0a 95 00 22 
02 00 04 d2 0a 95 00 24 02 00 04 d2 0a 95 00 23 
02 00 04 d2 0a 95 00 25 02 00 04 d2 0a 95 00 26 
02 00 04 d2 0a 95 00 27 02 00 04 d2 0a 95 00 28 
02 00 04 d2 0a 95 00 29 02 00 04 d2 0a 95 00 2a 
02 00 04 d2 0a 95 00 2b 02 00 04 d2 0a 95 00 21 
--- end bytes ---
Started proc!
handle_heartbeat(sockfd, db);
33
handle_heartbeat(sockfd, db);
34
Started proc!
family: 2, port: 53764, addr: 570463498
family: 2, port: 53764, addr: 604017930
family: 2, port: 53764, addr: 587240714
family: 2, port: 53764, addr: 620795146
family: 2, port: 53764, addr: 637572362
family: 2, port: 53764, addr: 654349578
family: 2, port: 53764, addr: 671126794
family: 2, port: 53764, addr: 687904010
family: 2, port: 53764, addr: 704681226
family: 2, port: 53764, addr: 721458442
family: 2, port: 53764, addr: 553686282
There are 11 peers online!
Sending netinfo
Printing 112 bytes from 0x5cd9000.
--- start bytes ---
01 00 00 00 00 00 00 00 70 00 00 00 00 00 00 00 
52 77 fe 88 00 00 00 00 02 00 04 d2 0a 95 00 22 
02 00 04 d2 0a 95 00 24 02 00 04 d2 0a 95 00 23 
02 00 04 d2 0a 95 00 25 02 00 04 d2 0a 95 00 26 
02 00 04 d2 0a 95 00 27 02 00 04 d2 0a 95 00 28 
02 00 04 d2 0a 95 00 29 02 00 04 d2 0a 95 00 2a 
02 00 04 d2 0a 95 00 2b 02 00 04 d2 0a 95 00 21 
--- end bytes ---
family: 2, port: 53764, addr: 570463498
family: 2, port: 53764, addr: 604017930
family: 2, port: 53764, addr: 587240714
family: 2, port: 53764, addr: 620795146
family: 2, port: 53764, addr: 637572362
family: 2, port: 53764, addr: 654349578
family: 2, port: 53764, addr: 671126794
family: 2, port: 53764, addr: 687904010
family: 2, port: 53764, addr: 704681226
family: 2, port: 53764, addr: 721458442
family: 2, port: 53764, addr: 553686282
There are 11 peers online!
Sending netinfo
Printing 112 bytes from 0x5cf29c0.
--- start bytes ---
01 00 00 00 00 00 00 00 70 00 00 00 00 00 00 00 
52 77 fe 88 00 00 00 00 02 00 04 d2 0a 95 00 22 
02 00 04 d2 0a 95 00 24 02 00 04 d2 0a 95 00 23 
02 00 04 d2 0a 95 00 25 02 00 04 d2 0a 95 00 26 
02 00 04 d2 0a 95 00 27 02 00 04 d2 0a 95 00 28 
02 00 04 d2 0a 95 00 29 02 00 04 d2 0a 95 00 2a 
02 00 04 d2 0a 95 00 2b 02 00 04 d2 0a 95 00 21 
--- end bytes ---
Started proc!
handle_heartbeat(sockfd, db);
35
handle_heartbeat(sockfd, db);
36
Started proc!
family: 2, port: 53764, addr: 570463498
family: 2, port: 53764, addr: 604017930
family: 2, port: 53764, addr: 587240714
family: 2, port: 53764, addr: 620795146
family: 2, port: 53764, addr: 637572362
family: 2, port: 53764, addr: 654349578
family: 2, port: 53764, addr: 671126794
family: 2, port: 53764, addr: 687904010
family: 2, port: 53764, addr: 704681226
family: 2, port: 53764, addr: 721458442
family: 2, port: 53764, addr: 553686282
There are 11 peers online!
Sending netinfo
Printing 112 bytes from 0x5d0d0a0.
--- start bytes ---
01 00 00 00 00 00 00 00 70 00 00 00 00 00 00 00 
52 77 fe 88 00 00 00 00 02 00 04 d2 0a 95 00 22 
02 00 04 d2 0a 95 00 24 02 00 04 d2 0a 95 00 23 
02 00 04 d2 0a 95 00 25 02 00 04 d2 0a 95 00 26 
02 00 04 d2 0a 95 00 27 02 00 04 d2 0a 95 00 28 
02 00 04 d2 0a 95 00 29 02 00 04 d2 0a 95 00 2a 
02 00 04 d2 0a 95 00 2b 02 00 04 d2 0a 95 00 21 
--- end bytes ---
family: 2, port: 53764, addr: 570463498
family: 2, port: 53764, addr: 604017930
family: 2, port: 53764, addr: 587240714
family: 2, port: 53764, addr: 620795146
family: 2, port: 53764, addr: 637572362
family: 2, port: 53764, addr: 654349578
family: 2, port: 53764, addr: 671126794
family: 2, port: 53764, addr: 687904010
family: 2, port: 53764, addr: 704681226
family: 2, port: 53764, addr: 721458442
family: 2, port: 53764, addr: 553686282
There are 11 peers online!
Sending netinfo
Printing 112 bytes from 0x5d26d10.
--- start bytes ---
01 00 00 00 00 00 00 00 70 00 00 00 00 00 00 00 
52 77 fe 88 00 00 00 00 02 00 04 d2 0a 95 00 22 
02 00 04 d2 0a 95 00 24 02 00 04 d2 0a 95 00 23 
02 00 04 d2 0a 95 00 25 02 00 04 d2 0a 95 00 26 
02 00 04 d2 0a 95 00 27 02 00 04 d2 0a 95 00 28 
02 00 04 d2 0a 95 00 29 02 00 04 d2 0a 95 00 2a 
02 00 04 d2 0a 95 00 2b 02 00 04 d2 0a 95 00 21 
--- end bytes ---
Started proc!
handle_heartbeat(sockfd, db);
37
handle_heartbeat(sockfd, db);
38
Started proc!
Started proc!
handle_heartbeat(sockfd, db);
39
handle_heartbeat(sockfd, db);
40
Started proc!
family: 2, port: 53764, addr: 570463498
family: 2, port: 53764, addr: 604017930
family: 2, port: 53764, addr: 587240714
family: 2, port: 53764, addr: 620795146
family: 2, port: 53764, addr: 637572362
family: 2, port: 53764, addr: 654349578
family: 2, port: 53764, addr: 671126794
family: 2, port: 53764, addr: 687904010
family: 2, port: 53764, addr: 704681226
family: 2, port: 53764, addr: 721458442
family: 2, port: 53764, addr: 553686282
There are 11 peers online!
Sending netinfo
Printing 112 bytes from 0x5d41ad0.
--- start bytes ---
01 00 00 00 00 00 00 00 70 00 00 00 00 00 00 00 
52 77 fe 88 00 00 00 00 02 00 04 d2 0a 95 00 22 
02 00 04 d2 0a 95 00 24 02 00 04 d2 0a 95 00 23 
02 00 04 d2 0a 95 00 25 02 00 04 d2 0a 95 00 26 
02 00 04 d2 0a 95 00 27 02 00 04 d2 0a 95 00 28 
02 00 04 d2 0a 95 00 29 02 00 04 d2 0a 95 00 2a 
02 00 04 d2 0a 95 00 2b 02 00 04 d2 0a 95 00 21 
--- end bytes ---
family: 2, port: 53764, addr: 570463498
family: 2, port: 53764, addr: 604017930
family: 2, port: 53764, addr: 587240714
family: 2, port: 53764, addr: 620795146
family: 2, port: 53764, addr: 637572362
family: 2, port: 53764, addr: 654349578
family: 2, port: 53764, addr: 671126794
family: 2, port: 53764, addr: 687904010
family: 2, port: 53764, addr: 704681226
family: 2, port: 53764, addr: 721458442
family: 2, port: 53764, addr: 553686282
There are 11 peers online!
Sending netinfo
Printing 112 bytes from 0x5d45fa0.
--- start bytes ---
01 00 00 00 00 00 00 00 70 00 00 00 00 00 00 00 
52 77 fe 88 00 00 00 00 02 00 04 d2 0a 95 00 22 
02 00 04 d2 0a 95 00 24 02 00 04 d2 0a 95 00 23 
02 00 04 d2 0a 95 00 25 02 00 04 d2 0a 95 00 26 
02 00 04 d2 0a 95 00 27 02 00 04 d2 0a 95 00 28 
02 00 04 d2 0a 95 00 29 02 00 04 d2 0a 95 00 2a 
02 00 04 d2 0a 95 00 2b 02 00 04 d2 0a 95 00 21 
--- end bytes ---
family: 2, port: 53764, addr: 570463498
family: 2, port: 53764, addr: 604017930
family: 2, port: 53764, addr: 587240714
family: 2, port: 53764, addr: 620795146
family: 2, port: 53764, addr: 637572362
family: 2, port: 53764, addr: 654349578
family: 2, port: 53764, addr: 671126794
family: 2, port: 53764, addr: 687904010
family: 2, port: 53764, addr: 704681226
family: 2, port: 53764, addr: 721458442
family: 2, port: 53764, addr: 553686282
There are 11 peers online!
Sending netinfo
Printing 112 bytes from 0x5d4a720.
--- start bytes ---
01 00 00 00 00 00 00 00 70 00 00 00 00 00 00 00 
52 77 fe 88 00 00 00 00 02 00 04 d2 0a 95 00 22 
02 00 04 d2 0a 95 00 24 02 00 04 d2 0a 95 00 23 
02 00 04 d2 0a 95 00 25 02 00 04 d2 0a 95 00 26 
02 00 04 d2 0a 95 00 27 02 00 04 d2 0a 95 00 28 
02 00 04 d2 0a 95 00 29 02 00 04 d2 0a 95 00 2a 
02 00 04 d2 0a 95 00 2b 02 00 04 d2 0a 95 00 21 
--- end bytes ---
family: 2, port: 53764, addr: 570463498
family: 2, port: 53764, addr: 604017930
family: 2, port: 53764, addr: 587240714
family: 2, port: 53764, addr: 620795146
family: 2, port: 53764, addr: 637572362
family: 2, port: 53764, addr: 654349578
family: 2, port: 53764, addr: 671126794
family: 2, port: 53764, addr: 687904010
family: 2, port: 53764, addr: 704681226
family: 2, port: 53764, addr: 721458442
family: 2, port: 53764, addr: 553686282
There are 11 peers online!
Sending netinfo
Printing 112 bytes from 0x6793f10.
--- start bytes ---
01 00 00 00 00 00 00 00 70 00 00 00 00 00 00 00 
52 77 fe 88 00 00 00 00 02 00 04 d2 0a 95 00 22 
02 00 04 d2 0a 95 00 24 02 00 04 d2 0a 95 00 23 
02 00 04 d2 0a 95 00 25 02 00 04 d2 0a 95 00 26 
02 00 04 d2 0a 95 00 27 02 00 04 d2 0a 95 00 28 
02 00 04 d2 0a 95 00 29 02 00 04 d2 0a 95 00 2a 
02 00 04 d2 0a 95 00 2b 02 00 04 d2 0a 95 00 21 
--- end bytes ---
Started proc!
handle_heartbeat(sockfd, db);
41
handle_heartbeat(sockfd, db);
42
Started proc!
family: 2, port: 53764, addr: 570463498
family: 2, port: 53764, addr: 604017930
family: 2, port: 53764, addr: 587240714
family: 2, port: 53764, addr: 620795146
family: 2, port: 53764, addr: 637572362
family: 2, port: 53764, addr: 654349578
family: 2, port: 53764, addr: 671126794
family: 2, port: 53764, addr: 687904010
family: 2, port: 53764, addr: 704681226
family: 2, port: 53764, addr: 721458442
family: 2, port: 53764, addr: 553686282
There are 11 peers online!
Sending netinfo
Printing 112 bytes from 0x67ae2e0.
--- start bytes ---
01 00 00 00 00 00 00 00 70 00 00 00 00 00 00 00 
52 77 fe 88 00 00 00 00 02 00 04 d2 0a 95 00 22 
02 00 04 d2 0a 95 00 24 02 00 04 d2 0a 95 00 23 
02 00 04 d2 0a 95 00 25 02 00 04 d2 0a 95 00 26 
02 00 04 d2 0a 95 00 27 02 00 04 d2 0a 95 00 28 
02 00 04 d2 0a 95 00 29 02 00 04 d2 0a 95 00 2a 
02 00 04 d2 0a 95 00 2b 02 00 04 d2 0a 95 00 21 
--- end bytes ---
family: 2, port: 53764, addr: 570463498
family: 2, port: 53764, addr: 604017930
family: 2, port: 53764, addr: 587240714
family: 2, port: 53764, addr: 620795146
family: 2, port: 53764, addr: 637572362
family: 2, port: 53764, addr: 654349578
family: 2, port: 53764, addr: 671126794
family: 2, port: 53764, addr: 687904010
family: 2, port: 53764, addr: 704681226
family: 2, port: 53764, addr: 721458442
family: 2, port: 53764, addr: 553686282
There are 11 peers online!
Sending netinfo
Printing 112 bytes from 0x67c7f50.
--- start bytes ---
01 00 00 00 00 00 00 00 70 00 00 00 00 00 00 00 
52 77 fe 88 00 00 00 00 02 00 04 d2 0a 95 00 22 
02 00 04 d2 0a 95 00 24 02 00 04 d2 0a 95 00 23 
02 00 04 d2 0a 95 00 25 02 00 04 d2 0a 95 00 26 
02 00 04 d2 0a 95 00 27 02 00 04 d2 0a 95 00 28 
02 00 04 d2 0a 95 00 29 02 00 04 d2 0a 95 00 2a 
02 00 04 d2 0a 95 00 2b 02 00 04 d2 0a 95 00 21 
--- end bytes ---
Started proc!
handle_heartbeat(sockfd, db);
43
family: 2, port: 53764, addr: 570463498
family: 2, port: 53764, addr: 604017930
family: 2, port: 53764, addr: 587240714
family: 2, port: 53764, addr: 620795146
family: 2, port: 53764, addr: 637572362
family: 2, port: 53764, addr: 654349578
family: 2, port: 53764, addr: 671126794
family: 2, port: 53764, addr: 687904010
family: 2, port: 53764, addr: 704681226
family: 2, port: 53764, addr: 721458442
family: 2, port: 53764, addr: 553686282
There are 11 peers online!
Sending netinfo
Printing 112 bytes from 0x67e1fa0.
--- start bytes ---
01 00 00 00 00 00 00 00 70 00 00 00 00 00 00 00 
52 77 fe 88 00 00 00 00 02 00 04 d2 0a 95 00 22 
02 00 04 d2 0a 95 00 24 02 00 04 d2 0a 95 00 23 
02 00 04 d2 0a 95 00 25 02 00 04 d2 0a 95 00 26 
02 00 04 d2 0a 95 00 27 02 00 04 d2 0a 95 00 28 
02 00 04 d2 0a 95 00 29 02 00 04 d2 0a 95 00 2a 
02 00 04 d2 0a 95 00 2b 02 00 04 d2 0a 95 00 21 
--- end bytes ---
Started proc!
Started proc!
handle_heartbeat(sockfd, db);
44
handle_heartbeat(sockfd, db);
45
family: 2, port: 53764, addr: 570463498
family: 2, port: 53764, addr: 604017930
family: 2, port: 53764, addr: 587240714
family: 2, port: 53764, addr: 620795146
family: 2, port: 53764, addr: 637572362
family: 2, port: 53764, addr: 654349578
family: 2, port: 53764, addr: 671126794
family: 2, port: 53764, addr: 687904010
family: 2, port: 53764, addr: 704681226
family: 2, port: 53764, addr: 721458442
family: 2, port: 53764, addr: 553686282
There are 11 peers online!
Sending netinfo
Printing 112 bytes from 0x67fc3d0.
--- start bytes ---
01 00 00 00 00 00 00 00 70 00 00 00 00 00 00 00 
52 77 fe 88 00 00 00 00 02 00 04 d2 0a 95 00 22 
02 00 04 d2 0a 95 00 24 02 00 04 d2 0a 95 00 23 
02 00 04 d2 0a 95 00 25 02 00 04 d2 0a 95 00 26 
02 00 04 d2 0a 95 00 27 02 00 04 d2 0a 95 00 28 
02 00 04 d2 0a 95 00 29 02 00 04 d2 0a 95 00 2a 
02 00 04 d2 0a 95 00 2b 02 00 04 d2 0a 95 00 21 
--- end bytes ---
family: 2, port: 53764, addr: 570463498
family: 2, port: 53764, addr: 604017930
family: 2, port: 53764, addr: 587240714
family: 2, port: 53764, addr: 620795146
family: 2, port: 53764, addr: 637572362
family: 2, port: 53764, addr: 654349578
family: 2, port: 53764, addr: 671126794
family: 2, port: 53764, addr: 687904010
family: 2, port: 53764, addr: 704681226
family: 2, port: 53764, addr: 721458442
family: 2, port: 53764, addr: 553686282
There are 11 peers online!
Sending netinfo
Printing 112 bytes from 0x6816040.
--- start bytes ---
01 00 00 00 00 00 00 00 70 00 00 00 00 00 00 00 
52 77 fe 88 00 00 00 00 02 00 04 d2 0a 95 00 22 
02 00 04 d2 0a 95 00 24 02 00 04 d2 0a 95 00 23 
02 00 04 d2 0a 95 00 25 02 00 04 d2 0a 95 00 26 
02 00 04 d2 0a 95 00 27 02 00 04 d2 0a 95 00 28 
02 00 04 d2 0a 95 00 29 02 00 04 d2 0a 95 00 2a 
02 00 04 d2 0a 95 00 2b 02 00 04 d2 0a 95 00 21 
--- end bytes ---
Started proc!
handle_heartbeat(sockfd, db);
46
handle_heartbeat(sockfd, db);
47
Started proc!
family: 2, port: 53764, addr: 570463498
family: 2, port: 53764, addr: 604017930
family: 2, port: 53764, addr: 587240714
family: 2, port: 53764, addr: 620795146
family: 2, port: 53764, addr: 637572362
family: 2, port: 53764, addr: 654349578
family: 2, port: 53764, addr: 671126794
family: 2, port: 53764, addr: 687904010
family: 2, port: 53764, addr: 704681226
family: 2, port: 53764, addr: 721458442
family: 2, port: 53764, addr: 553686282
There are 11 peers online!
Sending netinfo
Printing 112 bytes from 0x6830470.
--- start bytes ---
01 00 00 00 00 00 00 00 70 00 00 00 00 00 00 00 
52 77 fe 88 00 00 00 00 02 00 04 d2 0a 95 00 22 
02 00 04 d2 0a 95 00 24 02 00 04 d2 0a 95 00 23 
02 00 04 d2 0a 95 00 25 02 00 04 d2 0a 95 00 26 
02 00 04 d2 0a 95 00 27 02 00 04 d2 0a 95 00 28 
02 00 04 d2 0a 95 00 29 02 00 04 d2 0a 95 00 2a 
02 00 04 d2 0a 95 00 2b 02 00 04 d2 0a 95 00 21 
--- end bytes ---
family: 2, port: 53764, addr: 570463498
family: 2, port: 53764, addr: 604017930
family: 2, port: 53764, addr: 587240714
family: 2, port: 53764, addr: 620795146
family: 2, port: 53764, addr: 637572362
family: 2, port: 53764, addr: 654349578
family: 2, port: 53764, addr: 671126794
family: 2, port: 53764, addr: 687904010
family: 2, port: 53764, addr: 704681226
family: 2, port: 53764, addr: 721458442
family: 2, port: 53764, addr: 553686282
There are 11 peers online!
Sending netinfo
Printing 112 bytes from 0x6849e30.
--- start bytes ---
01 00 00 00 00 00 00 00 70 00 00 00 00 00 00 00 
52 77 fe 88 00 00 00 00 02 00 04 d2 0a 95 00 22 
02 00 04 d2 0a 95 00 24 02 00 04 d2 0a 95 00 23 
02 00 04 d2 0a 95 00 25 02 00 04 d2 0a 95 00 26 
02 00 04 d2 0a 95 00 27 02 00 04 d2 0a 95 00 28 
02 00 04 d2 0a 95 00 29 02 00 04 d2 0a 95 00 2a 
02 00 04 d2 0a 95 00 2b 02 00 04 d2 0a 95 00 21 
--- end bytes ---
Started proc!
Started proc!
handle_heartbeat(sockfd, db);
48
Started proc!
handle_heartbeat(sockfd, db);
49
handle_heartbeat(sockfd, db);
50
handle_heartbeat(sockfd, db);
51
family: 2, port: 53764, addr: 570463498
family: 2, port: 53764, addr: 604017930
family: 2, port: 53764, addr: 587240714
family: 2, port: 53764, addr: 620795146
family: 2, port: 53764, addr: 637572362
family: 2, port: 53764, addr: 654349578
family: 2, port: 53764, addr: 671126794
family: 2, port: 53764, addr: 687904010
family: 2, port: 53764, addr: 704681226
family: 2, port: 53764, addr: 721458442
family: 2, port: 53764, addr: 553686282
There are 11 peers online!
Sending netinfo
Printing 112 bytes from 0x6864cd0.
--- start bytes ---
01 00 00 00 00 00 00 00 70 00 00 00 00 00 00 00 
52 77 fe 88 00 00 00 00 02 00 04 d2 0a 95 00 22 
02 00 04 d2 0a 95 00 24 02 00 04 d2 0a 95 00 23 
02 00 04 d2 0a 95 00 25 02 00 04 d2 0a 95 00 26 
02 00 04 d2 0a 95 00 27 02 00 04 d2 0a 95 00 28 
02 00 04 d2 0a 95 00 29 02 00 04 d2 0a 95 00 2a 
02 00 04 d2 0a 95 00 2b 02 00 04 d2 0a 95 00 21 
--- end bytes ---
Started proc!
family: 2, port: 53764, addr: 570463498
family: 2, port: 53764, addr: 604017930
family: 2, port: 53764, addr: 587240714
family: 2, port: 53764, addr: 620795146
family: 2, port: 53764, addr: 637572362
family: 2, port: 53764, addr: 654349578
family: 2, port: 53764, addr: 671126794
family: 2, port: 53764, addr: 687904010
family: 2, port: 53764, addr: 704681226
family: 2, port: 53764, addr: 721458442
family: 2, port: 53764, addr: 553686282
There are 11 peers online!
Sending netinfo
Printing 112 bytes from 0x687e940.
--- start bytes ---
01 00 00 00 00 00 00 00 70 00 00 00 00 00 00 00 
52 77 fe 88 00 00 00 00 02 00 04 d2 0a 95 00 22 
02 00 04 d2 0a 95 00 24 02 00 04 d2 0a 95 00 23 
02 00 04 d2 0a 95 00 25 02 00 04 d2 0a 95 00 26 
02 00 04 d2 0a 95 00 27 02 00 04 d2 0a 95 00 28 
02 00 04 d2 0a 95 00 29 02 00 04 d2 0a 95 00 2a 
02 00 04 d2 0a 95 00 2b 02 00 04 d2 0a 95 00 21 
--- end bytes ---
family: 2, port: 53764, addr: 570463498
family: 2, port: 53764, addr: 604017930
family: 2, port: 53764, addr: 587240714
family: 2, port: 53764, addr: 620795146
family: 2, port: 53764, addr: 637572362
family: 2, port: 53764, addr: 654349578
family: 2, port: 53764, addr: 671126794
family: 2, port: 53764, addr: 687904010
family: 2, port: 53764, addr: 704681226
family: 2, port: 53764, addr: 721458442
family: 2, port: 53764, addr: 553686282
There are 11 peers online!
Sending netinfo
Printing 112 bytes from 0x68985b0.
--- start bytes ---
01 00 00 00 00 00 00 00 70 00 00 00 00 00 00 00 
52 77 fe 88 00 00 00 00 02 00 04 d2 0a 95 00 22 
02 00 04 d2 0a 95 00 24 02 00 04 d2 0a 95 00 23 
02 00 04 d2 0a 95 00 25 02 00 04 d2 0a 95 00 26 
02 00 04 d2 0a 95 00 27 02 00 04 d2 0a 95 00 28 
02 00 04 d2 0a 95 00 29 02 00 04 d2 0a 95 00 2a 
02 00 04 d2 0a 95 00 2b 02 00 04 d2 0a 95 00 21 
--- end bytes ---
family: 2, port: 53764, addr: 570463498
family: 2, port: 53764, addr: 604017930
family: 2, port: 53764, addr: 587240714
family: 2, port: 53764, addr: 620795146
family: 2, port: 53764, addr: 637572362
family: 2, port: 53764, addr: 654349578
family: 2, port: 53764, addr: 671126794
family: 2, port: 53764, addr: 687904010
family: 2, port: 53764, addr: 704681226
family: 2, port: 53764, addr: 721458442
family: 2, port: 53764, addr: 553686282
There are 11 peers online!
Sending netinfo
Printing 112 bytes from 0x68b2220.
--- start bytes ---
01 00 00 00 00 00 00 00 70 00 00 00 00 00 00 00 
52 77 fe 88 00 00 00 00 02 00 04 d2 0a 95 00 22 
02 00 04 d2 0a 95 00 24 02 00 04 d2 0a 95 00 23 
02 00 04 d2 0a 95 00 25 02 00 04 d2 0a 95 00 26 
02 00 04 d2 0a 95 00 27 02 00 04 d2 0a 95 00 28 
02 00 04 d2 0a 95 00 29 02 00 04 d2 0a 95 00 2a 
02 00 04 d2 0a 95 00 2b 02 00 04 d2 0a 95 00 21 
--- end bytes ---
Started proc!
handle_heartbeat(sockfd, db);
52
handle_heartbeat(sockfd, db);
53
Started proc!
family: 2, port: 53764, addr: 570463498
family: 2, port: 53764, addr: 604017930
family: 2, port: 53764, addr: 587240714
family: 2, port: 53764, addr: 620795146
family: 2, port: 53764, addr: 637572362
family: 2, port: 53764, addr: 654349578
family: 2, port: 53764, addr: 671126794
family: 2, port: 53764, addr: 687904010
family: 2, port: 53764, addr: 704681226
family: 2, port: 53764, addr: 721458442
family: 2, port: 53764, addr: 553686282
There are 11 peers online!
Sending netinfo
Printing 112 bytes from 0x68cc650.
--- start bytes ---
01 00 00 00 00 00 00 00 70 00 00 00 00 00 00 00 
52 77 fe 88 00 00 00 00 02 00 04 d2 0a 95 00 22 
02 00 04 d2 0a 95 00 24 02 00 04 d2 0a 95 00 23 
02 00 04 d2 0a 95 00 25 02 00 04 d2 0a 95 00 26 
02 00 04 d2 0a 95 00 27 02 00 04 d2 0a 95 00 28 
02 00 04 d2 0a 95 00 29 02 00 04 d2 0a 95 00 2a 
02 00 04 d2 0a 95 00 2b 02 00 04 d2 0a 95 00 21 
--- end bytes ---
family: 2, port: 53764, addr: 570463498
family: 2, port: 53764, addr: 604017930
family: 2, port: 53764, addr: 587240714
family: 2, port: 53764, addr: 620795146
family: 2, port: 53764, addr: 637572362
family: 2, port: 53764, addr: 654349578
family: 2, port: 53764, addr: 671126794
family: 2, port: 53764, addr: 687904010
family: 2, port: 53764, addr: 704681226
family: 2, port: 53764, addr: 721458442
family: 2, port: 53764, addr: 553686282
There are 11 peers online!
Sending netinfo
Printing 112 bytes from 0x68e6010.
--- start bytes ---
01 00 00 00 00 00 00 00 70 00 00 00 00 00 00 00 
52 77 fe 88 00 00 00 00 02 00 04 d2 0a 95 00 22 
02 00 04 d2 0a 95 00 24 02 00 04 d2 0a 95 00 23 
02 00 04 d2 0a 95 00 25 02 00 04 d2 0a 95 00 26 
02 00 04 d2 0a 95 00 27 02 00 04 d2 0a 95 00 28 
02 00 04 d2 0a 95 00 29 02 00 04 d2 0a 95 00 2a 
02 00 04 d2 0a 95 00 2b 02 00 04 d2 0a 95 00 21 
--- end bytes ---
Started proc!
handle_heartbeat(sockfd, db);
54
family: 2, port: 53764, addr: 570463498
family: 2, port: 53764, addr: 604017930
family: 2, port: 53764, addr: 587240714
family: 2, port: 53764, addr: 620795146
family: 2, port: 53764, addr: 637572362
family: 2, port: 53764, addr: 654349578
family: 2, port: 53764, addr: 671126794
family: 2, port: 53764, addr: 687904010
family: 2, port: 53764, addr: 704681226
family: 2, port: 53764, addr: 721458442
family: 2, port: 53764, addr: 553686282
There are 11 peers online!
Sending netinfo
Printing 112 bytes from 0x6900310.
--- start bytes ---
01 00 00 00 00 00 00 00 70 00 00 00 00 00 00 00 
52 77 fe 88 00 00 00 00 02 00 04 d2 0a 95 00 22 
02 00 04 d2 0a 95 00 24 02 00 04 d2 0a 95 00 23 
02 00 04 d2 0a 95 00 25 02 00 04 d2 0a 95 00 26 
02 00 04 d2 0a 95 00 27 02 00 04 d2 0a 95 00 28 
02 00 04 d2 0a 95 00 29 02 00 04 d2 0a 95 00 2a 
02 00 04 d2 0a 95 00 2b 02 00 04 d2 0a 95 00 21 
--- end bytes ---
Started proc!
handle_heartbeat(sockfd, db);
55
handle_heartbeat(sockfd, db);
56
Started proc!
family: 2, port: 53764, addr: 570463498
family: 2, port: 53764, addr: 604017930
family: 2, port: 53764, addr: 587240714
family: 2, port: 53764, addr: 620795146
family: 2, port: 53764, addr: 637572362
family: 2, port: 53764, addr: 654349578
family: 2, port: 53764, addr: 671126794
family: 2, port: 53764, addr: 687904010
family: 2, port: 53764, addr: 704681226
family: 2, port: 53764, addr: 721458442
family: 2, port: 53764, addr: 553686282
There are 11 peers online!
Sending netinfo
Printing 112 bytes from 0x691a740.
--- start bytes ---
01 00 00 00 00 00 00 00 70 00 00 00 00 00 00 00 
52 77 fe 88 00 00 00 00 02 00 04 d2 0a 95 00 22 
02 00 04 d2 0a 95 00 24 02 00 04 d2 0a 95 00 23 
02 00 04 d2 0a 95 00 25 02 00 04 d2 0a 95 00 26 
02 00 04 d2 0a 95 00 27 02 00 04 d2 0a 95 00 28 
02 00 04 d2 0a 95 00 29 02 00 04 d2 0a 95 00 2a 
02 00 04 d2 0a 95 00 2b 02 00 04 d2 0a 95 00 21 
--- end bytes ---
family: 2, port: 53764, addr: 570463498
family: 2, port: 53764, addr: 604017930
family: 2, port: 53764, addr: 587240714
family: 2, port: 53764, addr: 620795146
family: 2, port: 53764, addr: 637572362
family: 2, port: 53764, addr: 654349578
family: 2, port: 53764, addr: 671126794
family: 2, port: 53764, addr: 687904010
family: 2, port: 53764, addr: 704681226
family: 2, port: 53764, addr: 721458442
family: 2, port: 53764, addr: 553686282
There are 11 peers online!
Sending netinfo
Printing 112 bytes from 0x69343b0.
--- start bytes ---
01 00 00 00 00 00 00 00 70 00 00 00 00 00 00 00 
52 77 fe 88 00 00 00 00 02 00 04 d2 0a 95 00 22 
02 00 04 d2 0a 95 00 24 02 00 04 d2 0a 95 00 23 
02 00 04 d2 0a 95 00 25 02 00 04 d2 0a 95 00 26 
02 00 04 d2 0a 95 00 27 02 00 04 d2 0a 95 00 28 
02 00 04 d2 0a 95 00 29 02 00 04 d2 0a 95 00 2a 
02 00 04 d2 0a 95 00 2b 02 00 04 d2 0a 95 00 21 
--- end bytes ---
Started proc!
handle_heartbeat(sockfd, db);
57
handle_heartbeat(sockfd, db);
58
Started proc!
family: 2, port: 53764, addr: 570463498
family: 2, port: 53764, addr: 604017930
family: 2, port: 53764, addr: 587240714
family: 2, port: 53764, addr: 620795146
family: 2, port: 53764, addr: 637572362
family: 2, port: 53764, addr: 654349578
family: 2, port: 53764, addr: 671126794
family: 2, port: 53764, addr: 687904010
family: 2, port: 53764, addr: 704681226
family: 2, port: 53764, addr: 721458442
family: 2, port: 53764, addr: 553686282
There are 11 peers online!
Sending netinfo
Printing 112 bytes from 0x694e7e0.
--- start bytes ---
01 00 00 00 00 00 00 00 70 00 00 00 00 00 00 00 
52 77 fe 88 00 00 00 00 02 00 04 d2 0a 95 00 22 
02 00 04 d2 0a 95 00 24 02 00 04 d2 0a 95 00 23 
02 00 04 d2 0a 95 00 25 02 00 04 d2 0a 95 00 26 
02 00 04 d2 0a 95 00 27 02 00 04 d2 0a 95 00 28 
02 00 04 d2 0a 95 00 29 02 00 04 d2 0a 95 00 2a 
02 00 04 d2 0a 95 00 2b 02 00 04 d2 0a 95 00 21 
--- end bytes ---
family: 2, port: 53764, addr: 570463498
family: 2, port: 53764, addr: 604017930
family: 2, port: 53764, addr: 587240714
family: 2, port: 53764, addr: 620795146
family: 2, port: 53764, addr: 637572362
family: 2, port: 53764, addr: 654349578
family: 2, port: 53764, addr: 671126794
family: 2, port: 53764, addr: 687904010
family: 2, port: 53764, addr: 704681226
family: 2, port: 53764, addr: 721458442
family: 2, port: 53764, addr: 553686282
There are 11 peers online!
Sending netinfo
Printing 112 bytes from 0x69681a0.
--- start bytes ---
01 00 00 00 00 00 00 00 70 00 00 00 00 00 00 00 
52 77 fe 88 00 00 00 00 02 00 04 d2 0a 95 00 22 
02 00 04 d2 0a 95 00 24 02 00 04 d2 0a 95 00 23 
02 00 04 d2 0a 95 00 25 02 00 04 d2 0a 95 00 26 
02 00 04 d2 0a 95 00 27 02 00 04 d2 0a 95 00 28 
02 00 04 d2 0a 95 00 29 02 00 04 d2 0a 95 00 2a 
02 00 04 d2 0a 95 00 2b 02 00 04 d2 0a 95 00 21 
--- end bytes ---
Started proc!
handle_heartbeat(sockfd, db);
59
handle_heartbeat(sockfd, db);
60
Started proc!
Started proc!
handle_heartbeat(sockfd, db);
61
handle_heartbeat(sockfd, db);
62
Started proc!
family: 2, port: 53764, addr: 570463498
family: 2, port: 53764, addr: 604017930
family: 2, port: 53764, addr: 587240714
family: 2, port: 53764, addr: 620795146
family: 2, port: 53764, addr: 637572362
family: 2, port: 53764, addr: 654349578
family: 2, port: 53764, addr: 671126794
family: 2, port: 53764, addr: 687904010
family: 2, port: 53764, addr: 704681226
family: 2, port: 53764, addr: 721458442
family: 2, port: 53764, addr: 553686282
There are 11 peers online!
Sending netinfo
Printing 112 bytes from 0x6983040.
--- start bytes ---
01 00 00 00 00 00 00 00 70 00 00 00 00 00 00 00 
52 77 fe 88 00 00 00 00 02 00 04 d2 0a 95 00 22 
02 00 04 d2 0a 95 00 24 02 00 04 d2 0a 95 00 23 
02 00 04 d2 0a 95 00 25 02 00 04 d2 0a 95 00 26 
02 00 04 d2 0a 95 00 27 02 00 04 d2 0a 95 00 28 
02 00 04 d2 0a 95 00 29 02 00 04 d2 0a 95 00 2a 
02 00 04 d2 0a 95 00 2b 02 00 04 d2 0a 95 00 21 
--- end bytes ---
fa