==14940== Memcheck, a memory error detector
==14940== Copyright (C) 2002-2015, and GNU GPL'd, by Julian Seward et al.
==14940== Using Valgrind-3.12.0 and LibVEX; rerun with -h for copyright info
==14940== Command: /home/ddps2001/DPS2/application/build/tracker 10.149.0.32 8080 /home/ddps2001/DPS2/p2p.db
==14940== Parent PID: 14870
==14940== 
==14940== Thread 5:
==14940== Invalid write of size 2
==14940==    at 0x402681: _fill_peeraddress_table (db.c:36)
==14940==    by 0x4EEF735: sqlite3_exec (sqlite3.c:127218)
==14940==    by 0x40306E: db_get_all_peer_addresses (db.c:313)
==14940==    by 0x4015DC: handle_heartbeat (tracker.c:77)
==14940==    by 0x4017E2: handle_request_thread (tracker.c:151)
==14940==    by 0x5173E24: start_thread (in /usr/lib64/libpthread-2.17.so)
==14940==    by 0x548034C: clone (in /usr/lib64/libc-2.17.so)
==14940==  Address 0x5ab6cb8 is 0 bytes after a block of size 56 alloc'd
==14940==    at 0x4C29BE3: malloc (vg_replace_malloc.c:299)
==14940==    by 0x402F6C: db_get_all_peer_addresses (db.c:295)
==14940==    by 0x4015DC: handle_heartbeat (tracker.c:77)
==14940==    by 0x4017E2: handle_request_thread (tracker.c:151)
==14940==    by 0x5173E24: start_thread (in /usr/lib64/libpthread-2.17.so)
==14940==    by 0x548034C: clone (in /usr/lib64/libc-2.17.so)
==14940== 
==14940== Invalid write of size 2
==14940==    at 0x4026AA: _fill_peeraddress_table (db.c:37)
==14940==    by 0x4EEF735: sqlite3_exec (sqlite3.c:127218)
==14940==    by 0x40306E: db_get_all_peer_addresses (db.c:313)
==14940==    by 0x4015DC: handle_heartbeat (tracker.c:77)
==14940==    by 0x4017E2: handle_request_thread (tracker.c:151)
==14940==    by 0x5173E24: start_thread (in /usr/lib64/libpthread-2.17.so)
==14940==    by 0x548034C: clone (in /usr/lib64/libc-2.17.so)
==14940==  Address 0x5ab6cba is 2 bytes after a block of size 56 alloc'd
==14940==    at 0x4C29BE3: malloc (vg_replace_malloc.c:299)
==14940==    by 0x402F6C: db_get_all_peer_addresses (db.c:295)
==14940==    by 0x4015DC: handle_heartbeat (tracker.c:77)
==14940==    by 0x4017E2: handle_request_thread (tracker.c:151)
==14940==    by 0x5173E24: start_thread (in /usr/lib64/libpthread-2.17.so)
==14940==    by 0x548034C: clone (in /usr/lib64/libc-2.17.so)
==14940== 
==14940== Invalid write of size 4
==14940==    at 0x4026D4: _fill_peeraddress_table (db.c:38)
==14940==    by 0x4EEF735: sqlite3_exec (sqlite3.c:127218)
==14940==    by 0x40306E: db_get_all_peer_addresses (db.c:313)
==14940==    by 0x4015DC: handle_heartbeat (tracker.c:77)
==14940==    by 0x4017E2: handle_request_thread (tracker.c:151)
==14940==    by 0x5173E24: start_thread (in /usr/lib64/libpthread-2.17.so)
==14940==    by 0x548034C: clone (in /usr/lib64/libc-2.17.so)
==14940==  Address 0x5ab6cbc is 4 bytes after a block of size 56 alloc'd
==14940==    at 0x4C29BE3: malloc (vg_replace_malloc.c:299)
==14940==    by 0x402F6C: db_get_all_peer_addresses (db.c:295)
==14940==    by 0x4015DC: handle_heartbeat (tracker.c:77)
==14940==    by 0x4017E2: handle_request_thread (tracker.c:151)
==14940==    by 0x5173E24: start_thread (in /usr/lib64/libpthread-2.17.so)
==14940==    by 0x548034C: clone (in /usr/lib64/libc-2.17.so)
==14940== 
