START_TIME	16-12-2021 12:34:13
BLOCK_ADDED_START	16-12-2021 12:34:13	1
BLOCK_ADDED_STOP	16-12-2021 12:34:13	1	SUCCESS
REQUEST_BLOCK	16-12-2021 12:34:21	2
RECEIVED_BLOCK	16-12-2021 12:34:22	2	SUCCESS
SENDING_BLOCK	16-12-2021 12:34:24	2
SENDING_BLOCK	16-12-2021 12:34:24	1
SENDING_BLOCK	16-12-2021 12:34:26	2
SENDING_BLOCK	16-12-2021 12:34:27	2
REQUEST_BLOCK	16-12-2021 12:34:28	2
RECEIVED_BLOCK	16-12-2021 12:34:30	2	SUCCESS
SENDING_BLOCK	16-12-2021 12:34:30	2
SENDING_BLOCK	16-12-2021 12:34:30	2
SENDING_BLOCK	16-12-2021 12:34:30	2
SENDING_BLOCK	16-12-2021 12:34:31	2
SENDING_BLOCK	16-12-2021 12:34:31	2
SENDING_BLOCK	16-12-2021 12:34:31	3
REQUEST_BLOCK	16-12-2021 12:34:34	3
RECEIVED_BLOCK	16-12-2021 12:34:35	3	SUCCESS
SENDING_BLOCK	16-12-2021 12:34:35	3
SENDING_BLOCK	16-12-2021 12:34:36	3
SENDING_BLOCK	16-12-2021 12:34:36	3
SENDING_BLOCK	16-12-2021 12:34:36	3
