START_TIME	16-12-2021 12:34:06
BLOCK_ADDED_START	16-12-2021 12:34:06	1
BLOCK_ADDED_STOP	16-12-2021 12:34:06	1	SUCCESS
REQUEST_BLOCK	16-12-2021 12:34:14	2
RECEIVED_BLOCK	16-12-2021 12:34:14	2	SUCCESS
SENDING_BLOCK	16-12-2021 12:34:16	2
SENDING_BLOCK	16-12-2021 12:34:17	2
SENDING_BLOCK	16-12-2021 12:34:20	2
SENDING_BLOCK	16-12-2021 12:34:20	2
SENDING_BLOCK	16-12-2021 12:34:21	2
SENDING_BLOCK	16-12-2021 12:34:25	2
SENDING_BLOCK	16-12-2021 12:34:25	1
SENDING_BLOCK	16-12-2021 12:34:28	2
SENDING_BLOCK	16-12-2021 12:34:28	2
REQUEST_BLOCK	16-12-2021 12:34:28	2
RECEIVED_BLOCK	16-12-2021 12:34:30	2	SUCCESS
SENDING_BLOCK	16-12-2021 12:34:30	2
SENDING_BLOCK	16-12-2021 12:34:30	2
SENDING_BLOCK	16-12-2021 12:34:30	2
SENDING_BLOCK	16-12-2021 12:34:32	2
SENDING_BLOCK	16-12-2021 12:34:32	2
SENDING_BLOCK	16-12-2021 12:34:32	3
REQUEST_BLOCK	16-12-2021 12:34:33	3
RECEIVED_BLOCK	16-12-2021 12:34:35	3	SUCCESS
SENDING_BLOCK	16-12-2021 12:34:35	3
SENDING_BLOCK	16-12-2021 12:34:35	3
SENDING_BLOCK	16-12-2021 12:34:35	3
SENDING_BLOCK	16-12-2021 12:34:36	3
SENDING_BLOCK	16-12-2021 12:34:36	3
