START_TIME	16-12-2021 12:34:15
REQUEST_BLOCK	16-12-2021 12:34:23	1
RECEIVED_BLOCK	16-12-2021 12:34:25	1	SUCCESS
REQUEST_BLOCK	16-12-2021 12:34:25	2
RECEIVED_BLOCK	16-12-2021 12:34:26	2	SUCCESS
BLOCK_ADDED_START	16-12-2021 12:34:26	2
REQUEST_BLOCK	16-12-2021 12:34:26	2
RECEIVED_BLOCK	16-12-2021 12:34:27	2	SUCCESS
SENDING_BLOCK	16-12-2021 12:34:28	2
SENDING_BLOCK	16-12-2021 12:34:28	2
SENDING_BLOCK	16-12-2021 12:34:29	2
SENDING_BLOCK	16-12-2021 12:34:29	2
SENDING_BLOCK	16-12-2021 12:34:29	2
SENDING_BLOCK	16-12-2021 12:34:29	2
SENDING_BLOCK	16-12-2021 12:34:29	2
SENDING_BLOCK	16-12-2021 12:34:30	2
BLOCK_ADDED_STOP	16-12-2021 12:34:30	2	SUCCESS
SENDING_BLOCK	16-12-2021 12:34:30	2
SENDING_BLOCK	16-12-2021 12:34:30	2
BLOCK_ADDED_START	16-12-2021 12:34:30	3
REQUEST_BLOCK	16-12-2021 12:34:30	3
RECEIVED_BLOCK	16-12-2021 12:34:32	3	SUCCESS
SENDING_BLOCK	16-12-2021 12:34:33	3
SENDING_BLOCK	16-12-2021 12:34:33	3
SENDING_BLOCK	16-12-2021 12:34:33	3
SENDING_BLOCK	16-12-2021 12:34:34	3
SENDING_BLOCK	16-12-2021 12:34:34	3
SENDING_BLOCK	16-12-2021 12:34:34	3
SENDING_BLOCK	16-12-2021 12:34:34	3
SENDING_BLOCK	16-12-2021 12:34:35	3
BLOCK_ADDED_STOP	16-12-2021 12:34:35	3	SUCCESS
SENDING_BLOCK	16-12-2021 12:34:35	3
