START_TIME	16-12-2021 12:34:09
BLOCK_ADDED_START	16-12-2021 12:34:09	1
BLOCK_ADDED_STOP	16-12-2021 12:34:09	1	SUCCESS
REQUEST_BLOCK	16-12-2021 12:34:17	2
RECEIVED_BLOCK	16-12-2021 12:34:18	2	SUCCESS
SENDING_BLOCK	16-12-2021 12:34:22	2
SENDING_BLOCK	16-12-2021 12:34:22	2
SENDING_BLOCK	16-12-2021 12:34:22	2
SENDING_BLOCK	16-12-2021 12:34:23	2
SENDING_BLOCK	16-12-2021 12:34:25	1
SENDING_BLOCK	16-12-2021 12:34:26	2
SENDING_BLOCK	16-12-2021 12:34:27	2
REQUEST_BLOCK	16-12-2021 12:34:29	2
RECEIVED_BLOCK	16-12-2021 12:34:30	2	SUCCESS
SENDING_BLOCK	16-12-2021 12:34:30	2
SENDING_BLOCK	16-12-2021 12:34:30	2
SENDING_BLOCK	16-12-2021 12:34:31	2
SENDING_BLOCK	16-12-2021 12:34:31	2
SENDING_BLOCK	16-12-2021 12:34:31	3
REQUEST_BLOCK	16-12-2021 12:34:33	3
RECEIVED_BLOCK	16-12-2021 12:34:35	3	SUCCESS
SENDING_BLOCK	16-12-2021 12:34:35	3
SENDING_BLOCK	16-12-2021 12:34:35	3
SENDING_BLOCK	16-12-2021 12:34:36	3
SENDING_BLOCK	16-12-2021 12:34:36	3
SENDING_BLOCK	16-12-2021 12:34:36	3
