sockaddr 2, 36895, 553686282
SQLite version: 3.37.0
&sockfd: 0xffefffb7c
hm_args.sockfd : 0xffefffb7c
Started proc!
sockfd: 0xffefffb7c
Started proc!
handle_heartbeat(sockfd, db);
1
There are 0 peers online!
Sending netinfo
Printing 24 bytes from 0x59966c0.
--- start bytes ---
01 00 00 00 00 00 00 00 18 00 00 00 00 00 00 00 
00 00 62 d8 00 00 00 00 
--- end bytes ---
Started proc!
handle_heartbeat(sockfd, db);
2
There are 0 peers online!
Sending netinfo
Printing 24 bytes from 0x59b0120.
--- start bytes ---
01 00 00 00 00 00 00 00 18 00 00 00 00 00 00 00 
00 00 62 d8 00 00 00 00 
--- end bytes ---
Started proc!
Started proc!
handle_heartbeat(sockfd, db);
3
handle_acknowledge_netinfo(sockfd, db);
There are 0 peers online!
Sending netinfo
Printing 24 bytes from 0x59ca260.
--- start bytes ---
01 00 00 00 00 00 00 00 18 00 00 00 00 00 00 00 
00 00 62 d8 00 00 00 00 
--- end bytes ---
Insterted!
Started proc!
handle_acknowledge_netinfo(sockfd, db);
handle_acknowledge_netinfo(sockfd, db);
Started proc!
Insterted!
Insterted!
Started proc!
handle_heartbeat(sockfd, db);
4
family: 2, port: 53764, addr: 587240714
family: 2, port: 53764, addr: 620795146
family: 2, port: 53764, addr: 604017930
There are 3 peers online!
Sending netinfo
Printing 48 bytes from 0x59e4dc0.
--- start bytes ---
01 00 00 00 00 00 00 00 30 00 00 00 00 00 00 00 
d4 e8 f8 50 00 00 00 00 02 00 04 d2 0a 95 00 23 
02 00 04 d2 0a 95 00 25 02 00 04 d2 0a 95 00 24 
--- end bytes ---
Started proc!
handle_heartbeat(sockfd, db);
5
family: 2, port: 53764, addr: 587240714
family: 2, port: 53764, addr: 620795146
family: 2, port: 53764, addr: 604017930
There are 3 peers online!
Sending netinfo
Printing 48 bytes from 0x59fea60.
--- start bytes ---
01 00 00 00 00 00 00 00 30 00 00 00 00 00 00 00 
d4 e8 f8 50 00 00 00 00 02 00 04 d2 0a 95 00 23 
02 00 04 d2 0a 95 00 25 02 00 04 d2 0a 95 00 24 
--- end bytes ---
Started proc!
handle_acknowledge_netinfo(sockfd, db);
handle_heartbeat(sockfd, db);
6
Started proc!
Insterted!
family: 2, port: 53764, addr: 587240714
family: 2, port: 53764, addr: 620795146
family: 2, port: 53764, addr: 604017930
family: 2, port: 53764, addr: 637572362
There are 4 peers online!
Sending netinfo
Printing 56 bytes from 0x5a18d00.
--- start bytes ---
01 00 00 00 00 00 00 00 38 00 00 00 00 00 00 00 
da de c8 81 00 00 00 00 02 00 04 d2 0a 95 00 23 
02 00 04 d2 0a 95 00 25 02 00 04 d2 0a 95 00 24 
02 00 04 d2 0a 95 00 26 
--- end bytes ---
Started proc!
handle_heartbeat(sockfd, db);
7
handle_heartbeat(sockfd, db);
8
Started proc!
Started proc!
Started proc!
handle_acknowledge_netinfo(sockfd, db);
handle_heartbeat(sockfd, db);
9
family: 2, port: 53764, addr: 587240714
family: 2, port: 53764, addr: 620795146
family: 2, port: 53764, addr: 604017930
family: 2, port: 53764, addr: 637572362
There are 4 peers online!
Sending netinfo
Printing 56 bytes from 0x5a33c60.
--- start bytes ---
01 00 00 00 00 00 00 00 38 00 00 00 00 00 00 00 
da de c8 81 00 00 00 00 02 00 04 d2 0a 95 00 23 
02 00 04 d2 0a 95 00 25 02 00 04 d2 0a 95 00 24 
02 00 04 d2 0a 95 00 26 
--- end bytes ---
family: 2, port: 53764, addr: 587240714
family: 2, port: 53764, addr: 620795146
family: 2, port: 53764, addr: 604017930
family: 2, port: 53764, addr: 637572362
There are 4 peers online!
Sending netinfo
Printing 56 bytes from 0x5a4d800.
--- start bytes ---
01 00 00 00 00 00 00 00 38 00 00 00 00 00 00 00 
da de c8 81 00 00 00 00 02 00 04 d2 0a 95 00 23 
02 00 04 d2 0a 95 00 25 02 00 04 d2 0a 95 00 24 
02 00 04 d2 0a 95 00 26 
--- end bytes ---
Insterted!
family: 2, port: 53764, addr: 587240714
family: 2, port: 53764, addr: 620795146
family: 2, port: 53764, addr: 604017930
family: 2, port: 53764, addr: 637572362
family: 2, port: 53764, addr: 654349578
There are 5 peers online!
Sending netinfo
Printing 64 bytes from 0x5a673b0.
--- start bytes ---
01 00 00 00 00 00 00 00 40 00 00 00 00 00 00 00 
fc 9d 4e e5 00 00 00 00 02 00 04 d2 0a 95 00 23 
02 00 04 d2 0a 95 00 25 02 00 04 d2 0a 95 00 24 
02 00 04 d2 0a 95 00 26 02 00 04 d2 0a 95 00 27 
--- end bytes ---
Started proc!
handle_heartbeat(sockfd, db);
10
family: 2, port: 53764, addr: 587240714
family: 2, port: 53764, addr: 620795146
family: 2, port: 53764, addr: 604017930
family: 2, port: 53764, addr: 637572362
family: 2, port: 53764, addr: 654349578
There are 5 peers online!
Sending netinfo
Printing 64 bytes from 0x5a81340.
--- start bytes ---
01 00 00 00 00 00 00 00 40 00 00 00 00 00 00 00 
fc 9d 4e e5 00 00 00 00 02 00 04 d2 0a 95 00 23 
02 00 04 d2 0a 95 00 25 02 00 04 d2 0a 95 00 24 
02 00 04 d2 0a 95 00 26 02 00 04 d2 0a 95 00 27 
--- end bytes ---
Started proc!
handle_heartbeat(sockfd, db);
11
handle_acknowledge_netinfo(sockfd, db);
Started proc!
family: 2, port: 53764, addr: 587240714
family: 2, port: 53764, addr: 620795146
family: 2, port: 53764, addr: 604017930
family: 2, port: 53764, addr: 637572362
family: 2, port: 53764, addr: 654349578
There are 5 peers online!
Sending netinfo
Printing 64 bytes from 0x5a9b360.
--- start bytes ---
01 00 00 00 00 00 00 00 40 00 00 00 00 00 00 00 
fc 9d 4e e5 00 00 00 00 02 00 04 d2 0a 95 00 23 
02 00 04 d2 0a 95 00 25 02 00 04 d2 0a 95 00 24 
02 00 04 d2 0a 95 00 26 02 00 04 d2 0a 95 00 27 
--- end bytes ---
Insterted!
Started proc!
handle_acknowledge_netinfo(sockfd, db);
handle_heartbeat(sockfd, db);
12
Started proc!
family: 2, port: 53764, addr: 587240714
family: 2, port: 53764, addr: 620795146
family: 2, port: 53764, addr: 604017930
family: 2, port: 53764, addr: 637572362
family: 2, port: 53764, addr: 654349578
family: 2, port: 53764, addr: 671126794
There are 6 peers online!
Sending netinfo
Printing 72 bytes from 0x5ab5640.
--- start bytes ---
01 00 00 00 00 00 00 00 48 00 00 00 00 00 00 00 
7c b4 48 b1 00 00 00 00 02 00 04 d2 0a 95 00 23 
02 00 04 d2 0a 95 00 25 02 00 04 d2 0a 95 00 24 
02 00 04 d2 0a 95 00 26 02 00 04 d2 0a 95 00 27 
02 00 04 d2 0a 95 00 28 
--- end bytes ---
Insterted!
Started proc!
handle_heartbeat(sockfd, db);
13
handle_heartbeat(sockfd, db);
14
Started proc!
Started proc!
handle_acknowledge_netinfo(sockfd, db);
handle_heartbeat(sockfd, db);
15
Started proc!
family: 2, port: 53764, addr: 587240714
family: 2, port: 53764, addr: 620795146
family: 2, port: 53764, addr: 604017930
family: 2, port: 53764, addr: 637572362
family: 2, port: 53764, addr: 654349578
family: 2, port: 53764, addr: 671126794
family: 2, port: 53764, addr: 687904010
There are 7 peers online!
Sending netinfo
Printing 80 bytes from 0x5ad03c0.
--- start bytes ---
01 00 00 00 00 00 00 00 50 00 00 00 00 00 00 00 
82 0a 02 f0 00 00 00 00 02 00 04 d2 0a 95 00 23 
02 00 04 d2 0a 95 00 25 02 00 04 d2 0a 95 00 24 
02 00 04 d2 0a 95 00 26 02 00 04 d2 0a 95 00 27 
02 00 04 d2 0a 95 00 28 02 00 04 d2 0a 95 00 29 
--- end bytes ---
family: 2, port: 53764, addr: 587240714
family: 2, port: 53764, addr: 620795146
family: 2, port: 53764, addr: 604017930
family: 2, port: 53764, addr: 637572362
family: 2, port: 53764, addr: 654349578
family: 2, port: 53764, addr: 671126794
family: 2, port: 53764, addr: 687904010
There are 7 peers online!
Sending netinfo
Printing 80 bytes from 0x5ae9fb0.
--- start bytes ---
01 00 00 00 00 00 00 00 50 00 00 00 00 00 00 00 
82 0a 02 f0 00 00 00 00 02 00 04 d2 0a 95 00 23 
02 00 04 d2 0a 95 00 25 02 00 04 d2 0a 95 00 24 
02 00 04 d2 0a 95 00 26 02 00 04 d2 0a 95 00 27 
02 00 04 d2 0a 95 00 28 02 00 04 d2 0a 95 00 29 
--- end bytes ---
family: 2, port: 53764, addr: 587240714
family: 2, port: 53764, addr: 620795146
family: 2, port: 53764, addr: 604017930
family: 2, port: 53764, addr: 637572362
family: 2, port: 53764, addr: 654349578
family: 2, port: 53764, addr: 671126794
family: 2, port: 53764, addr: 687904010
There are 7 peers online!
Sending netinfo
Printing 80 bytes from 0x5b038f0.
--- start bytes ---
01 00 00 00 00 00 00 00 50 00 00 00 00 00 00 00 
82 0a 02 f0 00 00 00 00 02 00 04 d2 0a 95 00 23 
02 00 04 d2 0a 95 00 25 02 00 04 d2 0a 95 00 24 
02 00 04 d2 0a 95 00 26 02 00 04 d2 0a 95 00 27 
02 00 04 d2 0a 95 00 28 02 00 04 d2 0a 95 00 29 
--- end bytes ---
Insterted!
Started proc!
handle_heartbeat(sockfd, db);
16
handle_heartbeat(sockfd, db);
17
Started proc!
handle_heartbeat(sockfd, db);
18
Started proc!
family: 2, port: 53764, addr: 587240714
family: 2, port: 53764, addr: 620795146
family: 2, port: 53764, addr: 604017930
family: 2, port: 53764, addr: 637572362
family: 2, port: 53764, addr: 654349578
family: 2, port: 53764, addr: 671126794
family: 2, port: 53764, addr: 687904010
family: 2, port: 53764, addr: 704681226
There are 8 peers online!
Sending netinfo
Printing 88 bytes from 0x5b1e4f0.
--- start bytes ---
01 00 00 00 00 00 00 00 58 00 00 00 00 00 00 00 
22 19 c8 a3 00 00 00 00 02 00 04 d2 0a 95 00 23 
02 00 04 d2 0a 95 00 25 02 00 04 d2 0a 95 00 24 
02 00 04 d2 0a 95 00 26 02 00 04 d2 0a 95 00 27 
02 00 04 d2 0a 95 00 28 02 00 04 d2 0a 95 00 29 
02 00 04 d2 0a 95 00 2a 
--- end bytes ---
family: 2, port: 53764, addr: 587240714
family: 2, port: 53764, addr: 620795146
family: 2, port: 53764, addr: 604017930
family: 2, port: 53764, addr: 637572362
family: 2, port: 53764, addr: 654349578
family: 2, port: 53764, addr: 671126794
family: 2, port: 53764, addr: 687904010
family: 2, port: 53764, addr: 704681226
There are 8 peers online!
Sending netinfo
Printing 88 bytes from 0x5b38110.
--- start bytes ---
01 00 00 00 00 00 00 00 58 00 00 00 00 00 00 00 
22 19 c8 a3 00 00 00 00 02 00 04 d2 0a 95 00 23 
02 00 04 d2 0a 95 00 25 02 00 04 d2 0a 95 00 24 
02 00 04 d2 0a 95 00 26 02 00 04 d2 0a 95 00 27 
02 00 04 d2 0a 95 00 28 02 00 04 d2 0a 95 00 29 
02 00 04 d2 0a 95 00 2a 
--- end bytes ---
family: 2, port: 53764, addr: 587240714
family: 2, port: 53764, addr: 620795146
family: 2, port: 53764, addr: 604017930
family: 2, port: 53764, addr: 637572362
family: 2, port: 53764, addr: 654349578
family: 2, port: 53764, addr: 671126794
family: 2, port: 53764, addr: 687904010
family: 2, port: 53764, addr: 704681226
There are 8 peers online!
Sending netinfo
Printing 88 bytes from 0x5b518d0.
--- start bytes ---
01 00 00 00 00 00 00 00 58 00 00 00 00 00 00 00 
22 19 c8 a3 00 00 00 00 02 00 04 d2 0a 95 00 23 
02 00 04 d2 0a 95 00 25 02 00 04 d2 0a 95 00 24 
02 00 04 d2 0a 95 00 26 02 00 04 d2 0a 95 00 27 
02 00 04 d2 0a 95 00 28 02 00 04 d2 0a 95 00 29 
02 00 04 d2 0a 95 00 2a 
--- end bytes ---
Started proc!
handle_acknowledge_netinfo(sockfd, db);
handle_heartbeat(sockfd, db);
19
Started proc!
Started proc!
handle_heartbeat(sockfd, db);
20
family: 2, port: 53764, addr: 587240714
family: 2, port: 53764, addr: 620795146
family: 2, port: 53764, addr: 604017930
family: 2, port: 53764, addr: 637572362
family: 2, port: 53764, addr: 654349578
family: 2, port: 53764, addr: 671126794
family: 2, port: 53764, addr: 687904010
family: 2, port: 53764, addr: 704681226
There are 8 peers online!
Sending netinfo
Printing 88 bytes from 0x5b6bff0.
--- start bytes ---
01 00 00 00 00 00 00 00 58 00 00 00 00 00 00 00 
22 19 c8 a3 00 00 00 00 02 00 04 d2 0a 95 00 23 
02 00 04 d2 0a 95 00 25 02 00 04 d2 0a 95 00 24 
02 00 04 d2 0a 95 00 26 02 00 04 d2 0a 95 00 27 
02 00 04 d2 0a 95 00 28 02 00 04 d2 0a 95 00 29 
02 00 04 d2 0a 95 00 2a 
--- end bytes ---
family: 2, port: 53764, addr: 587240714
family: 2, port: 53764, addr: 620795146
family: 2, port: 53764, addr: 604017930
family: 2, port: 53764, addr: 637572362
family: 2, port: 53764, addr: 654349578
family: 2, port: 53764, addr: 671126794
family: 2, port: 53764, addr: 687904010
family: 2, port: 53764, addr: 704681226
There are 8 peers online!
Sending netinfo
Printing 88 bytes from 0x5b85960.
--- start bytes ---
01 00 00 00 00 00 00 00 58 00 00 00 00 00 00 00 
22 19 c8 a3 00 00 00 00 02 00 04 d2 0a 95 00 23 
02 00 04 d2 0a 95 00 25 02 00 04 d2 0a 95 00 24 
02 00 04 d2 0a 95 00 26 02 00 04 d2 0a 95 00 27 
02 00 04 d2 0a 95 00 28 02 00 04 d2 0a 95 00 29 
02 00 04 d2 0a 95 00 2a 
--- end bytes ---
Insterted!
Started proc!
handle_acknowledge_netinfo(sockfd, db);
handle_heartbeat(sockfd, db);
21
Started proc!
Started proc!
handle_acknowledge_netinfo(sockfd, db);
Insterted!
Insterted!
family: 2, port: 53764, addr: 587240714
family: 2, port: 53764, addr: 620795146
family: 2, port: 53764, addr: 604017930
family: 2, port: 53764, addr: 637572362
family: 2, port: 53764, addr: 654349578
family: 2, port: 53764, addr: 671126794
family: 2, port: 53764, addr: 687904010
family: 2, port: 53764, addr: 704681226
family: 2, port: 53764, addr: 721458442
family: 2, port: 53764, addr: 570463498
family: 2, port: 53764, addr: 738235658
There are 11 peers online!
Sending netinfo
Printing 112 bytes from 0x5ba0890.
--- start bytes ---
01 00 00 00 00 00 00 00 70 00 00 00 00 00 00 00 
90 24 4e d4 00 00 00 00 02 00 04 d2 0a 95 00 23 
02 00 04 d2 0a 95 00 25 02 00 04 d2 0a 95 00 24 
02 00 04 d2 0a 95 00 26 02 00 04 d2 0a 95 00 27 
02 00 04 d2 0a 95 00 28 02 00 04 d2 0a 95 00 29 
02 00 04 d2 0a 95 00 2a 02 00 04 d2 0a 95 00 2b 
02 00 04 d2 0a 95 00 22 02 00 04 d2 0a 95 00 2c 
--- end bytes ---
Started proc!
handle_heartbeat(sockfd, db);
22
handle_heartbeat(sockfd, db);
23
Started proc!
family: 2, port: 53764, addr: 587240714
family: 2, port: 53764, addr: 620795146
family: 2, port: 53764, addr: 604017930
family: 2, port: 53764, addr: 637572362
family: 2, port: 53764, addr: 654349578
family: 2, port: 53764, addr: 671126794
family: 2, port: 53764, addr: 687904010
family: 2, port: 53764, addr: 704681226
family: 2, port: 53764, addr: 721458442
family: 2, port: 53764, addr: 570463498
family: 2, port: 53764, addr: 738235658
There are 11 peers online!
Sending netinfo
Printing 112 bytes from 0x5bbacc0.
--- start bytes ---
01 00 00 00 00 00 00 00 70 00 00 00 00 00 00 00 
90 24 4e d4 00 00 00 00 02 00 04 d2 0a 95 00 23 
02 00 04 d2 0a 95 00 25 02 00 04 d2 0a 95 00 24 
02 00 04 d2 0a 95 00 26 02 00 04 d2 0a 95 00 27 
02 00 04 d2 0a 95 00 28 02 00 04 d2 0a 95 00 29 
02 00 04 d2 0a 95 00 2a 02 00 04 d2 0a 95 00 2b 
02 00 04 d2 0a 95 00 22 02 00 04 d2 0a 95 00 2c 
--- end bytes ---
family: 2, port: 53764, addr: 587240714
family: 2, port: 53764, addr: 620795146
family: 2, port: 53764, addr: 604017930
family: 2, port: 53764, addr: 637572362
family: 2, port: 53764, addr: 654349578
family: 2, port: 53764, addr: 671126794
family: 2, port: 53764, addr: 687904010
family: 2, port: 53764, addr: 704681226
family: 2, port: 53764, addr: 721458442
family: 2, port: 53764, addr: 570463498
family: 2, port: 53764, addr: 738235658
There are 11 peers online!
Sending netinfo
Printing 112 bytes from 0x5bd4930.
--- start bytes ---
01 00 00 00 00 00 00 00 70 00 00 00 00 00 00 00 
90 24 4e d4 00 00 00 00 02 00 04 d2 0a 95 00 23 
02 00 04 d2 0a 95 00 25 02 00 04 d2 0a 95 00 24 
02 00 04 d2 0a 95 00 26 02 00 04 d2 0a 95 00 27 
02 00 04 d2 0a 95 00 28 02 00 04 d2 0a 95 00 29 
02 00 04 d2 0a 95 00 2a 02 00 04 d2 0a 95 00 2b 
02 00 04 d2 0a 95 00 22 02 00 04 d2 0a 95 00 2c 
--- end bytes ---
Started proc!
handle_heartbeat(sockfd, db);
24
handle_heartbeat(sockfd, db);
25
Started proc!
family: 2, port: 53764, addr: 587240714
family: 2, port: 53764, addr: 620795146
family: 2, port: 53764, addr: 604017930
family: 2, port: 53764, addr: 637572362
family: 2, port: 53764, addr: 654349578
family: 2, port: 53764, addr: 671126794
family: 2, port: 53764, addr: 687904010
family: 2, port: 53764, addr: 704681226
family: 2, port: 53764, addr: 721458442
family: 2, port: 53764, addr: 570463498
family: 2, port: 53764, addr: 738235658
There are 11 peers online!
Sending netinfo
Printing 112 bytes from 0x5beed60.
--- start bytes ---
01 00 00 00 00 00 00 00 70 00 00 00 00 00 00 00 
90 24 4e d4 00 00 00 00 02 00 04 d2 0a 95 00 23 
02 00 04 d2 0a 95 00 25 02 00 04 d2 0a 95 00 24 
02 00 04 d2 0a 95 00 26 02 00 04 d2 0a 95 00 27 
02 00 04 d2 0a 95 00 28 02 00 04 d2 0a 95 00 29 
02 00 04 d2 0a 95 00 2a 02 00 04 d2 0a 95 00 2b 
02 00 04 d2 0a 95 00 22 02 00 04 d2 0a 95 00 2c 
--- end bytes ---
family: 2, port: 53764, addr: 587240714
family: 2, port: 53764, addr: 620795146
family: 2, port: 53764, addr: 604017930
family: 2, port: 53764, addr: 637572362
family: 2, port: 53764, addr: 654349578
family: 2, port: 53764, addr: 671126794
family: 2, port: 53764, addr: 687904010
family: 2, port: 53764, addr: 704681226
family: 2, port: 53764, addr: 721458442
family: 2, port: 53764, addr: 570463498
family: 2, port: 53764, addr: 738235658
There are 11 peers online!
Sending netinfo
Printing 112 bytes from 0x5c089d0.
--- start bytes ---
01 00 00 00 00 00 00 00 70 00 00 00 00 00 00 00 
90 24 4e d4 00 00 00 00 02 00 04 d2 0a 95 00 23 
02 00 04 d2 0a 95 00 25 02 00 04 d2 0a 95 00 24 
02 00 04 d2 0a 95 00 26 02 00 04 d2 0a 95 00 27 
02 00 04 d2 0a 95 00 28 02 00 04 d2 0a 95 00 29 
02 00 04 d2 0a 95 00 2a 02 00 04 d2 0a 95 00 2b 
02 00 04 d2 0a 95 00 22 02 00 04 d2 0a 95 00 2c 
--- end bytes ---
Started proc!
handle_heartbeat(sockfd, db);
26
handle_heartbeat(sockfd, db);
27
Started proc!
handle_heartbeat(sockfd, db);
28
Started proc!
family: 2, port: 53764, addr: 587240714
family: 2, port: 53764, addr: 620795146
family: 2, port: 53764, addr: 604017930
family: 2, port: 53764, addr: 637572362
family: 2, port: 53764, addr: 654349578
family: 2, port: 53764, addr: 671126794
family: 2, port: 53764, addr: 687904010
family: 2, port: 53764, addr: 704681226
family: 2, port: 53764, addr: 721458442
family: 2, port: 53764, addr: 570463498
family: 2, port: 53764, addr: 738235658
There are 11 peers online!
Sending netinfo
Printing 112 bytes from 0x5c233b0.
--- start bytes ---
01 00 00 00 00 00 00 00 70 00 00 00 00 00 00 00 
90 24 4e d4 00 00 00 00 02 00 04 d2 0a 95 00 23 
02 00 04 d2 0a 95 00 25 02 00 04 d2 0a 95 00 24 
02 00 04 d2 0a 95 00 26 02 00 04 d2 0a 95 00 27 
02 00 04 d2 0a 95 00 28 02 00 04 d2 0a 95 00 29 
02 00 04 d2 0a 95 00 2a 02 00 04 d2 0a 95 00 2b 
02 00 04 d2 0a 95 00 22 02 00 04 d2 0a 95 00 2c 
--- end bytes ---
family: 2, port: 53764, addr: 587240714
family: 2, port: 53764, addr: 620795146
family: 2, port: 53764, addr: 604017930
family: 2, port: 53764, addr: 637572362
family: 2, port: 53764, addr: 654349578
family: 2, port: 53764, addr: 671126794
family: 2, port: 53764, addr: 687904010
family: 2, port: 53764, addr: 704681226
family: 2, port: 53764, addr: 721458442
family: 2, port: 53764, addr: 570463498
family: 2, port: 53764, addr: 738235658
There are 11 peers online!
Sending netinfo
Printing 112 bytes from 0x5c3cba0.
--- start bytes ---
01 00 00 00 00 00 00 00 70 00 00 00 00 00 00 00 
90 24 4e d4 00 00 00 00 02 00 04 d2 0a 95 00 23 
02 00 04 d2 0a 95 00 25 02 00 04 d2 0a 95 00 24 
02 00 04 d2 0a 95 00 26 02 00 04 d2 0a 95 00 27 
02 00 04 d2 0a 95 00 28 02 00 04 d2 0a 95 00 29 
02 00 04 d2 0a 95 00 2a 02 00 04 d2 0a 95 00 2b 
02 00 04 d2 0a 95 00 22 02 00 04 d2 0a 95 00 2c 
--- end bytes ---
family: 2, port: 53764, addr: 587240714
family: 2, port: 53764, addr: 620795146
family: 2, port: 53764, addr: 604017930
family: 2, port: 53764, addr: 637572362
family: 2, port: 53764, addr: 654349578
family: 2, port: 53764, addr: 671126794
family: 2, port: 53764, addr: 687904010
family: 2, port: 53764, addr: 704681226
family: 2, port: 53764, addr: 721458442
family: 2, port: 53764, addr: 570463498
family: 2, port: 53764, addr: 738235658
There are 11 peers online!
Sending netinfo
Printing 112 bytes from 0x5c56810.
--- start bytes ---
01 00 00 00 00 00 00 00 70 00 00 00 00 00 00 00 
90 24 4e d4 00 00 00 00 02 00 04 d2 0a 95 00 23 
02 00 04 d2 0a 95 00 25 02 00 04 d2 0a 95 00 24 
02 00 04 d2 0a 95 00 26 02 00 04 d2 0a 95 00 27 
02 00 04 d2 0a 95 00 28 02 00 04 d2 0a 95 00 29 
02 00 04 d2 0a 95 00 2a 02 00 04 d2 0a 95 00 2b 
02 00 04 d2 0a 95 00 22 02 00 04 d2 0a 95 00 2c 
--- end bytes ---
Started proc!
handle_heartbeat(sockfd, db);
29
handle_heartbeat(sockfd, db);
30
Started proc!
Started proc!
handle_heartbeat(sockfd, db);
31
family: 2, port: 53764, addr: 587240714
family: 2, port: 53764, addr: 620795146
family: 2, port: 53764, addr: 604017930
family: 2, port: 53764, addr: 637572362
family: 2, port: 53764, addr: 654349578
family: 2, port: 53764, addr: 671126794
family: 2, port: 53764, addr: 687904010
family: 2, port: 53764, addr: 704681226
family: 2, port: 53764, addr: 721458442
family: 2, port: 53764, addr: 570463498
family: 2, port: 53764, addr: 738235658
There are 11 peers online!
Sending netinfo
Printing 112 bytes from 0x5c712d0.
--- start bytes ---
01 00 00 00 00 00 00 00 70 00 00 00 00 00 00 00 
90 24 4e d4 00 00 00 00 02 00 04 d2 0a 95 00 23 
02 00 04 d2 0a 95 00 25 02 00 04 d2 0a 95 00 24 
02 00 04 d2 0a 95 00 26 02 00 04 d2 0a 95 00 27 
02 00 04 d2 0a 95 00 28 02 00 04 d2 0a 95 00 29 
02 00 04 d2 0a 95 00 2a 02 00 04 d2 0a 95 00 2b 
02 00 04 d2 0a 95 00 22 02 00 04 d2 0a 95 00 2c 
--- end bytes ---
family: 2, port: 53764, addr: 587240714
family: 2, port: 53764, addr: 620795146
family: 2, port: 53764, addr: 604017930
family: 2, port: 53764, addr: 637572362
family: 2, port: 53764, addr: 654349578
family: 2, port: 53764, addr: 671126794
family: 2, port: 53764, addr: 687904010
family: 2, port: 53764, addr: 704681226
family: 2, port: 53764, addr: 721458442
family: 2, port: 53764, addr: 570463498
family: 2, port: 53764, addr: 738235658
There are 11 peers online!
Sending netinfo
Printing 112 bytes from 0x5c8af40.
--- start bytes ---
01 00 00 00 00 00 00 00 70 00 00 00 00 00 00 00 
90 24 4e d4 00 00 00 00 02 00 04 d2 0a 95 00 23 
02 00 04 d2 0a 95 00 25 02 00 04 d2 0a 95 00 24 
02 00 04 d2 0a 95 00 26 02 00 04 d2 0a 95 00 27 
02 00 04 d2 0a 95 00 28 02 00 04 d2 0a 95 00 29 
02 00 04 d2 0a 95 00 2a 02 00 04 d2 0a 95 00 2b 
02 00 04 d2 0a 95 00 22 02 00 04 d2 0a 95 00 2c 
--- end bytes ---
family: 2, port: 53764, addr: 587240714
family: 2, port: 53764, addr: 620795146
family: 2, port: 53764, addr: 604017930
family: 2, port: 53764, addr: 637572362
family: 2, port: 53764, addr: 654349578
family: 2, port: 53764, addr: 671126794
family: 2, port: 53764, addr: 687904010
family: 2, port: 53764, addr: 704681226
family: 2, port: 53764, addr: 721458442
family: 2, port: 53764, addr: 570463498
family: 2, port: 53764, addr: 738235658
There are 11 peers online!
Sending netinfo
Printing 112 bytes from 0x5ca4900.
--- start bytes ---
01 00 00 00 00 00 00 00 70 00 00 00 00 00 00 00 
90 24 4e d4 00 00 00 00 02 00 04 d2 0a 95 00 23 
02 00 04 d2 0a 95 00 25 02 00 04 d2 0a 95 00 24 
02 00 04 d2 0a 95 00 26 02 00 04 d2 0a 95 00 27 
02 00 04 d2 0a 95 00 28 02 00 04 d2 0a 95 00 29 
02 00 04 d2 0a 95 00 2a 02 00 04 d2 0a 95 00 2b 
02 00 04 d2 0a 95 00 22 02 00 04 d2 0a 95 00 2c 
--- end bytes ---
Started proc!
handle_heartbeat(sockfd, db);
32
family: 2, port: 53764, addr: 587240714
family: 2, port: 53764, addr: 620795146
family: 2, port: 53764, addr: 604017930
family: 2, port: 53764, addr: 637572362
family: 2, port: 53764, addr: 654349578
family: 2, port: 53764, addr: 671126794
family: 2, port: 53764, addr: 687904010
family: 2, port: 53764, addr: 704681226
family: 2, port: 53764, addr: 721458442
family: 2, port: 53764, addr: 570463498
family: 2, port: 53764, addr: 738235658
There are 11 peers online!
Sending netinfo
Printing 112 bytes from 0x5cbec00.
--- start bytes ---
01 00 00 00 00 00 00 00 70 00 00 00 00 00 00 00 
90 24 4e d4 00 00 00 00 02 00 04 d2 0a 95 00 23 
02 00 04 d2 0a 95 00 25 02 00 04 d2 0a 95 00 24 
02 00 04 d2 0a 95 00 26 02 00 04 d2 0a 95 00 27 
02 00 04 d2 0a 95 00 28 02 00 04 d2 0a 95 00 29 
02 00 04 d2 0a 95 00 2a 02 00 04 d2 0a 95 00 2b 
02 00 04 d2 0a 95 00 22 02 00 04 d2 0a 95 00 2c 
--- end bytes ---
Started proc!
handle_heartbeat(sockfd, db);
33
handle_heartbeat(sockfd, db);
34
Started proc!
family: 2, port: 53764, addr: 587240714
family: 2, port: 53764, addr: 620795146
family: 2, port: 53764, addr: 604017930
family: 2, port: 53764, addr: 637572362
family: 2, port: 53764, addr: 654349578
family: 2, port: 53764, addr: 671126794
family: 2, port: 53764, addr: 687904010
family: 2, port: 53764, addr: 704681226
family: 2, port: 53764, addr: 721458442
family: 2, port: 53764, addr: 570463498
family: 2, port: 53764, addr: 738235658
There are 11 peers online!
Sending netinfo
Printing 112 bytes from 0x5cd9030.
--- start bytes ---
01 00 00 00 00 00 00 00 70 00 00 00 00 00 00 00 
90 24 4e d4 00 00 00 00 02 00 04 d2 0a 95 00 23 
02 00 04 d2 0a 95 00 25 02 00 04 d2 0a 95 00 24 
02 00 04 d2 0a 95 00 26 02 00 04 d2 0a 95 00 27 
02 00 04 d2 0a 95 00 28 02 00 04 d2 0a 95 00 29 
02 00 04 d2 0a 95 00 2a 02 00 04 d2 0a 95 00 2b 
02 00 04 d2 0a 95 00 22 02 00 04 d2 0a 95 00 2c 
--- end bytes ---
family: 2, port: 53764, addr: 587240714
family: 2, port: 53764, addr: 620795146
family: 2, port: 53764, addr: 604017930
family: 2, port: 53764, addr: 637572362
family: 2, port: 53764, addr: 654349578
family: 2, port: 53764, addr: 671126794
family: 2, port: 53764, addr: 687904010
family: 2, port: 53764, addr: 704681226
family: 2, port: 53764, addr: 721458442
family: 2, port: 53764, addr: 570463498
family: 2, port: 53764, addr: 738235658
There are 11 peers online!
Sending netinfo
Printing 112 bytes from 0x5cf2ca0.
--- start bytes ---
01 00 00 00 00 00 00 00 70 00 00 00 00 00 00 00 
90 24 4e d4 00 00 00 00 02 00 04 d2 0a 95 00 23 
02 00 04 d2 0a 95 00 25 02 00 04 d2 0a 95 00 24 
02 00 04 d2 0a 95 00 26 02 00 04 d2 0a 95 00 27 
02 00 04 d2 0a 95 00 28 02 00 04 d2 0a 95 00 29 
02 00 04 d2 0a 95 00 2a 02 00 04 d2 0a 95 00 2b 
02 00 04 d2 0a 95 00 22 02 00 04 d2 0a 95 00 2c 
--- end bytes ---
Started proc!
handle_heartbeat(sockfd, db);
35
handle_heartbeat(sockfd, db);
36
Started proc!
family: 2, port: 53764, addr: 587240714
family: 2, port: 53764, addr: 620795146
family: 2, port: 53764, addr: 604017930
family: 2, port: 53764, addr: 637572362
family: 2, port: 53764, addr: 654349578
family: 2, port: 53764, addr: 671126794
family: 2, port: 53764, addr: 687904010
family: 2, port: 53764, addr: 704681226
family: 2, port: 53764, addr: 721458442
family: 2, port: 53764, addr: 570463498
family: 2, port: 53764, addr: 738235658
There are 11 peers online!
Sending netinfo
Printing 112 bytes from 0x5d0d0d0.
--- start bytes ---
01 00 00 00 00 00 00 00 70 00 00 00 00 00 00 00 
90 24 4e d4 00 00 00 00 02 00 04 d2 0a 95 00 23 
02 00 04 d2 0a 95 00 25 02 00 04 d2 0a 95 00 24 
02 00 04 d2 0a 95 00 26 02 00 04 d2 0a 95 00 27 
02 00 04 d2 0a 95 00 28 02 00 04 d2 0a 95 00 29 
02 00 04 d2 0a 95 00 2a 02 00 04 d2 0a 95 00 2b 
02 00 04 d2 0a 95 00 22 02 00 04 d2 0a 95 00 2c 
--- end bytes ---
family: 2, port: 53764, addr: 587240714
family: 2, port: 53764, addr: 620795146
family: 2, port: 53764, addr: 604017930
family: 2, port: 53764, addr: 637572362
family: 2, port: 53764, addr: 654349578
family: 2, port: 53764, addr: 671126794
family: 2, port: 53764, addr: 687904010
family: 2, port: 53764, addr: 704681226
family: 2, port: 53764, addr: 721458442
family: 2, port: 53764, addr: 570463498
family: 2, port: 53764, addr: 738235658
There are 11 peers online!
Sending netinfo
Printing 112 bytes from 0x5d26a90.
--- start bytes ---
01 00 00 00 00 00 00 00 70 00 00 00 00 00 00 00 
90 24 4e d4 00 00 00 00 02 00 04 d2 0a 95 00 23 
02 00 04 d2 0a 95 00 25 02 00 04 d2 0a 95 00 24 
02 00 04 d2 0a 95 00 26 02 00 04 d2 0a 95 00 27 
02 00 04 d2 0a 95 00 28 02 00 04 d2 0a 95 00 29 
02 00 04 d2 0a 95 00 2a 02 00 04 d2 0a 95 00 2b 
02 00 04 d2 0a 95 00 22 02 00 04 d2 0a 95 00 2c 
--- end bytes ---
Started proc!
handle_heartbeat(sockfd, db);
37
Started proc!
handle_heartbeat(sockfd, db);
38
Started proc!
handle_heartbeat(sockfd, db);
39
family: 2, port: 53764, addr: 587240714
family: 2, port: 53764, addr: 620795146
family: 2, port: 53764, addr: 604017930
family: 2, port: 53764, addr: 637572362
family: 2, port: 53764, addr: 654349578
family: 2, port: 53764, addr: 671126794
family: 2, port: 53764, addr: 687904010
family: 2, port: 53764, addr: 704681226
family: 2, port: 53764, addr: 721458442
family: 2, port: 53764, addr: 570463498
family: 2, port: 53764, addr: 738235658
There are 11 peers online!
Sending netinfo
Printing 112 bytes from 0x5d41720.
--- start bytes ---
01 00 00 00 00 00 00 00 70 00 00 00 00 00 00 00 
90 24 4e d4 00 00 00 00 02 00 04 d2 0a 95 00 23 
02 00 04 d2 0a 95 00 25 02 00 04 d2 0a 95 00 24 
02 00 04 d2 0a 95 00 26 02 00 04 d2 0a 95 00 27 
02 00 04 d2 0a 95 00 28 02 00 04 d2 0a 95 00 29 
02 00 04 d2 0a 95 00 2a 02 00 04 d2 0a 95 00 2b 
02 00 04 d2 0a 95 00 22 02 00 04 d2 0a 95 00 2c 
--- end bytes ---
family: 2, port: 53764, addr: 587240714
family: 2, port: 53764, addr: 620795146
family: 2, port: 53764, addr: 604017930
family: 2, port: 53764, addr: 637572362
family: 2, port: 53764, addr: 654349578
family: 2, port: 53764, addr: 671126794
family: 2, port: 53764, addr: 687904010
family: 2, port: 53764, addr: 704681226
family: 2, port: 53764, addr: 721458442
family: 2, port: 53764, addr: 570463498
family: 2, port: 53764, addr: 738235658
There are 11 peers online!
Sending netinfo
Printing 112 bytes from 0x5d45ea0.
--- start bytes ---
01 00 00 00 00 00 00 00 70 00 00 00 00 00 00 00 
90 24 4e d4 00 00 00 00 02 00 04 d2 0a 95 00 23 
02 00 04 d2 0a 95 00 25 02 00 04 d2 0a 95 00 24 
02 00 04 d2 0a 95 00 26 02 00 04 d2 0a 95 00 27 
02 00 04 d2 0a 95 00 28 02 00 04 d2 0a 95 00 29 
02 00 04 d2 0a 95 00 2a 02 00 04 d2 0a 95 00 2b 
02 00 04 d2 0a 95 00 22 02 00 04 d2 0a 95 00 2c 
--- end bytes ---
family: 2, port: 53764, addr: 587240714
family: 2, port: 53764, addr: 620795146
family: 2, port: 53764, addr: 604017930
family: 2, port: 53764, addr: 637572362
family: 2, port: 53764, addr: 654349578
family: 2, port: 53764, addr: 671126794
family: 2, port: 53764, addr: 687904010
family: 2, port: 53764, addr: 704681226
family: 2, port: 53764, addr: 721458442
family: 2, port: 53764, addr: 570463498
family: 2, port: 53764, addr: 738235658
There are 11 peers online!
Sending netinfo
Printing 112 bytes from 0x5d4a450.
--- start bytes ---
01 00 00 00 00 00 00 00 70 00 00 00 00 00 00 00 
90 24 4e d4 00 00 00 00 02 00 04 d2 0a 95 00 23 
02 00 04 d2 0a 95 00 25 02 00 04 d2 0a 95 00 24 
02 00 04 d2 0a 95 00 26 02 00 04 d2 0a 95 00 27 
02 00 04 d2 0a 95 00 28 02 00 04 d2 0a 95 00 29 
02 00 04 d2 0a 95 00 2a 02 00 04 d2 0a 95 00 2b 
02 00 04 d2 0a 95 00 22 02 00 04 d2 0a 95 00 2c 
--- end bytes ---
Started proc!
handle_heartbeat(sockfd, db);
40
handle_heartbeat(sockfd, db);
41
Started proc!
handle_heartbeat(sockfd, db);
42
Started proc!
family: 2, port: 53764, addr: 587240714
family: 2, port: 53764, addr: 620795146
family: 2, port: 53764, addr: 604017930
family: 2, port: 53764, addr: 637572362
family: 2, port: 53764, addr: 654349578
family: 2, port: 53764, addr: 671126794
family: 2, port: 53764, addr: 687904010
family: 2, port: 53764, addr: 704681226
family: 2, port: 53764, addr: 721458442
family: 2, port: 53764, addr: 570463498
family: 2, port: 53764, addr: 738235658
There are 11 peers online!
Sending netinfo
Printing 112 bytes from 0x5d4e8f0.
--- start bytes ---
01 00 00 00 00 00 00 00 70 00 00 00 00 00 00 00 
90 24 4e d4 00 00 00 00 02 00 04 d2 0a 95 00 23 
02 00 04 d2 0a 95 00 25 02 00 04 d2 0a 95 00 24 
02 00 04 d2 0a 95 00 26 02 00 04 d2 0a 95 00 27 
02 00 04 d2 0a 95 00 28 02 00 04 d2 0a 95 00 29 
02 00 04 d2 0a 95 00 2a 02 00 04 d2 0a 95 00 2b 
02 00 04 d2 0a 95 00 22 02 00 04 d2 0a 95 00 2c 
--- end bytes ---
family: 2, port: 53764, addr: 587240714
family: 2, port: 53764, addr: 620795146
family: 2, port: 53764, addr: 604017930
family: 2, port: 53764, addr: 637572362
family: 2, port: 53764, addr: 654349578
family: 2, port: 53764, addr: 671126794
family: 2, port: 53764, addr: 687904010
family: 2, port: 53764, addr: 704681226
family: 2, port: 53764, addr: 721458442
family: 2, port: 53764, addr: 570463498
family: 2, port: 53764, addr: 738235658
There are 11 peers online!
Sending netinfo
Printing 112 bytes from 0x67ae2d0.
--- start bytes ---
01 00 00 00 00 00 00 00 70 00 00 00 00 00 00 00 
90 24 4e d4 00 00 00 00 02 00 04 d2 0a 95 00 23 
02 00 04 d2 0a 95 00 25 02 00 04 d2 0a 95 00 24 
02 00 04 d2 0a 95 00 26 02 00 04 d2 0a 95 00 27 
02 00 04 d2 0a 95 00 28 02 00 04 d2 0a 95 00 29 
02 00 04 d2 0a 95 00 2a 02 00 04 d2 0a 95 00 2b 
02 00 04 d2 0a 95 00 22 02 00 04 d2 0a 95 00 2c 
--- end bytes ---
family: 2, port: 53764, addr: 587240714
family: 2, port: 53764, addr: 620795146
family: 2, port: 53764, addr: 604017930
family: 2, port: 53764, addr: 637572362
family: 2, port: 53764, addr: 654349578
family: 2, port: 53764, addr: 671126794
family: 2, port: 53764, addr: 687904010
family: 2, port: 53764, addr: 704681226
family: 2, port: 53764, addr: 721458442
family: 2, port: 53764, addr: 570463498
family: 2, port: 53764, addr: 738235658
There are 11 peers online!
Sending netinfo
Printing 112 bytes from 0x67c7f40.
--- start bytes ---
01 00 00 00 00 00 00 00 70 00 00 00 00 00 00 00 
90 24 4e d4 00 00 00 00 02 00 04 d2 0a 95 00 23 
02 00 04 d2 0a 95 00 25 02 00 04 d2 0a 95 00 24 
02 00 04 d2 0a 95 00 26 02 00 04 d2 0a 95 00 27 
02 00 04 d2 0a 95 00 28 02 00 04 d2 0a 95 00 29 
02 00 04 d2 0a 95 00 2a 02 00 04 d2 0a 95 00 2b 
02 00 04 d2 0a 95 00 22 02 00 04 d2 0a 95 00 2c 
--- end bytes ---
Started proc!
handle_heartbeat(sockfd, db);
43
family: 2, port: 53764, addr: 587240714
family: 2, port: 53764, addr: 620795146
family: 2, port: 53764, addr: 604017930
family: 2, port: 53764, addr: 637572362
family: 2, port: 53764, addr: 654349578
family: 2, port: 53764, addr: 671126794
family: 2, port: 53764, addr: 687904010
family: 2, port: 53764, addr: 704681226
family: 2, port: 53764, addr: 721458442
family: 2, port: 53764, addr: 570463498
family: 2, port: 53764, addr: 738235658
There are 11 peers online!
Sending netinfo
Printing 112 bytes from 0x67e1f90.
--- start bytes ---
01 00 00 00 00 00 00 00 70 00 00 00 00 00 00 00 
90 24 4e d4 00 00 00 00 02 00 04 d2 0a 95 00 23 
02 00 04 d2 0a 95 00 25 02 00 04 d2 0a 95 00 24 
02 00 04 d2 0a 95 00 26 02 00 04 d2 0a 95 00 27 
02 00 04 d2 0a 95 00 28 02 00 04 d2 0a 95 00 29 
02 00 04 d2 0a 95 00 2a 02 00 04 d2 0a 95 00 2b 
02 00 04 d2 0a 95 00 22 02 00 04 d2 0a 95 00 2c 
--- end bytes ---
Started proc!
handle_heartbeat(sockfd, db);
44
handle_heartbeat(sockfd, db);
45
Started proc!
family: 2, port: 53764, addr: 587240714
family: 2, port: 53764, addr: 620795146
family: 2, port: 53764, addr: 604017930
family: 2, port: 53764, addr: 637572362
family: 2, port: 53764, addr: 654349578
family: 2, port: 53764, addr: 671126794
family: 2, port: 53764, addr: 687904010
family: 2, port: 53764, addr: 704681226
family: 2, port: 53764, addr: 721458442
family: 2, port: 53764, addr: 570463498
family: 2, port: 53764, addr: 738235658
There are 11 peers online!
Sending netinfo
Printing 112 bytes from 0x67fc3c0.
--- start bytes ---
01 00 00 00 00 00 00 00 70 00 00 00 00 00 00 00 
90 24 4e d4 00 00 00 00 02 00 04 d2 0a 95 00 23 
02 00 04 d2 0a 95 00 25 02 00 04 d2 0a 95 00 24 
02 00 04 d2 0a 95 00 26 02 00 04 d2 0a 95 00 27 
02 00 04 d2 0a 95 00 28 02 00 04 d2 0a 95 00 29 
02 00 04 d2 0a 95 00 2a 02 00 04 d2 0a 95 00 2b 
02 00 04 d2 0a 95 00 22 02 00 04 d2 0a 95 00 2c 
--- end bytes ---
family: 2, port: 53764, addr: 587240714
family: 2, port: 53764, addr: 620795146
family: 2, port: 53764, addr: 604017930
family: 2, port: 53764, addr: 637572362
family: 2, port: 53764, addr: 654349578
family: 2, port: 53764, addr: 671126794
family: 2, port: 53764, addr: 687904010
family: 2, port: 53764, addr: 704681226
family: 2, port: 53764, addr: 721458442
family: 2, port: 53764, addr: 570463498
family: 2, port: 53764, addr: 738235658
There are 11 peers online!
Sending netinfo
Printing 112 bytes from 0x6816030.
--- start bytes ---
01 00 00 00 00 00 00 00 70 00 00 00 00 00 00 00 
90 24 4e d4 00 00 00 00 02 00 04 d2 0a 95 00 23 
02 00 04 d2 0a 95 00 25 02 00 04 d2 0a 95 00 24 
02 00 04 d2 0a 95 00 26 02 00 04 d2 0a 95 00 27 
02 00 04 d2 0a 95 00 28 02 00 04 d2 0a 95 00 29 
02 00 04 d2 0a 95 00 2a 02 00 04 d2 0a 95 00 2b 
02 00 04 d2 0a 95 00 22 02 00 04 d2 0a 95 00 2c 
--- end bytes ---
Started proc!
handle_heartbeat(sockfd, db);
46
handle_heartbeat(sockfd, db);
47
Started proc!
family: 2, port: 53764, addr: 587240714
family: 2, port: 53764, addr: 620795146
family: 2, port: 53764, addr: 604017930
family: 2, port: 53764, addr: 637572362
family: 2, port: 53764, addr: 654349578
family: 2, port: 53764, addr: 671126794
family: 2, port: 53764, addr: 687904010
family: 2, port: 53764, addr: 704681226
family: 2, port: 53764, addr: 721458442
family: 2, port: 53764, addr: 570463498
family: 2, port: 53764, addr: 738235658
There are 11 peers online!
Sending netinfo
Printing 112 bytes from 0x6830460.
--- start bytes ---
01 00 00 00 00 00 00 00 70 00 00 00 00 00 00 00 
90 24 4e d4 00 00 00 00 02 00 04 d2 0a 95 00 23 
02 00 04 d2 0a 95 00 25 02 00 04 d2 0a 95 00 24 
02 00 04 d2 0a 95 00 26 02 00 04 d2 0a 95 00 27 
02 00 04 d2 0a 95 00 28 02 00 04 d2 0a 95 00 29 
02 00 04 d2 0a 95 00 2a 02 00 04 d2 0a 95 00 2b 
02 00 04 d2 0a 95 00 22 02 00 04 d2 0a 95 00 2c 
--- end bytes ---
family: 2, port: 53764, addr: 587240714
family: 2, port: 53764, addr: 620795146
family: 2, port: 53764, addr: 604017930
family: 2, port: 53764, addr: 637572362
family: 2, port: 53764, addr: 654349578
family: 2, port: 53764, addr: 671126794
family: 2, port: 53764, addr: 687904010
family: 2, port: 53764, addr: 704681226
family: 2, port: 53764, addr: 721458442
family: 2, port: 53764, addr: 570463498
family: 2, port: 53764, addr: 738235658
There are 11 peers online!
Sending netinfo
Printing 112 bytes from 0x684a0d0.
--- start bytes ---
01 00 00 00 00 00 00 00 70 00 00 00 00 00 00 00 
90 24 4e d4 00 00 00 00 02 00 04 d2 0a 95 00 23 
02 00 04 d2 0a 95 00 25 02 00 04 d2 0a 95 00 24 
02 00 04 d2 0a 95 00 26 02 00 04 d2 0a 95 00 27 
02 00 04 d2 0a 95 00 28 02 00 04 d2 0a 95 00 29 
02 00 04 d2 0a 95 00 2a 02 00 04 d2 0a 95 00 2b 
02 00 04 d2 0a 95 00 22 02 00 04 d2 0a 95 00 2c 
--- end bytes ---
Started proc!
handle_heartbeat(sockfd, db);
48
handle_heartbeat(sockfd, db);
49
Started proc!
handle_heartbeat(sockfd, db);
50
Started proc!
family: 2, port: 53764, addr: 587240714
family: 2, port: 53764, addr: 620795146
family: 2, port: 53764, addr: 604017930
family: 2, port: 53764, addr: 637572362
family: 2, port: 53764, addr: 654349578
family: 2, port: 53764, addr: 671126794
family: 2, port: 53764, addr: 687904010
family: 2, port: 53764, addr: 704681226
family: 2, port: 53764, addr: 721458442
family: 2, port: 53764, addr: 570463498
family: 2, port: 53764, addr: 738235658
There are 11 peers online!
Sending netinfo
Printing 112 bytes from 0x6864ab0.
--- start bytes ---
01 00 00 00 00 00 00 00 70 00 00 00 00 00 00 00 
90 24 4e d4 00 00 00 00 02 00 04 d2 0a 95 00 23 
02 00 04 d2 0a 95 00 25 02 00 04 d2 0a 95 00 24 
02 00 04 d2 0a 95 00 26 02 00 04 d2 0a 95 00 27 
02 00 04 d2 0a 95 00 28 02 00 04 d2 0a 95 00 29 
02 00 04 d2 0a 95 00 2a 02 00 04 d2 0a 95 00 2b 
02 00 04 d2 0a 95 00 22 02 00 04 d2 0a 95 00 2c 
--- end bytes ---
family: 2, port: 53764, addr: 587240714
family: 2, port: 53764, addr: 620795146
family: 2, port: 53764, addr: 604017930
family: 2, port: 53764, addr: 637572362
family: 2, port: 53764, addr: 654349578
family: 2, port: 53764, addr: 671126794
family: 2, port: 53764, addr: 687904010
family: 2, port: 53764, addr: 704681226
family: 2, port: 53764, addr: 721458442
family: 2, port: 53764, addr: 570463498
family: 2, port: 53764, addr: 738235658
There are 11 peers online!
Sending netinfo
Printing 112 bytes from 0x687e550.
--- start bytes ---
01 00 00 00 00 00 00 00 70 00 00 00 00 00 00 00 
90 24 4e d4 00 00 00 00 02 00 04 d2 0a 95 00 23 
02 00 04 d2 0a 95 00 25 02 00 04 d2 0a 95 00 24 
02 00 04 d2 0a 95 00 26 02 00 04 d2 0a 95 00 27 
02 00 04 d2 0a 95 00 28 02 00 04 d2 0a 95 00 29 
02 00 04 d2 0a 95 00 2a 02 00 04 d2 0a 95 00 2b 
02 00 04 d2 0a 95 00 22 02 00 04 d2 0a 95 00 2c 
--- end bytes ---
family: 2, port: 53764, addr: 587240714
family: 2, port: 53764, addr: 620795146
family: 2, port: 53764, addr: 604017930
family: 2, port: 53764, addr: 637572362
family: 2, port: 53764, addr: 654349578
family: 2, port: 53764, addr: 671126794
family: 2, port: 53764, addr: 687904010
family: 2, port: 53764, addr: 704681226
family: 2, port: 53764, addr: 721458442
family: 2, port: 53764, addr: 570463498
family: 2, port: 53764, addr: 738235658
There are 11 peers online!
Sending netinfo
Printing 112 bytes from 0x68981c0.
--- start bytes ---
01 00 00 00 00 00 00 00 70 00 00 00 00 00 00 00 
90 24 4e d4 00 00 00 00 02 00 04 d2 0a 95 00 23 
02 00 04 d2 0a 95 00 25 02 00 04 d2 0a 95 00 24 
02 00 04 d2 0a 95 00 26 02 00 04 d2 0a 95 00 27 
02 00 04 d2 0a 95 00 28 02 00 04 d2 0a 95 00 29 
02 00 04 d2 0a 95 00 2a 02 00 04 d2 0a 95 00 2b 
02 00 04 d2 0a 95 00 22 02 00 04 d2 0a 95 00 2c 
--- end bytes ---
Started proc!
handle_heartbeat(sockfd, db);
51
handle_heartbeat(sockfd, db);
52
Started proc!
Started proc!
handle_heartbeat(sockfd, db);
53
family: 2, port: 53764, addr: 587240714
family: 2, port: 53764, addr: 620795146
family: 2, port: 53764, addr: 604017930
family: 2, port: 53764, addr: 637572362
family: 2, port: 53764, addr: 654349578
family: 2, port: 53764, addr: 671126794
family: 2, port: 53764, addr: 687904010
family: 2, port: 53764, addr: 704681226
family: 2, port: 53764, addr: 721458442
family: 2, port: 53764, addr: 570463498
family: 2, port: 53764, addr: 738235658
There are 1