/home/ddps2001/DPS2/1639650387/out/10.149.1.17_1234.out
/home/ddps2001/DPS2/1639650387/out/10.149.1.17_1234.out
Started proc!
sockaddr 2, 53764, 285316362
0x631a24
Thread started!
We are offline...
0x631a24
We are offline...
We are offline...
[ receive_netinfo ] 0 peers online!
Printing 0 bytes from 0x2aaab0000910.
--- start bytes ---
--- end bytes ---
We are offline...
We are offline...
We are offline...
We are offline...
We are offline...
We are offline...
[ receive_netinfo ] 2 peers online!
Coming online...
[ RequestBlockchain ] --------- Start --------- 
[ RequestBlockchain ] Requesting block 1
Broadcast to 2, 53764, 302093578
[ RequestBlockchain ] Message available! 
[ RequestBlockchain ] Handling block...
[ RequestBlockchain ] Majority found
[ RequestBlockchain ] --------- Stop  --------- 

Blockchain is size 1 with top hash e61f41d57db208c5f92a35c4ce7198570924a3fc87eeba83441fceee5d6a2865
[ SendBlockchain ] --------- Start --------- 
[ SendBlockchain ] Block does not exist 
[ SendBlockchain ] NOBLOCK sent! 
[ SendBlockchain ] --------- Stop  --------- 

Blockchain is size 1 with top hash e61f41d57db208c5f92a35c4ce7198570924a3fc87eeba83441fceee5d6a2865
[ RequestBlockchain ] Requesting block 1
Broadcast to 2, 53764, 302093578
[ RequestBlockchain ] Message available! 
[ RequestBlockchain ] Handling block...
2 53764 302093578
[ RequestBlockchain ] Received BLOCK 
[ RequestBlockchain ] BLOCK is new
[ RequestBlockchain ] Found f2d1218e317d353271633c2e24d1ff2d857e6cd71aa8a9aa7b55048320ff160a with count 1
[ RequestBlockchain ] Majority found
[ RequestBlockchain ] Requesting block 2
Broadcast to 2, 53764, 302093578
[ RequestBlockchain ] Message available! 
[ RequestBlockchain ] Handling block...
2 53764 302093578
[ RequestBlockchain ] Received BLOCK 
[ RequestBlockchain ] Malformed BLOCK
[ RequestBlockchain ] Majority found
[ AddBlockToBlockchain ] --------- Start --------- 
[ AddBlockToBlockchain ] Trying to add block with hash abf1f9c42f6a8525dcf293242d20d6634b0d5bdaeb1eacd4961bd8d0abd2236c2
Broadcast to 2, 53764, 302093578
[ CheckVotesForBlock ] Not a VOTE
[ CheckVotesForBlock ] Is a noblock
[ SendBlockchain ] Block does not exist 
[ SendBlockchain ] NOBLOCK sent! 
[ receive_netinfo ] 2 peers online!
Coming online...
[ CheckVotesForBlock ] Got vote for block 2
[ CheckVotesForBlock ] Handling vote 
2 53764 302093578
[ CheckVotesForBlock ] Block hash matches!
[ CheckVotesForBlock ] Majority agrees! 2 agree vs. 0 disagree, out of 2
Broadcast to 2, 53764, 302093578
[ AddBlockToBlockchain ] Added as candidate 
Handling all block addition requests...
[ AddBlockToBlockchain ] Our block got added 3

[ AddBlockToBlockchain ] --------- Stop --------- 

Blockchain is size 3 with top hash abf1f9c42f6a8525dcf293242d20d6634b0d5bdaeb1eacd4961bd8d0abd2236c
[ RequestBlockchain ] Requesting block 3
Broadcast to 2, 53764, 302093578
[ RequestBlockchain ] Message available! 
[ RequestBlockchain ] Handling block...
2 53764 302093578
[ RequestBlockchain ] Received NOBLOCK
[ RequestBlockchain ] Majority found
[ AddBlockToBlockchain ] --------- Start --------- 
[ AddBlockToBlockchain ] Trying to add block with hash b464cfe40e631fbcd19bf3797b8a5a227d9330bf17d310c0b119628c75c6c9123
Broadcast to 2, 53764, 302093578
[ receive_netinfo ] 2 peers online!
Coming online...
[ receive_netinfo ] 2 peers online!
Coming online...
[ receive_netinfo ] 2 peers online!
Coming online...
[ receive_netinfo ] 2 peers online!
Coming online...
[ CheckVotesForBlock ] Too many tries! Got 1 agrees and 0 disagrees
Broadcast to 2, 53764, 302093578
[ AddBlockToBlockchain ] Not accepted 
Handling all block addition requests...
[ AddBlockToBlockchain ] No block got added ... for some reason 3

[ AddBlockToBlockchain ] --------- Stop --------- 

Blockchain is size 3 with top hash abf1f9c42f6a8525dcf293242d20d6634b0d5bdaeb1eacd4961bd8d0abd2236c
[ RequestBlockchain ] Requesting block 3
Broadcast to 2, 53764, 302093578
[ RequestBlockchain ] Message available! 
[ RequestBlockchain ] Handling block...
2 53764 302093578
[ RequestBlockchain ] Received NOBLOCK
[ RequestBlockchain ] Majority found
[ AddBlockToBlockchain ] --------- Start --------- 
[ AddBlockToBlockchain ] Trying to add block with hash b464cfe40e631fbcd19bf3797b8a5a227d9330bf17d310c0b119628c75c6c9123
Broadcast to 2, 53764, 302093578
[ receive_netinfo ] 2 peers online!
Coming online...
[ receive_netinfo ] 2 peers online!
Coming online...
[ receive_netinfo ] 2 peers online!
Coming online...
[ receive_netinfo ] 2 peers online!
Coming online...
[ CheckVotesForBlock ] Too many tries! Got 1 agrees and 0 disagrees
Broadcast to 2, 53764, 302093578
[ AddBlockToBlockchain ] Not accepted 
Handling all block addition requests...
[ AddBlockToBlockchain ] No block got added ... for some reason 3

[ AddBlockToBlockchain ] --------- Stop --------- 

Blockchain is size 3 with top hash abf1f9c42f6a8525dcf293242d20d6634b0d5bdaeb1eacd4961bd8d0abd2236c
[ RequestBlockchain ] Requesting block 3
Broadcast to 2, 53764, 302093578
[ receive_netinfo ] 2 peers online!
Coming online...
[ RequestBlockchain ] Message available! 
[ RequestBlockchain ] Handling block...
2 53764 302093578
[ RequestBlockchain ] Received NOBLOCK
[ RequestBlockchain ] Majority found
[ AddBlockToBlockchain ] --------- Start --------- 
[ AddBlockToBlockchain ] Trying to add block with hash b464cfe40e631fbcd19bf3797b8a5a227d9330bf17d310c0b119628c75c6c9123
Broadcast to 2, 53764, 302093578
[ receive_netinfo ] 2 peers online!
Coming online...
[ receive_netinfo ] 2 peers online!
Coming online...
[ receive_netinfo ] 2 peers online!
Coming online...
[ receive_netinfo ] 2 peers online!
Coming online...
[ CheckVotesForBlock ] Too many tries! Got 1 agrees and 0 disagrees
Broadcast to 2, 53764, 302093578
[ AddBlockToBlockchain ] Not accepted 
Handling all block addition requests...
[ AddBlockToBlockchain ] No block got added ... for some reason 3

[ AddBlockToBlockchain ] --------- Stop --------- 

Blockchain is size 3 with top hash abf1f9c42f6a8525dcf293242d20d6634b0d5bdaeb1eacd4961bd8d0abd2236c
[ RequestBlockchain ] Requesting block 3
Broadcast to 2, 53764, 302093578
[ RequestBlockchain ] Message available! 
[ RequestBlockchain ] Handling block...
2 53764 302093578
[ RequestBlockchain ] Received NOBLOCK
[ RequestBlockchain ] Majority found
[ AddBlockToBlockchain ] --------- Start --------- 
[ AddBlockToBlockchain ] Trying to add block with hash b464cfe40e631fbcd19bf3797b8a5a227d9330bf17d310c0b119628c75c6c9123
Broadcast to 2, 53764, 302093578
[ receive_netinfo ] 2 peers online!
Coming online...
[ receive_netinfo ] 2 peers online!
Coming online...
[ receive_netinfo ] 2 peers online!
Coming online...
[ receive_netinfo ] 2 peers online!
Coming online...
[ CheckVotesForBlock ] Too many tries! Got 1 agrees and 0 disagrees
Broadcast to 2, 53764, 302093578
[ AddBlockToBlockchain ] Not accepted 
Handling all block addition requests...
[ AddBlockToBlockchain ] No block got added ... for some reason 3

[ AddBlockToBlockchain ] --------- Stop --------- 

Blockchain is size 3 with top hash abf1f9c42f6a8525dcf293242d20d6634b0d5bdaeb1eacd4961bd8d0abd2236c
[ RequestBlockchain ] Requesting block 3
Broadcast to 2, 53764, 302093578
[ receive_netinfo ] 2 peers online!
Coming online...
[ RequestBlockchain ] Message available! 
[ RequestBlockchain ] Handling block...
2 53764 302093578
[ RequestBlockchain ] Received NOBLOCK
[ RequestBlockchain ] Majority found
[ AddBlockToBlockchain ] --------- Start --------- 
[ AddBlockToBlockchain ] Trying to add block with hash b464cfe40e631fbcd19bf3797b8a5a227d9330bf17d310c0b119628c75c6c9123
Broadcast to 2, 53764, 302093578
[ receive_netinfo ] 2 peers online!
Coming online...
[ receive_netinfo ] 2 peers online!
Coming online...
[ receive_netinfo ] 2 peers online!
Coming online...
[ CheckVotesForBlock ] Too many tries! Got 1 agrees and 0 disagrees
Broadcast to 2, 53764, 302093578
[ AddBlockToBlockchain ] Not accepted 
Handling all block addition requests...
[ AddBlockToBlockchain ] No block got added ... for some reason 3

[ AddBlockToBlockchain ] --------- Stop --------- 

Blockchain is size 3 with top hash abf1f9c42f6a8525dcf293242d20d6634b0d5bdaeb1eacd4961bd8d0abd2236c
[ RequestBlockchain ] Requesting block 3
Broadcast to 2, 53764, 302093578
[ receive_netinfo ] 2 peers online!
Coming online...
[ RequestBlockchain ] Message available! 
[ RequestBlockchain ] Handling block...
2 53764 302093578
[ RequestBlockchain ] Received NOBLOCK
[ RequestBlockchain ] Majority found
[ AddBlockToBlockchain ] --------- Start --------- 
[ AddBlockToBlockchain ] Trying to add block with hash b464cfe40e631fbcd19bf3797b8a5a227d9330bf17d310c0b119628c75c6c9123
Broadcast to 2, 53764, 302093578
[ receive_netinfo ] 2 peers online!
Coming online...
[ receive_netinfo ] 2 peers online!
Coming online...
[ receive_netinfo ] 2 peers online!
Coming online...
[ receive_netinfo ] 2 peers online!
Coming online...
[ CheckVotesForBlock ] Too many tries! Got 1 agrees and 0 disagrees
Broadcast to 2, 53764, 302093578
[ AddBlockToBlockchain ] Not accepted 
Handling all block addition requests...
[ AddBlockToBlockchain ] No block got added ... for some reason 3

[ AddBlockToBlockchain ] --------- Stop --------- 

Blockchain is size 3 with top hash abf1f9c42f6a8525dcf293242d20d6634b0d5bdaeb1eacd4961bd8d0abd2236c
[ RequestBlockchain ] Requesting block 3
Broadcast to 2, 53764, 302093578
[ RequestBlockchain ] Message available! 
[ RequestBlockchain ] Handling block...
2 53764 302093578
[ RequestBlockchain ] Received NOBLOCK
[ RequestBlockchain ] Majority found
[ AddBlockToBlockchain ] --------- Start --------- 
[ AddBlockToBlockchain ] Trying to add block with hash b464cfe40e631fbcd19bf3797b8a5a227d9330bf17d310c0b119628c75c6c9123
Broadcast to 2, 53764, 302093578
[ receive_netinfo ] 2 peers online!
Coming online...
[ receive_netinfo ] 2 peers online!
Coming online...
[ receive_netinfo ] 2 peers online!
Coming online...
[ receive_netinfo ] 2 peers online!
Coming online...
[ CheckVotesForBlock ] Too many tries! Got 1 agrees and 0 disagrees
Broadcast to 2, 53764, 302093578
[ AddBlockToBlockchain ] Not accepted 
Handling all block addition requests...
[ AddBlockToBlockchain ] No block got added ... for some reason 3

[ AddBlockToBlockchain ] --------- Stop --------- 

Blockchain is size 3 with top hash abf1f9c42f6a8525dcf293242d20d6634b0d5bdaeb1eacd4961bd8d0abd2236c
[ RequestBlockchain ] Requesting block 3
Broadcast to 2, 53764, 302093578
[ RequestBlockchain ] Message available! 
[ RequestBlockchain ] Handling block...
2 53764 302093578
[ RequestBlockchain ] Received NOBLOCK
[ RequestBlockchain ] Majority found
[ AddBlockToBlockchain ] --------- Start --------- 
[ AddBlockToBlockchain ] Trying to add block with hash b464cfe40e631fbcd19bf3797b8a5a227d9330bf17d310c0b119628c75c6c9123
Broadcast to 2, 53764, 302093578
[ receive_netinfo ] 2 peers online!
Coming online...
[ receive_netinfo ] 2 peers online!
Coming online...
[ receive_netinfo ] 2 peers online!
Coming online...
[ receive_netinfo ] 2 peers online!
Coming online...
[ CheckVotesForBlock ] Too many tries! Got 1 agrees and 0 disagrees
Broadcast to 2, 53764, 302093578
[ AddBlockToBlockchain ] Not accepted 
Handling all block addition requests...
[ AddBlockToBlockchain ] No block got added ... for some reason 3

[ AddBlockToBlockchain ] --------- Stop --------- 

Blockchain is size 3 with top hash abf1f9c42f6a8525dcf293242d20d6634b0d5bdaeb1eacd4961bd8d0abd2236c
[ RequestBlockchain ] Requesting block 3
Broadcast to 2, 53764, 302093578
[ receive_netinfo ] 2 peers online!
Coming online...
[ RequestBlockchain ] Message available! 
[ RequestBlockchain ] Handling block...
2 53764 302093578
[ RequestBlockchain ] Received NOBLOCK
[ RequestBlockchain ] Majority found
[ AddBlockToBlockchain ] --------- Start --------- 
[ AddBlockToBlockchain ] Trying to add block with hash b464cfe40e631fbcd19bf3797b8a5a227d9330bf17d310c0b119628c75c6c9123
Broadcast to 2, 53764, 302093578
[ receive_netinfo ] 2 peers online!
Coming online...
[ receive_netinfo ] 2 peers online!
Coming online...
[ receive_netinfo ] 2 peers online!
Coming online...
[ receive_netinfo ] 2 peers online!
Coming online...
[ CheckVotesForBlock ] Too many tries! Got 1 agrees and 0 disagrees
Broadcast to 2, 53764, 302093578
[ AddBlockToBlockchain ] Not accepted 
Handling all block addition requests...
[ AddBlockToBlockchain ] No block got added ... for some reason 3

[ AddBlockToBlockchain ] --------- Stop --------- 

Blockchain is size 3 with top hash abf1f9c42f6a8525dcf293242d20d6634b0d5bdaeb1eacd4961bd8d0abd2236c
[ RequestBlockchain ] Requesting block 3
Broadcast to 2, 53764, 302093578
[ RequestBlockchain ] Message available! 
[ RequestBlockchain ] Handling block...
2 53764 302093578
[ RequestBlockchain ] Received NOBLOCK
[ RequestBlockchain ] Majority found
[ AddBlockToBlockchain ] --------- Start --------- 
[ AddBlockToBlockchain ] Trying to add block with hash b464cfe40e631fbcd19bf3797b8a5a227d9330bf17d310c0b119628c75c6c9123
Broadcast to 2, 53764, 302093578
[ receive_netinfo ] 2 peers online!
Coming online...
[ receive_netinfo ] 2 peers online!
Coming online...
[ receive_netinfo ] 2 peers online!
Coming online...
[ receive_netinfo ] 2 peers online!
Coming online...
[ CheckVotesForBlock ] Too many tries! Got 1 agrees and 0 disagrees
Broadcast to 2, 53764, 302093578
[ AddBlockToBlockchain ] Not accepted 
Handling all block addition requests...
[ AddBlockToBlockchain ] No block got added ... for some reason 3

[ AddBlockToBlockchain ] --------- Stop --------- 

Blockchain is size 3 with top hash abf1f9c42f6a8525dcf293242d20d6634b0d5bdaeb1eacd4961bd8d0abd2236c
[ RequestBlockchain ] Requesting block 3
Broadcast to 2, 53764, 302093578
[ receive_netinfo ] 2 peers online!
Coming online...
[ RequestBlockchain ] Message available! 
[ RequestBlockchain ] Handling block...
2 53764 302093578
[ RequestBlockchain ] Received NOBLOCK
[ RequestBlockchain ] Majority found
[ AddBlockToBlockchain ] --------- Start --------- 
[ AddBlockToBlockchain ] Trying to add block with hash b464cfe40e631fbcd19bf3797b8a5a227d9330bf17d310c0b119628c75c6c9123
Broadcast to 2, 53764, 302093578
[ receive_netinfo ] 2 peers online!
Coming online...
[ receive_netinfo ] 2 peers online!
Coming online...
[ receive_netinfo ] 2 peers online!
Coming online...
[ receive_netinfo ] 2 peers online!
Coming online...
[ CheckVotesForBlock ] Too many tries! Got 1 agrees and 0 disagrees
Broadcast to 2, 53764, 302093578
[ AddBlockToBlockchain ] Not accepted 
Handling all block addition requests...
[ AddBlockToBlockchain ] No block got added ... for some reason 3

[ AddBlockToBlockchain ] --------- Stop --------- 

Blockchain is size 3 with top hash abf1f9c42f6a8525dcf293242d20d6634b0d5bdaeb1eacd4961bd8d0abd2236c
[ RequestBlockchain ] Requesting block 3
Broadcast to 2, 53764, 302093578
[ RequestBlockchain ] Message available! 
[ RequestBlockchain ] Handling block...
2 53764 302093578
[ RequestBlockchain ] Received NOBLOCK
[ RequestBlockchain ] Majority found
[ AddBlockToBlockchain ] --------- Start --------- 
[ AddBlockToBlockchain ] Trying to add block with hash b464cfe40e631fbcd19bf3797b8a5a227d9330bf17d310c0b119628c75c6c9123
Broadcast to 2, 53764, 302093578
[ receive_netinfo ] 2 peers online!
Coming online...
[ receive_netinfo ] 2 peers online!
Coming online...
[ receive_netinfo ] 2 peers online!
Coming online...
[ receive_netinfo ] 2 peers online!
Coming online...
[ CheckVotesForBlock ] Too many tries! Got 1 agrees and 0 disagrees
Broadcast to 2, 53764, 302093578
[ AddBlockToBlockchain ] Not accepted 
Handling all block addition requests...
[ AddBlockToBlockchain ] No block got added ... for some reason 3

[ AddBlockToBlockchain ] --------- Stop --------- 

Blockchain is size 3 with top hash abf1f9c42f6a8525dcf293242d20d6634b0d5bdaeb1eacd4961bd8d0abd2236c
[ RequestBlockchain ] Requesting block 3
Broadcast to 2, 53764, 302093578
[ RequestBlockchain ] Message available! 
[ RequestBlockchain ] Handling block...
2 53764 302093578
[ RequestBlockchain ] Received NOBLOCK
[ RequestBlockchain ] Majority found
[ AddBlockToBlockchain ] --------- Start --------- 
[ AddBlockToBlockchain ] Trying to add block with hash b464cfe40e631fbcd19bf3797b8a5a227d9330bf17d310c0b119628c75c6c9123
Broadcast to 2, 53764, 302093578
[ receive_netinfo ] 2 peers online!
Coming online...
[ receive_netinfo ] 2 peers online!
Coming online...
[ receive_netinfo ] 2 peers online!
Coming online...
[ receive_netinfo ] 2 peers online!
Coming online...
[ CheckVotesForBlock ] Too many tries! Got 1 agrees and 0 disagrees
Broadcast to 2, 53764, 302093578
[ AddBlockToBlockchain ] Not accepted 
Handling all block addition requests...
[ AddBlockToBlockchain ] No block got added ... for some reason 3

[ AddBlockToBlockchain ] --------- Stop --------- 

Blockchain is size 3 with top hash abf1f9c42f6a8525dcf293242d20d6634b0d5bdaeb1eacd4961bd8d0abd2236c
[ RequestBlockchain ] Requesting block 3
Broadcast to 2, 53764, 302093578
[ receive_netinfo ] 2 peers online!
Coming online...
[ RequestBlockchain ] Message available! 
[ RequestBlockchain ] Handling block...
2 53764 302093578
[ RequestBlockchain ] Received NOBLOCK
[ RequestBlockchain ] Majority found
[ AddBlockToBlockchain ] --------- Start --------- 
[ AddBlockToBlockchain ] Trying to add block with hash b464cfe40e631fbcd19bf3797b8a5a227d9330bf17d310c0b119628c75c6c9123
Broadcast to 2, 53764, 302093578
[ receive_netinfo ] 2 peers online!
Coming online...
[ receive_netinfo ] 2 peers online!
Coming online...
[ receive_netinfo ] 2 peers online!
Coming online...
[ receive_netinfo ] 2 peers online!
Coming online...
[ CheckVotesForBlock ] Too many tries! Got 1 agrees and 0 disagrees
Broadcast to 2, 53764, 302093578
[ AddBlockToBlockchain ] Not accepted 
Handling all block addition requests...
[ AddBlockToBlockchain ] No block got added ... for some reason 3

[ AddBlockToBlockchain ] --------- Stop --------- 

Blockchain is size 3 with top hash abf1f9c42f6a8525dcf293242d20d6634b0d5bdaeb1eacd4961bd8d0abd2236c
[ RequestBlockchain ] Requesting block 3
Broadcast to 2, 53764, 302093578
[ RequestBlockchain ] Message available! 
[ RequestBlockchain ] Handling block...
2 53764 302093578
[ RequestBlockchain ] Received NOBLOCK
[ RequestBlockchain ] Majority found
[ AddBlockToBlockchain ] --------- Start --------- 
[ AddBlockToBlockchain ] Trying to add block with hash b464cfe40e631fbcd19bf3797b8a5a227d9330bf17d310c0b119628c75c6c9123
Broadcast to 2, 53764, 302093578
[ receive_netinfo ] 2 peers online!
Coming online...
[ receive_netinfo ] 2 peers online!
Coming online...
[ receive_netinfo ] 2 peers online!
Coming online...
[ receive_netinfo ] 2 peers online!
Coming online...
[ CheckVotesForBlock ] Too many tries! Got 1 agrees and 0 disagrees
Broadcast to 2, 53764, 302093578
[ AddBlockToBlockchain ] Not accepted 
Handling all block addition requests...
[ AddBlockToBlockchain ] No block got added ... for some reason 3

[ AddBlockToBlockchain ] --------- Stop --------- 

Blockchain is size 3 with top hash abf1f9c42f6a8525dcf293242d20d6634b0d5bdaeb1eacd4961bd8d0abd2236c
[ RequestBlockchain ] Requesting block 3
Broadcast to 2, 53764, 302093578
[ RequestBlockchain ] Message available! 
[ RequestBlockchain ] Handling block...
2 53764 302093578
[ RequestBlockchain ] Received NOBLOCK
[ RequestBlockchain ] Majority found
[ AddBlockToBlockchain ] --------- Start --------- 
[ AddBlockToBlockchain ] Trying to add block with hash b464cfe40e631fbcd19bf3797b8a5a227d9330bf17d310c0b119628c75c6c9123
Broadcast to 2, 53764, 302093578
[ receive_netinfo ] 2 peers online!
Coming online...
[ receive_netinfo ] 2 peers online!
Coming online...
[ receive_netinfo ] 2 peers online!
Coming online...
[ receive_netinfo ] 2 peers online!
Coming online...
[ CheckVotesForBlock ] Too many tries! Got 1 agrees and 0 disagrees
Broadcast to 2, 53764, 302093578
[ AddBlockToBlockchain ] Not accepted 
Handling all block addition requests...
[ AddBlockToBlockchain ] No block got added ... for some reason 3

[ AddBlockToBlockchain ] --------- Stop --------- 

Blockchain is size 3 with top hash abf1f9c42f6a8525dcf293242d20d6634b0d5bdaeb1eacd4961bd8d0abd2236c
[ RequestBlockchain ] Requesting block 3
Broadcast to 2, 53764, 302093578
[ RequestBlockchain ] Message available! 
[ RequestBlockchain ] Handling block...
2 53764 302093578
[ RequestBlockchain ] Received NOBLOCK
[ RequestBlockchain ] Majority found
[ AddBlockToBlockchain ] --------- Start --------- 
[ AddBlockToBlockchain ] Trying to add block with hash b464cfe40e631fbcd19bf3797b8a5a227d9330bf17d310c0b119628c75c6c9123
Broadcast to 2, 53764, 302093578
[ receive_netinfo ] 2 peers online!
Coming online...
[ receive_netinfo ] 2 peers online!
Coming online...
[ receive_netinfo ] 2 peers online!
Coming online...
[ receive_netinfo ] 2 peers online!
Coming online...
[ CheckVotesForBlock ] Too many tries! Got 1 agrees and 0 disagrees
Broadcast to 2, 53764, 302093578
[ AddBlockToBlockchain ] Not accepted 
Handling all block addition requests...
[ AddBlockToBlockchain ] No block got added ... for some reason 3

[ AddBlockToBlockchain ] --------- Stop --------- 

Blockchain is size 3 with top hash abf1f9c42f6a8525dcf293242d20d6634b0d5bdaeb1eacd4961bd8d0abd2236c
[ RequestBlockchain ] Requesting block 3
Broadcast to 2, 53764, 302093578
[ receive_netinfo ] 2 peers online!
Coming online...
[ RequestBlockchain ] Message available! 
[ RequestBlockchain ] Handling block...
2 53764 302093578
[ RequestBlockchain ] Received NOBLOCK
[ RequestBlockchain ] Majority found
[ AddBlockToBlockchain ] --------- Start --------- 
[ AddBlockToBlockchain ] Trying to add block with hash b464cfe40e631fbcd19bf3797b8a5a227d9330bf17d310c0b119628c75c6c9123
Broadcast to 2, 53764, 302093578
[ receive_netinfo ] 2 peers online!
Coming online...
[ receive_netinfo ] 2 peers online!
Coming online...
[ receive_netinfo ] 2 peers online!
Coming online...
[ receive_netinfo ] 2 peers online!
Coming online...
[ CheckVotesForBlock ] Too many tries! Got 1 agrees and 0 disagrees
Broadcast to 2, 53764, 302093578
[ AddBlockToBlockchain ] Not accepted 
Handling all block addition requests...
[ AddBlockToBlockchain ] No block got added ... for some reason 3

[ AddBlockToBlockchain ] --------- Stop --------- 

Blockchain is size 3 with top hash abf1f9c42f6a8525dcf293242d20d6634b0d5bdaeb1eacd4961bd8d0abd2236c
[ RequestBlockchain ] Requesting block 3
Broadcast to 2, 53764, 302093578
[ RequestBlockchain ] Message available! 
[ RequestBlockchain ] Handling block...
2 53764 302093578
[ RequestBlockchain ] Received NOBLOCK
[ RequestBlockchain ] Majority found
[ AddBlockToBlockchain ] --------- Start --------- 
[ AddBlockToBlockchain ] Trying to add block with hash b464cfe40e631fbcd19bf3797b8a5a227d9330bf17d310c0b119628c75c6c9123
Broadcast to 2, 53764, 302093578
[ receive_netinfo ] 2 peers online!
Coming online...
[ receive_netinfo ] 2 peers online!
Coming online...
[ receive_netinfo ] 2 peers online!
Coming online...
[ receive_netinfo ] 2 peers online!
Coming online...
[ CheckVotesForBlock ] Too many tries! Got 1 agrees and 0 disagrees
Broadcast to 2, 53764, 302093578
[ AddBlockToBlockchain ] Not accepted 
Handling all block addition requests...
[ AddBlockToBlockchain ] No block got added ... for some reason 3

[ AddBlockToBlockchain ] --------- Stop --------- 

Blockchain is size 3 with top hash abf1f9c42f6a8525dcf293242d20d6634b0d5bdaeb1eacd4961bd8d0abd2236c
[ RequestBlockchain ] Requesting block 3
Broadcast to 2, 53764, 302093578
[ receive_netinfo ] 2 peers online!
Coming online...
[ RequestBlockchain ] Message available! 
[ RequestBlockchain ] Handling block...
2 53764 302093578
[ RequestBlockchain ] Received NOBLOCK
[ RequestBlockchain ] Majority found
[ AddBlockToBlockchain ] --------- Start --------- 
[ AddBlockToBlockchain ] Trying to add block with hash b464cfe40e631fbcd19bf3797b8a5a227d9330bf17d310c0b119628c75c6c9123
Broadcast to 2, 53764, 302093578
[ receive_netinfo ] 2 peers online!
Coming online...
[ receive_netinfo ] 2 peers online!
Coming online...
[ receive_netinfo ] 2 peers online!
Coming online...
[ receive_netinfo ] 2 peers online!
Coming online...
[ CheckVotesForBlock ] Too many tries! Got 1 agrees and 0 disagrees
Broadcast to 2, 53764, 302093578
[ AddBlockToBlockchain ] Not accepted 
Handling all block addition requests...
[ AddBlockToBlockchain ] No block got added ... for some reason 3

[ AddBlockToBlockchain ] --------- Stop --------- 

Blockchain is size 3 with top hash abf1f9c42f6a8525dcf293242d20d6634b0d5bdaeb1eacd4961bd8d0abd2236c
[ RequestBlockchain ] Requesting block 3
Broadcast to 2, 53764, 302093578
[ RequestBlockchain ] Message available! 
[ RequestBlockchain ] Handling block...
2 53764 302093578
[ RequestBlockchain ] Received NOBLOCK
[ RequestBlockchain ] Majority found
[ AddBlockToBlockchain ] --------- Start --------- 
[ AddBlockToBlockchain ] Trying to add block with hash b464cfe40e631fbcd19bf3797b8a5a227d9330bf17d310c0b119628c75c6c9123
Broadcast to 2, 53764, 302093578
[ receive_netinfo ] 2 peers online!
Coming online...
[ receive_netinfo ] 2 peers online!
Coming online...
[ receive_netinfo ] 2 peers online!
Coming online...
[ receive_netinfo ] 2 peers online!
Coming online...
[ CheckVotesForBlock ] Too many tries! Got 1 agrees and 0 disagrees
Broadcast to 2, 53764, 302093578
[ AddBlockToBlockchain ] Not accepted 
Handling all block addition requests...
[ AddBlockToBlockchain ] No block got added ... for some reason 3

[ AddBlockToBlockchain ] --------- Stop --------- 

Blockchain is size 3 with top hash abf1f9c42f6a8525dcf293242d20d6634b0d5bdaeb1eacd4961bd8d0abd2236c
[ RequestBlockchain ] Requesting block 3
Broadcast to 2, 53764, 302093578
[ RequestBlockchain ] Message available! 
[ RequestBlockchain ] Handling block...
2 53764 302093578
[ RequestBlockchain ] Received NOBLOCK
[ RequestBlockchain ] Majority found
[ AddBlockToBlockchain ] --------- Start --------- 
[ AddBlockToBlockchain ] Trying to add block with hash b464cfe40e631fbcd19bf3797b8a5a227d9330bf17d310c0b119628c75c6c9123
Broadcast to 2, 53764, 302093578
[ receive_netinfo ] 2 peers online!
Coming online...
[ receive_netinfo ] 2 peers online!
Coming online...
[ receive_netinfo ] 2 peers online!
Coming online...
[ receive_netinfo ] 2 peers online!
Coming online...
[ CheckVotesForBlock ] Too many tries! Got 1 agrees and 0 disagrees
Broadcast to 2, 53764, 302093578
[ AddBlockToBlockchain ] Not accepted 
Handling all block addition requests...
[ AddBlockToBlockchain ] No block got added ... for some reason 3

[ AddBlockToBlockchain ] --------- Stop --------- 

Blockchain is size 3 with top hash abf1f9c42f6a8525dcf293242d20d6634b0d5bdaeb1eacd4961bd8d0abd2236c
[ RequestBlockchain ] Requesting block 3
Broadcast to 2, 53764, 302093578
[ RequestBlockchain ] Message available! 
[ RequestBlockchain ] Handling block...
2 53764 302093578
[ RequestBlockchain ] Received NOBLOCK
[ RequestBlockchain ] Majority found
[ AddBlockToBlockchain ] --------- Start --------- 
[ AddBlockToBlockchain ] Trying to add block with hash b464cfe40e631fbcd19bf3797b8a5a227d9330bf17d310c0b119628c75c6c9123
Broadcast to 2, 53764, 302093578
[ receive_netinfo ] 2 peers online!
Coming online...
[ receive_netinfo ] 2 peers online!
Coming online...
[ receive_netinfo ] 2 peers online!
Coming online...
[ receive_netinfo ] 2 peers online!
Coming online...
[ CheckVotesForBlock ] Too many tries! Got 1 agrees and 0 disagrees
Broadcast to 2, 53764, 302093578
[ AddBlockToBlockchain ] Not accepted 
Handling all block addition requests...
[ AddBlockToBlockchain ] No block got added ... for some reason 3

[ AddBlockToBlockchain ] --------- Stop --------- 

Blockchain is size 3 with top hash abf1f9c42f6a8525dcf293242d20d6634b0d5bdaeb1eacd4961bd8d0abd2236c
[ RequestBlockchain ] Requesting block 3
Broadcast to 2, 53764, 302093578
[ receive_netinfo ] 2 peers online!
Coming online...
[ RequestBlockchain ] Message available! 
[ RequestBlockchain ] Handling block...
2 53764 302093578
[ RequestBlockchain ] Received NOBLOCK
[ RequestBlockchain ] Majority found
[ AddBlockToBlockchain ] --------- Start --------- 
[ AddBlockToBlockchain ] Trying to add block with hash b464cfe40e631fbcd19bf3797b8a5a227d9330bf17d310c0b119628c75c6c9123
Broadcast to 2, 53764, 302093578
[ receive_netinfo ] 2 peers online!
Coming online...
[ receive_netinfo ] 2 peers online!
Coming online...
[ receive_netinfo ] 2 peers online!
Coming online...
[ receive_netinfo ] 2 peers online!
Coming online...
[ CheckVotesForBlock ] Too many tries! Got 1 agrees and 0 disagrees
Broadcast to 2, 53764, 302093578
[ AddBlockToBlockchain ] Not accepted 
Handling all block addition requests...
[ AddBlockToBlockchain ] No block got added ... for some reason 3

[ AddBlockToBlockchain ] --------- Stop --------- 

Blockchain is size 3 with top hash abf1f9c42f6a8525dcf293242d20d6634b0d5bdaeb1eacd4961bd8d0abd2236c
[ RequestBlockchain ] Requesting block 3
Broadcast to 2, 53764, 302093578
[ RequestBlockchain ] Message available! 
[ RequestBlockchain ] Handling block...
2 53764 302093578
[ RequestBlockchain ] Received NOBLOCK
[ RequestBlockchain ] Majority found
[ AddBlockToBlockchain ] --------- Start --------- 
[ AddBlockToBlockchain ] Trying to add block with hash b464cfe40e631fbcd19bf3797b8a5a227d9330bf17d310c0b119628c75c6c9123
Broadcast to 2, 53764, 302093578
[ receive_netinfo ] 2 peers online!
Coming online...
[ receive_netinfo ] 2 peers online!
Coming online...
[ receive_netinfo ] 2 peers online!
Coming online...
[ receive_netinfo ] 2 peers online!
Coming online...
[ CheckVotesForBlock ] Too many tries! Got 1 agrees and 0 disagrees
Broadcast to 2, 53764, 302093578
[ AddBlockToBlockchain ] Not accepted 
Handling all block addition requests...
[ AddBlockToBlockchain ] No block got added ... for some reason 3

[ AddBlockToBlockchain ] --------- Stop --------- 

Blockchain is size 3 with top hash abf1f9c42f6a8525dcf293242d20d6634b0d5bdaeb1eacd4961bd8d0abd2236c
[ RequestBlockchain ] Requesting block 3
Broadcast to 2, 53764, 302093578
[ RequestBlockchain ] Message available! 
[ RequestBlockchain ] Handling block...
2 53764 302093578
[ RequestBlockchain ] Received NOBLOCK
[ RequestBlockchain ] Majority found
[ AddBlockToBlockchain ] --------- Start --------- 
[ AddBlockToBlockchain ] Trying to add block with hash b464cfe40e631fbcd19bf3797b8a5a227d9330bf17d310c0b119628c75c6c9123
Broadcast to 2, 53764, 302093578
[ receive_netinfo ] 2 peers online!
Coming online...
[ receive_netinfo ] 2 peers online!
Coming online...
[ receive_netinfo ] 2 peers online!
Coming online...
[ receive_netinfo ] 2 peers online!
Coming online...
[ CheckVotesForBlock ] Too many tries! Got 1 agrees and 0 disagrees
Broadcast to 2, 53764, 302093578
[ AddBlockToBlockchain ] Not accepted 
Handling all block addition requests...
[ AddBlockToBlockchain ] No block got added ... for some reason 3

[ AddBlockToBlockchain ] --------- Stop --------- 

Blockchain is size 3 with top hash abf1f9c42f6a8525dcf293242d20d6634b0d5bdaeb1eacd4961bd8d0abd2236c
[ RequestBlockchain ] Requesting block 3
Broadcast to 2, 53764, 302093578
[ receive_netinfo ] 2 peers online!
Coming online...
[ RequestBlockchain ] Message available! 
[ RequestBlockchain ] Handling block...
2 53764 302093578
[ RequestBlockchain ] Received NOBLOCK
[ RequestBlockchain ] Majority found
[ AddBlockToBlockchain ] --------- Start --------- 
[ AddBlockToBlockchain ] Trying to add block with hash b464cfe40e631fbcd19bf3797b8a5a227d9330bf17d310c0b119628c75c6c9123
Broadcast to 2, 53764, 302093578
[ receive_netinfo ] 2 peers online!
Coming online...
[ receive_netinfo ] 2 peers online!
Coming online...
[ receive_netinfo ] 2 peers online!
Coming online...
[ CheckVotesForBlock ] Too many tries! Got 1 agrees and 0 disagrees
Broadcast to 2, 53764, 302093578
[ AddBlockToBlockchain ] Not accepted 
Handling all block addition requests...
[ AddBlockToBlockchain ] No block got added ... for some reason 3

[ AddBlockToBlockchain ] --------- Stop --------- 

Blockchain is size 3 with top hash abf1f9c42f6a8525dcf293242d20d6634b0d5bdaeb1eacd4961bd8d0abd2236c
[ RequestBlockchain ] Requesting block 3
Broadcast to 2, 53764, 302093578
[ receive_netinfo ] 2 peers online!
Coming online...
[ RequestBlockchain ] Message available! 
[ RequestBlockchain ] Handling block...
2 53764 302093578
[ RequestBlockchain ] Received NOBLOCK
[ RequestBlockchain ] Majority found
[ AddBlockToBlockchain ] --------- Start --------- 
[ AddBlockToBlockchain ] Trying to add block with hash b464cfe40e631fbcd19bf3797b8a5a227d9330bf17d310c0b119628c75c6c9123
Broadcast to 2, 53764, 302093578
[ receive_netinfo ] 2 peers online!
Coming online...
[ receive_netinfo ] 2 peers online!
Coming online...
[ receive_netinfo ] 2 peers online!
Coming online...
[ receive_netinfo ] 2 peers online!
Coming online...
[ CheckVotesForBlock ] Too many tries! Got 1 agrees and 0 disagrees
Broadcast to 2, 53764, 302093578
[ AddBlockToBlockchain ] Not accepted 
Handling all block addition requests...
[ AddBlockToBlockchain ] No block got added ... for some reason 3

[ AddBlockToBlockchain ] --------- Stop --------- 

Blockchain is size 3 with top hash abf1f9c42f6a8525dcf293242d20d6634b0d5bdaeb1eacd4961bd8d0abd2236c
[ RequestBlockchain ] Requesting block 3
Broadcast to 2, 53764, 302093578
[ RequestBlockchain ] Message available! 
[ RequestBlockchain ] Handling block...
2 53764 302093578
[ RequestBlockchain ] Received NOBLOCK
[ RequestBlockchain ] Majority found
[ AddBlockToBlockchain ] --------- Start --------- 
[ AddBlockToBlockchain ] Trying to add block with hash b464cfe40e631fbcd19bf3797b8a5a227d9330bf17d310c0b119628c75c6c9123
Broadcast to 2, 53764, 302093578
[ receive_netinfo ] 2 peers online!
Coming online...
[ receive_netinfo ] 2 peers online!
Coming online...
[ receive_netinfo ] 2 peers online!
Coming online...
[ receive_netinfo ] 2 peers online!
Coming online...
[ CheckVotesForBlock ] Too many tries! Got 1 agrees and 0 disagrees
Broadcast to 2, 53764, 302093578
[ AddBlockToBlockchain ] Not accepted 
Handling all block addition requests...
[ AddBlockToBlockchain ] No block got added ... for some reason 3

[ AddBlockToBlockchain ] --------- Stop --------- 

Blockchain is size 3 with top hash abf1f9c42f6a8525dcf293242d20d6634b0d5bdaeb1eacd4961bd8d0abd2236c
[ RequestBlockchain ] Requesting block 3
Broadcast to 2, 53764, 302093578
[ RequestBlockchain ] Message available! 
[ RequestBlockchain ] Handling block...
2 53764 302093578
[ RequestBlockchain ] Received NOBLOCK
[ RequestBlockchain ] Majority found
[ AddBlockToBlockchain ] --------- Start --------- 
[ AddBlockToBlockchain ] Trying to add block with hash b464cfe40e631fbcd19bf3797b8a5a227d9330bf17d310c0b119628c75c6c9123
Broadcast to 2, 53764, 302093578
[ receive_netinfo ] 2 peers online!
Coming online...
[ receive_netinfo ] 2 peers online!
Coming online...
[ receive_netinfo ] 2 peers online!
Coming online...
[ receive_netinfo ] 2 peers online!
Coming online...
[ CheckVotesForBlock ] Too many tries! Got 1 agrees and 0 disagrees
Broadcast to 2, 53764, 302093578
[ AddBlockToBlockchain ] Not accepted 
Handling all block addition requests...
[ AddBlockToBlockchain ] No block got added ... for some reason 3

[ AddBlockToBlockchain ] --------- Stop --------- 

Blockchain is size 3 with top hash abf1f9c42f6a8525dcf293242d20d6634b0d5bdaeb1eacd4961bd8d0abd2236c
[ RequestBlockchain ] Requesting block 3
Broadcast to 2, 53764, 302093578
[ receive_netinfo ] 2 peers online!
Coming online...
[ RequestBlockchain ] Message available! 
[ RequestBlockchain ] Handling block...
2 53764 302093578
[ RequestBlockchain ] Received NOBLOCK
[ RequestBlockchain ] Majority found
[ AddBlockToBlockchain ] --------- Start --------- 
[ AddBlockToBlockchain ] Trying to add block with hash b464cfe40e631fbcd19bf3797b8a5a227d9330bf17d310c0b119628c75c6c9123
Broadcast to 2, 53764, 302093578
[ receive_netinfo ] 2 peers online!
Coming online...
[ receive_netinfo ] 2 peers online!
Coming online...
[ receive_netinfo ] 2 peers online!
Coming online...
[ CheckVotesForBlock ] Too many tries! Got 1 agrees and 0 disagrees
Broadcast to 2, 53764, 302093578
[ AddBlockToBlockchain ] Not accepted 
Handling all block addition requests...
[ AddBlockToBlockchain ] No block got added ... for some reason 3

[ AddBlockToBlockchain ] --------- Stop --------- 

Blockchain is size 3 with top hash abf1f9c42f6a8525dcf293242d20d6634b0d5bdaeb1eacd4961bd8d0abd2236c
[ RequestBlockchain ] Requesting block 3
Broadcast to 2, 53764, 302093578
[ receive_netinfo ] 2 peers online!
Coming online...
[ RequestBlockchain ] Message available! 
[ RequestBlockchain ] Handling block...
2 53764 302093578
[ RequestBlockchain ] Received NOBLOCK
[ RequestBlockchain ] Majority found
[ AddBlockToBlockchain ] --------- Start --------- 
[ AddBlockToBlockchain ] Trying to add block with hash b464cfe40e631fbcd19bf3797b8a5a227d9330bf17d310c0b119628c75c6c9123
Broadcast to 2, 53764, 302093578
[ receive_netinfo ] 2 peers online!
Coming online...
[ receive_netinfo ] 2 peers online!
Coming online...
[ receive_netinfo ] 2 peers online!
Coming online...
[ receive_netinfo ] 2 peers online!
Coming online...
[ CheckVotesForBlock ] Too many tries! Got 1 agrees and 0 disagrees
Broadcast to 2, 53764, 302093578
[ AddBlockToBlockchain ] Not accepted 
Handling all block addition requests...
[ AddBlockToBlockchain ] No block got added ... for some reason 3

[ AddBlockToBlockchain ] --------- Stop --------- 

Blockchain is size 3 with top hash abf1f9c42f6a8525dcf293242d20d6634b0d5bdaeb1eacd4961bd8d0abd2236c
[ RequestBlockchain ] Requesting block 3
Broadcast to 2, 53764, 302093578
[ RequestBlockchain ] Message available! 
[ RequestBlockchain ] Handling block...
2 53764 302093578
[ RequestBlockchain ] Received NOBLOCK
[ RequestBlockchain ] Majority found
[ AddBlockToBlockchain ] --------- Start --------- 
[ AddBlockToBlockchain ] Trying to add block with hash b464cfe40e631fbcd19bf3797b8a5a227d9330bf17d310c0b119628c75c6c9123
Broadcast to 2, 53764, 302093578
[ receive_netinfo ] 2 peers online!
Coming online...
[ receive_netinfo ] 2 peers online!
Coming online...
[ receive_netinfo ] 2 peers online!
Coming online...
[ receive_netinfo ] 2 peers online!
Coming online...
[ CheckVotesForBlock ] Too many tries! Got 1 agrees and 0 disagrees
Broadcast to 2, 53764, 302093578
[ AddBlockToBlockchain ] Not accepted 
Handling all block addition requests...
[ AddBlockToBlockchain ] No block got added ... for some reason 3

[ AddBlockToBlockchain ] --------- Stop --------- 

Blockchain is size 3 with top hash abf1f9c42f6a8525dcf293242d20d6634b0d5bdaeb1eacd4961bd8d0abd2236c
[ RequestBlockchain ] Requesting block 3
Broadcast to 2, 53764, 302093578
[ receive_netinfo ] 2 peers online!
Coming online...
[ RequestBlockchain ] Message available! 
[ RequestBlockchain ] Handling block...
2 53764 302093578
[ RequestBlockchain ] Received NOBLOCK
[ RequestBlockchain ] Majority found
[ AddBlockToBlockchain ] --------- Start --------- 
[ AddBlockToBlockchain ] Trying to add block with hash b464cfe40e631fbcd19bf3797b8a5a227d9330bf17d310c0b119628c75c6c9123
