START_TIME	16-12-2021 12:41:10
BLOCK_ADDED_START	16-12-2021 12:41:10	1
BLOCK_ADDED_STOP	16-12-2021 12:41:10	1	SUCCESS
REQUEST_BLOCK	16-12-2021 12:41:18	2
RECEIVED_BLOCK	16-12-2021 12:41:19	2	SUCCESS
SENDING_BLOCK	16-12-2021 12:41:22	2
SENDING_BLOCK	16-12-2021 12:41:22	1
SENDING_BLOCK	16-12-2021 12:41:24	2
SENDING_BLOCK	16-12-2021 12:41:24	2
REQUEST_BLOCK	16-12-2021 12:41:26	2
RECEIVED_BLOCK	16-12-2021 12:41:27	2	SUCCESS
SENDING_BLOCK	16-12-2021 12:41:28	2
SENDING_BLOCK	16-12-2021 12:41:28	2
SENDING_BLOCK	16-12-2021 12:41:28	3
SENDING_BLOCK	16-12-2021 12:41:28	2
SENDING_BLOCK	16-12-2021 12:41:29	2
SENDING_BLOCK	16-12-2021 12:41:29	2
REQUEST_BLOCK	16-12-2021 12:41:29	3
RECEIVED_BLOCK	16-12-2021 12:41:31	3	SUCCESS
SENDING_BLOCK	16-12-2021 12:41:31	3
SENDING_BLOCK	16-12-2021 12:41:31	3
SENDING_BLOCK	16-12-2021 12:41:31	3
SENDING_BLOCK	16-12-2021 12:41:31	3
SENDING_BLOCK	16-12-2021 12:41:31	3
