START_TIME	16-12-2021 12:41:04
BLOCK_ADDED_START	16-12-2021 12:41:04	1
BLOCK_ADDED_STOP	16-12-2021 12:41:04	1	SUCCESS
REQUEST_BLOCK	16-12-2021 12:41:12	2
RECEIVED_BLOCK	16-12-2021 12:41:12	2	SUCCESS
SENDING_BLOCK	16-12-2021 12:41:12	2
SENDING_BLOCK	16-12-2021 12:41:17	2
SENDING_BLOCK	16-12-2021 12:41:17	2
SENDING_BLOCK	16-12-2021 12:41:19	2
SENDING_BLOCK	16-12-2021 12:41:19	2
SENDING_BLOCK	16-12-2021 12:41:23	1
SENDING_BLOCK	16-12-2021 12:41:25	2
SENDING_BLOCK	16-12-2021 12:41:25	2
REQUEST_BLOCK	16-12-2021 12:41:28	2
RECEIVED_BLOCK	16-12-2021 12:41:28	2	SUCCESS
SENDING_BLOCK	16-12-2021 12:41:28	2
SENDING_BLOCK	16-12-2021 12:41:28	2
SENDING_BLOCK	16-12-2021 12:41:28	3
SENDING_BLOCK	16-12-2021 12:41:28	2
SENDING_BLOCK	16-12-2021 12:41:30	2
REQUEST_BLOCK	16-12-2021 12:41:30	3
RECEIVED_BLOCK	16-12-2021 12:41:30	3	SUCCESS
SENDING_BLOCK	16-12-2021 12:41:30	3
SENDING_BLOCK	16-12-2021 12:41:30	3
SENDING_BLOCK	16-12-2021 12:41:30	3
SENDING_BLOCK	16-12-2021 12:41:30	3
SENDING_BLOCK	16-12-2021 12:41:30	3
SENDING_BLOCK	16-12-2021 12:41:31	3
