START_TIME	16-12-2021 12:41:02
BLOCK_ADDED_START	16-12-2021 12:41:02	1
BLOCK_ADDED_STOP	16-12-2021 12:41:02	1	SUCCESS
REQUEST_BLOCK	16-12-2021 12:41:08	2
RECEIVED_BLOCK	16-12-2021 12:41:09	2	SUCCESS
SENDING_BLOCK	16-12-2021 12:41:12	2
SENDING_BLOCK	16-12-2021 12:41:13	2
SENDING_BLOCK	16-12-2021 12:41:13	2
SENDING_BLOCK	16-12-2021 12:41:16	2
SENDING_BLOCK	16-12-2021 12:41:18	2
SENDING_BLOCK	16-12-2021 12:41:19	2
SENDING_BLOCK	16-12-2021 12:41:22	2
SENDING_BLOCK	16-12-2021 12:41:22	1
SENDING_BLOCK	16-12-2021 12:41:25	2
SENDING_BLOCK	16-12-2021 12:41:25	2
REQUEST_BLOCK	16-12-2021 12:41:28	2
RECEIVED_BLOCK	16-12-2021 12:41:28	2	SUCCESS
SENDING_BLOCK	16-12-2021 12:41:28	2
SENDING_BLOCK	16-12-2021 12:41:28	2
SENDING_BLOCK	16-12-2021 12:41:28	3
SENDING_BLOCK	16-12-2021 12:41:31	2
SENDING_BLOCK	16-12-2021 12:41:31	2
REQUEST_BLOCK	16-12-2021 12:41:31	3
RECEIVED_BLOCK	16-12-2021 12:41:31	3	SUCCESS
SENDING_BLOCK	16-12-2021 12:41:31	3
SENDING_BLOCK	16-12-2021 12:41:31	3
SENDING_BLOCK	16-12-2021 12:41:31	3
SENDING_BLOCK	16-12-2021 12:41:31	3
