START_TIME	16-12-2021 12:41:03
BLOCK_ADDED_START	16-12-2021 12:41:03	1
BLOCK_ADDED_STOP	16-12-2021 12:41:03	1	SUCCESS
REQUEST_BLOCK	16-12-2021 12:41:11	2
RECEIVED_BLOCK	16-12-2021 12:41:12	2	SUCCESS
SENDING_BLOCK	16-12-2021 12:41:14	2
SENDING_BLOCK	16-12-2021 12:41:16	2
SENDING_BLOCK	16-12-2021 12:41:18	2
SENDING_BLOCK	16-12-2021 12:41:18	2
SENDING_BLOCK	16-12-2021 12:41:20	2
SENDING_BLOCK	16-12-2021 12:41:22	1
SENDING_BLOCK	16-12-2021 12:41:24	2
SENDING_BLOCK	16-12-2021 12:41:24	2
REQUEST_BLOCK	16-12-2021 12:41:27	2
RECEIVED_BLOCK	16-12-2021 12:41:27	2	SUCCESS
SENDING_BLOCK	16-12-2021 12:41:28	2
SENDING_BLOCK	16-12-2021 12:41:28	3
SENDING_BLOCK	16-12-2021 12:41:28	2
SENDING_BLOCK	16-12-2021 12:41:30	2
SENDING_BLOCK	16-12-2021 12:41:30	2
REQUEST_BLOCK	16-12-2021 12:41:30	3
RECEIVED_BLOCK	16-12-2021 12:41:30	3	SUCCESS
SENDING_BLOCK	16-12-2021 12:41:31	3
SENDING_BLOCK	16-12-2021 12:41:31	3
SENDING_BLOCK	16-12-2021 12:41:31	3
SENDING_BLOCK	16-12-2021 12:41:31	3
