START_TIME	16-12-2021 12:41:00
BLOCK_ADDED_START	16-12-2021 12:41:00	1
BLOCK_ADDED_STOP	16-12-2021 12:41:00	1	SUCCESS
REQUEST_BLOCK	16-12-2021 12:41:08	2
RECEIVED_BLOCK	16-12-2021 12:41:08	2	SUCCESS
SENDING_BLOCK	16-12-2021 12:41:13	2
SENDING_BLOCK	16-12-2021 12:41:13	2
SENDING_BLOCK	16-12-2021 12:41:13	2
SENDING_BLOCK	16-12-2021 12:41:15	2
SENDING_BLOCK	16-12-2021 12:41:17	2
SENDING_BLOCK	16-12-2021 12:41:18	2
SENDING_BLOCK	16-12-2021 12:41:19	2
SENDING_BLOCK	16-12-2021 12:41:22	1
SENDING_BLOCK	16-12-2021 12:41:27	2
SENDING_BLOCK	16-12-2021 12:41:27	2
REQUEST_BLOCK	16-12-2021 12:41:27	2
RECEIVED_BLOCK	16-12-2021 12:41:27	2	SUCCESS
SENDING_BLOCK	16-12-2021 12:41:27	2
SENDING_BLOCK	16-12-2021 12:41:30	3
SENDING_BLOCK	16-12-2021 12:41:30	2
SENDING_BLOCK	16-12-2021 12:41:30	2
SENDING_BLOCK	16-12-2021 12:41:30	2
REQUEST_BLOCK	16-12-2021 12:41:30	3
RECEIVED_BLOCK	16-12-2021 12:41:30	3	SUCCESS
SENDING_BLOCK	16-12-2021 12:41:30	3
SENDING_BLOCK	16-12-2021 12:41:30	3
SENDING_BLOCK	16-12-2021 12:41:31	3
SENDING_BLOCK	16-12-2021 12:41:31	3
