START_TIME	16-12-2021 12:41:08
BLOCK_ADDED_START	16-12-2021 12:41:08	1
BLOCK_ADDED_STOP	16-12-2021 12:41:08	1	SUCCESS
REQUEST_BLOCK	16-12-2021 12:41:16	2
RECEIVED_BLOCK	16-12-2021 12:41:18	2	SUCCESS
SENDING_BLOCK	16-12-2021 12:41:18	2
SENDING_BLOCK	16-12-2021 12:41:20	2
SENDING_BLOCK	16-12-2021 12:41:21	1
SENDING_BLOCK	16-12-2021 12:41:24	2
SENDING_BLOCK	16-12-2021 12:41:24	2
REQUEST_BLOCK	16-12-2021 12:41:28	2
RECEIVED_BLOCK	16-12-2021 12:41:28	2	SUCCESS
SENDING_BLOCK	16-12-2021 12:41:28	2
SENDING_BLOCK	16-12-2021 12:41:28	2
SENDING_BLOCK	16-12-2021 12:41:28	3
SENDING_BLOCK	16-12-2021 12:41:28	2
SENDING_BLOCK	16-12-2021 12:41:28	2
REQUEST_BLOCK	16-12-2021 12:41:29	3
RECEIVED_BLOCK	16-12-2021 12:41:30	3	SUCCESS
SENDING_BLOCK	16-12-2021 12:41:30	3
SENDING_BLOCK	16-12-2021 12:41:30	3
SENDING_BLOCK	16-12-2021 12:41:30	3
SENDING_BLOCK	16-12-2021 12:41:30	3
SENDING_BLOCK	16-12-2021 12:41:30	3
