START_TIME	16-12-2021 11:00:58
BLOCK_ADDED_START	16-12-2021 11:00:58	1
BLOCK_ADDED_STOP	16-12-2021 11:00:58	1	SUCCESS
BLOCK_ADDED_START	16-12-2021 11:00:58	2
BLOCK_ADDED_STOP	16-12-2021 11:00:58	2	SUCCESS
BLOCK_ADDED_START	16-12-2021 11:00:58	3
BLOCK_ADDED_STOP	16-12-2021 11:00:58	3	SUCCESS
BLOCK_ADDED_START	16-12-2021 11:00:58	4
BLOCK_ADDED_STOP	16-12-2021 11:00:58	4	SUCCESS
BLOCK_ADDED_START	16-12-2021 11:00:58	5
BLOCK_ADDED_STOP	16-12-2021 11:00:58	5	SUCCESS
BLOCK_ADDED_START	16-12-2021 11:00:58	6
BLOCK_ADDED_STOP	16-12-2021 11:00:58	6	SUCCESS
BLOCK_ADDED_START	16-12-2021 11:00:58	7
BLOCK_ADDED_STOP	16-12-2021 11:00:58	7	SUCCESS
BLOCK_ADDED_START	16-12-2021 11:00:58	8
BLOCK_ADDED_STOP	16-12-2021 11:00:58	8	SUCCESS
BLOCK_ADDED_START	16-12-2021 11:00:58	9
BLOCK_ADDED_STOP	16-12-2021 11:00:58	9	SUCCESS
BLOCK_ADDED_START	16-12-2021 11:00:58	10
BLOCK_ADDED_STOP	16-12-2021 11:00:58	10	SUCCESS
BLOCK_ADDED_START	16-12-2021 11:00:58	11
BLOCK_ADDED_STOP	16-12-2021 11:00:58	11	SUCCESS
REQUEST_BLOCK	16-12-2021 11:01:06	12
RECEIVED_BLOCK	16-12-2021 11:01:06	12	SUCCESS
