START_TIME	16-12-2021 12:34:39
BLOCK_ADDED_START	16-12-2021 12:34:39	1
BLOCK_ADDED_STOP	16-12-2021 12:34:39	1	SUCCESS
REQUEST_BLOCK	16-12-2021 12:34:47	2
RECEIVED_BLOCK	16-12-2021 12:34:48	2	SUCCESS
SENDING_BLOCK	16-12-2021 12:34:49	2
SENDING_BLOCK	16-12-2021 12:34:52	2
SENDING_BLOCK	16-12-2021 12:34:55	2
SENDING_BLOCK	16-12-2021 12:34:55	2
SENDING_BLOCK	16-12-2021 12:34:56	2
SENDING_BLOCK	16-12-2021 12:34:58	2
SENDING_BLOCK	16-12-2021 12:34:58	2
SENDING_BLOCK	16-12-2021 12:35:01	2
SENDING_BLOCK	16-12-2021 12:35:01	1
SENDING_BLOCK	16-12-2021 12:35:03	2
SENDING_BLOCK	16-12-2021 12:35:03	2
REQUEST_BLOCK	16-12-2021 12:35:06	2
RECEIVED_BLOCK	16-12-2021 12:35:06	2	SUCCESS
SENDING_BLOCK	16-12-2021 12:35:06	2
SENDING_BLOCK	16-12-2021 12:35:06	2
SENDING_BLOCK	16-12-2021 12:35:06	2
SENDING_BLOCK	16-12-2021 12:35:06	2
SENDING_BLOCK	16-12-2021 12:35:06	3
REQUEST_BLOCK	16-12-2021 12:35:07	3
RECEIVED_BLOCK	16-12-2021 12:35:09	3	SUCCESS
SENDING_BLOCK	16-12-2021 12:35:09	3
SENDING_BLOCK	16-12-2021 12:35:09	3
SENDING_BLOCK	16-12-2021 12:35:10	3
SENDING_BLOCK	16-12-2021 12:35:10	3
SENDING_BLOCK	16-12-2021 12:35:10	3
