START_TIME	16-12-2021 12:34:53
REQUEST_BLOCK	16-12-2021 12:35:00	1
RECEIVED_BLOCK	16-12-2021 12:35:02	1	SUCCESS
REQUEST_BLOCK	16-12-2021 12:35:02	2
RECEIVED_BLOCK	16-12-2021 12:35:03	2	SUCCESS
BLOCK_ADDED_START	16-12-2021 12:35:03	2
REQUEST_BLOCK	16-12-2021 12:35:03	2
RECEIVED_BLOCK	16-12-2021 12:35:04	2	SUCCESS
SENDING_BLOCK	16-12-2021 12:35:05	2
SENDING_BLOCK	16-12-2021 12:35:05	2
SENDING_BLOCK	16-12-2021 12:35:05	2
SENDING_BLOCK	16-12-2021 12:35:05	2
SENDING_BLOCK	16-12-2021 12:35:06	2
SENDING_BLOCK	16-12-2021 12:35:06	2
BLOCK_ADDED_STOP	16-12-2021 12:35:06	2	SUCCESS
SENDING_BLOCK	16-12-2021 12:35:06	2
SENDING_BLOCK	16-12-2021 12:35:06	2
SENDING_BLOCK	16-12-2021 12:35:06	2
BLOCK_ADDED_START	16-12-2021 12:35:06	3
REQUEST_BLOCK	16-12-2021 12:35:06	3
SENDING_BLOCK	16-12-2021 12:35:07	2
RECEIVED_BLOCK	16-12-2021 12:35:07	3	SUCCESS
SENDING_BLOCK	16-12-2021 12:35:08	3
SENDING_BLOCK	16-12-2021 12:35:08	3
SENDING_BLOCK	16-12-2021 12:35:09	3
SENDING_BLOCK	16-12-2021 12:35:09	3
SENDING_BLOCK	16-12-2021 12:35:10	3
SENDING_BLOCK	16-12-2021 12:35:10	3
SENDING_BLOCK	16-12-2021 12:35:10	3
SENDING_BLOCK	16-12-2021 12:35:10	3
BLOCK_ADDED_STOP	16-12-2021 12:35:10	3	SUCCESS
SENDING_BLOCK	16-12-2021 12:35:10	3
