START_TIME	16-12-2021 12:34:43
BLOCK_ADDED_START	16-12-2021 12:34:43	1
BLOCK_ADDED_STOP	16-12-2021 12:34:43	1	SUCCESS
REQUEST_BLOCK	16-12-2021 12:34:51	2
RECEIVED_BLOCK	16-12-2021 12:34:51	2	SUCCESS
SENDING_BLOCK	16-12-2021 12:34:51	2
SENDING_BLOCK	16-12-2021 12:34:53	2
SENDING_BLOCK	16-12-2021 12:34:54	2
SENDING_BLOCK	16-12-2021 12:34:57	2
SENDING_BLOCK	16-12-2021 12:34:57	2
SENDING_BLOCK	16-12-2021 12:34:58	2
SENDING_BLOCK	16-12-2021 12:35:00	2
SENDING_BLOCK	16-12-2021 12:35:00	1
SENDING_BLOCK	16-12-2021 12:35:02	2
SENDING_BLOCK	16-12-2021 12:35:05	2
REQUEST_BLOCK	16-12-2021 12:35:05	2
RECEIVED_BLOCK	16-12-2021 12:35:05	2	SUCCESS
SENDING_BLOCK	16-12-2021 12:35:06	2
SENDING_BLOCK	16-12-2021 12:35:06	2
SENDING_BLOCK	16-12-2021 12:35:06	2
SENDING_BLOCK	16-12-2021 12:35:06	3
SENDING_BLOCK	16-12-2021 12:35:06	2
REQUEST_BLOCK	16-12-2021 12:35:09	3
RECEIVED_BLOCK	16-12-2021 12:35:09	3	SUCCESS
SENDING_BLOCK	16-12-2021 12:35:09	3
SENDING_BLOCK	16-12-2021 12:35:10	3
SENDING_BLOCK	16-12-2021 12:35:10	3
