START_TIME	16-12-2021 11:09:24
BLOCK_ADDED_START	16-12-2021 11:09:24	1
BLOCK_ADDED_STOP	16-12-2021 11:09:24	1	SUCCESS
REQUEST_BLOCK	16-12-2021 11:09:32	2
SENDING_BLOCK	16-12-2021 11:09:35	1
RECEIVED_BLOCK	16-12-2021 11:09:35	2	SUCCESS
SENDING_BLOCK	16-12-2021 11:09:35	1
SENDING_BLOCK	16-12-2021 11:09:37	2
REQUEST_BLOCK	16-12-2021 11:09:37	2
RECEIVED_BLOCK	16-12-2021 11:09:38	2	SUCCESS
SENDING_BLOCK	16-12-2021 11:09:39	3
REQUEST_BLOCK	16-12-2021 11:09:41	3
RECEIVED_BLOCK	16-12-2021 11:09:42	3	SUCCESS
SENDING_BLOCK	16-12-2021 11:09:43	4
REQUEST_BLOCK	16-12-2021 11:09:44	4
RECEIVED_BLOCK	16-12-2021 11:09:45	4	SUCCESS
SENDING_BLOCK	16-12-2021 11:09:46	5
REQUEST_BLOCK	16-12-2021 11:09:47	5
RECEIVED_BLOCK	16-12-2021 11:09:48	5	SUCCESS
SENDING_BLOCK	16-12-2021 11:09:49	6
REQUEST_BLOCK	16-12-2021 11:09:50	6
RECEIVED_BLOCK	16-12-2021 11:09:51	6	SUCCESS
SENDING_BLOCK	16-12-2021 11:09:52	7
REQUEST_BLOCK	16-12-2021 11:09:54	7
RECEIVED_BLOCK	16-12-2021 11:09:55	7	SUCCESS
SENDING_BLOCK	16-12-2021 11:09:56	8
REQUEST_BLOCK	16-12-2021 11:09:57	8
RECEIVED_BLOCK	16-12-2021 11:09:58	8	SUCCESS
SENDING_BLOCK	16-12-2021 11:09:59	9
REQUEST_BLOCK	16-12-2021 11:10:00	9
RECEIVED_BLOCK	16-12-2021 11:10:01	9	SUCCESS
SENDING_BLOCK	16-12-2021 11:10:02	10
REQUEST_BLOCK	16-12-2021 11:10:05	10
RECEIVED_BLOCK	16-12-2021 11:10:06	10	SUCCESS
SENDING_BLOCK	16-12-2021 11:10:07	11
REQUEST_BLOCK	16-12-2021 11:10:09	11
RECEIVED_BLOCK	16-12-2021 11:10:10	11	SUCCESS
SENDING_BLOCK	16-12-2021 11:10:11	12
REQUEST_BLOCK	16-12-2021 11:10:14	12
RECEIVED_BLOCK	16-12-2021 11:10:15	12	SUCCESS
SENDING_BLOCK	16-12-2021 11:10:16	13
REQUEST_BLOCK	16-12-2021 11:10:18	13
RECEIVED_BLOCK	16-12-2021 11:10:20	13	SUCCESS
SENDING_BLOCK	16-12-2021 11:10:22	14
REQUEST_BLOCK	16-12-2021 11:10:25	14
RECEIVED_BLOCK	16-12-2021 11:10:27	14	SUCCESS
SENDING_BLOCK	16-12-2021 11:10:29	15
REQUEST_BLOCK	16-12-2021 11:10:32	15
RECEIVED_BLOCK	16-12-2021 11:10:34	15	SUCCESS
SENDING_BLOCK	16-12-2021 11:10:36	16
REQUEST_BLOCK	16-12-2021 11:10:39	16
RECEIVED_BLOCK	16-12-2021 11:10:41	16	SUCCESS
SENDING_BLOCK	16-12-2021 11:10:43	17
SENDING_BLOCK	16-12-2021 11:11:05	17
SENDING_BLOCK	16-12-2021 11:11:27	17
SENDING_BLOCK	16-12-2021 11:11:50	17
SENDING_BLOCK	16-12-2021 11:12:13	17
SENDING_BLOCK	16-12-2021 11:12:35	17
SENDING_BLOCK	16-12-2021 11:12:59	17
SENDING_BLOCK	16-12-2021 11:13:22	17
SENDING_BLOCK	16-12-2021 11:13:45	17
SENDING_BLOCK	16-12-2021 11:14:09	17
SENDING_BLOCK	16-12-2021 11:14:31	17
SENDING_BLOCK	16-12-2021 11:14:55	17
SENDING_BLOCK	16-12-2021 11:15:18	17
SENDING_BLOCK	16-12-2021 11:15:40	17
SENDING_BLOCK	16-12-2021 11:16:04	17
SENDING_BLOCK	16-12-2021 11:16:28	17
SENDING_BLOCK	16-12-2021 11:16:50	17
SENDING_BLOCK	16-12-2021 11:17:15	17
SENDING_BLOCK	16-12-2021 11:17:37	17
SENDING_BLOCK	16-12-2021 11:17:59	17
SENDING_BLOCK	16-12-2021 11:18:23	17
SENDING_BLOCK	16-12-2021 11:18:45	17
SENDING_BLOCK	16-12-2021 11:19:09	17
SENDING_BLOCK	16-12-2021 11:19:31	17
SENDING_BLOCK	16-12-2021 11:19:54	17
SENDING_BLOCK	16-12-2021 11:20:16	17
SENDING_BLOCK	16-12-2021 11:20:39	17
SENDING_BLOCK	16-12-2021 11:21:01	17
SENDING_BLOCK	16-12-2021 11:21:23	17
SENDING_BLOCK	16-12-2021 11:21:45	17
SENDING_BLOCK	16-12-2021 11:22:07	17
SENDING_BLOCK	16-12-2021 11:22:29	17
SENDING_BLOCK	16-12-2021 11:22:51	17
SENDING_BLOCK	16-12-2021 11:23:15	17
SENDING_BLOCK	16-12-2021 11:23:37	17
SENDING_BLOCK	16-12-2021 11:23:59	17
SENDING_BLOCK	16-12-2021 11:24:21	17
SENDING_BLOCK	16-12-2021 11:24:44	17
SENDING_BLOCK	16-12-2021 11:25:06	17
