/home/ddps2001/DPS2/1639651308/out/10.149.1.18_1234.out
/home/ddps2001/DPS2/1639651308/out/10.149.1.18_1234.out
Started proc!
sockaddr 2, 53764, 302093578
0x631a24
Thread started!
We are offline...
0x631a24
We are offline...
We are offline...
[ receive_netinfo ] 0 peers online!
Printing 0 bytes from 0x2aaab0000910.
--- start bytes ---
--- end bytes ---
We are offline...
We are offline...
We are offline...
We are offline...
We are offline...
We are offline...
[ receive_netinfo ] 2 peers online!
Coming online...
[ RequestBlockchain ] --------- Start --------- 
[ RequestBlockchain ] Requesting block 1
Broadcast to 2, 53764, 318870794
[ RequestBlockchain ] Message available! 
[ RequestBlockchain ] Handling block...
[ RequestBlockchain ] Majority found
[ RequestBlockchain ] --------- Stop  --------- 

Blockchain is size 1 with top hash e61f41d57db208c5f92a35c4ce7198570924a3fc87eeba83441fceee5d6a2865
[ SendBlockchain ] --------- Start --------- 
[ SendBlockchain ] Block does not exist 
[ SendBlockchain ] NOBLOCK sent! 
[ SendBlockchain ] --------- Stop  --------- 

Blockchain is size 1 with top hash e61f41d57db208c5f92a35c4ce7198570924a3fc87eeba83441fceee5d6a2865
[ RequestBlockchain ] Requesting block 1
Broadcast to 2, 53764, 318870794
[ RequestBlockchain ] Message available! 
[ RequestBlockchain ] Handling block...
2 53764 318870794
[ RequestBlockchain ] Received BLOCK 
[ RequestBlockchain ] BLOCK is new
[ RequestBlockchain ] Found f2d1218e317d353271633c2e24d1ff2d857e6cd71aa8a9aa7b55048320ff160a with count 1
[ RequestBlockchain ] Majority found
[ RequestBlockchain ] Requesting block 2
Broadcast to 2, 53764, 318870794
[ RequestBlockchain ] Message available! 
[ RequestBlockchain ] Handling block...
2 53764 318870794
[ RequestBlockchain ] Received BLOCK 
[ RequestBlockchain ] Malformed BLOCK
[ RequestBlockchain ] Majority found
[ AddBlockToBlockchain ] --------- Start --------- 
[ AddBlockToBlockchain ] Trying to add block with hash fbcef6de940e2c39f0524262f17233000d1b95ddffd846f5901782ba59840b512
Broadcast to 2, 53764, 318870794
[ receive_netinfo ] 2 peers online!
Coming online...
[ CheckVotesForBlock ] Not a VOTE
[ CheckVotesForBlock ] Is a noblock
[ SendBlockchain ] Block does not exist 
[ SendBlockchain ] NOBLOCK sent! 
[ CheckVotesForBlock ] Got vote for block 2
[ CheckVotesForBlock ] Handling vote 
2 53764 318870794
[ CheckVotesForBlock ] Block hash matches!
[ CheckVotesForBlock ] Majority agrees! 2 agree vs. 0 disagree, out of 2
Broadcast to 2, 53764, 318870794
[ AddBlockToBlockchain ] Added as candidate 
Handling all block addition requests...
[ AddBlockToBlockchain ] Our block got added 3

[ AddBlockToBlockchain ] --------- Stop --------- 

Blockchain is size 3 with top hash fbcef6de940e2c39f0524262f17233000d1b95ddffd846f5901782ba59840b51
[ RequestBlockchain ] Requesting block 3
Broadcast to 2, 53764, 318870794
[ RequestBlockchain ] Message available! 
[ RequestBlockchain ] Handling block...
2 53764 318870794
[ RequestBlockchain ] Received NOBLOCK
[ RequestBlockchain ] Majority found
[ AddBlockToBlockchain ] --------- Start --------- 
[ AddBlockToBlockchain ] Trying to add block with hash d24127845fd896b79fd7cd48a59535f0b42b2b9d383541d212d6f87fa96b4b603
Broadcast to 2, 53764, 318870794
[ SendBlockchain ] Block does not exist 
[ SendBlockchain ] NOBLOCK sent! 
[ CheckVotesForBlock ] Got vote for block 3
[ CheckVotesForBlock ] Handling vote 
2 53764 318870794
[ CheckVotesForBlock ] Block hash matches!
[ CheckVotesForBlock ] Majority agrees! 2 agree vs. 0 disagree, out of 2
Broadcast to 2, 53764, 318870794
[ AddBlockToBlockchain ] Added as candidate 
Handling all block addition requests...
[ AddBlockToBlockchain ] Our block got added 4

[ AddBlockToBlockchain ] --------- Stop --------- 

Blockchain is size 4 with top hash d24127845fd896b79fd7cd48a59535f0b42b2b9d383541d212d6f87fa96b4b60
Logging to /home/ddps2001/DPS2/1639651308/out/10.149.1.18_1234.out
[ Run ] No messages... 
Blockchain is size 4 with top hash d24127845fd896b79fd7cd48a59535f0b42b2b9d383541d212d6f87fa96b4b60
Logging to /home/ddps2001/DPS2/1639651308/out/10.149.1.18_1234.out
[ Run ] No messages... 
Blockchain is size 4 with top hash d24127845fd896b79fd7cd48a59535f0b42b2b9d383541d212d6f87fa96b4b60
Logging to /home/ddps2001/DPS2/1639651308/out/10.149.1.18_1234.out
[ Run ] No messages... 
