/home/ddps2001/DPS2/1639651374/out/10.149.1.17_1234.out
/home/ddps2001/DPS2/1639651374/out/10.149.1.17_1234.out
Started proc!
sockaddr 2, 53764, 285316362
0x631a24
Thread started!
We are offline...
0x631a24
We are offline...
We are offline...
[ receive_netinfo ] 0 peers online!
Printing 0 bytes from 0x2aaab0000910.
--- start bytes ---
--- end bytes ---
We are offline...
We are offline...
We are offline...
We are offline...
We are offline...
We are offline...
[ receive_netinfo ] 2 peers online!
Coming online...
[ RequestBlockchain ] --------- Start --------- 
[ RequestBlockchain ] Requesting block 1
Broadcast to 2, 53764, 302093578
[ RequestBlockchain ] Message available! 
[ RequestBlockchain ] Handling block...
[ RequestBlockchain ] Majority found
[ RequestBlockchain ] --------- Stop  --------- 

Blockchain is size 1 with top hash e61f41d57db208c5f92a35c4ce7198570924a3fc87eeba83441fceee5d6a2865
[ SendBlockchain ] --------- Start --------- 
[ SendBlockchain ] Block does not exist 
[ SendBlockchain ] NOBLOCK sent! 
[ SendBlockchain ] --------- Stop  --------- 

Blockchain is size 1 with top hash e61f41d57db208c5f92a35c4ce7198570924a3fc87eeba83441fceee5d6a2865
[ RequestBlockchain ] Requesting block 1
Broadcast to 2, 53764, 302093578
[ RequestBlockchain ] Message available! 
[ RequestBlockchain ] Handling block...
2 53764 302093578
[ RequestBlockchain ] Received BLOCK 
[ RequestBlockchain ] BLOCK is new
[ RequestBlockchain ] Found f2d1218e317d353271633c2e24d1ff2d857e6cd71aa8a9aa7b55048320ff160a with count 1
[ RequestBlockchain ] Majority found
[ RequestBlockchain ] Requesting block 2
Broadcast to 2, 53764, 302093578
[ RequestBlockchain ] Message available! 
[ RequestBlockchain ] Handling block...
2 53764 302093578
[ RequestBlockchain ] Received BLOCK 
[ RequestBlockchain ] Malformed BLOCK
[ RequestBlockchain ] Majority found
[ AddBlockToBlockchain ] --------- Start --------- 
[ AddBlockToBlockchain ] Trying to add block with hash dd9c10c7c2cf0296a687427c80a185aaafb5fbd2fabc946c34912bf6695f199c2
Broadcast to 2, 53764, 302093578
[ receive_netinfo ] 2 peers online!
Coming online...
[ CheckVotesForBlock ] Not a VOTE
[ CheckVotesForBlock ] Is a noblock
[ SendBlockchain ] Block does not exist 
[ SendBlockchain ] NOBLOCK sent! 
[ CheckVotesForBlock ] Got vote for block 2
[ CheckVotesForBlock ] Handling vote 
2 53764 302093578
[ CheckVotesForBlock ] Block hash matches!
[ CheckVotesForBlock ] Majority agrees! 2 agree vs. 0 disagree, out of 2
Broadcast to 2, 53764, 302093578
[ AddBlockToBlockchain ] Added as candidate 
Handling all block addition requests...
[ AddBlockToBlockchain ] Our block got added 3

[ AddBlockToBlockchain ] --------- Stop --------- 

Blockchain is size 3 with top hash dd9c10c7c2cf0296a687427c80a185aaafb5fbd2fabc946c34912bf6695f199c
[ RequestBlockchain ] Requesting block 3
Broadcast to 2, 53764, 302093578
[ RequestBlockchain ] Message available! 
[ RequestBlockchain ] Handling block...
2 53764 302093578
[ RequestBlockchain ] Received NOBLOCK
[ RequestBlockchain ] Majority found
[ AddBlockToBlockchain ] --------- Start --------- 
[ AddBlockToBlockchain ] Trying to add block with hash d10b5dd7b946db6013dc057c7499b96cd9336a66365c05d60829ff7c495542d93
Broadcast to 2, 53764, 302093578
[ receive_netinfo ] 2 peers online!
Coming online...
[ SendBlockchain ] Block does not exist 
[ SendBlockchain ] NOBLOCK sent! 
[ CheckVotesForBlock ] Got vote for block 3
[ CheckVotesForBlock ] Handling vote 
2 53764 302093578
[ CheckVotesForBlock ] Block hash matches!
[ CheckVotesForBlock ] Majority agrees! 2 agree vs. 0 disagree, out of 2
Broadcast to 2, 53764, 302093578
[ AddBlockToBlockchain ] Added as candidate 
Handling all block addition requests...
[ AddBlockToBlockchain ] Our block got added 4

[ AddBlockToBlockchain ] --------- Stop --------- 

Blockchain is size 4 with top hash d10b5dd7b946db6013dc057c7499b96cd9336a66365c05d60829ff7c495542d9
Logging to /home/ddps2001/DPS2/1639651374/out/10.149.1.17_1234.out
[ Run ] No messages... 
