/home/ddps2001/DPS2/1639654927/out/10.149.0.34_1234.out
/home/ddps2001/DPS2/1639654927/out/10.149.0.34_1234.out
Started proc!
sockaddr 2, 53764, 570463498
0x631a24
Thread started!
We are offline...
0x631a24
We are offline...
[ receive_netinfo ] 8 peers online!
Printing 64 bytes from 0x2aaab0000970.
--- start bytes ---
02 00 04 d2 0a 95 00 23 02 00 04 d2 0a 95 00 25 
02 00 04 d2 0a 95 00 24 02 00 04 d2 0a 95 00 26 
02 00 04 d2 0a 95 00 28 02 00 04 d2 0a 95 00 27 
02 00 04 d2 0a 95 00 29 02 00 04 d2 0a 95 00 2a 
--- end bytes ---
We are offline...
We are offline...
We are offline...
We are offline...
We are offline...
We are offline...
[ receive_netinfo ] 11 peers online!
Coming online...
[ RequestBlockchain ] --------- Start --------- 
[ RequestBlockchain ] Requesting block 1
Broadcast to 2, 53764, 587240714
Broadcast to 2, 53764, 620795146
Broadcast to 2, 53764, 604017930
Broadcast to 2, 53764, 637572362
Broadcast to 2, 53764, 671126794
Broadcast to 2, 53764, 654349578
Broadcast to 2, 53764, 687904010
Broadcast to 2, 53764, 704681226
Broadcast to 2, 53764, 721458442
Broadcast to 2, 53764, 738235658
[ RequestBlockchain ] Message available! 
[ RequestBlockchain ] Handling block...
[ RequestBlockchain ] Message available! 
[ RequestBlockchain ] Handling block...
[ RequestBlockchain ] Message available! 
[ RequestBlockchain ] Handling block...
[ RequestBlockchain ] Message available! 
[ RequestBlockchain ] Handling block...
[ RequestBlockchain ] Message available! 
[ RequestBlockchain ] Handling block...
2 53764 620795146
[ RequestBlockchain ] Received BLOCK 
[ RequestBlockchain ] BLOCK is new
[ RequestBlockchain ] Found f2d1218e317d353271633c2e24d1ff2d857e6cd71aa8a9aa7b55048320ff160a with count 1
[ RequestBlockchain ] Message available! 
[ RequestBlockchain ] Handling block...
2 53764 671126794
[ RequestBlockchain ] Received BLOCK 
[ RequestBlockchain ] known BLOCK
[ RequestBlockchain ] Found f2d1218e317d353271633c2e24d1ff2d857e6cd71aa8a9aa7b55048320ff160a with count 2
[ RequestBlockchain ] Message available! 
[ RequestBlockchain ] Handling block...
2 53764 721458442
[ RequestBlockchain ] Received BLOCK 
[ RequestBlockchain ] known BLOCK
[ RequestBlockchain ] Found f2d1218e317d353271633c2e24d1ff2d857e6cd71aa8a9aa7b55048320ff160a with count 3
[ RequestBlockchain ] Message available! 
[ RequestBlockchain ] Handling block...
2 53764 587240714
[ RequestBlockchain ] Received BLOCK 
[ RequestBlockchain ] known BLOCK
[ RequestBlockchain ] Found f2d1218e317d353271633c2e24d1ff2d857e6cd71aa8a9aa7b55048320ff160a with count 4
[ RequestBlockchain ] Message available! 
[ RequestBlockchain ] Handling block...
2 53764 637572362
[ RequestBlockchain ] Received BLOCK 
[ RequestBlockchain ] known BLOCK
[ RequestBlockchain ] Found f2d1218e317d353271633c2e24d1ff2d857e6cd71aa8a9aa7b55048320ff160a with count 5
[ RequestBlockchain ] Message available! 
[ RequestBlockchain ] Handling block...
2 53764 687904010
[ RequestBlockchain ] Received BLOCK 
[ RequestBlockchain ] known BLOCK
[ RequestBlockchain ] Found f2d1218e317d353271633c2e24d1ff2d857e6cd71aa8a9aa7b55048320ff160a with count 6
[ RequestBlockchain ] Majority found
[ RequestBlockchain ] Requesting block 2
Broadcast to 2, 53764, 587240714
Broadcast to 2, 53764, 620795146
Broadcast to 2, 53764, 604017930
Broadcast to 2, 53764, 637572362
Broadcast to 2, 53764, 671126794
Broadcast to 2, 53764, 654349578
Broadcast to 2, 53764, 687904010
Broadcast to 2, 53764, 704681226
Broadcast to 2, 53764, 721458442
Broadcast to 2, 53764, 738235658
[ RequestBlockchain ] Message available! 
[ RequestBlockchain ] Handling block...
2 53764 654349578
[ RequestBlockchain ] Received BLOCK 
[ RequestBlockchain ] Malformed BLOCK
[ RequestBlockchain ] Message available! 
[ RequestBlockchain ] Handling block...
2 53764 704681226
[ RequestBlockchain ] Received BLOCK 
[ RequestBlockchain ] Malformed BLOCK
[ RequestBlockchain ] Message available! 
[ RequestBlockchain ] Handling block...
2 53764 687904010
[ RequestBlockchain ] Peer is requesting same block
[ RequestBlockchain ] Message available! 
[ RequestBlockchain ] Handling block...
2 53764 704681226
[ RequestBlockchain ] Client requesting same block and already seen... 
[ RequestBlockchain ] Message available! 
[ RequestBlockchain ] Handling block...
2 53764 721458442
[ RequestBlockchain ] Peer is requesting same block
[ RequestBlockchain ] Message available! 
[ RequestBlockchain ] Handling block...
2 53764 738235658
[ RequestBlockchain ] Peer is requesting same block
[ RequestBlockchain ] Majority found
[ RequestBlockchain ] --------- Stop  --------- 

Blockchain is size 2 with top hash f2d1218e317d353271633c2e24d1ff2d857e6cd71aa8a9aa7b55048320ff160a
[ RequestBlockchain ] Requesting block 2
Broadcast to 2, 53764, 587240714
Broadcast to 2, 53764, 620795146
Broadcast to 2, 53764, 604017930
Broadcast to 2, 53764, 637572362
Broadcast to 2, 53764, 671126794
Broadcast to 2, 53764, 654349578
Broadcast to 2, 53764, 687904010
Broadcast to 2, 53764, 704681226
Broadcast to 2, 53764, 721458442
Broadcast to 2, 53764, 738235658
[ RequestBlockchain ] Message available! 
[ RequestBlockchain ] Handling block...
2 53764 738235658
[ RequestBlockchain ] Received BLOCK 
[ RequestBlockchain ] Malformed BLOCK
[ RequestBlockchain ] Message available! 
[ RequestBlockchain ] Handling block...
2 53764 604017930
[ RequestBlockchain ] Received BLOCK 
[ RequestBlockchain ] Malformed BLOCK
[ receive_netinfo ] 11 peers online!
Coming online...
[ RequestBlockchain ] Message available! 
[ RequestBlockchain ] Handling block...
2 53764 620795146
[ RequestBlockchain ] Received NOBLOCK
[ RequestBlockchain ] Message available! 
[ RequestBlockchain ] Handling block...
2 53764 620795146
[ RequestBlockchain ] Client that sent NOBLOCK already seen... 
[ RequestBlockchain ] Message available! 
[ RequestBlockchain ] Handling block...
2 53764 587240714
[ RequestBlockchain ] Received NOBLOCK
[ RequestBlockchain ] Message available! 
[ RequestBlockchain ] Handling block...
2 53764 587240714
[ RequestBlockchain ] Client that sent NOBLOCK already seen... 
[ RequestBlockchain ] Message available! 
[ RequestBlockchain ] Handling block...
2 53764 604017930
[ RequestBlockchain ] Client that sent NOBLOCK already seen... 
[ RequestBlockchain ] Message available! 
[ RequestBlockchain ] Handling block...
2 53764 604017930
[ RequestBlockchain ] Client that sent NOBLOCK already seen... 
[ RequestBlockchain ] Message available! 
[ RequestBlockchain ] Handling block...
2 53764 704681226
[ RequestBlockchain ] Received NOBLOCK
[ RequestBlockchain ] Majority found
[ AddBlockToBlockchain ] --------- Start --------- 
[ AddBlockToBlockchain ] Trying to add block with hash 6d6602728f7bbe664d6af6cfeea04bfcaec9c5aa1c5a895e91c4a358a4598f4d2
Broadcast to 2, 53764, 587240714
Broadcast to 2, 53764, 620795146
Broadcast to 2, 53764, 604017930
Broadcast to 2, 53764, 637572362
Broadcast to 2, 53764, 671126794
Broadcast to 2, 53764, 654349578
Broadcast to 2, 53764, 687904010
Broadcast to 2, 53764, 704681226
Broadcast to 2, 53764, 721458442
Broadcast to 2, 53764, 738235658
[ CheckVotesForBlock ] Not a VOTE
[ CheckVotesForBlock ] Is a noblock
[ CheckVotesForBlock ] Not a VOTE
[ CheckVotesForBlock ] Is a noblock
[ CheckVotesForBlock ] Not a VOTE
[ CheckVotesForBlock ] Is a noblock
[ CheckVotesForBlock ] Not a VOTE
[ CheckVotesForBlock ] Is a noblock
[ CheckVotesForBlock ] Not a VOTE
[ CheckVotesForBlock ] Is a noblock
[ CheckVotesForBlock ] Not a VOTE
[ CheckVotesForBlock ] Is a noblock
[ CheckVotesForBlock ] Not a VOTE
[ CheckVotesForBlock ] Is a noblock
[ CheckVotesForBlock ] Not a VOTE
[ CheckVotesForBlock ] Is a noblock
[ CheckVotesForBlock ] Not a VOTE
[ CheckVotesForBlock ] Is a noblock
[ CheckVotesForBlock ] Not a VOTE
[ CheckVotesForBlock ] Is a noblock
[ CheckVotesForBlock ] Not a VOTE
[ CheckVotesForBlock ] Is a noblock
[ SendBlockchain ] Block does not exist 
[ SendBlockchain ] NOBLOCK sent! 
[ SendBlockchain ] Block does not exist 
[ SendBlockchain ] NOBLOCK sent! 
[ SendBlockchain ] Block does not exist 
[ SendBlockchain ] NOBLOCK sent! 
[ CheckVotesForBlock ] Not a VOTE
[ CheckVotesForBlock ] Is a noblock
[ CheckVotesForBlock ] Not a VOTE
[ CheckVotesForBlock ] Is a noblock
[ SendBlockchain ] Block does not exist 
[ SendBlockchain ] NOBLOCK sent! 
[ SendBlockchain ] Block does not exist 
[ SendBlockchain ] NOBLOCK sent! 
[ SendBlockchain ] Block does not exist 
[ SendBlockchain ] NOBLOCK sent! 
[ CheckVotesForBlock ] Got vote for block 2
[ CheckVotesForBlock ] Handling vote 
2 53764 704681226
[ CheckVotesForBlock ] Block hash matches!
[ SendBlockchain ] Block does not exist 
[ SendBlockchain ] NOBLOCK sent! 
[ CheckVotesForBlock ] Got vote for block 2
[ CheckVotesForBlock ] Handling vote 
2 53764 620795146
[ CheckVotesForBlock ] Block hash matches!
[ CheckVotesForBlock ] Got vote for block 2
[ CheckVotesForBlock ] Handling vote 
2 53764 671126794
[ CheckVotesForBlock ] Block hash matches!
[ CheckVotesForBlock ] Got vote for block 2
[ CheckVotesForBlock ] Handling vote 
2 53764 721458442
[ CheckVotesForBlock ] Block hash matches!
[ CheckVotesForBlock ] Got vote for block 2
[ CheckVotesForBlock ] Handling vote 
2 53764 587240714
[ CheckVotesForBlock ] Block hash matches!
[ CheckVotesForBlock ] Majority agrees! 6 agree vs. 0 disagree, out of 11
Broadcast to 2, 53764, 587240714
Broadcast to 2, 53764, 620795146
Broadcast to 2, 53764, 604017930
Broadcast to 2, 53764, 637572362
Broadcast to 2, 53764, 671126794
Broadcast to 2, 53764, 654349578
Broadcast to 2, 53764, 687904010
Broadcast to 2, 53764, 704681226
Broadcast to 2, 53764, 721458442
Broadcast to 2, 53764, 738235658
[ AddBlockToBlockchain ] Added as candidate 
Handling all block addition requests...
[ AddBlockToBlockchain ] Our block got added 3

[ AddBlockToBlockchain ] --------- Stop --------- 

Blockchain is size 3 with top hash 6d6602728f7bbe664d6af6cfeea04bfcaec9c5aa1c5a895e91c4a358a4598f4d
Blockchain is size 3 with top hash 6d6602728f7bbe664d6af6cfeea04bfcaec9c5aa1c5a895e91c4a358a4598f4d
[ SendBlockchain ] --------- Start --------- 
[ SendBlockchain ] Block 2 is available 
[ SendBlockchain ] BLOCK sent! 
[ SendBlockchain ] --------- Stop  --------- 

Blockchain is size 3 with top hash 6d6602728f7bbe664d6af6cfeea04bfcaec9c5aa1c5a895e91c4a358a4598f4d
Blockchain is size 3 with top hash 6d6602728f7bbe664d6af6cfeea04bfcaec9c5aa1c5a895e91c4a358a4598f4d
Blockchain is size 3 with top hash 6d6602728f7bbe664d6af6cfeea04bfcaec9c5aa1c5a895e91c4a358a4598f4d
[ SendBlockchain ] --------- Start --------- 
[ SendBlockchain ] Block 2 is available 
[ SendBlockchain ] BLOCK sent! 
[ SendBlockchain ] --------- Stop  --------- 

Blockchain is size 3 with top hash 6d6602728f7bbe664d6af6cfeea04bfcaec9c5aa1c5a895e91c4a358a4598f4d
Blockchain is size 3 with top hash 6d6602728f7bbe664d6af6cfeea04bfcaec9c5aa1c5a895e91c4a358a4598f4d
[ RequestBlockchain ] Requesting block 3
Broadcast to 2, 53764, 587240714
Broadcast to 2, 53764, 620795146
Broadcast to 2, 53764, 604017930
Broadcast to 2, 53764, 637572362
Broadcast to 2, 53764, 671126794
Broadcast to 2, 53764, 654349578
Broadcast to 2, 53764, 687904010
Broadcast to 2, 53764, 704681226
Broadcast to 2, 53764, 721458442
Broadcast to 2, 53764, 738235658
[ RequestBlockchain ] Message available! 
[ RequestBlockchain ] Handling block...
2 53764 671126794
[ RequestBlockchain ] Received NOBLOCK
[ RequestBlockchain ] Message available! 
[ RequestBlockchain ] Handling block...
2 53764 721458442
[ RequestBlockchain ] Received NOBLOCK
[ RequestBlockchain ] Message available! 
[ RequestBlockchain ] Handling block...
2 53764 587240714
[ RequestBlockchain ] Received NOBLOCK
[ RequestBlockchain ] Message available! 
[ RequestBlockchain ] Handling block...
[ SendBlockchain ] Block 2 is available 
[ SendBlockchain ] BLOCK sent! 
[ RequestBlockchain ] Message available! 
[ RequestBlockchain ] Handling block...
[ RequestBlockchain ] Not NOBLOCK nor BLOCK nor REQUESTBLOCK
[ RequestBlockchain ] Is a vote for block 2
[ RequestBlockchain ] Message available! 
[ RequestBlockchain ] Handling block...
2 53764 687904010
[ RequestBlockchain ] Received NOBLOCK
[ RequestBlockchain ] Message available! 
[ RequestBlockchain ] Handling block...
2 53764 620795146
[ RequestBlockchain ] Received NOBLOCK
[ RequestBlockchain ] Majority found
[ AddBlockToBlockchain ] --------- Start --------- 
[ AddBlockToBlockchain ] Trying to add block with hash 30aac0a1db8da845a6e319077e72033c6ad81f8690d1625ec213bc4452c79a3e3
Broadcast to 2, 53764, 587240714
Broadcast to 2, 53764, 620795146
Broadcast to 2, 53764, 604017930
Broadcast to 2, 53764, 637572362
Broadcast to 2, 53764, 671126794
Broadcast to 2, 53764, 654349578
Broadcast to 2, 53764, 687904010
Broadcast to 2, 53764, 704681226
Broadcast to 2, 53764, 721458442
Broadcast to 2, 53764, 738235658
[ CheckVotesForBlock ] Not a VOTE
[ CheckVotesForBlock ] Is a noblock
[ CheckVotesForBlock ] Not a VOTE
[ CheckVotesForBlock ] Is a noblock
[ receive_netinfo ] 11 peers online!
Coming online...
[ SendBlockchain ] Block does not exist 
[ SendBlockchain ] NOBLOCK sent! 
[ SendBlockchain ] Block does not exist 
[ SendBlockchain ] NOBLOCK sent! 
[ CheckVotesForBlock ] Not a VOTE
[ CheckVotesForBlock ] Is a noblock
[ SendBlockchain ] Block does not exist 
[ SendBlockchain ] NOBLOCK sent! 
[ CheckVotesForBlock ] Not a VOTE
[ CheckVotesForBlock ] Is a noblock
[ SendBlockchain ] Block does not exist 
[ SendBlockchain ] NOBLOCK sent! 
[ SendBlockchain ] Block does not exist 
[ SendBlockchain ] NOBLOCK sent! 
[ CheckVotesForBlock ] Got vote for block 3
[ CheckVotesForBlock ] Handling vote 
2 53764 587240714
[ CheckVotesForBlock ] Block hash matches!
[ SendBlockchain ] Block does not exist 
[ SendBlockchain ] NOBLOCK sent! 
[ CheckVotesForBlock ] Got vote for block 3
[ CheckVotesForBlock ] Handling vote 
2 53764 637572362
[ CheckVotesForBlock ] Block hash matches!
[ CheckVotesForBlock ] Got vote for block 3
[ CheckVotesForBlock ] Handling vote 
2 53764 604017930
[ CheckVotesForBlock ] Block hash matches!
[ SendBlockchain ] Block does not exist 
[ SendBlockchain ] NOBLOCK sent! 
[ CheckVotesForBlock ] Not a VOTE
[ CheckVotesForBlock ] Is a noblock
[ SendBlockchain ] Block does not exist 
[ SendBlockchain ] NOBLOCK sent! 
[ CheckVotesForBlock ] Got vote for block 3
[ CheckVotesForBlock ] Handling vote 
2 53764 704681226
[ CheckVotesForBlock ] Block hash matches!
[ CheckVotesForBlock ] Got vote for block 3
[ CheckVotesForBlock ] Handling vote 
2 53764 620795146
[ CheckVotesForBlock ] Block hash matches!
[ CheckVotesForBlock ] Majority agrees! 6 agree vs. 0 disagree, out of 11
Broadcast to 2, 53764, 587240714
Broadcast to 2, 53764, 620795146
Broadcast to 2, 53764, 604017930
Broadcast to 2, 53764, 637572362
Broadcast to 2, 53764, 671126794
Broadcast to 2, 53764, 654349578
Broadcast to 2, 53764, 687904010
Broadcast to 2, 53764, 704681226
Broadcast to 2, 53764, 721458442
Broadcast to 2, 53764, 738235658
[ AddBlockToBlockchain ] Added as candidate 
Handling all block addition requests...
[ AddBlockToBlockchain ] Our block got added 4

[ AddBlockToBlockchain ] --------- Stop --------- 

Blockchain is size 4 with top hash 30aac0a1db8da845a6e319077e72033c6ad81f8690d1625ec213bc4452c79a3e
Blockchain is size 4 with top hash 30aac0a1db8da845a6e319077e72033c6ad81f8690d1625ec213bc4452c79a3e
Blockchain is size 4 with top hash 30aac0a1db8da845a6e319077e72033c6ad81f8690d1625ec213bc4452c79a3e
[ SendBlockchain ] --------- Start --------- 
[ SendBlockchain ] Block 3 is available 
[ SendBlockchain ] BLOCK sent! 
[ SendBlockchain ] --------- Stop  --------- 

Blockchain is size 4 with top hash 30aac0a1db8da845a6e319077e72033c6ad81f8690d1625ec213bc4452c79a3e
Blockchain is size 4 with top hash 30aac0a1db8da845a6e319077e72033c6ad81f8690d1625ec213bc4452c79a3e
Blockchain is size 4 with top hash 30aac0a1db8da845a6e319077e72033c6ad81f8690d1625ec213bc4452c79a3e
Logging to /home/ddps2001/DPS2/1639654927/out/10.149.0.34_1234.out
[ Run ] No messages... 
