/home/ddps2001/DPS2/1639654510/out/10.149.0.38_1234.out
/home/ddps2001/DPS2/1639654510/out/10.149.0.38_1234.out
Started proc!
sockaddr 2, 53764, 637572362
Thread started!
Logging to /home/ddps2001/DPS2/1639654510/out/10.149.0.38_1234.out
0x6313e4
We are offline...
0x6313e4
[ receive_netinfo ] 0 peers online!
Printing 0 bytes from 0x2aaab0000910.
--- start bytes ---
--- end bytes ---
We are offline...
We are offline...
We are offline...
We are offline...
We are offline...
[ receive_netinfo ] 4 peers online!
Coming online...
[ RequestBlockchain ] --------- Start --------- 
[ RequestBlockchain ] Requesting block 2
Broadcast to 2, 53764, 604017930
Broadcast to 2, 53764, 620795146
Broadcast to 2, 53764, 654349578
[ RequestBlockchain ] Message available! 
[ RequestBlockchain ] Handling block...
2 53764 604017930
[ RequestBlockchain ] Peer is requesting same block
[ RequestBlockchain ] Majority found
[ RequestBlockchain ] --------- Stop  --------- 

Blockchain is size 2 with top hash f2d1218e317d353271633c2e24d1ff2d857e6cd71aa8a9aa7b55048320ff160a
[ SendBlockchain ] --------- Start --------- 
[ SendBlockchain ] Block does not exist 
[ SendBlockchain ] NOBLOCK sent! 
[ SendBlockchain ] --------- Stop  --------- 

Blockchain is size 2 with top hash f2d1218e317d353271633c2e24d1ff2d857e6cd71aa8a9aa7b55048320ff160a
Blockchain is size 2 with top hash f2d1218e317d353271633c2e24d1ff2d857e6cd71aa8a9aa7b55048320ff160a
Logging to /home/ddps2001/DPS2/1639654510/out/10.149.0.38_1234.out
[ Run ] No messages... 
Blockchain is size 2 with top hash f2d1218e317d353271633c2e24d1ff2d857e6cd71aa8a9aa7b55048320ff160a
Logging to /home/ddps2001/DPS2/1639654510/out/10.149.0.38_1234.out
[ Run ] No messages... 
Blockchain is size 2 with top hash f2d1218e317d353271633c2e24d1ff2d857e6cd71aa8a9aa7b55048320ff160a
Logging to /home/ddps2001/DPS2/1639654510/out/10.149.0.38_1234.out
[ Run ] No messages... 
Blockchain is size 2 with top hash f2d1218e317d353271633c2e24d1ff2d857e6cd71aa8a9aa7b55048320ff160a
Logging to /home/ddps2001/DPS2/1639654510/out/10.149.0.38_1234.out
[ Run ] No messages... 
[ receive_netinfo ] 8 peers online!
Coming online...
Blockchain is size 2 with top hash f2d1218e317d353271633c2e24d1ff2d857e6cd71aa8a9aa7b55048320ff160a
[ SendBlockchain ] --------- Start --------- 
[ SendBlockchain ] Block does not exist 
[ SendBlockchain ] NOBLOCK sent! 
[ SendBlockchain ] --------- Stop  --------- 

Blockchain is size 2 with top hash f2d1218e317d353271633c2e24d1ff2d857e6cd71aa8a9aa7b55048320ff160a
[ SendBlockchain ] --------- Start --------- 
[ SendBlockchain ] Block does not exist 
[ SendBlockchain ] NOBLOCK sent! 
[ SendBlockchain ] --------- Stop  --------- 

Blockchain is size 2 with top hash f2d1218e317d353271633c2e24d1ff2d857e6cd71aa8a9aa7b55048320ff160a
Logging to /home/ddps2001/DPS2/1639654510/out/10.149.0.38_1234.out
[ Run ] No messages... 
Blockchain is size 2 with top hash f2d1218e317d353271633c2e24d1ff2d857e6cd71aa8a9aa7b55048320ff160a
Logging to /home/ddps2001/DPS2/1639654510/out/10.149.0.38_1234.out
[ Run ] No messages... 
Blockchain is size 2 with top hash f2d1218e317d353271633c2e24d1ff2d857e6cd71aa8a9aa7b55048320ff160a
[ SendBlockchain ] --------- Start --------- 
[ SendBlockchain ] Block does not exist 
[ SendBlockchain ] NOBLOCK sent! 
[ SendBlockchain ] --------- Stop  --------- 

Blockchain is size 2 with top hash f2d1218e317d353271633c2e24d1ff2d857e6cd71aa8a9aa7b55048320ff160a
[ SendBlockchain ] --------- Start --------- 
[ SendBlockchain ] Block does not exist 
[ SendBlockchain ] NOBLOCK sent! 
[ SendBlockchain ] --------- Stop  --------- 

Blockchain is size 2 with top hash f2d1218e317d353271633c2e24d1ff2d857e6cd71aa8a9aa7b55048320ff160a
[ SendBlockchain ] --------- Start --------- 
[ SendBlockchain ] Block does not exist 
[ SendBlockchain ] NOBLOCK sent! 
[ SendBlockchain ] --------- Stop  --------- 

Blockchain is size 2 with top hash f2d1218e317d353271633c2e24d1ff2d857e6cd71aa8a9aa7b55048320ff160a
Logging to /home/ddps2001/DPS2/1639654510/out/10.149.0.38_1234.out
[ Run ] No messages... 
[ receive_netinfo ] 11 peers online!
Coming online...
Blockchain is size 2 with top hash f2d1218e317d353271633c2e24d1ff2d857e6cd71aa8a9aa7b55048320ff160a
Logging to /home/ddps2001/DPS2/1639654510/out/10.149.0.38_1234.out
[ Run ] No messages... 
Blockchain is size 2 with top hash f2d1218e317d353271633c2e24d1ff2d857e6cd71aa8a9aa7b55048320ff160a
Logging to /home/ddps2001/DPS2/1639654510/out/10.149.0.38_1234.out
[ Run ] No messages... 
Blockchain is size 2 with top hash f2d1218e317d353271633c2e24d1ff2d857e6cd71aa8a9aa7b55048320ff160a
[ SendBlockchain ] --------- Start --------- 
[ SendBlockchain ] Block does not exist 
[ SendBlockchain ] NOBLOCK sent! 
[ SendBlockchain ] --------- Stop  --------- 

Blockchain is size 2 with top hash f2d1218e317d353271633c2e24d1ff2d857e6cd71aa8a9aa7b55048320ff160a
Logging to /home/ddps2001/DPS2/1639654510/out/10.149.0.38_1234.out
[ Run ] No messages... 
Blockchain is size 2 with top hash f2d1218e317d353271633c2e24d1ff2d857e6cd71aa8a9aa7b55048320ff160a
[ SendBlockchain ] --------- Start --------- 
[ SendBlockchain ] Block does not exist 
[ SendBlockchain ] NOBLOCK sent! 
[ SendBlockchain ] --------- Stop  --------- 

Blockchain is size 2 with top hash f2d1218e317d353271633c2e24d1ff2d857e6cd71aa8a9aa7b55048320ff160a
[ SendBlockchain ] --------- Start --------- 
[ SendBlockchain ] Block 1 is available 
[ SendBlockchain ] BLOCK sent! 
[ SendBlockchain ] --------- Stop  --------- 

Blockchain is size 2 with top hash f2d1218e317d353271633c2e24d1ff2d857e6cd71aa8a9aa7b55048320ff160a
Logging to /home/ddps2001/DPS2/1639654510/out/10.149.0.38_1234.out
[ Run ] No messages... 
Blockchain is size 2 with top hash f2d1218e317d353271633c2e24d1ff2d857e6cd71aa8a9aa7b55048320ff160a
Logging to /home/ddps2001/DPS2/1639654510/out/10.149.0.38_1234.out
[ Run ] No messages... 
Blockchain is size 2 with top hash f2d1218e317d353271633c2e24d1ff2d857e6cd71aa8a9aa7b55048320ff160a
Logging to /home/ddps2001/DPS2/1639654510/out/10.149.0.38_1234.out
[ Run ] No messages... 
[ receive_netinfo ] 11 peers online!
Coming online...
Blockchain is size 2 with top hash f2d1218e317d353271633c2e24d1ff2d857e6cd71aa8a9aa7b55048320ff160a
[ SendBlockchain ] --------- Start --------- 
[ SendBlockchain ] Block does not exist 
[ SendBlockchain ] NOBLOCK sent! 
[ SendBlockchain ] --------- Stop  --------- 

Blockchain is size 2 with top hash f2d1218e317d353271633c2e24d1ff2d857e6cd71aa8a9aa7b55048320ff160a
[ SendBlockchain ] --------- Start --------- 
[ SendBlockchain ] Block does not exist 
[ SendBlockchain ] NOBLOCK sent! 
[ SendBlockchain ] --------- Stop  --------- 

Blockchain is size 2 with top hash f2d1218e317d353271633c2e24d1ff2d857e6cd71aa8a9aa7b55048320ff160a
Logging to /home/ddps2001/DPS2/1639654510/out/10.149.0.38_1234.out
[ Run ] No messages... 
Blockchain is size 2 with top hash f2d1218e317d353271633c2e24d1ff2d857e6cd71aa8a9aa7b55048320ff160a
Logging to /home/ddps2001/DPS2/1639654510/out/10.149.0.38_1234.out
[ Run ] No messages... 
Blockchain is size 2 with top hash f2d1218e317d353271633c2e24d1ff2d857e6cd71aa8a9aa7b55048320ff160a
Logging to /home/ddps2001/DPS2/1639654510/out/10.149.0.38_1234.out
[ Run ] No messages... 
Blockchain is size 2 with top hash f2d1218e317d353271633c2e24d1ff2d857e6cd71aa8a9aa7b55048320ff160a
[ RequestBlockchain ] Requesting block 2
Broadcast to 2, 53764, 604017930
Broadcast to 2, 53764, 620795146
Broadcast to 2, 53764, 654349578
Broadcast to 2, 53764, 671126794
Broadcast to 2, 53764, 687904010
Broadcast to 2, 53764, 704681226
Broadcast to 2, 53764, 721458442
Broadcast to 2, 53764, 738235658
Broadcast to 2, 53764, 755012874
Broadcast to 2, 53764, 587240714
[ RequestBlockchain ] Message available! 
[ RequestBlockchain ] Handling block...
2 53764 738235658
[ RequestBlockchain ] Peer is requesting same block
[ RequestBlockchain ] Message available! 
[ RequestBlockchain ] Handling block...
2 53764 604017930
[ RequestBlockchain ] Peer is requesting same block
[ RequestBlockchain ] Message available! 
[ RequestBlockchain ] Handling block...
2 53764 671126794
[ RequestBlockchain ] Peer is requesting same block
[ RequestBlockchain ] Message available! 
[ RequestBlockchain ] Handling block...
2 53764 721458442
[ RequestBlockchain ] Peer is requesting same block
[ RequestBlockchain ] Message available! 
[ RequestBlockchain ] Handling block...
2 53764 587240714
[ RequestBlockchain ] Received NOBLOCK
[ RequestBlockchain ] Majority found
[ HandleBlockAdditionRequest ] --------- Start --------- 
[ HandleBlockAdditionRequest ] Handling BlockchainAdditionRequest 2 with hash 114fb12a2d24a542fc282c40751cf308be1b675224fc70a4d7fa795c4a337b8a
Broadcast to 2, 53764, 604017930
Broadcast to 2, 53764, 620795146
Broadcast to 2, 53764, 654349578
Broadcast to 2, 53764, 671126794
Broadcast to 2, 53764, 687904010
Broadcast to 2, 53764, 704681226
Broadcast to 2, 53764, 721458442
Broadcast to 2, 53764, 738235658
Broadcast to 2, 53764, 755012874
Broadcast to 2, 53764, 587240714
[ HandleBlockAdditionRequest ] Sent vote 1 to 10 peers
[ receive_netinfo ] 11 peers online!
Coming online...
[ SendBlockchain ] Block does not exist 
[ SendBlockchain ] NOBLOCK sent! 
[ CheckVotesForBlock ] Got vote for block 2
[ CheckVotesForBlock ] Handling vote 
2 53764 687904010
[ CheckVotesForBlock ] Block hash matches!
[ CheckVotesForBlock ] Got vote for block 2
[ CheckVotesForBlock ] Handling vote 
2 53764 738235658
[ CheckVotesForBlock ] Block hash matches!
[ CheckVotesForBlock ] Got vote for block 2
[ CheckVotesForBlock ] Handling vote 
2 53764 604017930
[ CheckVotesForBlock ] Block hash matches!
[ SendBlockchain ] Block does not exist 
[ SendBlockchain ] NOBLOCK sent! 
[ CheckVotesForBlock ] Got vote for block 2
[ CheckVotesForBlock ] Handling vote 
2 53764 654349578
[ CheckVotesForBlock ] Block hash matches!
[ SendBlockchain ] Block does not exist 
[ SendBlockchain ] NOBLOCK sent! 
[ CheckVotesForBlock ] Got vote for block 2
[ CheckVotesForBlock ] Handling vote 
2 53764 755012874
[ CheckVotesForBlock ] Block hash matches!
[ CheckVotesForBlock ] Majority agrees! 6 agree vs. 0 disagree, out of 11
[ HandleBlockAdditionRequest ] Block added to candidates
Handling all block addition requests...
[ HandleBlockAdditionRequest ] Some block got added 3

[ HandleBlockAdditionRequest ] --------- Stop  --------- 

Blockchain is size 3 with top hash 114fb12a2d24a542fc282c40751cf308be1b675224fc70a4d7fa795c4a337b8a
[ SendBlockchain ] --------- Start --------- 
[ SendBlockchain ] Block 2 is available 
[ SendBlockchain ] BLOCK sent! 
[ SendBlockchain ] --------- Stop  --------- 

Blockchain is size 3 with top hash 114fb12a2d24a542fc282c40751cf308be1b675224fc70a4d7fa795c4a337b8a
Blockchain is size 3 with top hash 114fb12a2d24a542fc282c40751cf308be1b675224fc70a4d7fa795c4a337b8a
Blockchain is size 3 with top hash 114fb12a2d24a542fc282c40751cf308be1b675224fc70a4d7fa795c4a337b8a
Blockchain is size 3 with top hash 114fb12a2d24a542fc282c40751cf308be1b675224fc70a4d7fa795c4a337b8a
Blockchain is size 3 with top hash 114fb12a2d24a542fc282c40751cf308be1b675224fc70a4d7fa795c4a337b8a
[ SendBlockchain ] --------- Start --------- 
[ SendBlockchain ] Block does not exist 
[ SendBlockchain ] NOBLOCK sent! 
[ SendBlockchain ] --------- Stop  --------- 

Blockchain is size 3 with top hash 114fb12a2d24a542fc282c40751cf308be1b675224fc70a4d7fa795c4a337b8a
Logging to /home/ddps2001/DPS2/1639654510/out/10.149.0.38_1234.out
[ Run ] No messages... 
Blockchain is size 3 with top hash 114fb12a2d24a542fc282c40751cf308be1b675224fc70a4d7fa795c4a337b8a
[ RequestBlockchain ] Requesting block 3
Broadcast to 2, 53764, 604017930
Broadcast to 2, 53764, 620795146
Broadcast to 2, 53764, 654349578
Broadcast to 2, 53764, 671126794
Broadcast to 2, 53764, 687904010
Broadcast to 2, 53764, 704681226
Broadcast to 2, 53764, 721458442
Broadcast to 2, 53764, 738235658
Broadcast to 2, 53764, 755012874
Broadcast to 2, 53764, 587240714
[ RequestBlockchain ] Message available! 
[ RequestBlockchain ] Handling block...
2 53764 687904010
[ RequestBlockchain ] Peer is requesting same block
[ RequestBlockchain ] Message available! 
[ RequestBlockchain ] Handling block...
2 53764 654349578
[ RequestBlockchain ] Peer is requesting same block
[ RequestBlockchain ] Message available! 
[ RequestBlockchain ] Handling block...
[ SendBlockchain ] Block 2 is available 
[ SendBlockchain ] BLOCK sent! 
[ RequestBlockchain ] Message available! 
[ RequestBlockchain ] Handling block...
[ RequestBlockchain ] Not NOBLOCK nor BLOCK nor REQUESTBLOCK
[ RequestBlockchain ] Is a vote for block 2
[ RequestBlockchain ] Message available! 
[ RequestBlockchain ] Handling block...
2 53764 704681226
[ RequestBlockchain ] Peer is requesting same block
[ RequestBlockchain ] Message available! 
[ RequestBlockchain ] Handling block...
2 53764 604017930
[ RequestBlockchain ] Peer is requesting same block
[ RequestBlockchain ] Message available! 
[ RequestBlockchain ] Handling block...
[ RequestBlockchain ] Not NOBLOCK nor BLOCK nor REQUESTBLOCK
[ RequestBlockchain ] Is a vote for block 3
[ RequestBlockchain ] Message available! 
[ RequestBlockchain ] Handling block...
[ RequestBlockchain ] Not NOBLOCK nor BLOCK nor REQUESTBLOCK
[ RequestBlockchain ] Is a vote for block 3
[ RequestBlockchain ] Message available! 
[ RequestBlockchain ] Handling block...
2 53764 620795146
[ RequestBlockchain ] Peer is requesting same block
[ RequestBlockchain ] Majority found
[ HandleBlockAdditionRequest ] --------- Start --------- 
[ HandleBlockAdditionRequest ] Handling BlockchainAdditionRequest 3 with hash 26beb82cf1f7fd68a3c7736149984a0ce2384ecb2c8ec40cffbc6b1daa2b1439
Broadcast to 2, 53764, 604017930
Broadcast to 2, 53764, 620795146
Broadcast to 2, 53764, 654349578
Broadcast to 2, 53764, 671126794
Broadcast to 2, 53764, 687904010
Broadcast to 2, 53764, 704681226
Broadcast to 2, 53764, 721458442
Broadcast to 2, 53764, 738235658
Broadcast to 2, 53764, 755012874
Broadcast to 2, 53764, 587240714
[ HandleBlockAdditionRequest ] Sent vote 1 to 10 peers
[ CheckVotesForBlock ] Got vote for block 3
[ CheckVotesForBlock ] Handling vote 
2 53764 620795146
[ CheckVotesForBlock ] Block hash matches!
[ SendBlockchain ] Block does not exist 
[ SendBlockchain ] NOBLOCK sent! 
[ CheckVotesForBlock ] Got vote for block 3
[ CheckVotesForBlock ] Handling vote 
2 53764 671126794
[ CheckVotesForBlock ] Block hash matches!
[ CheckVotesForBlock ] Not a VOTE
[ CheckVotesForBlock ] Is a noblock
[ CheckVotesForBlock ] Got vote for block 3
[ CheckVotesForBlock ] Handling vote 
2 53764 687904010
[ CheckVotesForBlock ] Block hash matches!
[ CheckVotesForBlock ] Got vote for block 3
[ CheckVotesForBlock ] Handling vote 
2 53764 604017930
[ CheckVotesForBlock ] Block hash matches!
[ SendBlockchain ] Block does not exist 
[ SendBlockchain ] NOBLOCK sent! 
[ CheckVotesForBlock ] Got vote for block 3
[ CheckVotesForBlock ] Handling vote 
2 53764 755012874
[ CheckVotesForBlock ] Block hash matches!
[ CheckVotesForBlock ] Majority agrees! 6 agree vs. 0 disagree, out of 11
[ HandleBlockAdditionRequest ] Block added to candidates
Handling all block addition requests...
[ HandleBlockAdditionRequest ] Some block got added 4

[ HandleBlockAdditionRequest ] --------- Stop  --------- 

Blockchain is size 4 with top hash 26beb82cf1f7fd68a3c7736149984a0ce2384ecb2c8ec40cffbc6b1daa2b1439
[ SendBlockchain ] --------- Start --------- 
[ SendBlockchain ] Block 3 is available 
[ SendBlockchain ] BLOCK sent! 
[ SendBlockchain ] --------- Stop  --------- 

Blockchain is size 4 with top hash 26beb82cf1f7fd68a3c7736149984a0ce2384ecb2c8ec40cffbc6b1daa2b1439
Blockchain is size 4 with top hash 26beb82cf1f7fd68a3c7736149984a0ce2384ecb2c8ec40cffbc6b1daa2b1439
Logging to /home/ddps2001/DPS2/1639654510/out/10.149.0.38_1234.out
[ Run ] No messages... 
