/home/ddps2001/DPS2/1639658410/out/10.149.0.42_1234.out
/home/ddps2001/DPS2/1639658410/out/10.149.0.42_1234.out
Started proc!
sockaddr 2, 53764, 704681226
Initializing 0 transactions
Logging to /home/ddps2001/DPS2/1639658410/out/10.149.0.42_1234.out
Thread started!
0x630d94
We are offline...
0x630d94
[ receive_netinfo ] 3 peers online!
Printing 24 bytes from 0x2aaab00008c0.
--- start bytes ---
02 00 04 d2 0a 95 00 25 02 00 04 d2 0a 95 00 27 
02 00 04 d2 0a 95 00 26 
--- end bytes ---
We are offline...
We are offline...
We are offline...
We are offline...
We are offline...
[ receive_netinfo ] 8 peers online!
Coming online...
[ RequestBlockchain ] --------- Start --------- 
[ RequestBlockchain ] Requesting block 1
Broadcast to 2, 53764, 620795146
Broadcast to 2, 53764, 654349578
Broadcast to 2, 53764, 637572362
Broadcast to 2, 53764, 671126794
Broadcast to 2, 53764, 687904010
Broadcast to 2, 53764, 721458442
Broadcast to 2, 53764, 738235658
[ RequestBlockchain ] Message available! 
[ RequestBlockchain ] Handling block...
2 53764 671126794
[ RequestBlockchain ] Peer is requesting same block
[ RequestBlockchain ] Message available! 
[ RequestBlockchain ] Handling block...
2 53764 687904010
[ RequestBlockchain ] Peer is requesting same block
[ RequestBlockchain ] Message available! 
[ RequestBlockchain ] Handling block...
2 53764 654349578
[ RequestBlockchain ] Received NOBLOCK
[ RequestBlockchain ] Majority found
[ RequestBlockchain ] --------- Stop  --------- 

Blockchain is size 1 with top hash e61f41d57db208c5f92a35c4ce7198570924a3fc87eeba83441fceee5d6a2865
Logging to /home/ddps2001/DPS2/1639658410/out/10.149.0.42_1234.out
[ Run ] No messages... 
Blockchain is size 1 with top hash e61f41d57db208c5f92a35c4ce7198570924a3fc87eeba83441fceee5d6a2865
Blockchain is size 1 with top hash e61f41d57db208c5f92a35c4ce7198570924a3fc87eeba83441fceee5d6a2865
Blockchain is size 1 with top hash e61f41d57db208c5f92a35c4ce7198570924a3fc87eeba83441fceee5d6a2865
Logging to /home/ddps2001/DPS2/1639658410/out/10.149.0.42_1234.out
[ Run ] No messages... 
[ receive_netinfo ] 11 peers online!
Coming online...
Blockchain is size 1 with top hash e61f41d57db208c5f92a35c4ce7198570924a3fc87eeba83441fceee5d6a2865
[ SendBlockchain ] --------- Start --------- 
[ SendBlockchain ] Block does not exist 
[ SendBlockchain ] NOBLOCK sent! 
[ SendBlockchain ] --------- Stop  --------- 

Blockchain is size 1 with top hash e61f41d57db208c5f92a35c4ce7198570924a3fc87eeba83441fceee5d6a2865
[ SendBlockchain ] --------- Start --------- 
[ SendBlockchain ] Block does not exist 
[ SendBlockchain ] NOBLOCK sent! 
[ SendBlockchain ] --------- Stop  --------- 

Blockchain is size 1 with top hash e61f41d57db208c5f92a35c4ce7198570924a3fc87eeba83441fceee5d6a2865
Logging to /home/ddps2001/DPS2/1639658410/out/10.149.0.42_1234.out
[ Run ] No messages... 
Blockchain is size 1 with top hash e61f41d57db208c5f92a35c4ce7198570924a3fc87eeba83441fceee5d6a2865
Logging to /home/ddps2001/DPS2/1639658410/out/10.149.0.42_1234.out
[ Run ] No messages... 
Blockchain is size 1 with top hash e61f41d57db208c5f92a35c4ce7198570924a3fc87eeba83441fceee5d6a2865
[ SendBlockchain ] --------- Start --------- 
[ SendBlockchain ] Block does not exist 
[ SendBlockchain ] NOBLOCK sent! 
[ SendBlockchain ] --------- Stop  --------- 

Blockchain is size 1 with top hash e61f41d57db208c5f92a35c4ce7198570924a3fc87eeba83441fceee5d6a2865
Logging to /home/ddps2001/DPS2/1639658410/out/10.149.0.42_1234.out
[ Run ] No messages... 
Blockchain is size 1 with top hash e61f41d57db208c5f92a35c4ce7198570924a3fc87eeba83441fceee5d6a2865
[ SendBlockchain ] --------- Start --------- 
[ SendBlockchain ] Block does not exist 
[ SendBlockchain ] NOBLOCK sent! 
[ SendBlockchain ] --------- Stop  --------- 

Blockchain is size 1 with top hash e61f41d57db208c5f92a35c4ce7198570924a3fc87eeba83441fceee5d6a2865
Logging to /home/ddps2001/DPS2/1639658410/out/10.149.0.42_1234.out
[ Run ] No messages... 
[ receive_netinfo ] 11 peers online!
Coming online...
Blockchain is size 1 with top hash e61f41d57db208c5f92a35c4ce7198570924a3fc87eeba83441fceee5d6a2865
[ SendBlockchain ] --------- Start --------- 
[ SendBlockchain ] Block does not exist 
[ SendBlockchain ] NOBLOCK sent! 
[ SendBlockchain ] --------- Stop  --------- 

Blockchain is size 1 with top hash e61f41d57db208c5f92a35c4ce7198570924a3fc87eeba83441fceee5d6a2865
[ SendBlockchain ] --------- Start --------- 
[ SendBlockchain ] Block does not exist 
[ SendBlockchain ] NOBLOCK sent! 
[ SendBlockchain ] --------- Stop  --------- 

Blockchain is size 1 with top hash e61f41d57db208c5f92a35c4ce7198570924a3fc87eeba83441fceee5d6a2865
[ RequestBlockchain ] Requesting block 1
Broadcast to 2, 53764, 620795146
Broadcast to 2, 53764, 654349578
Broadcast to 2, 53764, 637572362
Broadcast to 2, 53764, 671126794
Broadcast to 2, 53764, 687904010
Broadcast to 2, 53764, 721458442
Broadcast to 2, 53764, 738235658
Broadcast to 2, 53764, 755012874
Broadcast to 2, 53764, 604017930
Broadcast to 2, 53764, 889230602
[ RequestBlockchain ] Message available! 
[ RequestBlockchain ] Handling block...
2 53764 654349578
[ RequestBlockchain ] Peer is requesting same block
[ RequestBlockchain ] Message available! 
[ RequestBlockchain ] Handling block...
2 53764 755012874
[ RequestBlockchain ] Peer is requesting same block
[ RequestBlockchain ] Message available! 
[ RequestBlockchain ] Handling block...
2 53764 721458442
[ RequestBlockchain ] Peer is requesting same block
[ RequestBlockchain ] Message available! 
[ RequestBlockchain ] Handling block...
2 53764 738235658
[ RequestBlockchain ] Peer is requesting same block
[ RequestBlockchain ] Message available! 
[ RequestBlockchain ] Handling block...
2 53764 604017930
[ RequestBlockchain ] Received NOBLOCK
[ RequestBlockchain ] Majority found
[ HandleBlockAdditionRequest ] --------- Start --------- 
[ HandleBlockAdditionRequest ] Handling BlockchainAdditionRequest 1 with hash f2d1218e317d353271633c2e24d1ff2d857e6cd71aa8a9aa7b55048320ff160a
Broadcast to 2, 53764, 620795146
Broadcast to 2, 53764, 654349578
Broadcast to 2, 53764, 637572362
Broadcast to 2, 53764, 671126794
Broadcast to 2, 53764, 687904010
Broadcast to 2, 53764, 721458442
Broadcast to 2, 53764, 738235658
Broadcast to 2, 53764, 755012874
Broadcast to 2, 53764, 604017930
Broadcast to 2, 53764, 889230602
[ HandleBlockAdditionRequest ] Sent vote 1 to 10 peers
[ CheckVotesForBlock ] Got vote for block 1
[ CheckVotesForBlock ] Handling vote 
2 53764 654349578
[ CheckVotesForBlock ] Block hash matches!
[ CheckVotesForBlock ] Got vote for block 1
[ CheckVotesForBlock ] Handling vote 
2 53764 755012874
[ CheckVotesForBlock ] Block hash matches!
[ SendBlockchain ] Block does not exist 
[ SendBlockchain ] NOBLOCK sent! 
[ CheckVotesForBlock ] Got vote for block 1
[ CheckVotesForBlock ] Handling vote 
2 53764 620795146
[ CheckVotesForBlock ] Block hash matches!
[ SendBlockchain ] Block does not exist 
[ SendBlockchain ] NOBLOCK sent! 
[ CheckVotesForBlock ] Got vote for block 1
[ CheckVotesForBlock ] Handling vote 
2 53764 671126794
[ CheckVotesForBlock ] Block hash matches!
[ CheckVotesForBlock ] Got vote for block 1
[ CheckVotesForBlock ] Handling vote 
2 53764 721458442
[ CheckVotesForBlock ] Block hash matches!
[ CheckVotesForBlock ] Majority agrees! 6 agree vs. 0 disagree, out of 11
[ HandleBlockAdditionRequest ] Block added to candidates
Handling all block addition requests...
[ HandleBlockAdditionRequest ] Some block got added 2

[ HandleBlockAdditionRequest ] --------- Stop  --------- 

Blockchain is size 2 with top hash f2d1218e317d353271633c2e24d1ff2d857e6cd71aa8a9aa7b55048320ff160a
[ SendBlockchain ] --------- Start --------- 
[ SendBlockchain ] Block 1 is available 
[ SendBlockchain ] BLOCK sent! 
[ SendBlockchain ] --------- Stop  --------- 

Blockchain is size 2 with top hash f2d1218e317d353271633c2e24d1ff2d857e6cd71aa8a9aa7b55048320ff160a
Blockchain is size 2 with top hash f2d1218e317d353271633c2e24d1ff2d857e6cd71aa8a9aa7b55048320ff160a
[ SendBlockchain ] --------- Start --------- 
[ SendBlockchain ] Block 1 is available 
[ SendBlockchain ] BLOCK sent! 
[ SendBlockchain ] --------- Stop  --------- 

Blockchain is size 2 with top hash f2d1218e317d353271633c2e24d1ff2d857e6cd71aa8a9aa7b55048320ff160a
Blockchain is size 2 with top hash f2d1218e317d353271633c2e24d1ff2d857e6cd71aa8a9aa7b55048320ff160a
[ SendBlockchain ] --------- Start --------- 
[ SendBlockchain ] Block 1 is available 
[ SendBlockchain ] BLOCK sent! 
[ SendBlockchain ] --------- Stop  --------- 

Blockchain is size 2 with top hash f2d1218e317d353271633c2e24d1ff2d857e6cd71aa8a9aa7b55048320ff160a
Blockchain is size 2 with top hash f2d1218e317d353271633c2e24d1ff2d857e6cd71aa8a9aa7b55048320ff160a
Blockchain is size 2 with top hash f2d1218e317d353271633c2e24d1ff2d857e6cd71aa8a9aa7b55048320ff160a
Blockchain is size 2 with top hash f2d1218e317d353271633c2e24d1ff2d857e6cd71aa8a9aa7b55048320ff160a
Logging to /home/ddps2001/DPS2/1639658410/out/10.149.0.42_1234.out
[ Run ] No messages... 
