/home/ddps2001/DPS2/1639654999/out/10.149.0.53_1234.out
/home/ddps2001/DPS2/1639654999/out/10.149.0.53_1234.out
Started proc!
sockaddr 2, 53764, 889230602
Thread started!
Logging to /home/ddps2001/DPS2/1639654999/out/10.149.0.53_1234.out
0x6313e4
We are offline...
0x6313e4
We are offline...
[ receive_netinfo ] 8 peers online!
Printing 64 bytes from 0x2aaab0000970.
--- start bytes ---
02 00 04 d2 0a 95 00 25 02 00 04 d2 0a 95 00 27 
02 00 04 d2 0a 95 00 26 02 00 04 d2 0a 95 00 28 
02 00 04 d2 0a 95 00 29 02 00 04 d2 0a 95 00 2a 
02 00 04 d2 0a 95 00 2b 02 00 04 d2 0a 95 00 2c 
--- end bytes ---
We are offline...
We are offline...
We are offline...
We are offline...
We are offline...
We are offline...
[ receive_netinfo ] 11 peers online!
Coming online...
[ RequestBlockchain ] --------- Start --------- 
[ RequestBlockchain ] Requesting block 2
Broadcast to 2, 53764, 620795146
Broadcast to 2, 53764, 654349578
Broadcast to 2, 53764, 637572362
Broadcast to 2, 53764, 671126794
Broadcast to 2, 53764, 687904010
Broadcast to 2, 53764, 704681226
Broadcast to 2, 53764, 721458442
Broadcast to 2, 53764, 738235658
Broadcast to 2, 53764, 755012874
Broadcast to 2, 53764, 604017930
[ RequestBlockchain ] Message available! 
[ RequestBlockchain ] Handling block...
2 53764 738235658
[ RequestBlockchain ] Peer is requesting same block
[ RequestBlockchain ] Message available! 
[ RequestBlockchain ] Handling block...
2 53764 755012874
[ RequestBlockchain ] Peer is requesting same block
[ RequestBlockchain ] Message available! 
[ RequestBlockchain ] Handling block...
2 53764 637572362
[ RequestBlockchain ] Received NOBLOCK
[ RequestBlockchain ] Message available! 
[ RequestBlockchain ] Handling block...
2 53764 738235658
[ RequestBlockchain ] Client that sent NOBLOCK already seen... 
[ RequestBlockchain ] Message available! 
[ RequestBlockchain ] Handling block...
[ SendBlockchain ] Block 1 is available 
[ SendBlockchain ] BLOCK sent! 
[ RequestBlockchain ] Message available! 
[ RequestBlockchain ] Handling block...
2 53764 654349578
[ RequestBlockchain ] Received NOBLOCK
[ RequestBlockchain ] Message available! 
[ RequestBlockchain ] Handling block...
2 53764 704681226
[ RequestBlockchain ] Received NOBLOCK
[ RequestBlockchain ] Majority found
[ RequestBlockchain ] --------- Stop  --------- 

Blockchain is size 2 with top hash f2d1218e317d353271633c2e24d1ff2d857e6cd71aa8a9aa7b55048320ff160a
Blockchain is size 2 with top hash f2d1218e317d353271633c2e24d1ff2d857e6cd71aa8a9aa7b55048320ff160a
Logging to /home/ddps2001/DPS2/1639654999/out/10.149.0.53_1234.out
[ Run ] No messages... 
Blockchain is size 2 with top hash f2d1218e317d353271633c2e24d1ff2d857e6cd71aa8a9aa7b55048320ff160a
Blockchain is size 2 with top hash f2d1218e317d353271633c2e24d1ff2d857e6cd71aa8a9aa7b55048320ff160a
Blockchain is size 2 with top hash f2d1218e317d353271633c2e24d1ff2d857e6cd71aa8a9aa7b55048320ff160a
Logging to /home/ddps2001/DPS2/1639654999/out/10.149.0.53_1234.out
[ Run ] No messages... 
Blockchain is size 2 with top hash f2d1218e317d353271633c2e24d1ff2d857e6cd71aa8a9aa7b55048320ff160a
Blockchain is size 2 with top hash f2d1218e317d353271633c2e24d1ff2d857e6cd71aa8a9aa7b55048320ff160a
Blockchain is size 2 with top hash f2d1218e317d353271633c2e24d1ff2d857e6cd71aa8a9aa7b55048320ff160a
[ SendBlockchain ] --------- Start --------- 
[ SendBlockchain ] Block does not exist 
[ SendBlockchain ] NOBLOCK sent! 
[ SendBlockchain ] --------- Stop  --------- 

Blockchain is size 2 with top hash f2d1218e317d353271633c2e24d1ff2d857e6cd71aa8a9aa7b55048320ff160a
[ SendBlockchain ] --------- Start --------- 
[ SendBlockchain ] Block does not exist 
[ SendBlockchain ] NOBLOCK sent! 
[ SendBlockchain ] --------- Stop  --------- 

Blockchain is size 2 with top hash f2d1218e317d353271633c2e24d1ff2d857e6cd71aa8a9aa7b55048320ff160a
Logging to /home/ddps2001/DPS2/1639654999/out/10.149.0.53_1234.out
[ Run ] No messages... 
[ receive_netinfo ] 11 peers online!
Coming online...
Blockchain is size 2 with top hash f2d1218e317d353271633c2e24d1ff2d857e6cd71aa8a9aa7b55048320ff160a
[ RequestBlockchain ] Requesting block 2
Broadcast to 2, 53764, 620795146
Broadcast to 2, 53764, 654349578
Broadcast to 2, 53764, 637572362
Broadcast to 2, 53764, 671126794
Broadcast to 2, 53764, 687904010
Broadcast to 2, 53764, 704681226
Broadcast to 2, 53764, 721458442
Broadcast to 2, 53764, 738235658
Broadcast to 2, 53764, 755012874
Broadcast to 2, 53764, 604017930
[ RequestBlockchain ] Message available! 
[ RequestBlockchain ] Handling block...
2 53764 704681226
[ RequestBlockchain ] Peer is requesting same block
[ RequestBlockchain ] Message available! 
[ RequestBlockchain ] Handling block...
2 53764 620795146
[ RequestBlockchain ] Peer is requesting same block
[ RequestBlockchain ] Message available! 
[ RequestBlockchain ] Handling block...
2 53764 671126794
[ RequestBlockchain ] Peer is requesting same block
[ RequestBlockchain ] Message available! 
[ RequestBlockchain ] Handling block...
2 53764 721458442
[ RequestBlockchain ] Peer is requesting same block
[ RequestBlockchain ] Message available! 
[ RequestBlockchain ] Handling block...
2 53764 687904010
[ RequestBlockchain ] Peer is requesting same block
[ RequestBlockchain ] Majority found
[ HandleBlockAdditionRequest ] --------- Start --------- 
[ HandleBlockAdditionRequest ] Handling BlockchainAdditionRequest 2 with hash 1aad37355fd29a39ed83a6b7f67e73fe0bafe59f4e48c7a1174d1003c0663675
Broadcast to 2, 53764, 620795146
Broadcast to 2, 53764, 654349578
Broadcast to 2, 53764, 637572362
Broadcast to 2, 53764, 671126794
Broadcast to 2, 53764, 687904010
Broadcast to 2, 53764, 704681226
Broadcast to 2, 53764, 721458442
Broadcast to 2, 53764, 738235658
Broadcast to 2, 53764, 755012874
Broadcast to 2, 53764, 604017930
[ HandleBlockAdditionRequest ] Sent vote 1 to 10 peers
[ CheckVotesForBlock ] Got vote for block 2
[ CheckVotesForBlock ] Handling vote 
2 53764 687904010
[ CheckVotesForBlock ] Block hash matches!
[ SendBlockchain ] Block does not exist 
[ SendBlockchain ] NOBLOCK sent! 
[ CheckVotesForBlock ] Got vote for block 2
[ CheckVotesForBlock ] Handling vote 
2 53764 654349578
[ CheckVotesForBlock ] Block hash matches!
[ CheckVotesForBlock ] Not a VOTE
[ CheckVotesForBlock ] Is a noblock
[ CheckVotesForBlock ] Got vote for block 2
[ CheckVotesForBlock ] Handling vote 
2 53764 704681226
[ CheckVotesForBlock ] Block hash matches!
[ CheckVotesForBlock ] Got vote for block 2
[ CheckVotesForBlock ] Handling vote 
2 53764 620795146
[ CheckVotesForBlock ] Block hash matches!
[ CheckVotesForBlock ] Got vote for block 2
[ CheckVotesForBlock ] Handling vote 
2 53764 671126794
[ CheckVotesForBlock ] Block hash matches!
[ CheckVotesForBlock ] Majority agrees! 6 agree vs. 0 disagree, out of 11
[ HandleBlockAdditionRequest ] Block added to candidates
Handling all block addition requests...
[ HandleBlockAdditionRequest ] Some block got added 3

[ HandleBlockAdditionRequest ] --------- Stop  --------- 

Blockchain is size 3 with top hash 1aad37355fd29a39ed83a6b7f67e73fe0bafe59f4e48c7a1174d1003c0663675
Blockchain is size 3 with top hash 1aad37355fd29a39ed83a6b7f67e73fe0bafe59f4e48c7a1174d1003c0663675
Logging to /home/ddps2001/DPS2/1639654999/out/10.149.0.53_1234.out
[ Run ] No messages... 
Blockchain is size 3 with top hash 1aad37355fd29a39ed83a6b7f67e73fe0bafe59f4e48c7a1174d1003c0663675
[ SendBlockchain ] --------- Start --------- 
[ SendBlockchain ] Block 2 is available 
[ SendBlockchain ] BLOCK sent! 
[ SendBlockchain ] --------- Stop  --------- 

Blockchain is size 3 with top hash 1aad37355fd29a39ed83a6b7f67e73fe0bafe59f4e48c7a1174d1003c0663675
Blockchain is size 3 with top hash 1aad37355fd29a39ed83a6b7f67e73fe0bafe59f4e48c7a1174d1003c0663675
Blockchain is size 3 with top hash 1aad37355fd29a39ed83a6b7f67e73fe0bafe59f4e48c7a1174d1003c0663675
[ SendBlockchain ] --------- Start --------- 
[ SendBlockchain ] Block does not exist 
[ SendBlockchain ] NOBLOCK sent! 
[ SendBlockchain ] --------- Stop  --------- 

Blockchain is size 3 with top hash 1aad37355fd29a39ed83a6b7f67e73fe0bafe59f4e48c7a1174d1003c0663675
[ SendBlockchain ] --------- Start --------- 
[ SendBlockchain ] Block 2 is available 
[ SendBlockchain ] BLOCK sent! 
[ SendBlockchain ] --------- Stop  --------- 

Blockchain is size 3 with top hash 1aad37355fd29a39ed83a6b7f67e73fe0bafe59f4e48c7a1174d1003c0663675
Blockchain is size 3 with top hash 1aad37355fd29a39ed83a6b7f67e73fe0bafe59f4e48c7a1174d1003c0663675
[ SendBlockchain ] --------- Start --------- 
[ SendBlockchain ] Block 2 is available 
[ SendBlockchain ] BLOCK sent! 
[ SendBlockchain ] --------- Stop  --------- 

Blockchain is size 3 with top hash 1aad37355fd29a39ed83a6b7f67e73fe0bafe59f4e48c7a1174d1003c0663675
Blockchain is size 3 with top hash 1aad37355fd29a39ed83a6b7f67e73fe0bafe59f4e48c7a1174d1003c0663675
[ RequestBlockchain ] Requesting block 3
Broadcast to 2, 53764, 620795146
Broadcast to 2, 53764, 654349578
Broadcast to 2, 53764, 637572362
Broadcast to 2, 53764, 671126794
Broadcast to 2, 53764, 687904010
Broadcast to 2, 53764, 704681226
Broadcast to 2, 53764, 721458442
Broadcast to 2, 53764, 738235658
Broadcast to 2, 53764, 755012874
Broadcast to 2, 53764, 604017930
[ RequestBlockchain ] Message available! 
[ RequestBlockchain ] Handling block...
2 53764 671126794
[ RequestBlockchain ] Peer is requesting same block
[ receive_netinfo ] 11 peers online!
Coming online...
[ RequestBlockchain ] Message available! 
[ RequestBlockchain ] Handling block...
2 53764 637572362
[ RequestBlockchain ] Peer is requesting same block
[ RequestBlockchain ] Message available! 
[ RequestBlockchain ] Handling block...
2 53764 704681226
[ RequestBlockchain ] Peer is requesting same block
[ RequestBlockchain ] Message available! 
[ RequestBlockchain ] Handling block...
2 53764 604017930
[ RequestBlockchain ] Received NOBLOCK
[ RequestBlockchain ] Message available! 
[ RequestBlockchain ] Handling block...
2 53764 620795146
[ RequestBlockchain ] Peer is requesting same block
[ RequestBlockchain ] Majority found
[ HandleBlockAdditionRequest ] --------- Start --------- 
[ HandleBlockAdditionRequest ] Handling BlockchainAdditionRequest 3 with hash ab219c4e8fc06ae17cd49212db6593efe5bd97cbf50d9e9ffd5815c4110d9c78
Broadcast to 2, 53764, 620795146
Broadcast to 2, 53764, 654349578
Broadcast to 2, 53764, 637572362
Broadcast to 2, 53764, 671126794
Broadcast to 2, 53764, 687904010
Broadcast to 2, 53764, 704681226
Broadcast to 2, 53764, 721458442
Broadcast to 2, 53764, 738235658
Broadcast to 2, 53764, 755012874
Broadcast to 2, 53764, 604017930
[ HandleBlockAdditionRequest ] Sent vote 1 to 10 peers
[ CheckVotesForBlock ] Got vote for block 3
[ CheckVotesForBlock ] Handling vote 
2 53764 671126794
[ CheckVotesForBlock ] Block hash matches!
[ CheckVotesForBlock ] Got vote for block 3
[ CheckVotesForBlock ] Handling vote 
2 53764 637572362
[ CheckVotesForBlock ] Block hash matches!
[ SendBlockchain ] Block does not exist 
[ SendBlockchain ] NOBLOCK sent! 
[ CheckVotesForBlock ] Got vote for block 3
[ CheckVotesForBlock ] Handling vote 
2 53764 687904010
[ CheckVotesForBlock ] Block hash matches!
[ SendBlockchain ] Block does not exist 
[ SendBlockchain ] NOBLOCK sent! 
[ CheckVotesForBlock ] Got vote for block 3
[ CheckVotesForBlock ] Handling vote 
2 53764 704681226
[ CheckVotesForBlock ] Block hash matches!
[ SendBlockchain ] Block does not exist 
[ SendBlockchain ] NOBLOCK sent! 
[ CheckVotesForBlock ] Got vote for block 3
[ CheckVotesForBlock ] Handling vote 
2 53764 620795146
[ CheckVotesForBlock ] Block hash matches!
[ CheckVotesForBlock ] Majority agrees! 6 agree vs. 0 disagree, out of 11
[ HandleBlockAdditionRequest ] Block added to candidates
Handling all block addition requests...
[ HandleBlockAdditionRequest ] Some block got added 4

[ HandleBlockAdditionRequest ] --------- Stop  --------- 

Blockchain is size 4 with top hash ab219c4e8fc06ae17cd49212db6593efe5bd97cbf50d9e9ffd5815c4110d9c78
[ SendBlockchain ] --------- Start --------- 
[ SendBlockchain ] Block 3 is available 
[ SendBlockchain ] BLOCK sent! 
[ SendBlockchain ] --------- Stop  --------- 

Blockchain is size 4 with top hash ab219c4e8fc06ae17cd49212db6593efe5bd97cbf50d9e9ffd5815c4110d9c78
Blockchain is size 4 with top hash ab219c4e8fc06ae17cd49212db6593efe5bd97cbf50d9e9ffd5815c4110d9c78
Logging to /home/ddps2001/DPS2/1639654999/out/10.149.0.53_1234.out
[ Run ] No messages... 
Blockchain is size 4 with top hash ab219c4e8fc06ae17cd49212db6593efe5bd97cbf50d9e9ffd5815c4110d9c78
Blockchain is size 4 with top hash ab219c4e8fc06ae17cd49212db6593efe5bd97cbf50d9e9ffd5815c4110d9c78
[ SendBlockchain ] --------- Start --------- 
[ SendBlockchain ] Block 3 is available 
[ SendBlockchain ] BLOCK sent! 
[ SendBlockchain ] --------- Stop  --------- 

Blockchain is size 4 with top hash ab219c4e8fc06ae17cd49212db6593efe5bd97cbf50d9e9ffd5815c4110d9c78
Blockchain is size 4 with top hash ab219c4e8fc06ae17cd49212db6593efe5bd97cbf50d9e9ffd5815c4110d9c78
Blockchain is size 4 with top hash ab219c4e8fc06ae17cd49212db6593efe5bd97cbf50d9e9ffd5815c4110d9c78
Blockchain is size 4 with top hash ab219c4e8fc06ae17cd49212db6593efe5bd97cbf50d9e9ffd5815c4110d9c78
Logging to /home/ddps2001/DPS2/1639654999/out/10.149.0.53_1234.out
[ Run ] No messages... 
Blockchain is size 4 with top hash ab219c4e8fc06ae17cd49212db6593efe5bd97cbf50d9e9ffd5815c4110d9c78
Logging to /home/ddps2001/DPS2/1639654999/out/10.149.0.53_1234.out
[ Run ] No messages... 
