sockaddr 2, 36895, 587240714
SQLite version: 3.37.0
&sockfd: 0xffefffb7c
hm_args.sockfd : 0xffefffb7c
Started proc!
sockfd: 0xffefffb7c
Started proc!
handle_heartbeat(sockfd, db);
1
There are 0 peers online!
Sending netinfo
Printing 24 bytes from 0x59966c0.
--- start bytes ---
01 00 00 00 00 00 00 00 18 00 00 00 00 00 00 00 
00 00 62 d8 00 00 00 00 
--- end bytes ---
Started proc!
handle_heartbeat(sockfd, db);
2
There are 0 peers online!
Sending netinfo
Printing 24 bytes from 0x59b0120.
--- start bytes ---
01 00 00 00 00 00 00 00 18 00 00 00 00 00 00 00 
00 00 62 d8 00 00 00 00 
--- end bytes ---
Started proc!
Started proc!
handle_heartbeat(sockfd, db);
3
handle_acknowledge_netinfo(sockfd, db);
There are 0 peers online!
Sending netinfo
Printing 24 bytes from 0x59ca260.
--- start bytes ---
01 00 00 00 00 00 00 00 18 00 00 00 00 00 00 00 
00 00 62 d8 00 00 00 00 
--- end bytes ---
Insterted!
Started proc!
handle_acknowledge_netinfo(sockfd, db);
handle_acknowledge_netinfo(sockfd, db);
Started proc!
Insterted!
Insterted!
Started proc!
handle_heartbeat(sockfd, db);
4
family: 2, port: 53764, addr: 620795146
family: 2, port: 53764, addr: 654349578
family: 2, port: 53764, addr: 637572362
There are 3 peers online!
Sending netinfo
Printing 48 bytes from 0x59e4dc0.
--- start bytes ---
01 00 00 00 00 00 00 00 30 00 00 00 00 00 00 00 
92 c1 ba dd 00 00 00 00 02 00 04 d2 0a 95 00 25 
02 00 04 d2 0a 95 00 27 02 00 04 d2 0a 95 00 26 
--- end bytes ---
Started proc!
handle_heartbeat(sockfd, db);
5
family: 2, port: 53764, addr: 620795146
family: 2, port: 53764, addr: 654349578
family: 2, port: 53764, addr: 637572362
There are 3 peers online!
Sending netinfo
Printing 48 bytes from 0x59fea60.
--- start bytes ---
01 00 00 00 00 00 00 00 30 00 00 00 00 00 00 00 
92 c1 ba dd 00 00 00 00 02 00 04 d2 0a 95 00 25 
02 00 04 d2 0a 95 00 27 02 00 04 d2 0a 95 00 26 
--- end bytes ---
Started proc!
handle_acknowledge_netinfo(sockfd, db);
handle_heartbeat(sockfd, db);
6
Started proc!
Insterted!
family: 2, port: 53764, addr: 620795146
family: 2, port: 53764, addr: 654349578
family: 2, port: 53764, addr: 637572362
family: 2, port: 53764, addr: 671126794
There are 4 peers online!
Sending netinfo
Printing 56 bytes from 0x5a18d00.
--- start bytes ---
01 00 00 00 00 00 00 00 38 00 00 00 00 00 00 00 
4a 4c ae 2a 00 00 00 00 02 00 04 d2 0a 95 00 25 
02 00 04 d2 0a 95 00 27 02 00 04 d2 0a 95 00 26 
02 00 04 d2 0a 95 00 28 
--- end bytes ---
Started proc!
handle_heartbeat(sockfd, db);
7
handle_heartbeat(sockfd, db);
8
Started proc!
Started proc!
Started proc!
handle_acknowledge_netinfo(sockfd, db);
handle_heartbeat(sockfd, db);
9
family: 2, port: 53764, addr: 620795146
family: 2, port: 53764, addr: 654349578
family: 2, port: 53764, addr: 637572362
family: 2, port: 53764, addr: 671126794
There are 4 peers online!
Sending netinfo
Printing 56 bytes from 0x5a33c60.
--- start bytes ---
01 00 00 00 00 00 00 00 38 00 00 00 00 00 00 00 
4a 4c ae 2a 00 00 00 00 02 00 04 d2 0a 95 00 25 
02 00 04 d2 0a 95 00 27 02 00 04 d2 0a 95 00 26 
02 00 04 d2 0a 95 00 28 
--- end bytes ---
family: 2, port: 53764, addr: 620795146
family: 2, port: 53764, addr: 654349578
family: 2, port: 53764, addr: 637572362
family: 2, port: 53764, addr: 671126794
There are 4 peers online!
Sending netinfo
Printing 56 bytes from 0x5a4d800.
--- start bytes ---
01 00 00 00 00 00 00 00 38 00 00 00 00 00 00 00 
4a 4c ae 2a 00 00 00 00 02 00 04 d2 0a 95 00 25 
02 00 04 d2 0a 95 00 27 02 00 04 d2 0a 95 00 26 
02 00 04 d2 0a 95 00 28 
--- end bytes ---
family: 2, port: 53764, addr: 620795146
family: 2, port: 53764, addr: 654349578
family: 2, port: 53764, addr: 637572362
family: 2, port: 53764, addr: 671126794
There are 4 peers online!
Sending netinfo
Printing 56 bytes from 0x5a670f0.
--- start bytes ---
01 00 00 00 00 00 00 00 38 00 00 00 00 00 00 00 
4a 4c ae 2a 00 00 00 00 02 00 04 d2 0a 95 00 25 
02 00 04 d2 0a 95 00 27 02 00 04 d2 0a 95 00 26 
02 00 04 d2 0a 95 00 28 
--- end bytes ---
Insterted!
Started proc!
handle_heartbeat(sockfd, db);
10
family: 2, port: 53764, addr: 620795146
family: 2, port: 53764, addr: 654349578
family: 2, port: 53764, addr: 637572362
family: 2, port: 53764, addr: 671126794
family: 2, port: 53764, addr: 687904010
There are 5 peers online!
Sending netinfo
Printing 64 bytes from 0x5a81330.
--- start bytes ---
01 00 00 00 00 00 00 00 40 00 00 00 00 00 00 00 
9e 60 b2 0b 00 00 00 00 02 00 04 d2 0a 95 00 25 
02 00 04 d2 0a 95 00 27 02 00 04 d2 0a 95 00 26 
02 00 04 d2 0a 95 00 28 02 00 04 d2 0a 95 00 29 
--- end bytes ---
Started proc!
Started proc!
handle_acknowledge_netinfo(sockfd, db);
handle_heartbeat(sockfd, db);
11
Insterted!
family: 2, port: 53764, addr: 620795146
family: 2, port: 53764, addr: 654349578
family: 2, port: 53764, addr: 637572362
family: 2, port: 53764, addr: 671126794
family: 2, port: 53764, addr: 687904010
family: 2, port: 53764, addr: 704681226
There are 6 peers online!
Sending netinfo
Printing 72 bytes from 0x5a9b610.
--- start bytes ---
01 00 00 00 00 00 00 00 48 00 00 00 00 00 00 00 
f8 9d dc f6 00 00 00 00 02 00 04 d2 0a 95 00 25 
02 00 04 d2 0a 95 00 27 02 00 04 d2 0a 95 00 26 
02 00 04 d2 0a 95 00 28 02 00 04 d2 0a 95 00 29 
02 00 04 d2 0a 95 00 2a 
--- end bytes ---
Started proc!
handle_acknowledge_netinfo(sockfd, db);
handle_heartbeat(sockfd, db);
12
Started proc!
Insterted!
family: 2, port: 53764, addr: 620795146
family: 2, port: 53764, addr: 654349578
family: 2, port: 53764, addr: 637572362
family: 2, port: 53764, addr: 671126794
family: 2, port: 53764, addr: 687904010
family: 2, port: 53764, addr: 704681226
family: 2, port: 53764, addr: 721458442
There are 7 peers online!
Sending netinfo
Printing 80 bytes from 0x5ab5920.
--- start bytes ---
01 00 00 00 00 00 00 00 50 00 00 00 00 00 00 00 
de ca 3a fe 00 00 00 00 02 00 04 d2 0a 95 00 25 
02 00 04 d2 0a 95 00 27 02 00 04 d2 0a 95 00 26 
02 00 04 d2 0a 95 00 28 02 00 04 d2 0a 95 00 29 
02 00 04 d2 0a 95 00 2a 02 00 04 d2 0a 95 00 2b 
--- end bytes ---
Started proc!
handle_heartbeat(sockfd, db);
13
handle_heartbeat(sockfd, db);
14
Started proc!
Started proc!
Started proc!
handle_heartbeat(sockfd, db);
15
handle_acknowledge_netinfo(sockfd, db);
family: 2, port: 53764, addr: 620795146
family: 2, port: 53764, addr: 654349578
family: 2, port: 53764, addr: 637572362
family: 2, port: 53764, addr: 671126794
family: 2, port: 53764, addr: 687904010
family: 2, port: 53764, addr: 704681226
family: 2, port: 53764, addr: 721458442
There are 7 peers online!
Sending netinfo
Printing 80 bytes from 0x5ad03f0.
--- start bytes ---
01 00 00 00 00 00 00 00 50 00 00 00 00 00 00 00 
de ca 3a fe 00 00 00 00 02 00 04 d2 0a 95 00 25 
02 00 04 d2 0a 95 00 27 02 00 04 d2 0a 95 00 26 
02 00 04 d2 0a 95 00 28 02 00 04 d2 0a 95 00 29 
02 00 04 d2 0a 95 00 2a 02 00 04 d2 0a 95 00 2b 
--- end bytes ---
family: 2, port: 53764, addr: 620795146
family: 2, port: 53764, addr: 654349578
family: 2, port: 53764, addr: 637572362
family: 2, port: 53764, addr: 671126794
family: 2, port: 53764, addr: 687904010
family: 2, port: 53764, addr: 704681226
family: 2, port: 53764, addr: 721458442
There are 7 peers online!
Sending netinfo
Printing 80 bytes from 0x5ae9fe0.
--- start bytes ---
01 00 00 00 00 00 00 00 50 00 00 00 00 00 00 00 
de ca 3a fe 00 00 00 00 02 00 04 d2 0a 95 00 25 
02 00 04 d2 0a 95 00 27 02 00 04 d2 0a 95 00 26 
02 00 04 d2 0a 95 00 28 02 00 04 d2 0a 95 00 29 
02 00 04 d2 0a 95 00 2a 02 00 04 d2 0a 95 00 2b 
--- end bytes ---
family: 2, port: 53764, addr: 620795146
family: 2, port: 53764, addr: 654349578
family: 2, port: 53764, addr: 637572362
family: 2, port: 53764, addr: 671126794
family: 2, port: 53764, addr: 687904010
family: 2, port: 53764, addr: 704681226
family: 2, port: 53764, addr: 721458442
There are 7 peers online!
Sending netinfo
Printing 80 bytes from 0x5b03920.
--- start bytes ---
01 00 00 00 00 00 00 00 50 00 00 00 00 00 00 00 
de ca 3a fe 00 00 00 00 02 00 04 d2 0a 95 00 25 
02 00 04 d2 0a 95 00 27 02 00 04 d2 0a 95 00 26 
02 00 04 d2 0a 95 00 28 02 00 04 d2 0a 95 00 29 
02 00 04 d2 0a 95 00 2a 02 00 04 d2 0a 95 00 2b 
--- end bytes ---
Insterted!
Started proc!
handle_heartbeat(sockfd, db);
16
handle_heartbeat(sockfd, db);
17
Started proc!
handle_heartbeat(sockfd, db);
18
family: 2, port: 53764, addr: 620795146
family: 2, port: 53764, addr: 654349578
family: 2, port: 53764, addr: 637572362
family: 2, port: 53764, addr: 671126794
family: 2, port: 53764, addr: 687904010
family: 2, port: 53764, addr: 704681226
family: 2, port: 53764, addr: 721458442
family: 2, port: 53764, addr: 738235658
There are 8 peers online!
Sending netinfo
Printing 88 bytes from 0x5b1e650.
--- start bytes ---
01 00 00 00 00 00 00 00 58 00 00 00 00 00 00 00 
72 1a cc f7 00 00 00 00 02 00 04 d2 0a 95 00 25 
02 00 04 d2 0a 95 00 27 02 00 04 d2 0a 95 00 26 
02 00 04 d2 0a 95 00 28 02 00 04 d2 0a 95 00 29 
02 00 04 d2 0a 95 00 2a 02 00 04 d2 0a 95 00 2b 
02 00 04 d2 0a 95 00 2c 
--- end bytes ---
Started proc!
Started proc!
handle_heartbeat(sockfd, db);
19
family: 2, port: 53764, addr: 620795146
family: 2, port: 53764, addr: 654349578
family: 2, port: 53764, addr: 637572362
family: 2, port: 53764, addr: 671126794
family: 2, port: 53764, addr: 687904010
family: 2, port: 53764, addr: 704681226
family: 2, port: 53764, addr: 721458442
family: 2, port: 53764, addr: 738235658
There are 8 peers online!
Sending netinfo
Printing 88 bytes from 0x5b38270.
--- start bytes ---
01 00 00 00 00 00 00 00 58 00 00 00 00 00 00 00 
72 1a cc f7 00 00 00 00 02 00 04 d2 0a 95 00 25 
02 00 04 d2 0a 95 00 27 02 00 04 d2 0a 95 00 26 
02 00 04 d2 0a 95 00 28 02 00 04 d2 0a 95 00 29 
02 00 04 d2 0a 95 00 2a 02 00 04 d2 0a 95 00 2b 
02 00 04 d2 0a 95 00 2c 
--- end bytes ---
family: 2, port: 53764, addr: 620795146
family: 2, port: 53764, addr: 654349578
family: 2, port: 53764, addr: 637572362
family: 2, port: 53764, addr: 671126794
family: 2, port: 53764, addr: 687904010
family: 2, port: 53764, addr: 704681226
family: 2, port: 53764, addr: 721458442
family: 2, port: 53764, addr: 738235658
There are 8 peers online!
Sending netinfo
Printing 88 bytes from 0x5b51be0.
--- start bytes ---
01 00 00 00 00 00 00 00 58 00 00 00 00 00 00 00 
72 1a cc f7 00 00 00 00 02 00 04 d2 0a 95 00 25 
02 00 04 d2 0a 95 00 27 02 00 04 d2 0a 95 00 26 
02 00 04 d2 0a 95 00 28 02 00 04 d2 0a 95 00 29 
02 00 04 d2 0a 95 00 2a 02 00 04 d2 0a 95 00 2b 
02 00 04 d2 0a 95 00 2c 
--- end bytes ---
family: 2, port: 53764, addr: 620795146
family: 2, port: 53764, addr: 654349578
family: 2, port: 53764, addr: 637572362
family: 2, port: 53764, addr: 671126794
family: 2, port: 53764, addr: 687904010
family: 2, port: 53764, addr: 704681226
family: 2, port: 53764, addr: 721458442
family: 2, port: 53764, addr: 738235658
There are 8 peers online!
Sending netinfo
Printing 88 bytes from 0x5b6b900.
--- start bytes ---
01 00 00 00 00 00 00 00 58 00 00 00 00 00 00 00 
72 1a cc f7 00 00 00 00 02 00 04 d2 0a 95 00 25 
02 00 04 d2 0a 95 00 27 02 00 04 d2 0a 95 00 26 
02 00 04 d2 0a 95 00 28 02 00 04 d2 0a 95 00 29 
02 00 04 d2 0a 95 00 2a 02 00 04 d2 0a 95 00 2b 
02 00 04 d2 0a 95 00 2c 
--- end bytes ---
Started proc!
handle_heartbeat(sockfd, db);
20
handle_acknowledge_netinfo(sockfd, db);
Started proc!
family: 2, port: 53764, addr: 620795146
family: 2, port: 53764, addr: 654349578
family: 2, port: 53764, addr: 637572362
family: 2, port: 53764, addr: 671126794
family: 2, port: 53764, addr: 687904010
family: 2, port: 53764, addr: 704681226
family: 2, port: 53764, addr: 721458442
family: 2, port: 53764, addr: 738235658
There are 8 peers online!
Sending netinfo
Printing 88 bytes from 0x5b85c40.
--- start bytes ---
01 00 00 00 00 00 00 00 58 00 00 00 00 00 00 00 
72 1a cc f7 00 00 00 00 02 00 04 d2 0a 95 00 25 
02 00 04 d2 0a 95 00 27 02 00 04 d2 0a 95 00 26 
02 00 04 d2 0a 95 00 28 02 00 04 d2 0a 95 00 29 
02 00 04 d2 0a 95 00 2a 02 00 04 d2 0a 95 00 2b 
02 00 04 d2 0a 95 00 2c 
--- end bytes ---
Insterted!
Started proc!
handle_acknowledge_netinfo(sockfd, db);
handle_heartbeat(sockfd, db);
21
Started proc!
Started proc!
handle_acknowledge_netinfo(sockfd, db);
Insterted!
family: 2, port: 53764, addr: 620795146
family: 2, port: 53764, addr: 654349578
family: 2, port: 53764, addr: 637572362
family: 2, port: 53764, addr: 671126794
family: 2, port: 53764, addr: 687904010
family: 2, port: 53764, addr: 704681226
family: 2, port: 53764, addr: 721458442
family: 2, port: 53764, addr: 738235658
family: 2, port: 53764, addr: 755012874
family: 2, port: 53764, addr: 604017930
There are 10 peers online!
Sending netinfo
Printing 104 bytes from 0x5ba0600.
--- start bytes ---
01 00 00 00 00 00 00 00 68 00 00 00 00 00 00 00 
32 ee 3c 07 00 00 00 00 02 00 04 d2 0a 95 00 25 
02 00 04 d2 0a 95 00 27 02 00 04 d2 0a 95 00 26 
02 00 04 d2 0a 95 00 28 02 00 04 d2 0a 95 00 29 
02 00 04 d2 0a 95 00 2a 02 00 04 d2 0a 95 00 2b 
02 00 04 d2 0a 95 00 2c 02 00 04 d2 0a 95 00 2d 
02 00 04 d2 0a 95 00 24 
--- end bytes ---
Insterted!
Started proc!
handle_heartbeat(sockfd, db);
22
handle_heartbeat(sockfd, db);
23
Started proc!
family: 2, port: 53764, addr: 620795146
family: 2, port: 53764, addr: 654349578
family: 2, port: 53764, addr: 637572362
family: 2, port: 53764, addr: 671126794
family: 2, port: 53764, addr: 687904010
family: 2, port: 53764, addr: 704681226
family: 2, port: 53764, addr: 721458442
family: 2, port: 53764, addr: 738235658
family: 2, port: 53764, addr: 755012874
family: 2, port: 53764, addr: 604017930
family: 2, port: 53764, addr: 889230602
There are 11 peers online!
Sending netinfo
Printing 112 bytes from 0x5bbace0.
--- start bytes ---
01 00 00 00 00 00 00 00 70 00 00 00 00 00 00 00 
b8 16 94 a5 00 00 00 00 02 00 04 d2 0a 95 00 25 
02 00 04 d2 0a 95 00 27 02 00 04 d2 0a 95 00 26 
02 00 04 d2 0a 95 00 28 02 00 04 d2 0a 95 00 29 
02 00 04 d2 0a 95 00 2a 02 00 04 d2 0a 95 00 2b 
02 00 04 d2 0a 95 00 2c 02 00 04 d2 0a 95 00 2d 
02 00 04 d2 0a 95 00 24 02 00 04 d2 0a 95 00 35 
--- end bytes ---
family: 2, port: 53764, addr: 620795146
family: 2, port: 53764, addr: 654349578
family: 2, port: 53764, addr: 637572362
family: 2, port: 53764, addr: 671126794
family: 2, port: 53764, addr: 687904010
family: 2, port: 53764, addr: 704681226
family: 2, port: 53764, addr: 721458442
family: 2, port: 53764, addr: 738235658
family: 2, port: 53764, addr: 755012874
family: 2, port: 53764, addr: 604017930
family: 2, port: 53764, addr: 889230602
There are 11 peers online!
Sending netinfo
Printing 112 bytes from 0x5bd4950.
--- start bytes ---
01 00 00 00 00 00 00 00 70 00 00 00 00 00 00 00 
b8 16 94 a5 00 00 00 00 02 00 04 d2 0a 95 00 25 
02 00 04 d2 0a 95 00 27 02 00 04 d2 0a 95 00 26 
02 00 04 d2 0a 95 00 28 02 00 04 d2 0a 95 00 29 
02 00 04 d2 0a 95 00 2a 02 00 04 d2 0a 95 00 2b 
02 00 04 d2 0a 95 00 2c 02 00 04 d2 0a 95 00 2d 
02 00 04 d2 0a 95 00 24 02 00 04 d2 0a 95 00 35 
--- end bytes ---
Started proc!
handle_heartbeat(sockfd, db);
24
handle_heartbeat(sockfd, db);
25
Started proc!
family: 2, port: 53764, addr: 620795146
family: 2, port: 53764, addr: 654349578
family: 2, port: 53764, addr: 637572362
family: 2, port: 53764, addr: 671126794
family: 2, port: 53764, addr: 687904010
family: 2, port: 53764, addr: 704681226
family: 2, port: 53764, addr: 721458442
family: 2, port: 53764, addr: 738235658
family: 2, port: 53764, addr: 755012874
family: 2, port: 53764, addr: 604017930
family: 2, port: 53764, addr: 889230602
There are 11 peers online!
Sending netinfo
Printing 112 bytes from 0x5beed80.
--- start bytes ---
01 00 00 00 00 00 00 00 70 00 00 00 00 00 00 00 
b8 16 94 a5 00 00 00 00 02 00 04 d2 0a 95 00 25 
02 00 04 d2 0a 95 00 27 02 00 04 d2 0a 95 00 26 
02 00 04 d2 0a 95 00 28 02 00 04 d2 0a 95 00 29 
02 00 04 d2 0a 95 00 2a 02 00 04 d2 0a 95 00 2b 
02 00 04 d2 0a 95 00 2c 02 00 04 d2 0a 95 00 2d 
02 00 04 d2 0a 95 00 24 02 00 04 d2 0a 95 00 35 
--- end bytes ---
family: 2, port: 53764, addr: 620795146
family: 2, port: 53764, addr: 654349578
family: 2, port: 53764, addr: 637572362
family: 2, port: 53764, addr: 671126794
family: 2, port: 53764, addr: 687904010
family: 2, port: 53764, addr: 704681226
family: 2, port: 53764, addr: 721458442
family: 2, port: 53764, addr: 738235658
family: 2, port: 53764, addr: 755012874
family: 2, port: 53764, addr: 604017930
family: 2, port: 53764, addr: 889230602
There are 11 peers online!
Sending netinfo
Printing 112 bytes from 0x5c089f0.
--- start bytes ---
01 00 00 00 00 00 00 00 70 00 00 00 00 00 00 00 
b8 16 94 a5 00 00 00 00 02 00 04 d2 0a 95 00 25 
02 00 04 d2 0a 95 00 27 02 00 04 d2 0a 95 00 26 
02 00 04 d2 0a 95 00 28 02 00 04 d2 0a 95 00 29 
02 00 04 d2 0a 95 00 2a 02 00 04 d2 0a 95 00 2b 
02 00 04 d2 0a 95 00 2c 02 00 04 d2 0a 95 00 2d 
02 00 04 d2 0a 95 00 24 02 00 04 d2 0a 95 00 35 
--- end bytes ---
Started proc!
handle_heartbeat(sockfd, db);
26
handle_heartbeat(sockfd, db);
27
Started proc!
handle_heartbeat(sockfd, db);
28
Started proc!
handle_heartbeat(sockfd, db);
29
Started proc!
family: 2, port: 53764, addr: 620795146
family: 2, port: 53764, addr: 654349578
family: 2, port: 53764, addr: 637572362
family: 2, port: 53764, addr: 671126794
family: 2, port: 53764, addr: 687904010
family: 2, port: 53764, addr: 704681226
family: 2, port: 53764, addr: 721458442
family: 2, port: 53764, addr: 738235658
family: 2, port: 53764, addr: 755012874
family: 2, port: 53764, addr: 604017930
family: 2, port: 53764, addr: 889230602
There are 11 peers online!
Sending netinfo
Printing 112 bytes from 0x5c23980.
--- start bytes ---
01 00 00 00 00 00 00 00 70 00 00 00 00 00 00 00 
b8 16 94 a5 00 00 00 00 02 00 04 d2 0a 95 00 25 
02 00 04 d2 0a 95 00 27 02 00 04 d2 0a 95 00 26 
02 00 04 d2 0a 95 00 28 02 00 04 d2 0a 95 00 29 
02 00 04 d2 0a 95 00 2a 02 00 04 d2 0a 95 00 2b 
02 00 04 d2 0a 95 00 2c 02 00 04 d2 0a 95 00 2d 
02 00 04 d2 0a 95 00 24 02 00 04 d2 0a 95 00 35 
--- end bytes ---
family: 2, port: 53764, addr: 620795146
family: 2, port: 53764, addr: 654349578
family: 2, port: 53764, addr: 637572362
family: 2, port: 53764, addr: 671126794
family: 2, port: 53764, addr: 687904010
family: 2, port: 53764, addr: 704681226
family: 2, port: 53764, addr: 721458442
family: 2, port: 53764, addr: 738235658
family: 2, port: 53764, addr: 755012874
family: 2, port: 53764, addr: 604017930
family: 2, port: 53764, addr: 889230602
There are 11 peers online!
Sending netinfo
Printing 112 bytes from 0x5c3d5f0.
--- start bytes ---
01 00 00 00 00 00 00 00 70 00 00 00 00 00 00 00 
b8 16 94 a5 00 00 00 00 02 00 04 d2 0a 95 00 25 
02 00 04 d2 0a 95 00 27 02 00 04 d2 0a 95 00 26 
02 00 04 d2 0a 95 00 28 02 00 04 d2 0a 95 00 29 
02 00 04 d2 0a 95 00 2a 02 00 04 d2 0a 95 00 2b 
02 00 04 d2 0a 95 00 2c 02 00 04 d2 0a 95 00 2d 
02 00 04 d2 0a 95 00 24 02 00 04 d2 0a 95 00 35 
--- end bytes ---
family: 2, port: 53764, addr: 620795146
family: 2, port: 53764, addr: 654349578
family: 2, port: 53764, addr: 637572362
family: 2, port: 53764, addr: 671126794
family: 2, port: 53764, addr: 687904010
family: 2, port: 53764, addr: 704681226
family: 2, port: 53764, addr: 721458442
family: 2, port: 53764, addr: 738235658
family: 2, port: 53764, addr: 755012874
family: 2, port: 53764, addr: 604017930
family: 2, port: 53764, addr: 889230602
There are 11 peers online!
Sending netinfo
Printing 112 bytes from 0x5c57090.
--- start bytes ---
01 00 00 00 00 00 00 00 70 00 00 00 00 00 00 00 
b8 16 94 a5 00 00 00 00 02 00 04 d2 0a 95 00 25 
02 00 04 d2 0a 95 00 27 02 00 04 d2 0a 95 00 26 
02 00 04 d2 0a 95 00 28 02 00 04 d2 0a 95 00 29 
02 00 04 d2 0a 95 00 2a 02 00 04 d2 0a 95 00 2b 
02 00 04 d2 0a 95 00 2c 02 00 04 d2 0a 95 00 2d 
02 00 04 d2 0a 95 00 24 02 00 04 d2 0a 95 00 35 
--- end bytes ---
family: 2, port: 53764, addr: 620795146
family: 2, port: 53764, addr: 654349578
family: 2, port: 53764, addr: 637572362
family: 2, port: 53764, addr: 671126794
family: 2, port: 53764, addr: 687904010
family: 2, port: 53764, addr: 704681226
family: 2, port: 53764, addr: 721458442
family: 2, port: 53764, addr: 738235658
family: 2, port: 53764, addr: 755012874
family: 2, port: 53764, addr: 604017930
family: 2, port: 53764, addr: 889230602
There are 11 peers online!
Sending netinfo
Printing 112 bytes from 0x5c70b30.
--- start bytes ---
01 00 00 00 00 00 00 00 70 00 00 00 00 00 00 00 
b8 16 94 a5 00 00 00 00 02 00 04 d2 0a 95 00 25 
02 00 04 d2 0a 95 00 27 02 00 04 d2 0a 95 00 26 
02 00 04 d2 0a 95 00 28 02 00 04 d2 0a 95 00 29 
02 00 04 d2 0a 95 00 2a 02 00 04 d2 0a 95 00 2b 
02 00 04 d2 0a 95 00 2c 02 00 04 d2 0a 95 00 2d 
02 00 04 d2 0a 95 00 24 02 00 04 d2 0a 95 00 35 
--- end bytes ---
Started proc!
handle_heartbeat(sockfd, db);
30
handle_heartbeat(sockfd, db);
31
Started proc!
family: 2, port: 53764, addr: 620795146
family: 2, port: 53764, addr: 654349578
family: 2, port: 53764, addr: 637572362
family: 2, port: 53764, addr: 671126794
family: 2, port: 53764, addr: 687904010
family: 2, port: 53764, addr: 704681226
family: 2, port: 53764, addr: 721458442
family: 2, port: 53764, addr: 738235658
family: 2, port: 53764, addr: 755012874
family: 2, port: 53764, addr: 604017930
family: 2, port: 53764, addr: 889230602
There are 11 peers online!
Sending netinfo
Printing 112 bytes from 0x5c8af60.
--- start bytes ---
01 00 00 00 00 00 00 00 70 00 00 00 00 00 00 00 
b8 16 94 a5 00 00 00 00 02 00 04 d2 0a 95 00 25 
02 00 04 d2 0a 95 00 27 02 00 04 d2 0a 95 00 26 
02 00 04 d2 0a 95 00 28 02 00 04 d2 0a 95 00 29 
02 00 04 d2 0a 95 00 2a 02 00 04 d2 0a 95 00 2b 
02 00 04 d2 0a 95 00 2c 02 00 04 d2 0a 95 00 2d 
02 00 04 d2 0a 95 00 24 02 00 04 d2 0a 95 00 35 
--- end bytes ---
family: 2, port: 53764, addr: 620795146
family: 2, port: 53764, addr: 654349578
family: 2, port: 53764, addr: 637572362
family: 2, port: 53764, addr: 671126794
family: 2, port: 53764, addr: 687904010
family: 2, port: 53764, addr: 704681226
family: 2, port: 53764, addr: 721458442
family: 2, port: 53764, addr: 738235658
family: 2, port: 53764, addr: 755012874
family: 2, port: 53764, addr: 604017930
family: 2, port: 53764, addr: 889230602
There are 11 peers online!
Sending netinfo
Printing 112 bytes from 0x5ca4bd0.
--- start bytes ---
01 00 00 00 00 00 00 00 70 00 00 00 00 00 00 00 
b8 16 94 a5 00 00 00 00 02 00 04 d2 0a 95 00 25 
02 00 04 d2 0a 95 00 27 02 00 04 d2 0a 95 00 26 
02 00 04 d2 0a 95 00 28 02 00 04 d2 0a 95 00 29 
02 00 04 d2 0a 95 00 2a 02 00 04 d2 0a 95 00 2b 
02 00 04 d2 0a 95 00 2c 02 00 04 d2 0a 95 00 2d 
02 00 04 d2 0a 95 00 24 02 00 04 d2 0a 95 00 35 
--- end bytes ---
Started proc!
handle_heartbeat(sockfd, db);
32
family: 2, port: 53764, addr: 620795146
family: 2, port: 53764, addr: 654349578
family: 2, port: 53764, addr: 637572362
family: 2, port: 53764, addr: 671126794
family: 2, port: 53764, addr: 687904010
family: 2, port: 53764, addr: 704681226
family: 2, port: 53764, addr: 721458442
family: 2, port: 53764, addr: 738235658
family: 2, port: 53764, addr: 755012874
family: 2, port: 53764, addr: 604017930
family: 2, port: 53764, addr: 889230602
There are 11 peers online!
Sending netinfo
Printing 112 bytes from 0x5cbec20.
--- start bytes ---
01 00 00 00 00 00 00 00 70 00 00 00 00 00 00 00 
b8 16 94 a5 00 00 00 00 02 00 04 d2 0a 95 00 25 
02 00 04 d2 0a 95 00 27 02 00 04 d2 0a 95 00 26 
02 00 04 d2 0a 95 00 28 02 00 04 d2 0a 95 00 29 
02 00 04 d2 0a 95 00 2a 02 00 04 d2 0a 95 00 2b 
02 00 04 d2 0a 95 00 2c 02 00 04 d2 0a 95 00 2d 
02 00 04 d2 0a 95 00 24 02 00 04 d2 0a 95 00 35 
--- end bytes ---
Started proc!
handle_heartbeat(sockfd, db);
33
handle_heartbeat(sockfd, db);
34
Started proc!
family: 2, port: 53764, addr: 620795146
family: 2, port: 53764, addr: 654349578
family: 2, port: 53764, addr: 637572362
family: 2, port: 53764, addr: 671126794
family: 2, port: 53764, addr: 687904010
family: 2, port: 53764, addr: 704681226
family: 2, port: 53764, addr: 721458442
family: 2, port: 53764, addr: 738235658
family: 2, port: 53764, addr: 755012874
family: 2, port: 53764, addr: 604017930
family: 2, port: 53764, addr: 889230602
There are 11 peers online!
Sending netinfo
Printing 112 bytes from 0x5cd9050.
--- start bytes ---
01 00 00 00 00 00 00 00 70 00 00 00 00 00 00 00 
b8 16 94 a5 00 00 00 00 02 00 04 d2 0a 95 00 25 
02 00 04 d2 0a 95 00 27 02 00 04 d2 0a 95 00 26 
02 00 04 d2 0a 95 00 28 02 00 04 d2 0a 95 00 29 
02 00 04 d2 0a 95 00 2a 02 00 04 d2 0a 95 00 2b 
02 00 04 d2 0a 95 00 2c 02 00 04 d2 0a 95 00 2d 
02 00 04 d2 0a 95 00 24 02 00 04 d2 0a 95 00 35 
--- end bytes ---
family: 2, port: 53764, addr: 620795146
family: 2, port: 53764, addr: 654349578
family: 2, port: 53764, addr: 637572362
family: 2, port: 53764, addr: 671126794
family: 2, port: 53764, addr: 687904010
family: 2, port: 53764, addr: 704681226
family: 2, port: 53764, addr: 721458442
family: 2, port: 53764, addr: 738235658
family: 2, port: 53764, addr: 755012874
family: 2, port: 53764, addr: 604017930
family: 2, port: 53764, addr: 889230602
There are 11 peers online!
Sending netinfo
Printing 112 bytes from 0x5cf2cc0.
--- start bytes ---
01 00 00 00 00 00 00 00 70 00 00 00 00 00 00 00 
b8 16 94 a5 00 00 00 00 02 00 04 d2 0a 95 00 25 
02 00 04 d2 0a 95 00 27 02 00 04 d2 0a 95 00 26 
02 00 04 d2 0a 95 00 28 02 00 04 d2 0a 95 00 29 
02 00 04 d2 0a 95 00 2a 02 00 04 d2 0a 95 00 2b 
02 00 04 d2 0a 95 00 2c 02 00 04 d2 0a 95 00 2d 
02 00 04 d2 0a 95 00 24 02 00 04 d2 0a 95 00 35 
--- end bytes ---
Started proc!
handle_heartbeat(sockfd, db);
35
handle_heartbeat(sockfd, db);
36
Started proc!
family: 2, port: 53764, addr: 620795146
family: 2, port: 53764, addr: 654349578
family: 2, port: 53764, addr: 637572362
family: 2, port: 53764, addr: 671126794
family: 2, port: 53764, addr: 687904010
family: 2, port: 53764, addr: 704681226
family: 2, port: 53764, addr: 721458442
family: 2, port: 53764, addr: 738235658
family: 2, port: 53764, addr: 755012874
family: 2, port: 53764, addr: 604017930
family: 2, port: 53764, addr: 889230602
There are 11 peers online!
Sending netinfo
Printing 112 bytes from 0x5d0d0f0.
--- start bytes ---
01 00 00 00 00 00 00 00 70 00 00 00 00 00 00 00 
b8 16 94 a5 00 00 00 00 02 00 04 d2 0a 95 00 25 
02 00 04 d2 0a 95 00 27 02 00 04 d2 0a 95 00 26 
02 00 04 d2 0a 95 00 28 02 00 04 d2 0a 95 00 29 
02 00 04 d2 0a 95 00 2a 02 00 04 d2 0a 95 00 2b 
02 00 04 d2 0a 95 00 2c 02 00 04 d2 0a 95 00 2d 
02 00 04 d2 0a 95 00 24 02 00 04 d2 0a 95 00 35 
--- end bytes ---
family: 2, port: 53764, addr: 620795146
family: 2, port: 53764, addr: 654349578
family: 2, port: 53764, addr: 637572362
family: 2, port: 53764, addr: 671126794
family: 2, port: 53764, addr: 687904010
family: 2, port: 53764, addr: 704681226
family: 2, port: 53764, addr: 721458442
family: 2, port: 53764, addr: 738235658
family: 2, port: 53764, addr: 755012874
family: 2, port: 53764, addr: 604017930
family: 2, port: 53764, addr: 889230602
There are 11 peers online!
Sending netinfo
Printing 112 bytes from 0x5d26d60.
--- start bytes ---
01 00 00 00 00 00 00 00 70 00 00 00 00 00 00 00 
b8 16 94 a5 00 00 00 00 02 00 04 d2 0a 95 00 25 
02 00 04 d2 0a 95 00 27 02 00 04 d2 0a 95 00 26 
02 00 04 d2 0a 95 00 28 02 00 04 d2 0a 95 00 29 
02 00 04 d2 0a 95 00 2a 02 00 04 d2 0a 95 00 2b 
02 00 04 d2 0a 95 00 2c 02 00 04 d2 0a 95 00 2d 
02 00 04 d2 0a 95 00 24 02 00 04 d2 0a 95 00 35 
--- end bytes ---
Started proc!
handle_heartbeat(sockfd, db);
37
handle_heartbeat(sockfd, db);
38
Started proc!
handle_heartbeat(sockfd, db);
39
Started proc!
family: 2, port: 53764, addr: 620795146
family: 2, port: 53764, addr: 654349578
family: 2, port: 53764, addr: 637572362
family: 2, port: 53764, addr: 671126794
family: 2, port: 53764, addr: 687904010
family: 2, port: 53764, addr: 704681226
family: 2, port: 53764, addr: 721458442
family: 2, port: 53764, addr: 738235658
family: 2, port: 53764, addr: 755012874
family: 2, port: 53764, addr: 604017930
family: 2, port: 53764, addr: 889230602
There are 11 peers online!
Sending netinfo
Printing 112 bytes from 0x5d418b0.
--- start bytes ---
01 00 00 00 00 00 00 00 70 00 00 00 00 00 00 00 
b8 16 94 a5 00 00 00 00 02 00 04 d2 0a 95 00 25 
02 00 04 d2 0a 95 00 27 02 00 04 d2 0a 95 00 26 
02 00 04 d2 0a 95 00 28 02 00 04 d2 0a 95 00 29 
02 00 04 d2 0a 95 00 2a 02 00 04 d2 0a 95 00 2b 
02 00 04 d2 0a 95 00 2c 02 00 04 d2 0a 95 00 2d 
02 00 04 d2 0a 95 00 24 02 00 04 d2 0a 95 00 35 
--- end bytes ---
handle_heartbeat(sockfd, db);
40
Started proc!
family: 2, port: 53764, addr: 620795146
family: 2, port: 53764, addr: 654349578
family: 2, port: 53764, addr: 637572362
family: 2, port: 53764, addr: 671126794
family: 2, port: 53764, addr: 687904010
family: 2, port: 53764, addr: 704681226
family: 2, port: 53764, addr: 721458442
family: 2, port: 53764, addr: 738235658
family: 2, port: 53764, addr: 755012874
family: 2, port: 53764, addr: 604017930
family: 2, port: 53764, addr: 889230602
There are 11 peers online!
Sending netinfo
Printing 112 bytes from 0x5d45e20.
--- start bytes ---
01 00 00 00 00 00 00 00 70 00 00 00 00 00 00 00 
b8 16 94 a5 00 00 00 00 02 00 04 d2 0a 95 00 25 
02 00 04 d2 0a 95 00 27 02 00 04 d2 0a 95 00 26 
02 00 04 d2 0a 95 00 28 02 00 04 d2 0a 95 00 29 
02 00 04 d2 0a 95 00 2a 02 00 04 d2 0a 95 00 2b 
02 00 04 d2 0a 95 00 2c 02 00 04 d2 0a 95 00 2d 
02 00 04 d2 0a 95 00 24 02 00 04 d2 0a 95 00 35 
--- end bytes ---
family: 2, port: 53764, addr: 620795146
family: 2, port: 53764, addr: 654349578
family: 2, port: 53764, addr: 637572362
family: 2, port: 53764, addr: 671126794
family: 2, port: 53764, addr: 687904010
family: 2, port: 53764, addr: 704681226
family: 2, port: 53764, addr: 721458442
family: 2, port: 53764, addr: 738235658
family: 2, port: 53764, addr: 755012874
family: 2, port: 53764, addr: 604017930
family: 2, port: 53764, addr: 889230602
There are 11 peers online!
Sending netinfo
Printing 112 bytes from 0x5d4a2f0.
--- start bytes ---
01 00 00 00 00 00 00 00 70 00 00 00 00 00 00 00 
b8 16 94 a5 00 00 00 00 02 00 04 d2 0a 95 00 25 
02 00 04 d2 0a 95 00 27 02 00 04 d2 0a 95 00 26 
02 00 04 d2 0a 95 00 28 02 00 04 d2 0a 95 00 29 
02 00 04 d2 0a 95 00 2a 02 00 04 d2 0a 95 00 2b 
02 00 04 d2 0a 95 00 2c 02 00 04 d2 0a 95 00 2d 
02 00 04 d2 0a 95 00 24 02 00 04 d2 0a 95 00 35 
--- end bytes ---
family: 2, port: 53764, addr: 620795146
family: 2, port: 53764, addr: 654349578
family: 2, port: 53764, addr: 637572362
family: 2, port: 53764, addr: 671126794
family: 2, port: 53764, addr: 687904010
family: 2, port: 53764, addr: 704681226
family: 2, port: 53764, addr: 721458442
family: 2, port: 53764, addr: 738235658
family: 2, port: 53764, addr: 755012874
family: 2, port: 53764, addr: 604017930
family: 2, port: 53764, addr: 889230602
There are 11 peers online!
Sending netinfo
Printing 112 bytes from 0x5d4ed20.
--- start bytes ---
01 00 00 00 00 00 00 00 70 00 00 00 00 00 00 00 
b8 16 94 a5 00 00 00 00 02 00 04 d2 0a 95 00 25 
02 00 04 d2 0a 95 00 27 02 00 04 d2 0a 95 00 26 
02 00 04 d2 0a 95 00 28 02 00 04 d2 0a 95 00 29 
02 00 04 d2 0a 95 00 2a 02 00 04 d2 0a 95 00 2b 
02 00 04 d2 0a 95 00 2c 02 00 04 d2 0a 95 00 2d 
02 00 04 d2 0a 95 00 24 02 00 04 d2 0a 95 00 35 
--- end bytes ---
Started proc!
handle_heartbeat(sockfd, db);
41
handle_heartbeat(sockfd, db);
42
Started proc!
family: 2, port: 53764, addr: 620795146
family: 2, port: 53764, addr: 654349578
family: 2, port: 53764, addr: 637572362
family: 2, port: 53764, addr: 671126794
family: 2, port: 53764, addr: 687904010
family: 2, port: 53764, addr: 704681226
family: 2, port: 53764, addr: 721458442
family: 2, port: 53764, addr: 738235658
family: 2, port: 53764, addr: 755012874
family: 2, port: 53764, addr: 604017930
family: 2, port: 53764, addr: 889230602
There are 11 peers online!
Sending netinfo
Printing 112 bytes from 0x67ae310.
--- start bytes ---
01 00 00 00 00 00 00 00 70 00 00 00 00 00 00 00 
b8 16 94 a5 00 00 00 00 02 00 04 d2 0a 95 00 25 
02 00 04 d2 0a 95 00 27 02 00 04 d2 0a 95 00 26 
02 00 04 d2 0a 95 00 28 02 00 04 d2 0a 95 00 29 
02 00 04 d2 0a 95 00 2a 02 00 04 d2 0a 95 00 2b 
02 00 04 d2 0a 95 00 2c 02 00 04 d2 0a 95 00 2d 
02 00 04 d2 0a 95 00 24 02 00 04 d2 0a 95 00 35 
--- end bytes ---
family: 2, port: 53764, addr: 620795146
family: 2, port: 53764, addr: 654349578
family: 2, port: 53764, addr: 637572362
family: 2, port: 53764, addr: 671126794
family: 2, port: 53764, addr: 687904010
family: 2, port: 53764, addr: 704681226
family: 2, port: 53764, addr: 721458442
family: 2, port: 53764, addr: 738235658
family: 2, port: 53764, addr: 755012874
family: 2, port: 53764, addr: 604017930
family: 2, port: 53764, addr: 889230602
There are 11 peers online!
Sending netinfo
Printing 112 bytes from 0x67c7cd0.
--- start bytes ---
01 00 00 00 00 00 00 00 70 00 00 00 00 00 00 00 
b8 16 94 a5 00 00 00 00 02 00 04 d2 0a 95 00 25 
02 00 04 d2 0a 95 00 27 02 00 04 d2 0a 95 00 26 
02 00 04 d2 0a 95 00 28 02 00 04 d2 0a 95 00 29 
02 00 04 d2 0a 95 00 2a 02 00 04 d2 0a 95 00 2b 
02 00 04 d2 0a 95 00 2c 02 00 04 d2 0a 95 00 2d 
02 00 04 d2 0a 95 00 24 02 00 04 d2 0a 95 00 35 
--- end bytes ---
Started proc!
handle_heartbeat(sockfd, db);
43
family: 2, port: 53764, addr: 620795146
family: 2, port: 53764, addr: 654349578
family: 2, port: 53764, addr: 637572362
family: 2, port: 53764, addr: 671126794
family: 2, port: 53764, addr: 687904010
family: 2, port: 53764, addr: 704681226
family: 2, port: 53764, addr: 721458442
family: 2, port: 53764, addr: 738235658
family: 2, port: 53764, addr: 755012874
family: 2, port: 53764, addr: 604017930
family: 2, port: 53764, addr: 889230602
There are 11 peers online!
Sending netinfo
Printing 112 bytes from 0x67e1fd0.
--- start bytes ---
01 00 00 00 00 00 00 00 70 00 00 00 00 00 00 00 
b8 16 94 a5 00 00 00 00 02 00 04 d2 0a 95 00 25 
02 00 04 d2 0a 95 00 27 02 00 04 d2 0a 95 00 26 
02 00 04 d2 0a 95 00 28 02 00 04 d2 0a 95 00 29 
02 00 04 d2 0a 95 00 2a 02 00 04 d2 0a 95 00 2b 
02 00 04 d2 0a 95 00 2c 02 00 04 d2 0a 95 00 2d 
02 00 04 d2 0a 95 00 24 02 00 04 d2 0a 95 00 35 
--- end bytes ---
Started proc!
handle_heartbeat(sockfd, db);
44
handle_heartbeat(sockfd, db);
45
Started proc!
family: 2, port: 53764, addr: 620795146
family: 2, port: 53764, addr: 654349578
family: 2, port: 53764, addr: 637572362
family: 2, port: 53764, addr: 671126794
family: 2, port: 53764, addr: 687904010
family: 2, port: 53764, addr: 704681226
family: 2, port: 53764, addr: 721458442
family: 2, port: 53764, addr: 738235658
family: 2, port: 53764, addr: 755012874
family: 2, port: 53764, addr: 604017930
family: 2, port: 53764, addr: 889230602
There are 11 peers online!
Sending netinfo
Printing 112 bytes from 0x67fc400.
--- start bytes ---
01 00 00 00 00 00 00 00 70 00 00 00 00 00 00 00 
b8 16 94 a5 00 00 00 00 02 00 04 d2 0a 95 00 25 
02 00 04 d2 0a 95 00 27 02 00 04 d2 0a 95 00 26 
02 00 04 d2 0a 95 00 28 02 00 04 d2 0a 95 00 29 
02 00 04 d2 0a 95 00 2a 02 00 04 d2 0a 95 00 2b 
02 00 04 d2 0a 95 00 2c 02 00 04 d2 0a 95 00 2d 
02 00 04 d2 0a 95 00 24 02 00 04 d2 0a 95 00 35 
--- end bytes ---
family: 2, port: 53764, addr: 620795146
family: 2, port: 53764, addr: 654349578
family: 2, port: 53764, addr: 637572362
family: 2, port: 53764, addr: 671126794
family: 2, port: 53764, addr: 687904010
family: 2, port: 53764, addr: 704681226
family: 2, port: 53764, addr: 721458442
family: 2, port: 53764, addr: 738235658
family: 2, port: 53764, addr: 755012874
family: 2, port: 53764, addr: 604017930
family: 2, port: 53764, addr: 889230602
There are 11 peers online!
Sending netinfo
Printing 112 bytes from 0x6816070.
--- start bytes ---
01 00 00 00 00 00 00 00 70 00 00 00 00 00 00 00 
b8 16 94 a5 00 00 00 00 02 00 04 d2 0a 95 00 25 
02 00 04 d2 0a 95 00 27 02 00 04 d2 0a 95 00 26 
02 00 04 d2 0a 95 00 28 02 00 04 d2 0a 95 00 29 
02 00 04 d2 0a 95 00 2a 02 00 04 d2 0a 95 00 2b 
02 00 04 d2 0a 95 00 2c 02 00 04 d2 0a 95 00 2d 
02 00 04 d2 0a 95 00 24 02 00 04 d2 0a 95 00 35 
--- end bytes ---
Started proc!
handle_heartbeat(sockfd, db);
46
handle_heartbeat(sockfd, db);
47
Started proc!
family: 2, port: 53764, addr: 620795146
family: 2, port: 53764, addr: 654349578
family: 2, port: 53764, addr: 637572362
family: 2, port: 53764, addr: 671126794
family: 2, port: 53764, addr: 687904010
family: 2, port: 53764, addr: 704681226
family: 2, port: 53764, addr: 721458442
family: 2, port: 53764, addr: 738235658
family: 2, port: 53764, addr: 755012874
family: 2, port: 53764, addr: 604017930
family: 2, port: 53764, addr: 889230602
There are 11 peers online!
Sending netinfo
Printing 112 bytes from 0x68304a0.
--- start bytes ---
01 00 00 00 00 00 00 00 70 00 00 00 00 00 00 00 
b8 16 94 a5 00 00 00 00 02 00 04 d2 0a 95 00 25 
02 00 04 d2 0a 95 00 27 02 00 04 d2 0a 95 00 26 
02 00 04 d2 0a 95 00 28 02 00 04 d2 0a 95 00 29 
02 00 04 d2 0a 95 00 2a 02 00 04 d2 0a 95 00 2b 
02 00 04 d2 0a 95 00 2c 02 00 04 d2 0a 95 00 2d 
02 00 04 d2 0a 95 00 24 02 00 04 d2 0a 95 00 35 
--- end bytes ---
family: 2, port: 53764, addr: 620795146
family: 2, port: 53764, addr: 654349578
family: 2, port: 53764, addr: 637572362
family: 2, port: 53764, addr: 671126794
family: 2, port: 53764, addr: 687904010
family: 2, port: 53764, addr: 704681226
family: 2, port: 53764, addr: 721458442
family: 2, port: 53764, addr: 738235658
family: 2, port: 53764, addr: 755012874
family: 2, port: 53764, addr: 604017930
family: 2, port: 53764, addr: 889230602
There are 11 peers online!
Sending netinfo
Printing 112 bytes from 0x684a110.
--- start bytes ---
01 00 00 00 00 00 00 00 70 00 00 00 00 00 00 00 
b8 16 94 a5 00 00 00 00 02 00 04 d2 0a 95 00 25 
02 00 04 d2 0a 95 00 27 02 00 04 d2 0a 95 00 26 
02 00 04 d2 0a 95 00 28 02 00 04 d2 0a 95 00 29 
02 00 04 d2 0a 95 00 2a 02 00 04 d2 0a 95 00 2b 
02 00 04 d2 0a 95 00 2c 02 00 04 d2 0a 95 00 2d 
02 00 04 d2 0a 95 00 24 02 00 04 d2 0a 95 00 35 
--- end bytes ---
Started proc!
handle_heartbeat(sockfd, db);
48
handle_heartbeat(sockfd, db);
49
Started proc!
handle_heartbeat(sockfd, db);
50
Started proc!
family: 2, port: 53764, addr: 620795146
family: 2, port: 53764, addr: 654349578
family: 2, port: 53764, addr: 637572362
family: 2, port: 53764, addr: 671126794
family: 2, port: 53764, addr: 687904010
family: 2, port: 53764, addr: 704681226
family: 2, port: 53764, addr: 721458442
family: 2, port: 53764, addr: 738235658
family: 2, port: 53764, addr: 755012874
family: 2, port: 53764, addr: 604017930
family: 2, port: 53764, addr: 889230602
There are 11 peers online!
Sending netinfo
Printing 112 bytes from 0x6864c60.
--- start bytes ---
01 00 00 00 00 00 00 00 70 00 00 00 00 00 00 00 
b8 16 94 a5 00 00 00 00 02 00 04 d2 0a 95 00 25 
02 00 04 d2 0a 95 00 27 02 00 04 d2 0a 95 00 26 
02 00 04 d2 0a 95 00 28 02 00 04 d2 0a 95 00 29 
02 00 04 d2 0a 95 00 2a 02 00 04 d2 0a 95 00 2b 
02 00 04 d2 0a 95 00 2c 02 00 04 d2 0a 95 00 2d 
02 00 04 d2 0a 95 00 24 02 00 04 d2 0a 95 00 35 
--- end bytes ---
Started proc!
handle_heartbeat(sockfd, db);
51
family: 2, port: 53764, addr: 620795146
family: 2, port: 53764, addr: 654349578
family: 2, port: 53764, addr: 637572362
family: 2, port: 53764, addr: 671126794
family: 2, port: 53764, addr: 687904010
family: 2, port: 53764, addr: 704681226
family: 2, port: 53764, addr: 721458442
family: 2, port: 53764, addr: 738235658
family: 2, port: 53764, addr: 755012874
family: 2, port: 53764, addr: 604017930
family: 2, port: 53764, addr: 889230602
There are 11 peers online!
Sending netinfo
Printing 112 bytes from 0x687e970.
--- start bytes ---
01 00 00 00 00 00 00 00 70 00 00 00 00 00 00 00 
b8 16 94 a5 00 00 00 00 02 00 04 d2 0a 95 00 25 
02 00 04 d2 0a 95 00 27 02 00 04 d2 0a 95 00 26 
02 00 04 d2 0a 95 00 28 02 00 04 d2 0a 95 00 29 
02 00 04 d2 0a 95 00 2a 02 00 04 d2 0a 95 00 2b 
02 00 04 d2 0a 95 00 2c 02 00 04 d2 0a 95 00 2d 
02 00 04 d2 0a 95 00 24 02 00 04 d2 0a 95 00 35 
--- end bytes ---
family: 2, port: 53764, addr: 620795146
family: 2, port: 53764, addr: 654349578
family: 2, port: 53764, addr: 637572362
family: 2, port: 53764, addr: 671126794
family: 2, port: 53764, addr: 687904010
family: 2, port: 53764, addr: 704681226
family: 2, port: 53764, addr: 721458442
family: 2, port: 53764, addr: 738235658
family: 2, port: 53764, addr: 755012874
family: 2, port: 53764, addr: 604017930
family: 2, port: 53764, addr: 889230602
There are 11 peers online!
Sending netinfo
Printing 112 bytes from 0x68985e0.
--- start bytes ---
01 00 00 00 00 00 00 00 70 00 00 00 00 00 00 00 
b8 16 94 a5 00 00 00 00 02 00 04 d2 0a 95 00 25 
02 00 04 d2 0a 95 00 27 02 00 04 d2 0a 95 00 26 
02 00 04 d2 0a 95 00 28 02 00 04 d2 0a 95 00 29 
02 00 04 d2 0a 95 00 2a 02 00 04 d2 0a 95 00 2b 
02 00 04 d2 0a 95 00 2c 02 00 04 d2 0a 95 00 2d 
02 00 04 d2 0a 95 00 24 02 00 04 d2 0a 95 00 35 
--- end bytes ---
family: 2, port: 53764, addr: 620795146
family: 2, port: 53764, addr: 654349578
family: 2, port: 53764, addr: 637572362
family: 2, port: 53764, addr: 671126794
family: 2, port: 53764, addr: 687904010
family: 2, port: 53764, addr: 704681226
family: 2, port: 53764, addr: 721458442
family: 2, port: 53764, addr: 738235658
family: 2, port: 53764, addr: 755012874
family: 2, port: 53764, addr: 604017930
family: 2, port: 53764, addr: 889230602
There are 11 peers online!
Sending netinfo
Printing 112 bytes from 0x68b2250.
--- start bytes ---
01 00 