START_TIME	16-12-2021 12:41:46
BLOCK_ADDED_START	16-12-2021 12:41:46	1
BLOCK_ADDED_STOP	16-12-2021 12:41:46	1	SUCCESS
REQUEST_BLOCK	16-12-2021 12:41:54	2
RECEIVED_BLOCK	16-12-2021 12:41:55	2	SUCCESS
SENDING_BLOCK	16-12-2021 12:41:56	1
SENDING_BLOCK	16-12-2021 12:41:59	2
SENDING_BLOCK	16-12-2021 12:42:02	2
REQUEST_BLOCK	16-12-2021 12:42:02	2
RECEIVED_BLOCK	16-12-2021 12:42:02	2	SUCCESS
SENDING_BLOCK	16-12-2021 12:42:02	2
SENDING_BLOCK	16-12-2021 12:42:02	2
SENDING_BLOCK	16-12-2021 12:42:03	2
SENDING_BLOCK	16-12-2021 12:42:03	3
SENDING_BLOCK	16-12-2021 12:42:03	2
REQUEST_BLOCK	16-12-2021 12:42:06	3
RECEIVED_BLOCK	16-12-2021 12:42:06	3	SUCCESS
SENDING_BLOCK	16-12-2021 12:42:07	3
SENDING_BLOCK	16-12-2021 12:42:07	3
SENDING_BLOCK	16-12-2021 12:42:07	3
SENDING_BLOCK	16-12-2021 12:42:07	3
