START_TIME	16-12-2021 12:41:34
BLOCK_ADDED_START	16-12-2021 12:41:34	1
BLOCK_ADDED_STOP	16-12-2021 12:41:34	1	SUCCESS
REQUEST_BLOCK	16-12-2021 12:41:42	2
RECEIVED_BLOCK	16-12-2021 12:41:44	2	SUCCESS
SENDING_BLOCK	16-12-2021 12:41:45	2
SENDING_BLOCK	16-12-2021 12:41:47	2
SENDING_BLOCK	16-12-2021 12:41:48	2
SENDING_BLOCK	16-12-2021 12:41:48	2
SENDING_BLOCK	16-12-2021 12:41:51	2
SENDING_BLOCK	16-12-2021 12:41:53	2
SENDING_BLOCK	16-12-2021 12:41:53	2
SENDING_BLOCK	16-12-2021 12:41:56	2
SENDING_BLOCK	16-12-2021 12:41:56	1
SENDING_BLOCK	16-12-2021 12:42:01	2
SENDING_BLOCK	16-12-2021 12:42:01	2
REQUEST_BLOCK	16-12-2021 12:42:01	2
RECEIVED_BLOCK	16-12-2021 12:42:02	2	SUCCESS
SENDING_BLOCK	16-12-2021 12:42:03	2
SENDING_BLOCK	16-12-2021 12:42:03	2
SENDING_BLOCK	16-12-2021 12:42:03	2
SENDING_BLOCK	16-12-2021 12:42:03	3
SENDING_BLOCK	16-12-2021 12:42:03	2
REQUEST_BLOCK	16-12-2021 12:42:04	3
RECEIVED_BLOCK	16-12-2021 12:42:05	3	SUCCESS
SENDING_BLOCK	16-12-2021 12:42:06	3
SENDING_BLOCK	16-12-2021 12:42:06	3
SENDING_BLOCK	16-12-2021 12:42:07	3
SENDING_BLOCK	16-12-2021 12:42:07	3
SENDING_BLOCK	16-12-2021 12:42:07	3
