START_TIME	16-12-2021 12:41:35
BLOCK_ADDED_START	16-12-2021 12:41:35	1
BLOCK_ADDED_STOP	16-12-2021 12:41:35	1	SUCCESS
REQUEST_BLOCK	16-12-2021 12:41:43	2
RECEIVED_BLOCK	16-12-2021 12:41:43	2	SUCCESS
SENDING_BLOCK	16-12-2021 12:41:43	2
SENDING_BLOCK	16-12-2021 12:41:47	2
SENDING_BLOCK	16-12-2021 12:41:50	2
SENDING_BLOCK	16-12-2021 12:41:50	2
SENDING_BLOCK	16-12-2021 12:41:50	2
SENDING_BLOCK	16-12-2021 12:41:52	2
SENDING_BLOCK	16-12-2021 12:41:54	2
SENDING_BLOCK	16-12-2021 12:41:57	2
SENDING_BLOCK	16-12-2021 12:41:57	1
SENDING_BLOCK	16-12-2021 12:42:00	2
SENDING_BLOCK	16-12-2021 12:42:00	2
REQUEST_BLOCK	16-12-2021 12:42:02	2
RECEIVED_BLOCK	16-12-2021 12:42:02	2	SUCCESS
SENDING_BLOCK	16-12-2021 12:42:02	2
SENDING_BLOCK	16-12-2021 12:42:04	2
SENDING_BLOCK	16-12-2021 12:42:04	2
SENDING_BLOCK	16-12-2021 12:42:04	3
SENDING_BLOCK	16-12-2021 12:42:04	2
REQUEST_BLOCK	16-12-2021 12:42:04	3
RECEIVED_BLOCK	16-12-2021 12:42:05	3	SUCCESS
SENDING_BLOCK	16-12-2021 12:42:06	3
SENDING_BLOCK	16-12-2021 12:42:06	3
SENDING_BLOCK	16-12-2021 12:42:06	3
