START_TIME	16-12-2021 12:41:48
REQUEST_BLOCK	16-12-2021 12:41:56	1
RECEIVED_BLOCK	16-12-2021 12:41:59	1	SUCCESS
REQUEST_BLOCK	16-12-2021 12:41:59	2
RECEIVED_BLOCK	16-12-2021 12:42:00	2	SUCCESS
BLOCK_ADDED_START	16-12-2021 12:42:00	2
REQUEST_BLOCK	16-12-2021 12:42:00	2
RECEIVED_BLOCK	16-12-2021 12:42:01	2	SUCCESS
SENDING_BLOCK	16-12-2021 12:42:02	2
SENDING_BLOCK	16-12-2021 12:42:02	2
SENDING_BLOCK	16-12-2021 12:42:02	2
SENDING_BLOCK	16-12-2021 12:42:02	2
SENDING_BLOCK	16-12-2021 12:42:02	2
SENDING_BLOCK	16-12-2021 12:42:03	2
BLOCK_ADDED_STOP	16-12-2021 12:42:03	2	SUCCESS
SENDING_BLOCK	16-12-2021 12:42:03	2
SENDING_BLOCK	16-12-2021 12:42:03	2
SENDING_BLOCK	16-12-2021 12:42:03	2
BLOCK_ADDED_START	16-12-2021 12:42:03	3
REQUEST_BLOCK	16-12-2021 12:42:03	3
SENDING_BLOCK	16-12-2021 12:42:04	2
RECEIVED_BLOCK	16-12-2021 12:42:04	3	SUCCESS
SENDING_BLOCK	16-12-2021 12:42:05	3
SENDING_BLOCK	16-12-2021 12:42:05	3
SENDING_BLOCK	16-12-2021 12:42:05	3
SENDING_BLOCK	16-12-2021 12:42:05	3
SENDING_BLOCK	16-12-2021 12:42:05	3
SENDING_BLOCK	16-12-2021 12:42:07	3
BLOCK_ADDED_STOP	16-12-2021 12:42:07	3	SUCCESS
SENDING_BLOCK	16-12-2021 12:42:07	3
SENDING_BLOCK	16-12-2021 12:42:07	3
SENDING_BLOCK	16-12-2021 12:42:07	3
SENDING_BLOCK	16-12-2021 12:42:07	3
