START_TIME	16-12-2021 12:41:43
BLOCK_ADDED_START	16-12-2021 12:41:43	1
BLOCK_ADDED_STOP	16-12-2021 12:41:43	1	SUCCESS
REQUEST_BLOCK	16-12-2021 12:41:51	2
RECEIVED_BLOCK	16-12-2021 12:41:52	2	SUCCESS
SENDING_BLOCK	16-12-2021 12:41:56	2
SENDING_BLOCK	16-12-2021 12:41:56	2
SENDING_BLOCK	16-12-2021 12:41:56	1
SENDING_BLOCK	16-12-2021 12:41:59	2
SENDING_BLOCK	16-12-2021 12:42:00	2
REQUEST_BLOCK	16-12-2021 12:42:02	2
RECEIVED_BLOCK	16-12-2021 12:42:02	2	SUCCESS
SENDING_BLOCK	16-12-2021 12:42:02	2
SENDING_BLOCK	16-12-2021 12:42:02	2
SENDING_BLOCK	16-12-2021 12:42:02	2
SENDING_BLOCK	16-12-2021 12:42:03	3
SENDING_BLOCK	16-12-2021 12:42:03	2
REQUEST_BLOCK	16-12-2021 12:42:04	3
RECEIVED_BLOCK	16-12-2021 12:42:06	3	SUCCESS
SENDING_BLOCK	16-12-2021 12:42:06	3
SENDING_BLOCK	16-12-2021 12:42:06	3
SENDING_BLOCK	16-12-2021 12:42:06	3
SENDING_BLOCK	16-12-2021 12:42:06	3
SENDING_BLOCK	16-12-2021 12:42:06	3
