/home/ddps2001/DPS2/1639654547/out/10.149.0.37_1234.out
/home/ddps2001/DPS2/1639654547/out/10.149.0.37_1234.out
Started proc!
sockaddr 2, 53764, 620795146
Thread started!
Logging to /home/ddps2001/DPS2/1639654547/out/10.149.0.37_1234.out
0x6313e4
We are offline...
0x6313e4
We are offline...
We are offline...
We are offline...
We are offline...
We are offline...
We are offline...
[ receive_netinfo ] 2 peers online!
Printing 16 bytes from 0x2aaab00008c0.
--- start bytes ---
02 00 04 d2 0a 95 00 26 02 00 04 d2 0a 95 00 27 
--- end bytes ---
We are offline...
We are offline...
We are offline...
We are offline...
We are offline...
We are offline...
[ receive_netinfo ] 6 peers online!
Coming online...
[ RequestBlockchain ] --------- Start --------- 
[ RequestBlockchain ] Requesting block 2
Broadcast to 2, 53764, 637572362
Broadcast to 2, 53764, 654349578
Broadcast to 2, 53764, 671126794
Broadcast to 2, 53764, 687904010
Broadcast to 2, 53764, 704681226
[ RequestBlockchain ] Message available! 
[ RequestBlockchain ] Handling block...
2 53764 654349578
[ RequestBlockchain ] Peer is requesting same block
[ RequestBlockchain ] Message available! 
[ RequestBlockchain ] Handling block...
2 53764 671126794
[ RequestBlockchain ] Peer is requesting same block
[ RequestBlockchain ] Majority found
[ RequestBlockchain ] --------- Stop  --------- 

Blockchain is size 2 with top hash f2d1218e317d353271633c2e24d1ff2d857e6cd71aa8a9aa7b55048320ff160a
[ SendBlockchain ] --------- Start --------- 
[ SendBlockchain ] Block does not exist 
[ SendBlockchain ] NOBLOCK sent! 
[ SendBlockchain ] --------- Stop  --------- 

Blockchain is size 2 with top hash f2d1218e317d353271633c2e24d1ff2d857e6cd71aa8a9aa7b55048320ff160a
Logging to /home/ddps2001/DPS2/1639654547/out/10.149.0.37_1234.out
[ Run ] No messages... 
Blockchain is size 2 with top hash f2d1218e317d353271633c2e24d1ff2d857e6cd71aa8a9aa7b55048320ff160a
Logging to /home/ddps2001/DPS2/1639654547/out/10.149.0.37_1234.out
[ Run ] No messages... 
Blockchain is size 2 with top hash f2d1218e317d353271633c2e24d1ff2d857e6cd71aa8a9aa7b55048320ff160a
Logging to /home/ddps2001/DPS2/1639654547/out/10.149.0.37_1234.out
[ Run ] No messages... 
Blockchain is size 2 with top hash f2d1218e317d353271633c2e24d1ff2d857e6cd71aa8a9aa7b55048320ff160a
Blockchain is size 2 with top hash f2d1218e317d353271633c2e24d1ff2d857e6cd71aa8a9aa7b55048320ff160a
Blockchain is size 2 with top hash f2d1218e317d353271633c2e24d1ff2d857e6cd71aa8a9aa7b55048320ff160a
[ SendBlockchain ] --------- Start --------- 
[ SendBlockchain ] Block does not exist 
[ SendBlockchain ] NOBLOCK sent! 
[ SendBlockchain ] --------- Stop  --------- 

Blockchain is size 2 with top hash f2d1218e317d353271633c2e24d1ff2d857e6cd71aa8a9aa7b55048320ff160a
Logging to /home/ddps2001/DPS2/1639654547/out/10.149.0.37_1234.out
[ Run ] No messages... 
Blockchain is size 2 with top hash f2d1218e317d353271633c2e24d1ff2d857e6cd71aa8a9aa7b55048320ff160a
Logging to /home/ddps2001/DPS2/1639654547/out/10.149.0.37_1234.out
[ Run ] No messages... 
[ receive_netinfo ] 10 peers online!
Coming online...
Blockchain is size 2 with top hash f2d1218e317d353271633c2e24d1ff2d857e6cd71aa8a9aa7b55048320ff160a
[ SendBlockchain ] --------- Start --------- 
[ SendBlockchain ] Block does not exist 
[ SendBlockchain ] NOBLOCK sent! 
[ SendBlockchain ] --------- Stop  --------- 

Blockchain is size 2 with top hash f2d1218e317d353271633c2e24d1ff2d857e6cd71aa8a9aa7b55048320ff160a
[ SendBlockchain ] --------- Start --------- 
[ SendBlockchain ] Block does not exist 
[ SendBlockchain ] NOBLOCK sent! 
[ SendBlockchain ] --------- Stop  --------- 

Blockchain is size 2 with top hash f2d1218e317d353271633c2e24d1ff2d857e6cd71aa8a9aa7b55048320ff160a
Logging to /home/ddps2001/DPS2/1639654547/out/10.149.0.37_1234.out
[ Run ] No messages... 
Blockchain is size 2 with top hash f2d1218e317d353271633c2e24d1ff2d857e6cd71aa8a9aa7b55048320ff160a
[ SendBlockchain ] --------- Start --------- 
[ SendBlockchain ] Block does not exist 
[ SendBlockchain ] NOBLOCK sent! 
[ SendBlockchain ] --------- Stop  --------- 

Blockchain is size 2 with top hash f2d1218e317d353271633c2e24d1ff2d857e6cd71aa8a9aa7b55048320ff160a
Logging to /home/ddps2001/DPS2/1639654547/out/10.149.0.37_1234.out
[ Run ] No messages... 
[ receive_netinfo ] 11 peers online!
Coming online...
Blockchain is size 2 with top hash f2d1218e317d353271633c2e24d1ff2d857e6cd71aa8a9aa7b55048320ff160a
[ SendBlockchain ] --------- Start --------- 
[ SendBlockchain ] Block does not exist 
[ SendBlockchain ] NOBLOCK sent! 
[ SendBlockchain ] --------- Stop  --------- 

Blockchain is size 2 with top hash f2d1218e317d353271633c2e24d1ff2d857e6cd71aa8a9aa7b55048320ff160a
[ SendBlockchain ] --------- Start --------- 
[ SendBlockchain ] Block 1 is available 
[ SendBlockchain ] BLOCK sent! 
[ SendBlockchain ] --------- Stop  --------- 

Blockchain is size 2 with top hash f2d1218e317d353271633c2e24d1ff2d857e6cd71aa8a9aa7b55048320ff160a
Logging to /home/ddps2001/DPS2/1639654547/out/10.149.0.37_1234.out
[ Run ] No messages... 
Blockchain is size 2 with top hash f2d1218e317d353271633c2e24d1ff2d857e6cd71aa8a9aa7b55048320ff160a
[ SendBlockchain ] --------- Start --------- 
[ SendBlockchain ] Block does not exist 
[ SendBlockchain ] NOBLOCK sent! 
[ SendBlockchain ] --------- Stop  --------- 

Blockchain is size 2 with top hash f2d1218e317d353271633c2e24d1ff2d857e6cd71aa8a9aa7b55048320ff160a
Logging to /home/ddps2001/DPS2/1639654547/out/10.149.0.37_1234.out
[ Run ] No messages... 
Blockchain is size 2 with top hash f2d1218e317d353271633c2e24d1ff2d857e6cd71aa8a9aa7b55048320ff160a
Logging to /home/ddps2001/DPS2/1639654547/out/10.149.0.37_1234.out
[ Run ] No messages... 
[ receive_netinfo ] 11 peers online!
Coming online...
Blockchain is size 2 with top hash f2d1218e317d353271633c2e24d1ff2d857e6cd71aa8a9aa7b55048320ff160a
[ SendBlockchain ] --------- Start --------- 
[ SendBlockchain ] Block does not exist 
[ SendBlockchain ] NOBLOCK sent! 
[ SendBlockchain ] --------- Stop  --------- 

Blockchain is size 2 with top hash f2d1218e317d353271633c2e24d1ff2d857e6cd71aa8a9aa7b55048320ff160a
Logging to /home/ddps2001/DPS2/1639654547/out/10.149.0.37_1234.out
[ Run ] No messages... 
Blockchain is size 2 with top hash f2d1218e317d353271633c2e24d1ff2d857e6cd71aa8a9aa7b55048320ff160a
Logging to /home/ddps2001/DPS2/1639654547/out/10.149.0.37_1234.out
[ Run ] No messages... 
Blockchain is size 2 with top hash f2d1218e317d353271633c2e24d1ff2d857e6cd71aa8a9aa7b55048320ff160a
[ RequestBlockchain ] Requesting block 2
Broadcast to 2, 53764, 637572362
Broadcast to 2, 53764, 654349578
Broadcast to 2, 53764, 671126794
Broadcast to 2, 53764, 687904010
Broadcast to 2, 53764, 704681226
Broadcast to 2, 53764, 721458442
Broadcast to 2, 53764, 738235658
Broadcast to 2, 53764, 755012874
Broadcast to 2, 53764, 889230602
Broadcast to 2, 53764, 604017930
[ RequestBlockchain ] Message available! 
[ RequestBlockchain ] Handling block...
2 53764 704681226
[ RequestBlockchain ] Peer is requesting same block
[ RequestBlockchain ] Message available! 
[ RequestBlockchain ] Handling block...
2 53764 654349578
[ RequestBlockchain ] Peer is requesting same block
[ RequestBlockchain ] Message available! 
[ RequestBlockchain ] Handling block...
2 53764 637572362
[ RequestBlockchain ] Peer is requesting same block
[ RequestBlockchain ] Message available! 
[ RequestBlockchain ] Handling block...
2 53764 755012874
[ RequestBlockchain ] Peer is requesting same block
[ RequestBlockchain ] Message available! 
[ RequestBlockchain ] Handling block...
2 53764 721458442
[ RequestBlockchain ] Peer is requesting same block
[ RequestBlockchain ] Majority found
[ HandleBlockAdditionRequest ] --------- Start --------- 
[ HandleBlockAdditionRequest ] Handling BlockchainAdditionRequest 2 with hash 723775e7c8151f83d58bcc001a076194f762a7bc7b18aecd51f2b404f719866a
Broadcast to 2, 53764, 637572362
Broadcast to 2, 53764, 654349578
Broadcast to 2, 53764, 671126794
Broadcast to 2, 53764, 687904010
Broadcast to 2, 53764, 704681226
Broadcast to 2, 53764, 721458442
Broadcast to 2, 53764, 738235658
Broadcast to 2, 53764, 755012874
Broadcast to 2, 53764, 889230602
Broadcast to 2, 53764, 604017930
[ HandleBlockAdditionRequest ] Sent vote 1 to 10 peers
[ CheckVotesForBlock ] Got vote for block 2
[ CheckVotesForBlock ] Handling vote 
2 53764 654349578
[ CheckVotesForBlock ] Block hash matches!
[ CheckVotesForBlock ] Got vote for block 2
[ CheckVotesForBlock ] Handling vote 
2 53764 637572362
[ CheckVotesForBlock ] Block hash matches!
[ SendBlockchain ] Block does not exist 
[ SendBlockchain ] NOBLOCK sent! 
[ CheckVotesForBlock ] Got vote for block 2
[ CheckVotesForBlock ] Handling vote 
2 53764 687904010
[ CheckVotesForBlock ] Block hash matches!
[ SendBlockchain ] Block does not exist 
[ SendBlockchain ] NOBLOCK sent! 
[ CheckVotesForBlock ] Got vote for block 2
[ CheckVotesForBlock ] Handling vote 
2 53764 738235658
[ CheckVotesForBlock ] Block hash matches!
[ CheckVotesForBlock ] Got vote for block 2
[ CheckVotesForBlock ] Handling vote 
2 53764 704681226
[ CheckVotesForBlock ] Block hash matches!
[ CheckVotesForBlock ] Majority agrees! 6 agree vs. 0 disagree, out of 11
[ HandleBlockAdditionRequest ] Block added to candidates
Handling all block addition requests...
[ HandleBlockAdditionRequest ] Some block got added 3

[ HandleBlockAdditionRequest ] --------- Stop  --------- 

Blockchain is size 3 with top hash 723775e7c8151f83d58bcc001a076194f762a7bc7b18aecd51f2b404f719866a
Blockchain is size 3 with top hash 723775e7c8151f83d58bcc001a076194f762a7bc7b18aecd51f2b404f719866a
[ SendBlockchain ] --------- Start --------- 
[ SendBlockchain ] Block 2 is available 
[ SendBlockchain ] BLOCK sent! 
[ SendBlockchain ] --------- Stop  --------- 

Blockchain is size 3 with top hash 723775e7c8151f83d58bcc001a076194f762a7bc7b18aecd51f2b404f719866a
Blockchain is size 3 with top hash 723775e7c8151f83d58bcc001a076194f762a7bc7b18aecd51f2b404f719866a
Blockchain is size 3 with top hash 723775e7c8151f83d58bcc001a076194f762a7bc7b18aecd51f2b404f719866a
[ SendBlockchain ] --------- Start --------- 
[ SendBlockchain ] Block 2 is available 
[ SendBlockchain ] BLOCK sent! 
[ SendBlockchain ] --------- Stop  --------- 

Blockchain is size 3 with top hash 723775e7c8151f83d58bcc001a076194f762a7bc7b18aecd51f2b404f719866a
Blockchain is size 3 with top hash 723775e7c8151f83d58bcc001a076194f762a7bc7b18aecd51f2b404f719866a
Blockchain is size 3 with top hash 723775e7c8151f83d58bcc001a076194f762a7bc7b18aecd51f2b404f719866a
[ SendBlockchain ] --------- Start --------- 
[ SendBlockchain ] Block does not exist 
[ SendBlockchain ] NOBLOCK sent! 
[ SendBlockchain ] --------- Stop  --------- 

Blockchain is size 3 with top hash 723775e7c8151f83d58bcc001a076194f762a7bc7b18aecd51f2b404f719866a
Logging to /home/ddps2001/DPS2/1639654547/out/10.149.0.37_1234.out
[ Run ] No messages... 
[ receive_netinfo ] 11 peers online!
Coming online...
Blockchain is size 3 with top hash 723775e7c8151f83d58bcc001a076194f762a7bc7b18aecd51f2b404f719866a
Blockchain is size 3 with top hash 723775e7c8151f83d58bcc001a076194f762a7bc7b18aecd51f2b404f719866a
Blockchain is size 3 with top hash 723775e7c8151f83d58bcc001a076194f762a7bc7b18aecd51f2b404f719866a
Blockchain is size 3 with top hash 723775e7c8151f83d58bcc001a076194f762a7bc7b18aecd51f2b404f719866a
Blockchain is size 3 with top hash 723775e7c8151f83d58bcc001a076194f762a7bc7b18aecd51f2b404f719866a
Blockchain is size 3 with top hash 723775e7c8151f83d58bcc001a076194f762a7bc7b18aecd51f2b404f719866a
[ RequestBlockchain ] Requesting block 3
Broadcast to 2, 53764, 637572362
Broadcast to 2, 53764, 654349578
Broadcast to 2, 53764, 671126794
Broadcast to 2, 53764, 687904010
Broadcast to 2, 53764, 704681226
Broadcast to 2, 53764, 721458442
Broadcast to 2, 53764, 738235658
Broadcast to 2, 53764, 755012874
Broadcast to 2, 53764, 889230602
Broadcast to 2, 53764, 604017930
[ RequestBlockchain ] Message available! 
[ RequestBlockchain ] Handling block...
2 53764 671126794
[ RequestBlockchain ] Received BLOCK 
[ RequestBlockchain ] Malformed BLOCK
[ RequestBlockchain ] Message available! 
[ RequestBlockchain ] Handling block...
2 53764 671126794
[ RequestBlockchain ] Client requesting same block and already seen... 
[ RequestBlockchain ] Message available! 
[ RequestBlockchain ] Handling block...
2 53764 721458442
[ RequestBlockchain ] Received BLOCK 
[ RequestBlockchain ] Malformed BLOCK
[ RequestBlockchain ] Message available! 
[ RequestBlockchain ] Handling block...
2 53764 721458442
[ RequestBlockchain ] Client requesting same block and already seen... 
[ RequestBlockchain ] Message available! 
[ RequestBlockchain ] Handling block...
2 53764 654349578
[ RequestBlockchain ] Peer is requesting same block
[ RequestBlockchain ] Message available! 
[ RequestBlockchain ] Handling block...
2 53764 738235658
[ RequestBlockchain ] Received BLOCK 
[ RequestBlockchain ] Malformed BLOCK
[ RequestBlockchain ] Message available! 
[ RequestBlockchain ] Handling block...
2 53764 738235658
[ RequestBlockchain ] Client requesting same block and already seen... 
[ RequestBlockchain ] Message available! 
[ RequestBlockchain ] Handling block...
2 53764 604017930
[ RequestBlockchain ] Received NOBLOCK
[ RequestBlockchain ] Majority found
[ HandleBlockAdditionRequest ] --------- Start --------- 
[ HandleBlockAdditionRequest ] Handling BlockchainAdditionRequest 3 with hash 6999adb1b43483217e7c8695fde9e12948ddf7e129a145a94da7782e19f5c046
Broadcast to 2, 53764, 637572362
Broadcast to 2, 53764, 654349578
Broadcast to 2, 53764, 671126794
Broadcast to 2, 53764, 687904010
Broadcast to 2, 53764, 704681226
Broadcast to 2, 53764, 721458442
Broadcast to 2, 53764, 738235658
Broadcast to 2, 53764, 755012874
Broadcast to 2, 53764, 889230602
Broadcast to 2, 53764, 604017930
[ HandleBlockAdditionRequest ] Sent vote 1 to 10 peers
[ CheckVotesForBlock ] Not a VOTE
[ CheckVotesForBlock ] Is a block
[ SendBlockchain ] Block does not exist 
[ SendBlockchain ] NOBLOCK sent! 
[ CheckVotesForBlock ] Got vote for block 3
[ CheckVotesForBlock ] Handling vote 
2 53764 704681226
[ CheckVotesForBlock ] Block hash matches!
[ CheckVotesForBlock ] Not a VOTE
[ CheckVotesForBlock ] Is a block
[ SendBlockchain ] Block does not exist 
[ SendBlockchain ] NOBLOCK sent! 
[ CheckVotesForBlock ] Got vote for block 3
[ CheckVotesForBlock ] Handling vote 
2 53764 755012874
[ CheckVotesForBlock ] Block hash matches!
[ CheckVotesForBlock ] Got vote for block 3
[ CheckVotesForBlock ] Handling vote 
2 53764 671126794
[ CheckVotesForBlock ] Block hash matches!
[ CheckVotesForBlock ] Got vote for block 3
[ CheckVotesForBlock ] Handling vote 
2 53764 721458442
[ CheckVotesForBlock ] Block hash matches!
[ CheckVotesForBlock ] Got vote for block 3
[ CheckVotesForBlock ] Handling vote 
2 53764 654349578
[ CheckVotesForBlock ] Block hash matches!
[ CheckVotesForBlock ] Majority agrees! 6 agree vs. 0 disagree, out of 11
[ HandleBlockAdditionRequest ] Block added to candidates
Handling all block addition requests...
[ HandleBlockAdditionRequest ] Some block got added 4

[ HandleBlockAdditionRequest ] --------- Stop  --------- 

Blockchain is size 4 with top hash 6999adb1b43483217e7c8695fde9e12948ddf7e129a145a94da7782e19f5c046
[ SendBlockchain ] --------- Start --------- 
[ SendBlockchain ] Block 3 is available 
[ SendBlockchain ] BLOCK sent! 
[ SendBlockchain ] --------- Stop  --------- 

Blockchain is size 4 with top hash 6999adb1b43483217e7c8695fde9e12948ddf7e129a145a94da7782e19f5c046
Blockchain is size 4 with top hash 6999adb1b43483217e7c8695fde9e12948ddf7e129a145a94da7782e19f5c046
Blockchain is size 4 with top hash 6999adb1b43483217e7c8695fde9e12948ddf7e129a145a94da7782e19f5c046
Blockchain is size 4 with top hash 6999adb1b43483217e7c8695fde9e12948ddf7e129a145a94da7782e19f5c046
Logging to /home/ddps2001/DPS2/1639654547/out/10.149.0.37_1234.out
[ Run ] No messages... 
