sockaddr 2, 36895, 587240714
SQLite version: 3.37.0
&sockfd: 0xffefffb7c
hm_args.sockfd : 0xffefffb7c
Started proc!
sockfd: 0xffefffb7c
Started proc!
handle_heartbeat(sockfd, db);
1
There are 0 peers online!
Sending netinfo
Printing 24 bytes from 0x5996820.
--- start bytes ---
01 00 00 00 00 00 00 00 18 00 00 00 00 00 00 00 
00 00 62 d8 00 00 00 00 
--- end bytes ---
Started proc!
handle_heartbeat(sockfd, db);
2
There are 0 peers online!
Sending netinfo
Printing 24 bytes from 0x59b0120.
--- start bytes ---
01 00 00 00 00 00 00 00 18 00 00 00 00 00 00 00 
00 00 62 d8 00 00 00 00 
--- end bytes ---
Started proc!
handle_acknowledge_netinfo(sockfd, db);
Insterted!
Started proc!
handle_acknowledge_netinfo(sockfd, db);
Insterted!
Started proc!
Started proc!
handle_heartbeat(sockfd, db);
3
handle_heartbeat(sockfd, db);
4
family: 2, port: 53764, addr: 637572362
family: 2, port: 53764, addr: 654349578
There are 2 peers online!
Sending netinfo
Printing 40 bytes from 0x59cb010.
--- start bytes ---
01 00 00 00 00 00 00 00 28 00 00 00 00 00 00 00 
18 9b d8 11 00 00 00 00 02 00 04 d2 0a 95 00 26 
02 00 04 d2 0a 95 00 27 
--- end bytes ---
family: 2, port: 53764, addr: 637572362
family: 2, port: 53764, addr: 654349578
There are 2 peers online!
Sending netinfo
Printing 40 bytes from 0x59e48c0.
--- start bytes ---
01 00 00 00 00 00 00 00 28 00 00 00 00 00 00 00 
18 9b d8 11 00 00 00 00 02 00 04 d2 0a 95 00 26 
02 00 04 d2 0a 95 00 27 
--- end bytes ---
Started proc!
handle_heartbeat(sockfd, db);
5
family: 2, port: 53764, addr: 637572362
family: 2, port: 53764, addr: 654349578
There are 2 peers online!
Sending netinfo
Printing 40 bytes from 0x59fe550.
--- start bytes ---
01 00 00 00 00 00 00 00 28 00 00 00 00 00 00 00 
18 9b d8 11 00 00 00 00 02 00 04 d2 0a 95 00 26 
02 00 04 d2 0a 95 00 27 
--- end bytes ---
Started proc!
handle_acknowledge_netinfo(sockfd, db);
handle_acknowledge_netinfo(sockfd, db);
Started proc!
Started proc!
Started proc!
handle_heartbeat(sockfd, db);
6
family: 2, port: 53764, addr: 637572362
family: 2, port: 53764, addr: 654349578
There are 2 peers online!
Sending netinfo
Printing 40 bytes from 0x5a19080.
--- start bytes ---
01 00 00 00 00 00 00 00 28 00 00 00 00 00 00 00 
18 9b d8 11 00 00 00 00 02 00 04 d2 0a 95 00 26 
02 00 04 d2 0a 95 00 27 
--- end bytes ---
handle_heartbeat(sockfd, db);
7
Insterted!
Insterted!
family: 2, port: 53764, addr: 637572362
family: 2, port: 53764, addr: 654349578
family: 2, port: 53764, addr: 620795146
family: 2, port: 53764, addr: 671126794
There are 4 peers online!
Sending netinfo
Printing 56 bytes from 0x5a33270.
--- start bytes ---
01 00 00 00 00 00 00 00 38 00 00 00 00 00 00 00 
f2 97 e6 c1 00 00 00 00 02 00 04 d2 0a 95 00 26 
02 00 04 d2 0a 95 00 27 02 00 04 d2 0a 95 00 25 
02 00 04 d2 0a 95 00 28 
--- end bytes ---
Started proc!
handle_heartbeat(sockfd, db);
8
handle_acknowledge_netinfo(sockfd, db);
Started proc!
Started proc!
handle_acknowledge_netinfo(sockfd, db);
family: 2, port: 53764, addr: 637572362
family: 2, port: 53764, addr: 654349578
family: 2, port: 53764, addr: 620795146
family: 2, port: 53764, addr: 671126794
There are 4 peers online!
Sending netinfo
Printing 56 bytes from 0x5a4d5c0.
--- start bytes ---
01 00 00 00 00 00 00 00 38 00 00 00 00 00 00 00 
f2 97 e6 c1 00 00 00 00 02 00 04 d2 0a 95 00 26 
02 00 04 d2 0a 95 00 27 02 00 04 d2 0a 95 00 25 
02 00 04 d2 0a 95 00 28 
--- end bytes ---
Insterted!
Insterted!
Started proc!
handle_heartbeat(sockfd, db);
9
family: 2, port: 53764, addr: 637572362
family: 2, port: 53764, addr: 654349578
family: 2, port: 53764, addr: 620795146
family: 2, port: 53764, addr: 671126794
family: 2, port: 53764, addr: 687904010
family: 2, port: 53764, addr: 704681226
There are 6 peers online!
Sending netinfo
Printing 72 bytes from 0x5a67ac0.
--- start bytes ---
01 00 00 00 00 00 00 00 48 00 00 00 00 00 00 00 
2c 40 9a 31 00 00 00 00 02 00 04 d2 0a 95 00 26 
02 00 04 d2 0a 95 00 27 02 00 04 d2 0a 95 00 25 
02 00 04 d2 0a 95 00 28 02 00 04 d2 0a 95 00 29 
02 00 04 d2 0a 95 00 2a 
--- end bytes ---
Started proc!
handle_heartbeat(sockfd, db);
10
family: 2, port: 53764, addr: 637572362
family: 2, port: 53764, addr: 654349578
family: 2, port: 53764, addr: 620795146
family: 2, port: 53764, addr: 671126794
family: 2, port: 53764, addr: 687904010
family: 2, port: 53764, addr: 704681226
There are 6 peers online!
Sending netinfo
Printing 72 bytes from 0x5a817d0.
--- start bytes ---
01 00 00 00 00 00 00 00 48 00 00 00 00 00 00 00 
2c 40 9a 31 00 00 00 00 02 00 04 d2 0a 95 00 26 
02 00 04 d2 0a 95 00 27 02 00 04 d2 0a 95 00 25 
02 00 04 d2 0a 95 00 28 02 00 04 d2 0a 95 00 29 
02 00 04 d2 0a 95 00 2a 
--- end bytes ---
Started proc!
handle_heartbeat(sockfd, db);
11
handle_heartbeat(sockfd, db);
12
Started proc!
handle_acknowledge_netinfo(sockfd, db);
Started proc!
family: 2, port: 53764, addr: 637572362
family: 2, port: 53764, addr: 654349578
family: 2, port: 53764, addr: 620795146
family: 2, port: 53764, addr: 671126794
family: 2, port: 53764, addr: 687904010
family: 2, port: 53764, addr: 704681226
There are 6 peers online!
Sending netinfo
Printing 72 bytes from 0x5a9bc00.
--- start bytes ---
01 00 00 00 00 00 00 00 48 00 00 00 00 00 00 00 
2c 40 9a 31 00 00 00 00 02 00 04 d2 0a 95 00 26 
02 00 04 d2 0a 95 00 27 02 00 04 d2 0a 95 00 25 
02 00 04 d2 0a 95 00 28 02 00 04 d2 0a 95 00 29 
02 00 04 d2 0a 95 00 2a 
--- end bytes ---
family: 2, port: 53764, addr: 637572362
family: 2, port: 53764, addr: 654349578
family: 2, port: 53764, addr: 620795146
family: 2, port: 53764, addr: 671126794
family: 2, port: 53764, addr: 687904010
family: 2, port: 53764, addr: 704681226
There are 6 peers online!
Sending netinfo
Printing 72 bytes from 0x5ab57e0.
--- start bytes ---
01 00 00 00 00 00 00 00 48 00 00 00 00 00 00 00 
2c 40 9a 31 00 00 00 00 02 00 04 d2 0a 95 00 26 
02 00 04 d2 0a 95 00 27 02 00 04 d2 0a 95 00 25 
02 00 04 d2 0a 95 00 28 02 00 04 d2 0a 95 00 29 
02 00 04 d2 0a 95 00 2a 
--- end bytes ---
Insterted!
Started proc!
handle_heartbeat(sockfd, db);
13
handle_heartbeat(sockfd, db);
14
Started proc!
handle_heartbeat(sockfd, db);
15
Started proc!
handle_acknowledge_netinfo(sockfd, db);
family: 2, port: 53764, addr: 637572362
family: 2, port: 53764, addr: 654349578
family: 2, port: 53764, addr: 620795146
family: 2, port: 53764, addr: 671126794
family: 2, port: 53764, addr: 687904010
family: 2, port: 53764, addr: 704681226
family: 2, port: 53764, addr: 721458442
There are 7 peers online!
Sending netinfo
Printing 80 bytes from 0x5ad0840.
--- start bytes ---
01 00 00 00 00 00 00 00 50 00 00 00 00 00 00 00 
c6 66 00 f8 00 00 00 00 02 00 04 d2 0a 95 00 26 
02 00 04 d2 0a 95 00 27 02 00 04 d2 0a 95 00 25 
02 00 04 d2 0a 95 00 28 02 00 04 d2 0a 95 00 29 
02 00 04 d2 0a 95 00 2a 02 00 04 d2 0a 95 00 2b 
--- end bytes ---
Started proc!
Started proc!
handle_heartbeat(sockfd, db);
16
family: 2, port: 53764, addr: 637572362
family: 2, port: 53764, addr: 654349578
family: 2, port: 53764, addr: 620795146
family: 2, port: 53764, addr: 671126794
family: 2, port: 53764, addr: 687904010
family: 2, port: 53764, addr: 704681226
family: 2, port: 53764, addr: 721458442
There are 7 peers online!
Sending netinfo
Printing 80 bytes from 0x5aea4f0.
--- start bytes ---
01 00 00 00 00 00 00 00 50 00 00 00 00 00 00 00 
c6 66 00 f8 00 00 00 00 02 00 04 d2 0a 95 00 26 
02 00 04 d2 0a 95 00 27 02 00 04 d2 0a 95 00 25 
02 00 04 d2 0a 95 00 28 02 00 04 d2 0a 95 00 29 
02 00 04 d2 0a 95 00 2a 02 00 04 d2 0a 95 00 2b 
--- end bytes ---
family: 2, port: 53764, addr: 637572362
family: 2, port: 53764, addr: 654349578
family: 2, port: 53764, addr: 620795146
family: 2, port: 53764, addr: 671126794
family: 2, port: 53764, addr: 687904010
family: 2, port: 53764, addr: 704681226
family: 2, port: 53764, addr: 721458442
There are 7 peers online!
Sending netinfo
Printing 80 bytes from 0x5b03e30.
--- start bytes ---
01 00 00 00 00 00 00 00 50 00 00 00 00 00 00 00 
c6 66 00 f8 00 00 00 00 02 00 04 d2 0a 95 00 26 
02 00 04 d2 0a 95 00 27 02 00 04 d2 0a 95 00 25 
02 00 04 d2 0a 95 00 28 02 00 04 d2 0a 95 00 29 
02 00 04 d2 0a 95 00 2a 02 00 04 d2 0a 95 00 2b 
--- end bytes ---
Insterted!
family: 2, port: 53764, addr: 637572362
family: 2, port: 53764, addr: 654349578
family: 2, port: 53764, addr: 620795146
family: 2, port: 53764, addr: 671126794
family: 2, port: 53764, addr: 687904010
family: 2, port: 53764, addr: 704681226
family: 2, port: 53764, addr: 721458442
family: 2, port: 53764, addr: 738235658
There are 8 peers online!
Sending netinfo
Printing 88 bytes from 0x5b1e000.
--- start bytes ---
01 00 00 00 00 00 00 00 58 00 00 00 00 00 00 00 
18 e6 40 b7 00 00 00 00 02 00 04 d2 0a 95 00 26 
02 00 04 d2 0a 95 00 27 02 00 04 d2 0a 95 00 25 
02 00 04 d2 0a 95 00 28 02 00 04 d2 0a 95 00 29 
02 00 04 d2 0a 95 00 2a 02 00 04 d2 0a 95 00 2b 
02 00 04 d2 0a 95 00 2c 
--- end bytes ---
Started proc!
Started proc!
handle_heartbeat(sockfd, db);
17
handle_heartbeat(sockfd, db);
18
family: 2, port: 53764, addr: 637572362
family: 2, port: 53764, addr: 654349578
family: 2, port: 53764, addr: 620795146
family: 2, port: 53764, addr: 671126794
family: 2, port: 53764, addr: 687904010
family: 2, port: 53764, addr: 704681226
family: 2, port: 53764, addr: 721458442
family: 2, port: 53764, addr: 738235658
There are 8 peers online!
Sending netinfo
Printing 88 bytes from 0x5b383e0.
--- start bytes ---
01 00 00 00 00 00 00 00 58 00 00 00 00 00 00 00 
18 e6 40 b7 00 00 00 00 02 00 04 d2 0a 95 00 26 
02 00 04 d2 0a 95 00 27 02 00 04 d2 0a 95 00 25 
02 00 04 d2 0a 95 00 28 02 00 04 d2 0a 95 00 29 
02 00 04 d2 0a 95 00 2a 02 00 04 d2 0a 95 00 2b 
02 00 04 d2 0a 95 00 2c 
--- end bytes ---
family: 2, port: 53764, addr: 637572362
family: 2, port: 53764, addr: 654349578
family: 2, port: 53764, addr: 620795146
family: 2, port: 53764, addr: 671126794
family: 2, port: 53764, addr: 687904010
family: 2, port: 53764, addr: 704681226
family: 2, port: 53764, addr: 721458442
family: 2, port: 53764, addr: 738235658
There are 8 peers online!
Sending netinfo
Printing 88 bytes from 0x5b51d50.
--- start bytes ---
01 00 00 00 00 00 00 00 58 00 00 00 00 00 00 00 
18 e6 40 b7 00 00 00 00 02 00 04 d2 0a 95 00 26 
02 00 04 d2 0a 95 00 27 02 00 04 d2 0a 95 00 25 
02 00 04 d2 0a 95 00 28 02 00 04 d2 0a 95 00 29 
02 00 04 d2 0a 95 00 2a 02 00 04 d2 0a 95 00 2b 
02 00 04 d2 0a 95 00 2c 
--- end bytes ---
Started proc!
handle_heartbeat(sockfd, db);
19
handle_acknowledge_netinfo(sockfd, db);
Started proc!
family: 2, port: 53764, addr: 637572362
family: 2, port: 53764, addr: 654349578
family: 2, port: 53764, addr: 620795146
family: 2, port: 53764, addr: 671126794
family: 2, port: 53764, addr: 687904010
family: 2, port: 53764, addr: 704681226
family: 2, port: 53764, addr: 721458442
family: 2, port: 53764, addr: 738235658
There are 8 peers online!
Sending netinfo
Printing 88 bytes from 0x5b6c090.
--- start bytes ---
01 00 00 00 00 00 00 00 58 00 00 00 00 00 00 00 
18 e6 40 b7 00 00 00 00 02 00 04 d2 0a 95 00 26 
02 00 04 d2 0a 95 00 27 02 00 04 d2 0a 95 00 25 
02 00 04 d2 0a 95 00 28 02 00 04 d2 0a 95 00 29 
02 00 04 d2 0a 95 00 2a 02 00 04 d2 0a 95 00 2b 
02 00 04 d2 0a 95 00 2c 
--- end bytes ---
Insterted!
Started proc!
handle_acknowledge_netinfo(sockfd, db);
handle_heartbeat(sockfd, db);
20
Started proc!
Insterted!
family: 2, port: 53764, addr: 637572362
family: 2, port: 53764, addr: 654349578
family: 2, port: 53764, addr: 620795146
family: 2, port: 53764, addr: 671126794
family: 2, port: 53764, addr: 687904010
family: 2, port: 53764, addr: 704681226
family: 2, port: 53764, addr: 721458442
family: 2, port: 53764, addr: 738235658
family: 2, port: 53764, addr: 755012874
family: 2, port: 53764, addr: 889230602
There are 10 peers online!
Sending netinfo
Printing 104 bytes from 0x5b866a0.
--- start bytes ---
01 00 00 00 00 00 00 00 68 00 00 00 00 00 00 00 
20 be c2 ee 00 00 00 00 02 00 04 d2 0a 95 00 26 
02 00 04 d2 0a 95 00 27 02 00 04 d2 0a 95 00 25 
02 00 04 d2 0a 95 00 28 02 00 04 d2 0a 95 00 29 
02 00 04 d2 0a 95 00 2a 02 00 04 d2 0a 95 00 2b 
02 00 04 d2 0a 95 00 2c 02 00 04 d2 0a 95 00 2d 
02 00 04 d2 0a 95 00 35 
--- end bytes ---
Started proc!
handle_heartbeat(sockfd, db);
21
handle_heartbeat(sockfd, db);
22
Started proc!
handle_heartbeat(sockfd, db);
23
Started proc!
Started proc!
handle_acknowledge_netinfo(sockfd, db);
family: 2, port: 53764, addr: 637572362
family: 2, port: 53764, addr: 654349578
family: 2, port: 53764, addr: 620795146
family: 2, port: 53764, addr: 671126794
family: 2, port: 53764, addr: 687904010
family: 2, port: 53764, addr: 704681226
family: 2, port: 53764, addr: 721458442
family: 2, port: 53764, addr: 738235658
family: 2, port: 53764, addr: 755012874
family: 2, port: 53764, addr: 889230602
There are 10 peers online!
Sending netinfo
Printing 104 bytes from 0x5ba1560.
--- start bytes ---
01 00 00 00 00 00 00 00 68 00 00 00 00 00 00 00 
20 be c2 ee 00 00 00 00 02 00 04 d2 0a 95 00 26 
02 00 04 d2 0a 95 00 27 02 00 04 d2 0a 95 00 25 
02 00 04 d2 0a 95 00 28 02 00 04 d2 0a 95 00 29 
02 00 04 d2 0a 95 00 2a 02 00 04 d2 0a 95 00 2b 
02 00 04 d2 0a 95 00 2c 02 00 04 d2 0a 95 00 2d 
02 00 04 d2 0a 95 00 35 
--- end bytes ---
family: 2, port: 53764, addr: 637572362
family: 2, port: 53764, addr: 654349578
family: 2, port: 53764, addr: 620795146
family: 2, port: 53764, addr: 671126794
family: 2, port: 53764, addr: 687904010
family: 2, port: 53764, addr: 704681226
family: 2, port: 53764, addr: 721458442
family: 2, port: 53764, addr: 738235658
family: 2, port: 53764, addr: 755012874
family: 2, port: 53764, addr: 889230602
There are 10 peers online!
Sending netinfo
Printing 104 bytes from 0x5bbb000.
--- start bytes ---
01 00 00 00 00 00 00 00 68 00 00 00 00 00 00 00 
20 be c2 ee 00 00 00 00 02 00 04 d2 0a 95 00 26 
02 00 04 d2 0a 95 00 27 02 00 04 d2 0a 95 00 25 
02 00 04 d2 0a 95 00 28 02 00 04 d2 0a 95 00 29 
02 00 04 d2 0a 95 00 2a 02 00 04 d2 0a 95 00 2b 
02 00 04 d2 0a 95 00 2c 02 00 04 d2 0a 95 00 2d 
02 00 04 d2 0a 95 00 35 
--- end bytes ---
family: 2, port: 53764, addr: 637572362
family: 2, port: 53764, addr: 654349578
family: 2, port: 53764, addr: 620795146
family: 2, port: 53764, addr: 671126794
family: 2, port: 53764, addr: 687904010
family: 2, port: 53764, addr: 704681226
family: 2, port: 53764, addr: 721458442
family: 2, port: 53764, addr: 738235658
family: 2, port: 53764, addr: 755012874
family: 2, port: 53764, addr: 889230602
There are 10 peers online!
Sending netinfo
Printing 104 bytes from 0x5bd4aa0.
--- start bytes ---
01 00 00 00 00 00 00 00 68 00 00 00 00 00 00 00 
20 be c2 ee 00 00 00 00 02 00 04 d2 0a 95 00 26 
02 00 04 d2 0a 95 00 27 02 00 04 d2 0a 95 00 25 
02 00 04 d2 0a 95 00 28 02 00 04 d2 0a 95 00 29 
02 00 04 d2 0a 95 00 2a 02 00 04 d2 0a 95 00 2b 
02 00 04 d2 0a 95 00 2c 02 00 04 d2 0a 95 00 2d 
02 00 04 d2 0a 95 00 35 
--- end bytes ---
Insterted!
Started proc!
handle_heartbeat(sockfd, db);
24
handle_heartbeat(sockfd, db);
25
Started proc!
Started proc!
handle_heartbeat(sockfd, db);
26
family: 2, port: 53764, addr: 637572362
family: 2, port: 53764, addr: 654349578
family: 2, port: 53764, addr: 620795146
family: 2, port: 53764, addr: 671126794
family: 2, port: 53764, addr: 687904010
family: 2, port: 53764, addr: 704681226
family: 2, port: 53764, addr: 721458442
family: 2, port: 53764, addr: 738235658
family: 2, port: 53764, addr: 755012874
family: 2, port: 53764, addr: 889230602
family: 2, port: 53764, addr: 604017930
There are 11 peers online!
Sending netinfo
Printing 112 bytes from 0x5bef560.
--- start bytes ---
01 00 00 00 00 00 00 00 70 00 00 00 00 00 00 00 
ae 65 3a 9e 00 00 00 00 02 00 04 d2 0a 95 00 26 
02 00 04 d2 0a 95 00 27 02 00 04 d2 0a 95 00 25 
02 00 04 d2 0a 95 00 28 02 00 04 d2 0a 95 00 29 
02 00 04 d2 0a 95 00 2a 02 00 04 d2 0a 95 00 2b 
02 00 04 d2 0a 95 00 2c 02 00 04 d2 0a 95 00 2d 
02 00 04 d2 0a 95 00 35 02 00 04 d2 0a 95 00 24 
--- end bytes ---
family: 2, port: 53764, addr: 637572362
family: 2, port: 53764, addr: 654349578
family: 2, port: 53764, addr: 620795146
family: 2, port: 53764, addr: 671126794
family: 2, port: 53764, addr: 687904010
family: 2, port: 53764, addr: 704681226
family: 2, port: 53764, addr: 721458442
family: 2, port: 53764, addr: 738235658
family: 2, port: 53764, addr: 755012874
family: 2, port: 53764, addr: 889230602
family: 2, port: 53764, addr: 604017930
There are 11 peers online!
Sending netinfo
Printing 112 bytes from 0x5c091d0.
--- start bytes ---
01 00 00 00 00 00 00 00 70 00 00 00 00 00 00 00 
ae 65 3a 9e 00 00 00 00 02 00 04 d2 0a 95 00 26 
02 00 04 d2 0a 95 00 27 02 00 04 d2 0a 95 00 25 
02 00 04 d2 0a 95 00 28 02 00 04 d2 0a 95 00 29 
02 00 04 d2 0a 95 00 2a 02 00 04 d2 0a 95 00 2b 
02 00 04 d2 0a 95 00 2c 02 00 04 d2 0a 95 00 2d 
02 00 04 d2 0a 95 00 35 02 00 04 d2 0a 95 00 24 
--- end bytes ---
family: 2, port: 53764, addr: 637572362
family: 2, port: 53764, addr: 654349578
family: 2, port: 53764, addr: 620795146
family: 2, port: 53764, addr: 671126794
family: 2, port: 53764, addr: 687904010
family: 2, port: 53764, addr: 704681226
family: 2, port: 53764, addr: 721458442
family: 2, port: 53764, addr: 738235658
family: 2, port: 53764, addr: 755012874
family: 2, port: 53764, addr: 889230602
family: 2, port: 53764, addr: 604017930
There are 11 peers online!
Sending netinfo
Printing 112 bytes from 0x5c22e40.
--- start bytes ---
01 00 00 00 00 00 00 00 70 00 00 00 00 00 00 00 
ae 65 3a 9e 00 00 00 00 02 00 04 d2 0a 95 00 26 
02 00 04 d2 0a 95 00 27 02 00 04 d2 0a 95 00 25 
02 00 04 d2 0a 95 00 28 02 00 04 d2 0a 95 00 29 
02 00 04 d2 0a 95 00 2a 02 00 04 d2 0a 95 00 2b 
02 00 04 d2 0a 95 00 2c 02 00 04 d2 0a 95 00 2d 
02 00 04 d2 0a 95 00 35 02 00 04 d2 0a 95 00 24 
--- end bytes ---
Started proc!
handle_heartbeat(sockfd, db);
27
handle_heartbeat(sockfd, db);
28
Started proc!
family: 2, port: 53764, addr: 637572362
family: 2, port: 53764, addr: 654349578
family: 2, port: 53764, addr: 620795146
family: 2, port: 53764, addr: 671126794
family: 2, port: 53764, addr: 687904010
family: 2, port: 53764, addr: 704681226
family: 2, port: 53764, addr: 721458442
family: 2, port: 53764, addr: 738235658
family: 2, port: 53764, addr: 755012874
family: 2, port: 53764, addr: 889230602
family: 2, port: 53764, addr: 604017930
There are 11 peers online!
Sending netinfo
Printing 112 bytes from 0x5c3d270.
--- start bytes ---
01 00 00 00 00 00 00 00 70 00 00 00 00 00 00 00 
ae 65 3a 9e 00 00 00 00 02 00 04 d2 0a 95 00 26 
02 00 04 d2 0a 95 00 27 02 00 04 d2 0a 95 00 25 
02 00 04 d2 0a 95 00 28 02 00 04 d2 0a 95 00 29 
02 00 04 d2 0a 95 00 2a 02 00 04 d2 0a 95 00 2b 
02 00 04 d2 0a 95 00 2c 02 00 04 d2 0a 95 00 2d 
02 00 04 d2 0a 95 00 35 02 00 04 d2 0a 95 00 24 
--- end bytes ---
family: 2, port: 53764, addr: 637572362
family: 2, port: 53764, addr: 654349578
family: 2, port: 53764, addr: 620795146
family: 2, port: 53764, addr: 671126794
family: 2, port: 53764, addr: 687904010
family: 2, port: 53764, addr: 704681226
family: 2, port: 53764, addr: 721458442
family: 2, port: 53764, addr: 738235658
family: 2, port: 53764, addr: 755012874
family: 2, port: 53764, addr: 889230602
family: 2, port: 53764, addr: 604017930
There are 11 peers online!
Sending netinfo
Printing 112 bytes from 0x5c56ee0.
--- start bytes ---
01 00 00 00 00 00 00 00 70 00 00 00 00 00 00 00 
ae 65 3a 9e 00 00 00 00 02 00 04 d2 0a 95 00 26 
02 00 04 d2 0a 95 00 27 02 00 04 d2 0a 95 00 25 
02 00 04 d2 0a 95 00 28 02 00 04 d2 0a 95 00 29 
02 00 04 d2 0a 95 00 2a 02 00 04 d2 0a 95 00 2b 
02 00 04 d2 0a 95 00 2c 02 00 04 d2 0a 95 00 2d 
02 00 04 d2 0a 95 00 35 02 00 04 d2 0a 95 00 24 
--- end bytes ---
Started proc!
handle_heartbeat(sockfd, db);
29
family: 2, port: 53764, addr: 637572362
family: 2, port: 53764, addr: 654349578
family: 2, port: 53764, addr: 620795146
family: 2, port: 53764, addr: 671126794
family: 2, port: 53764, addr: 687904010
family: 2, port: 53764, addr: 704681226
family: 2, port: 53764, addr: 721458442
family: 2, port: 53764, addr: 738235658
family: 2, port: 53764, addr: 755012874
family: 2, port: 53764, addr: 889230602
family: 2, port: 53764, addr: 604017930
There are 11 peers online!
Sending netinfo
Printing 112 bytes from 0x5c70f30.
--- start bytes ---
01 00 00 00 00 00 00 00 70 00 00 00 00 00 00 00 
ae 65 3a 9e 00 00 00 00 02 00 04 d2 0a 95 00 26 
02 00 04 d2 0a 95 00 27 02 00 04 d2 0a 95 00 25 
02 00 04 d2 0a 95 00 28 02 00 04 d2 0a 95 00 29 
02 00 04 d2 0a 95 00 2a 02 00 04 d2 0a 95 00 2b 
02 00 04 d2 0a 95 00 2c 02 00 04 d2 0a 95 00 2d 
02 00 04 d2 0a 95 00 35 02 00 04 d2 0a 95 00 24 
--- end bytes ---
Started proc!
handle_heartbeat(sockfd, db);
30
handle_heartbeat(sockfd, db);
31
Started proc!
family: 2, port: 53764, addr: 637572362
family: 2, port: 53764, addr: 654349578
family: 2, port: 53764, addr: 620795146
family: 2, port: 53764, addr: 671126794
family: 2, port: 53764, addr: 687904010
family: 2, port: 53764, addr: 704681226
family: 2, port: 53764, addr: 721458442
family: 2, port: 53764, addr: 738235658
family: 2, port: 53764, addr: 755012874
family: 2, port: 53764, addr: 889230602
family: 2, port: 53764, addr: 604017930
There are 11 peers online!
Sending netinfo
Printing 112 bytes from 0x5c8b360.
--- start bytes ---
01 00 00 00 00 00 00 00 70 00 00 00 00 00 00 00 
ae 65 3a 9e 00 00 00 00 02 00 04 d2 0a 95 00 26 
02 00 04 d2 0a 95 00 27 02 00 04 d2 0a 95 00 25 
02 00 04 d2 0a 95 00 28 02 00 04 d2 0a 95 00 29 
02 00 04 d2 0a 95 00 2a 02 00 04 d2 0a 95 00 2b 
02 00 04 d2 0a 95 00 2c 02 00 04 d2 0a 95 00 2d 
02 00 04 d2 0a 95 00 35 02 00 04 d2 0a 95 00 24 
--- end bytes ---
family: 2, port: 53764, addr: 637572362
family: 2, port: 53764, addr: 654349578
family: 2, port: 53764, addr: 620795146
family: 2, port: 53764, addr: 671126794
family: 2, port: 53764, addr: 687904010
family: 2, port: 53764, addr: 704681226
family: 2, port: 53764, addr: 721458442
family: 2, port: 53764, addr: 738235658
family: 2, port: 53764, addr: 755012874
family: 2, port: 53764, addr: 889230602
family: 2, port: 53764, addr: 604017930
There are 11 peers online!
Sending netinfo
Printing 112 bytes from 0x5ca4d20.
--- start bytes ---
01 00 00 00 00 00 00 00 70 00 00 00 00 00 00 00 
ae 65 3a 9e 00 00 00 00 02 00 04 d2 0a 95 00 26 
02 00 04 d2 0a 95 00 27 02 00 04 d2 0a 95 00 25 
02 00 04 d2 0a 95 00 28 02 00 04 d2 0a 95 00 29 
02 00 04 d2 0a 95 00 2a 02 00 04 d2 0a 95 00 2b 
02 00 04 d2 0a 95 00 2c 02 00 04 d2 0a 95 00 2d 
02 00 04 d2 0a 95 00 35 02 00 04 d2 0a 95 00 24 
--- end bytes ---
Started proc!
handle_heartbeat(sockfd, db);
32
handle_heartbeat(sockfd, db);
33
Started proc!
handle_heartbeat(sockfd, db);
34
Started proc!
family: 2, port: 53764, addr: 637572362
family: 2, port: 53764, addr: 654349578
family: 2, port: 53764, addr: 620795146
family: 2, port: 53764, addr: 671126794
family: 2, port: 53764, addr: 687904010
family: 2, port: 53764, addr: 704681226
family: 2, port: 53764, addr: 721458442
family: 2, port: 53764, addr: 738235658
family: 2, port: 53764, addr: 755012874
family: 2, port: 53764, addr: 889230602
family: 2, port: 53764, addr: 604017930
There are 11 peers online!
Sending netinfo
Printing 112 bytes from 0x5cbf7e0.
--- start bytes ---
01 00 00 00 00 00 00 00 70 00 00 00 00 00 00 00 
ae 65 3a 9e 00 00 00 00 02 00 04 d2 0a 95 00 26 
02 00 04 d2 0a 95 00 27 02 00 04 d2 0a 95 00 25 
02 00 04 d2 0a 95 00 28 02 00 04 d2 0a 95 00 29 
02 00 04 d2 0a 95 00 2a 02 00 04 d2 0a 95 00 2b 
02 00 04 d2 0a 95 00 2c 02 00 04 d2 0a 95 00 2d 
02 00 04 d2 0a 95 00 35 02 00 04 d2 0a 95 00 24 
--- end bytes ---
family: 2, port: 53764, addr: 637572362
family: 2, port: 53764, addr: 654349578
family: 2, port: 53764, addr: 620795146
family: 2, port: 53764, addr: 671126794
family: 2, port: 53764, addr: 687904010
family: 2, port: 53764, addr: 704681226
family: 2, port: 53764, addr: 721458442
family: 2, port: 53764, addr: 738235658
family: 2, port: 53764, addr: 755012874
family: 2, port: 53764, addr: 889230602
family: 2, port: 53764, addr: 604017930
There are 11 peers online!
Sending netinfo
Printing 112 bytes from 0x5cd91a0.
--- start bytes ---
01 00 00 00 00 00 00 00 70 00 00 00 00 00 00 00 
ae 65 3a 9e 00 00 00 00 02 00 04 d2 0a 95 00 26 
02 00 04 d2 0a 95 00 27 02 00 04 d2 0a 95 00 25 
02 00 04 d2 0a 95 00 28 02 00 04 d2 0a 95 00 29 
02 00 04 d2 0a 95 00 2a 02 00 04 d2 0a 95 00 2b 
02 00 04 d2 0a 95 00 2c 02 00 04 d2 0a 95 00 2d 
02 00 04 d2 0a 95 00 35 02 00 04 d2 0a 95 00 24 
--- end bytes ---
family: 2, port: 53764, addr: 637572362
family: 2, port: 53764, addr: 654349578
family: 2, port: 53764, addr: 620795146
family: 2, port: 53764, addr: 671126794
family: 2, port: 53764, addr: 687904010
family: 2, port: 53764, addr: 704681226
family: 2, port: 53764, addr: 721458442
family: 2, port: 53764, addr: 738235658
family: 2, port: 53764, addr: 755012874
family: 2, port: 53764, addr: 889230602
family: 2, port: 53764, addr: 604017930
There are 11 peers online!
Sending netinfo
Printing 112 bytes from 0x5cf30c0.
--- start bytes ---
01 00 00 00 00 00 00 00 70 00 00 00 00 00 00 00 
ae 65 3a 9e 00 00 00 00 02 00 04 d2 0a 95 00 26 
02 00 04 d2 0a 95 00 27 02 00 04 d2 0a 95 00 25 
02 00 04 d2 0a 95 00 28 02 00 04 d2 0a 95 00 29 
02 00 04 d2 0a 95 00 2a 02 00 04 d2 0a 95 00 2b 
02 00 04 d2 0a 95 00 2c 02 00 04 d2 0a 95 00 2d 
02 00 04 d2 0a 95 00 35 02 00 04 d2 0a 95 00 24 
--- end bytes ---
Started proc!
handle_heartbeat(sockfd, db);
35
handle_heartbeat(sockfd, db);
36
Started proc!
handle_heartbeat(sockfd, db);
37
Started proc!
family: 2, port: 53764, addr: 637572362
family: 2, port: 53764, addr: 654349578
family: 2, port: 53764, addr: 620795146
family: 2, port: 53764, addr: 671126794
family: 2, port: 53764, addr: 687904010
family: 2, port: 53764, addr: 704681226
family: 2, port: 53764, addr: 721458442
family: 2, port: 53764, addr: 738235658
family: 2, port: 53764, addr: 755012874
family: 2, port: 53764, addr: 889230602
family: 2, port: 53764, addr: 604017930
There are 11 peers online!
Sending netinfo
Printing 112 bytes from 0x5d0daa0.
--- start bytes ---
01 00 00 00 00 00 00 00 70 00 00 00 00 00 00 00 
ae 65 3a 9e 00 00 00 00 02 00 04 d2 0a 95 00 26 
02 00 04 d2 0a 95 00 27 02 00 04 d2 0a 95 00 25 
02 00 04 d2 0a 95 00 28 02 00 04 d2 0a 95 00 29 
02 00 04 d2 0a 95 00 2a 02 00 04 d2 0a 95 00 2b 
02 00 04 d2 0a 95 00 2c 02 00 04 d2 0a 95 00 2d 
02 00 04 d2 0a 95 00 35 02 00 04 d2 0a 95 00 24 
--- end bytes ---
family: 2, port: 53764, addr: 637572362
family: 2, port: 53764, addr: 654349578
family: 2, port: 53764, addr: 620795146
family: 2, port: 53764, addr: 671126794
family: 2, port: 53764, addr: 687904010
family: 2, port: 53764, addr: 704681226
family: 2, port: 53764, addr: 721458442
family: 2, port: 53764, addr: 738235658
family: 2, port: 53764, addr: 755012874
family: 2, port: 53764, addr: 889230602
family: 2, port: 53764, addr: 604017930
There are 11 peers online!
Sending netinfo
Printing 112 bytes from 0x5d27710.
--- start bytes ---
01 00 00 00 00 00 00 00 70 00 00 00 00 00 00 00 
ae 65 3a 9e 00 00 00 00 02 00 04 d2 0a 95 00 26 
02 00 04 d2 0a 95 00 27 02 00 04 d2 0a 95 00 25 
02 00 04 d2 0a 95 00 28 02 00 04 d2 0a 95 00 29 
02 00 04 d2 0a 95 00 2a 02 00 04 d2 0a 95 00 2b 
02 00 04 d2 0a 95 00 2c 02 00 04 d2 0a 95 00 2d 
02 00 04 d2 0a 95 00 35 02 00 04 d2 0a 95 00 24 
--- end bytes ---
family: 2, port: 53764, addr: 637572362
family: 2, port: 53764, addr: 654349578
family: 2, port: 53764, addr: 620795146
family: 2, port: 53764, addr: 671126794
family: 2, port: 53764, addr: 687904010
family: 2, port: 53764, addr: 704681226
family: 2, port: 53764, addr: 721458442
family: 2, port: 53764, addr: 738235658
family: 2, port: 53764, addr: 755012874
family: 2, port: 53764, addr: 889230602
family: 2, port: 53764, addr: 604017930
There are 11 peers online!
Sending netinfo
Printing 112 bytes from 0x5d411b0.
--- start bytes ---
01 00 00 00 00 00 00 00 70 00 00 00 00 00 00 00 
ae 65 3a 9e 00 00 00 00 02 00 04 d2 0a 95 00 26 
02 00 04 d2 0a 95 00 27 02 00 04 d2 0a 95 00 25 
02 00 04 d2 0a 95 00 28 02 00 04 d2 0a 95 00 29 
02 00 04 d2 0a 95 00 2a 02 00 04 d2 0a 95 00 2b 
02 00 04 d2 0a 95 00 2c 02 00 04 d2 0a 95 00 2d 
02 00 04 d2 0a 95 00 35 02 00 04 d2 0a 95 00 24 
--- end bytes ---
Started proc!
handle_heartbeat(sockfd, db);
38
handle_heartbeat(sockfd, db);
39
Started proc!
family: 2, port: 53764, addr: 637572362
family: 2, port: 53764, addr: 654349578
family: 2, port: 53764, addr: 620795146
family: 2, port: 53764, addr: 671126794
family: 2, port: 53764, addr: 687904010
family: 2, port: 53764, addr: 704681226
family: 2, port: 53764, addr: 721458442
family: 2, port: 53764, addr: 738235658
family: 2, port: 53764, addr: 755012874
family: 2, port: 53764, addr: 889230602
family: 2, port: 53764, addr: 604017930
There are 11 peers online!
Sending netinfo
Printing 112 bytes from 0x5d460f0.
--- start bytes ---
01 00 00 00 00 00 00 00 70 00 00 00 00 00 00 00 
ae 65 3a 9e 00 00 00 00 02 00 04 d2 0a 95 00 26 
02 00 04 d2 0a 95 00 27 02 00 04 d2 0a 95 00 25 
02 00 04 d2 0a 95 00 28 02 00 04 d2 0a 95 00 29 
02 00 04 d2 0a 95 00 2a 02 00 04 d2 0a 95 00 2b 
02 00 04 d2 0a 95 00 2c 02 00 04 d2 0a 95 00 2d 
02 00 04 d2 0a 95 00 35 02 00 04 d2 0a 95 00 24 
--- end bytes ---
family: 2, port: 53764, addr: 637572362
family: 2, port: 53764, addr: 654349578
family: 2, port: 53764, addr: 620795146
family: 2, port: 53764, addr: 671126794
family: 2, port: 53764, addr: 687904010
family: 2, port: 53764, addr: 704681226
family: 2, port: 53764, addr: 721458442
family: 2, port: 53764, addr: 738235658
family: 2, port: 53764, addr: 755012874
family: 2, port: 53764, addr: 889230602
family: 2, port: 53764, addr: 604017930
There are 11 peers online!
Sending netinfo
Printing 112 bytes from 0x5d4a870.
--- start bytes ---
01 00 00 00 00 00 00 00 70 00 00 00 00 00 00 00 
ae 65 3a 9e 00 00 00 00 02 00 04 d2 0a 95 00 26 
02 00 04 d2 0a 95 00 27 02 00 04 d2 0a 95 00 25 
02 00 04 d2 0a 95 00 28 02 00 04 d2 0a 95 00 29 
02 00 04 d2 0a 95 00 2a 02 00 04 d2 0a 95 00 2b 
02 00 04 d2 0a 95 00 2c 02 00 04 d2 0a 95 00 2d 
02 00 04 d2 0a 95 00 35 02 00 04 d2 0a 95 00 24 
--- end bytes ---
Started proc!
handle_heartbeat(sockfd, db);
40
family: 2, port: 53764, addr: 637572362
family: 2, port: 53764, addr: 654349578
family: 2, port: 53764, addr: 620795146
family: 2, port: 53764, addr: 671126794
family: 2, port: 53764, addr: 687904010
family: 2, port: 53764, addr: 704681226
family: 2, port: 53764, addr: 721458442
family: 2, port: 53764, addr: 738235658
family: 2, port: 53764, addr: 755012874
family: 2, port: 53764, addr: 889230602
family: 2, port: 53764, addr: 604017930
There are 11 peers online!
Sending netinfo
Printing 112 bytes from 0x5d4e380.
--- start bytes ---
01 00 00 00 00 00 00 00 70 00 00 00 00 00 00 00 
ae 65 3a 9e 00 00 00 00 02 00 04 d2 0a 95 00 26 
02 00 04 d2 0a 95 00 27 02 00 04 d2 0a 95 00 25 
02 00 04 d2 0a 95 00 28 02 00 04 d2 0a 95 00 29 
02 00 04 d2 0a 95 00 2a 02 00 04 d2 0a 95 00 2b 
02 00 04 d2 0a 95 00 2c 02 00 04 d2 0a 95 00 2d 
02 00 04 d2 0a 95 00 35 02 00 04 d2 0a 95 00 24 
--- end bytes ---
Started proc!
handle_heartbeat(sockfd, db);
41
handle_heartbeat(sockfd, db);
42
Started proc!
family: 2, port: 53764, addr: 637572362
family: 2, port: 53764, addr: 654349578
family: 2, port: 53764, addr: 620795146
family: 2, port: 53764, addr: 671126794
family: 2, port: 53764, addr: 687904010
family: 2, port: 53764, addr: 704681226
family: 2, port: 53764, addr: 721458442
family: 2, port: 53764, addr: 738235658
family: 2, port: 53764, addr: 755012874
family: 2, port: 53764, addr: 889230602
family: 2, port: 53764, addr: 604017930
There are 11 peers online!
Sending netinfo
Printing 112 bytes from 0x69af6f0.
--- start bytes ---
01 00 00 00 00 00 00 00 70 00 00 00 00 00 00 00 
ae 65 3a 9e 00 00 00 00 02 00 04 d2 0a 95 00 26 
02 00 04 d2 0a 95 00 27 02 00 04 d2 0a 95 00 25 
02 00 04 d2 0a 95 00 28 02 00 04 d2 0a 95 00 29 
02 00 04 d2 0a 95 00 2a 02 00 04 d2 0a 95 00 2b 
02 00 04 d2 0a 95 00 2c 02 00 04 d2 0a 95 00 2d 
02 00 04 d2 0a 95 00 35 02 00 04 d2 0a 95 00 24 
--- end bytes ---
family: 2, port: 53764, addr: 637572362
family: 2, port: 53764, addr: 654349578
family: 2, port: 53764, addr: 620795146
family: 2, port: 53764, addr: 671126794
family: 2, port: 53764, addr: 687904010
family: 2, port: 53764, addr: 704681226
family: 2, port: 53764, addr: 721458442
family: 2, port: 53764, addr: 738235658
family: 2, port: 53764, addr: 755012874
family: 2, port: 53764, addr: 889230602
family: 2, port: 53764, addr: 604017930
There are 11 peers online!
Sending netinfo
Printing 112 bytes from 0x69c9360.
--- start bytes ---
01 00 00 00 00 00 00 00 70 00 00 00 00 00 00 00 
ae 65 3a 9e 00 00 00 00 02 00 04 d2 0a 95 00 26 
02 00 04 d2 0a 95 00 27 02 00 04 d2 0a 95 00 25 
02 00 04 d2 0a 95 00 28 02 00 04 d2 0a 95 00 29 
02 00 04 d2 0a 95 00 2a 02 00 04 d2 0a 95 00 2b 
02 00 04 d2 0a 95 00 2c 02 00 04 d2 0a 95 00 2d 
02 00 04 d2 0a 95 00 35 02 00 04 d2 0a 95 00 24 
--- end bytes ---
Started proc!
handle_heartbeat(sockfd, db);
43
handle_heartbeat(sockfd, db);
44
Started proc!
Started proc!
handle_heartbeat(sockfd, db);
45
family: 2, port: 53764, addr: 637572362
family: 2, port: 53764, addr: 654349578
family: 2, port: 53764, addr: 620795146
family: 2, port: 53764, addr: 671126794
family: 2, port: 53764, addr: 687904010
family: 2, port: 53764, addr: 704681226
family: 2, port: 53764, addr: 721458442
family: 2, port: 53764, addr: 738235658
family: 2, port: 53764, addr: 755012874
family: 2, port: 53764, addr: 889230602
family: 2, port: 53764, addr: 604017930
There are 11 peers online!
Sending netinfo
Printing 112 bytes from 0x69e3d40.
--- start bytes ---
01 00 00 00 00 00 00 00 70 00 00 00 00 00 00 00 
ae 65 3a 9e 00 00 00 00 02 00 04 d2 0a 95 00 26 
02 00 04 d2 0a 95 00 27 02 00 04 d2 0a 95 00 25 
02 00 04 d2 0a 95 00 28 02 00 04 d2 0a 95 00 29 
02 00 04 d2 0a 95 00 2a 02 00 04 d2 0a 95 00 2b 
02 00 04 d2 0a 95 00 2c 02 00 04 d2 0a 95 00 2d 
02 00 04 d2 0a 95 00 35 02 00 04 d2 0a 95 00 24 
--- end bytes ---
family: 2, port: 53764, addr: 637572362
family: 2, port: 53764, addr: 654349578
family: 2, port: 53764, addr: 620795146
family: 2, port: 53764, addr: 671126794
family: 2, port: 53764, addr: 687904010
family: 2, port: 53764, addr: 704681226
family: 2, port: 53764, addr: 721458442
family: 2, port: 53764, addr: 738235658
family: 2, port: 53764, addr: 755012874
family: 2, port: 53764, addr: 889230602
family: 2, port: 53764, addr: 604017930
There are 11 peers online!
Sending netinfo
Printing 112 bytes from 0x69fd9b0.
--- start bytes ---
01 00 00 00 00 00 00 00 70 00 00 00 00 00 00 00 
ae 65 3a 9e 00 00 00 00 02 00 04 d2 0a 95 00 26 
02 00 04 d2 0a 95 00 27 02 00 04 d2 0a 95 00 25 
02 00 04 d2 0a 95 00 28 02 00 04 d2 0a 95 00 29 
02 00 04 d2 0a 95 00 2a 02 00 04 d2 0a 95 00 2b 
02 00 04 d2 0a 95 00 2c 02 00 04 d2 0a 95 00 2d 
02 00 04 d2 0a 95 00 35 02 00 04 d2 0a 95 00 24 
--- end bytes ---
family: 2, port: 53764, addr: 637572362
family: 2, port: 53764, addr: 654349578
family: 2, port: 53764, addr: 620795146
family: 2, port: 53764, addr: 671126794
family: 2, port: 53764, addr: 687904010
family: 2, port: 53764, addr: 704681226
family: 2, port: 53764, addr: 721458442
family: 2, port: 53764, addr: 738235658
family: 2, port: 53764, addr: 755012874
family: 2, port: 53764, addr: 889230602
family: 2, port: 53764, addr: 604017930
There are 11 peers online!
Sending netinfo
Printing 112 bytes from 0x6a17450.
--- start bytes ---
01 00 00 00 00 00 00 00 70 00 00 00 00 00 00 00 
ae 65 3a 9e 00 00 00 00 02 00 04 d2 0a 95 00 26 
02 00 04 d2 0a 95 00 27 02 00 04 d2 0a 95 00 25 
02 00 04 d2 0a 95 00 28 02 00 04 d2 0a 95 00 29 
02 00 04 d2 0a 95 00 2a 02 00 04 d2 0a 95 00 2b 
02 00 04 d2 0a 95 00 2c 02 00 04 d2 0a 95 00 2d 
02 00 04 d2 0a 95 00 35 02 00 04 d2 0a 95 00 24 
--- end bytes ---
Started proc!
handle_heartbeat(sockfd, db);
46
handle_heartbeat(sockfd, db);
47
Started proc!
Started proc!
handle_heartbeat(sockfd, db);
48
family: 2, port: 53764, addr: 637572362
family: 2, port: 53764, addr: 654349578
family: 2, port: 53764, addr: 620795146
family: 2, port: 53764, addr: 671126794
family: 2, port: 53764, addr: 687904010
family: 2, port: 53764, addr: 704681226
family: 2, port: 53764, addr: 721458442
family: 2, port: 53764, addr: 738235658
family: 2, port: 53764, addr: 755012874
family: 2, port: 53764, addr: 889230602
family: 2, port: 53764, addr: 604017930
There are 11 peers online!
Sending netinfo
Printing 112 bytes from 0x6a31c60.
--- start bytes ---
01 00 00 00 00 00 00 00 70 00 00 00 00 00 00 00 
ae 65 3a 9e 00 00 00 00 02 00 04 d2 0a 95 00 26 
02 00 04 d2 0a 95 00 27 02 00 04 d2 0a 95 00 25 
02 00 04 d2 0a 95 00 28 02 00 04 d2 0a 95 00 29 
02 00 04 d2 0a 95 00 2a 02 00 04 d2 0a 95 00 2b 
02 00 04 d2 0a 95 00 2c 02 00 04 d2 0a 95 00 2d 
02 00 04 d2 0a 95 00 35 02 00 04 d2 0a 95 00 24 
--- end bytes ---
family: 2, port: 53764, addr: 637572362
family: 2, port: 53764, addr: 654349578
family: 2, port: 53764, addr: 620795146
family: 2, port: 53764, addr: 671126794
family: 2, port: 53764, addr: 687904010
family: 2, port: 53764, addr: 704681226
family: 2, port: 53764, addr: 721458442
family: 2, port: 53764, addr: 738235658
family: 2, port: 53764, addr: 755012874
family: 2, port: 53764, addr: 889230602
family: 2, port: 53764, addr: 604017930
There are 11 peers online!
Sending netinfo
Printing 112 bytes from 0x6a4b8d0.
--- start bytes ---
01 00 00 00 00 00 00 00 70 00 00 00 00 00 00 00 
ae 65 3a 9e 00 00 00 00 02 00 04 d2 0a 95 00 26 
02 00 04 d2 0a 95 00 27 02 00 04 d2 0a 95 00 25 
02 00 04 d2 0a 95 00 28 02 00 04 d2 0a 95 00 29 
02 00 04 d2 0a 95 00 2a 02 00 04 d2 0a 95 00 2b 
02 00 04 d2 0a 95 00 2c 02 00 04 d2 0a 95 00 2d 
02 00 04 d2 0a 95 00 35 02 00 04 d2 0a 95 00 24 
--- end bytes ---
family: 2, port: 53764, addr: 637572362
family: 2, port: 53764, addr: 654349578
family: 2, port: 53764, addr: 620795146
family: 2, port: 53764, addr: 671126794
family: 2, port: 53764, addr: 687904010
family: 2, port: 53764, addr: 704681226
family: 2, port: 53764, addr: 721458442
family: 2, port: 53764, addr: 738235658
family: 2, port: 53764, addr: 755012874
family: 2, port: 53764, addr: 889230602
family: 2, port: 53764, addr: 604017930
There are 11 peers online!
Sending netinfo
Printing 112 bytes from 0x6a65540.
--- start bytes ---
01 00 00 00 00 00 00 00 70 00 00 00 00 00 00 00 
ae 65 3a 9e 00 00 00 00 02 00 04 d2 0a 95 00 26 
02 00 04 d2 0a 95 00 27 02 00 04 d2 0a 95 00 25 
02 00 04 d2 0a 95 00 28 02 00 04 d2 0a 95 00 29 
02 00 04 d2 0a 95 00 2a 02 00 04 d2 0a 95 00 2b 
02 00 04 d2 0a 95 00 2c 02 00 04 d2 0a 95 00 2d 
02 00 04 d2 0a 95 00 35 02 00 04 d2 0a 95 00 24 
--- end bytes ---
Started proc!
handle_heartbeat(sockfd, db);
49
handle_heartbeat(sockfd, db);
50
Started proc!
family: 2, port: 53764, addr: 637572362
family: 2, port: 53764, addr: 654349578
family: 2, port: 53764, addr: 620795146
family: 2, port: 53764, addr: 671126794
family: 2, port: 53764, addr: 687904010
family: 2, port: 53764, addr: 704681226
family: 2, port: 53764, addr: 721458442
family: 2, port: 53764, addr: 738235658
family: 2, port: 53764, addr: 755012874
family: 2, port: 53764, addr: 889230602
family: 2, port: 53764, addr: 604017930
There are 11 peers online!
Sending netinfo
Printing 112 bytes from 0x6a7f970.
--- start bytes ---
01 00 00 00 00 00 00 00 70 00 00 00 00 00 00 00 
ae 65 3a 9e 00 00 00 00 02 00 04 d2 0a 95 00 26 
02 00 04 d2 0a 95 00 27 02 00 04 d2 0a 95 00 25 
02 00 04 d2 0a 95 00 28 02 00 04 d2 0a 95 00 29 
02 00 04 d2 0a 95 00 2a 02 00 04 d2 0a 95 00 2b 
02 00 04 d2 0a 95 00 2c 02 00 04 d2 0a 95 00 2d 
02 00 04 d2 0a 95 00 35 02 00 04 d2 0a 95 00 24 
--- end bytes ---
family: 2, port: 53764, addr: 637572362
family: 2, port: 53764, addr: 654349578
family: 2, port: 53764, addr: 620795146
family: 2, port: 53764, addr: 671126794
family: 2, port: 53764, addr: 687904010
family: 2, port: 53764, addr: 704681226
family: 2, port: 53764, addr: 721458442
family: 2, port: 53764, addr: 738235658
family: 2, port: 53764, addr: 755012874
family: 2, port: 53764, addr: 889230602
family: 2, port: 53764, addr: 604017930
There are 11 peers online!
Sending netinfo
Printing 112 bytes from 0x6a995e0.
--- start bytes ---
01 00 00 00 00 00 00 00 70 00 00 00 00 00 00 00 
ae 65 3a 9e 00 00 00 00 02 00 04 d2 0a 95 00 26 
02 00 04 d2 0a 95 00 27 02 00 04 d2 0a 95 00 25 
02 00 04 d2 0a 95 00 28 02 00 04 d2 0a 95 00 29 
02 00 04 d2 0a 95 00 2a 02 00 04 d2 0a 95 00 2b 
02 00 04 d2 0a 95 00 2c 02 00 04 d2 0a 95 00 2d 
02 00 04 d2 0a 95 00 35 02 00 04 d2 0a 95 00 24 
--- end bytes ---
Started proc!
handle_heartbeat(sockfd, db);
51
family: 2, port: 53764, addr: 637572362
family: 2, port: 53764, addr: 654349578
family: 2, port: 53764, addr: 620795146
family: 2, port: 53764, addr: 671126794
family: 2, port: 53764, addr: 687904010
family: 2, port: 53764, addr: 704681226
family: 2, port: 53764, addr: 721458442
family: 2, port: 53764, addr: 738235658
family: 2, port: 53764, addr: 755012874
family: 2, port: 53764, addr: 889230602
family: 2, port: 53764, addr: 604017930
There are 11 peers online!
Sending netinfo
Printing 112 bytes from 0x6ab3630.
--- start bytes ---
01 00 00 00 00 00 00 00 70 00 00 00 00 00 00 00 
ae 65 3a 9e 00 00 00 00 02 00 04 d2 0a 95 00 26 
02 00 04 d2 0a 95 00 27 02 00 04 d2 0a 95 00 25 
02 00 04 d2 0a 95 00 28 02 00 04 d2 0a 95 00 29 
02 00 04 d2 0a 95 00 2a 02 00 04 d2 0a 95 00 2b 
02 00 04 d2 0a 95 00 2c 02 00 04 d2 0a 95 00 2d 
02 00 04 d2 0a 95 00 35 02 00 04 d2 0a 95 00 24 
--- end bytes ---
Started proc!
handle_heartbeat(sockfd, db);
52
Started proc!
handle_heartbeat(sockfd, db);
53
family: 2, port: 53764, addr: 637572362
family: 2, port: 53764, addr: 654349578
family: 2, port: 53764, addr: 620795146
family: 2, port: 53764, addr: 671126794
family: 2, port: 53764, addr: 687904010
family: 2, port: 53764, addr: 704681226
family: 2, port: 53764, addr: 721458442
family: 2, port: 53764, addr: 738235658
family: 2, port: 53764, addr: 755012874
family: 2, port: 53764, addr: 889230602
family: 2, port: 53764, addr: 604017930
There are 11 peers online!
Sending netinfo
Printing 112 bytes from 0x6acda60.
--- start bytes ---
01 00 00 00 00 00 00 00 70 00 00 00 00 00 00 00 
ae 65 3a 9e 00 00 00 00 02 00 04 d2 0a 95 00 26 
02 00 04 d2 0a 95 00 27 02 00 04 d2 0a 95 00 25 
02 00 04 d2 0a 95 00 28 02 00 04 d2 0a 95 00 29 
02 00 04 d2 0a 95 00 2a 02 00 04 d2 0a 95 00 2b 
02 00 04 d2 0a 95 00 2c 02 00 04 d2 0a 95 00 2d 
02 00 04 d2 0a 95 00 35 02 00 04 d2 0a 95 00 24 
--- end bytes ---
family: 2, port: 53764, addr: 637572362
family: 2, port: 53764, addr: 654349578
family: 2, port: 53764, addr: 620795146
family: 2, port: 53764, addr: 671126794
family: 2, port: 53764, addr: 687904010
family: 2, port: 53764, addr: 704681226
family: 2, port: 53764, addr: 721458442
family: 2, port: 53764, addr: 738235658
family: 2, port: 53764, addr: 755012874
family: 2, port: 53764, addr: 889230602
family: 2, port: 53764, addr: 604017930
There are 11 peers online!
Sending netinfo
Printing 112 bytes from 0x6ae76d0.
--- start bytes ---
01 00 00 00 00 00 00 00 70 00 00 00 00 00 00 00 
ae 65 3a 9e 00 00 00 00 02 00 04 d2 0a 95 00 26 
02 00 04 d2 0a 95 00 27 02 00 04 d2 0a 95 00 25 
02 00 04 d2 0a 95 00 28 02 00 04 d2 0a 95 00 29 
02 00 04 d2 0a 95 00 2a 02 00 04 d2 0a 95 00 2b 
02 00 04 d2 0a 95 00 2c 02 00 04 d2 0a 95 00 2d 
02 00 04 d2 0a 95 00 35 02 00 04 d2 0a 95 00 24 
--- end bytes ---
Started proc!
handle_heartbeat(sockfd, db);
54
handle_heartbeat(sockfd, db);
55
Started proc!
handle_heartbeat(sockfd, db);
56
Started proc!
family: 2, port: 53764, addr: 637572362
family: 2, port: 53764, addr: 654349578
family: 2, port: 53764, addr: 620795146
family: 2, port: 53764, addr: 671126794
family: 2, port: 53764, addr: 687904010
family: 2, port: 53764, addr: 704681226
family: 2, port: 53764, addr: 721458442
family: 2, port: 53764, addr: 738235658
family: 2, port: 53764, addr: 755012874
family: 2, port: 53764, addr: 889230602
family: 2, port: 53764, addr: 604017930
There are 11 peers online!
Sending netinfo
Printing 112 bytes from 0x6b01ee0.
--- start bytes ---
01 00 00 00 00 00 00 00 70 00 00 00 00 00 00 00 
ae 65 3a 9e 00 00 00 00 02 00 04 d2 0a 95 00 26 
02 00 04 d2 0a 95 00 27 02 00 04 d2 0a 95 00 25 
02 00 04 d2 0a 95 00 28 02 00 04 d2 0a 95 00 29 
02 00 04 d2 0a 95 00 2a 02 00 04 d2 0a 95 00 2b 
02 00 04 d2 0a 95 00 2c 02 00 04 d2 0a 95 00 2d 
02 00 04 d2 0a 95 00 35 02 00 04 d2 0a 95 00 24 
--- end bytes ---
family: 2, port: 53764, addr: 637572362
family: 2, port: 53764, addr: 654349578
family: 2, port: 53764, addr: 620795146
family: 2, port: 53764, addr: 671126794
family: 2, port: 53764, addr: 687904010
family: 2, port: 53764, addr: 704681226
family: 2, port: 53764, addr: 721458442
family: 2, port: 53764, addr: 738235658
family: 2, port: 53764, addr: 755012874
family: 2, port: 53764, addr: 889230602
family: 2, port: 53764, addr: 604017930
There are 11 peers online!
Sending netinfo
Printing 112 bytes from 0x6b1bb50.
--- start bytes ---
01 00 00 00 00 00 00 00 70 00 00 00 00 00 00 00 
ae 65 3a 9e 00 00 00 00 02 00 04 d2 0a 95 00 26 
02 00 04 d2 0a 95 00 27 02 00 04 d2 0a 95 00 25 
02 00 04 d2 0a 95 00 28 02 00 04 d2 0a 95 00 29 
02 00 04 d2 0a 95 00 2a 02 00 04 d2 0a 95 00 2b 
02 00 04 d2 0a 95 00 2c 02 00 04 d2 0a 95 00 2d 
02 00 04 d2 0a 95 00 35 02 00 04 d2 0a 95 00 24 
--- end bytes ---
family: 2, port: 53764, addr: 637572362
family: 2, port: 53764, addr: 654349578
family: 2, port: 53764, addr: 620795146
family: 2, port: 53764, addr: 671126794
family: 2, port: 53764, addr: 687904010
family: 2, port: 53764, addr: 704681226
family: 2, port: 53764, addr: 721458442
family: 2, port: 53764, addr: 738235658
family: 2, port: 53764, addr: 755012874
family: 2, port: 53764, addr: 889230602
family: 2, port: 53764, addr: 604017930
There are 11 peers online!
Sending netinfo
Printing 112 bytes from 0x6b357c0.
--- start bytes ---
01 00 00 00 00 00 00 00 70 00 00 00 00 00 00 00 
ae 65 3a 9e 00 00 00 00 02 00 04 d2 0a 95 00 26 
02 00 04 d2 0a 95 00 27 02 00 04 d2 0a 95 00 25 
02 00 04 d2 0a 95 00 28 02 00 04 d2 0a 95 00 29 
02 00 04 d2 0a 95 00 2a 02 00 04 d2 0a 95 00 2b 
02 00 04 d2 0a 95 00 2c 02 00 04 d2 0a 95 00 2d 
02 00 04 d2 0a 95 00 35 02 00 04 d2 0a 95 00 24 
--- end bytes ---
Started proc!
handle_heartbeat(sockfd, db);
57
handle_heartbeat(sockfd, db);
58
Started proc!
Started proc!
handle_heartbeat(sockfd, db);
59
family: 2, port: 53764, addr: 637572362
family: 2, port: 53764, addr: 654349578
family: 2, port: 53764, addr: 620795146
family: 2, port: 53764, addr: 671126794
family: 2, port: 53764, addr: 687904010
family: 2, port: 53764, addr: 704681226
family: 2, port: 53764, addr: 721458442
family: 2, port: 53764, addr: 738235658
family: 2, port: 53764, addr: 755012874
family: 2, port: 53764, addr: 889230602
family: 2, port: 53764, addr: 604017930
There are 11 peers online!
Sending netinfo
Printing 112 bytes from 0x6b4ffd0.
--- start bytes ---
01 00 00 00 00 00 00 00 70 00 00 00 00 00 00 00 
ae 65 3a 9e 00 00 00 00 02 00 04 d2 0a 95 00 26 
02 00 04 d2 0a 95 00 27 02 00 04 d2 0a 95 00 25 
02 00 04 d2 0a 95 00 28 02 00 04 d2 0a 95 00 29 
02 00 04 d2 0a 95 00 2a 02 00 04 d2 0a 95 00 2b 
02 00 04 d2 0a 95 00 2c 02 00 04 d2 0a 95 00 2d 
02 00 04 d2 0a 95 00 35 02 00 04 d2 0a 95 00 24 
--- end bytes ---
family: 2, port: 53764, addr: 637572362
family: 2, port: 53764, addr: 654349578
family: 2, port: 53764, addr: 620795146
family: 2, port: 53764, addr: 671126794
family: 2, port: 53764, addr: 687904010
family: 2, port: 53764, addr: 704681226
family: 2, port: 53764, addr: 721458442
family: 2, port: 53764, addr: 738235658
family: 2, port: 53764, addr: 755012874
family: 2, port: 53764, addr: 889230602
family: 2, port: 53764, addr: 604017930
There are 11 peers online!
Sending netinfo
Printing 112 bytes from 0x6b69c40.
--- start bytes ---
01 00 00 00 00 00 00 00 70 00 00 00 00 00 00 00 
ae 65 3a 9e 00 00 00 00 02 00 04 d2 0a 95 00 26 
02 00 04 d2 0a 95 00 27 02 00 04 d2 0a 95 00 25 
02 00 04 d2 0a 95 00 28 02 00 04 d2 0a 95 00 29 
02 00 04 d2 0a 95 00 2a 02 00 04 d2 0a 95 00 2b 
02 00 04 d2 0a 95 00 2c 02 00 04 d2 0a 95 00 2d 
02 00 04 d2 0a 95 00 35 02 00 04 d2 0a 95 00 24 
--- end bytes ---
family: 2, port: 53764, addr: 637572362
family: 2, port: 53764, addr: 654349578
family: 2, port: 53764, addr: 620795146
family: 2, port: 53764, addr: 671126794
family: 2, port: 53764, addr: 687904010
family: 2, port: 53764, addr: 704681226
family: 2, port: 53764, addr: 721458442
family: 2, port: 53764, addr: 738235658
family: 2, port: 53764, addr: 755012874
family: 2, port: 53764, addr: 889230602
family: 2, port: 53764, addr: 604017930
There are 11 peers online!
Sending netinfo
Printing 112 bytes from 0x6b838b0.
--- start bytes ---
01 00 00 00 00 00 00 00 70 00 00 00 00 00 00 00 
ae 65 3a 9e 00 00 00 00 02 00 04 d2 0a 95 00 26 
02 00 04 d2 0a 95 00 27 02 00 04 d2 0a 95 00 25 
02 00 04 d2 0a 95 00 28 02 00 04 d2 0a 95 00 29 
02 00 04 d2 0a 95 00 2a 02 00 04 d2 0a 95 00 2b 
02 00 04 d2 0a 95 00 2c 02 00 04 d2 0a 95 00 2d 
02 00 04 d2 0a 95 00 35 02 00 04 d2 0a 95 00 24 
--- end bytes ---
Started proc!
handle_heartbeat(sockfd, db);
60
handle_heartbeat(sockfd, db);
61
Started proc!
family: 2, port: 53764, addr: 637572362
family: 2, port: 53764, addr: 654349578
family: 2, port: 53764, addr: 620795146
family: 2, port: 53764, addr: 671126794
family: 2,